[2026-02-25T06:46:44.205+0530] {processor.py:161} INFO - Started process (PID=60041) to work on /Users/neerajvyas/learning/airflow/learn_airflow/airflow_home/venv/lib/python3.9/site-packages/airflow/example_dags/subdags/subdag.py
[2026-02-25T06:46:44.205+0530] {processor.py:830} INFO - Processing file /Users/neerajvyas/learning/airflow/learn_airflow/airflow_home/venv/lib/python3.9/site-packages/airflow/example_dags/subdags/subdag.py for tasks to queue
[2026-02-25T06:46:44.205+0530] {logging_mixin.py:188} INFO - [2026-02-25T06:46:44.205+0530] {dagbag.py:538} INFO - Filling up the DagBag from /Users/neerajvyas/learning/airflow/learn_airflow/airflow_home/venv/lib/python3.9/site-packages/airflow/example_dags/subdags/subdag.py
[2026-02-25T06:46:44.206+0530] {processor.py:842} WARNING - No viable dags retrieved from /Users/neerajvyas/learning/airflow/learn_airflow/airflow_home/venv/lib/python3.9/site-packages/airflow/example_dags/subdags/subdag.py
[2026-02-25T06:46:44.251+0530] {processor.py:183} INFO - Processing /Users/neerajvyas/learning/airflow/learn_airflow/airflow_home/venv/lib/python3.9/site-packages/airflow/example_dags/subdags/subdag.py took 0.047 seconds
[2026-02-25T06:48:08.134+0530] {processor.py:161} INFO - Started process (PID=62841) to work on /Users/neerajvyas/learning/airflow/learn_airflow/airflow_home/venv/lib/python3.9/site-packages/airflow/example_dags/subdags/subdag.py
[2026-02-25T06:48:08.135+0530] {processor.py:830} INFO - Processing file /Users/neerajvyas/learning/airflow/learn_airflow/airflow_home/venv/lib/python3.9/site-packages/airflow/example_dags/subdags/subdag.py for tasks to queue
[2026-02-25T06:48:08.136+0530] {logging_mixin.py:188} INFO - [2026-02-25T06:48:08.136+0530] {dagbag.py:538} INFO - Filling up the DagBag from /Users/neerajvyas/learning/airflow/learn_airflow/airflow_home/venv/lib/python3.9/site-packages/airflow/example_dags/subdags/subdag.py
[2026-02-25T06:48:08.137+0530] {processor.py:842} WARNING - No viable dags retrieved from /Users/neerajvyas/learning/airflow/learn_airflow/airflow_home/venv/lib/python3.9/site-packages/airflow/example_dags/subdags/subdag.py
[2026-02-25T06:48:08.177+0530] {processor.py:183} INFO - Processing /Users/neerajvyas/learning/airflow/learn_airflow/airflow_home/venv/lib/python3.9/site-packages/airflow/example_dags/subdags/subdag.py took 0.043 seconds
[2026-02-25T06:49:02.411+0530] {processor.py:161} INFO - Started process (PID=64596) to work on /Users/neerajvyas/learning/airflow/learn_airflow/airflow_home/venv/lib/python3.9/site-packages/airflow/example_dags/subdags/subdag.py
[2026-02-25T06:49:02.413+0530] {processor.py:830} INFO - Processing file /Users/neerajvyas/learning/airflow/learn_airflow/airflow_home/venv/lib/python3.9/site-packages/airflow/example_dags/subdags/subdag.py for tasks to queue
[2026-02-25T06:49:02.413+0530] {logging_mixin.py:188} INFO - [2026-02-25T06:49:02.413+0530] {dagbag.py:538} INFO - Filling up the DagBag from /Users/neerajvyas/learning/airflow/learn_airflow/airflow_home/venv/lib/python3.9/site-packages/airflow/example_dags/subdags/subdag.py
[2026-02-25T06:49:02.414+0530] {processor.py:842} WARNING - No viable dags retrieved from /Users/neerajvyas/learning/airflow/learn_airflow/airflow_home/venv/lib/python3.9/site-packages/airflow/example_dags/subdags/subdag.py
[2026-02-25T06:49:02.454+0530] {processor.py:183} INFO - Processing /Users/neerajvyas/learning/airflow/learn_airflow/airflow_home/venv/lib/python3.9/site-packages/airflow/example_dags/subdags/subdag.py took 0.043 seconds
[2026-02-25T06:49:55.502+0530] {processor.py:161} INFO - Started process (PID=66415) to work on /Users/neerajvyas/learning/airflow/learn_airflow/airflow_home/venv/lib/python3.9/site-packages/airflow/example_dags/subdags/subdag.py
[2026-02-25T06:49:55.502+0530] {processor.py:830} INFO - Processing file /Users/neerajvyas/learning/airflow/learn_airflow/airflow_home/venv/lib/python3.9/site-packages/airflow/example_dags/subdags/subdag.py for tasks to queue
[2026-02-25T06:49:55.503+0530] {logging_mixin.py:188} INFO - [2026-02-25T06:49:55.503+0530] {dagbag.py:538} INFO - Filling up the DagBag from /Users/neerajvyas/learning/airflow/learn_airflow/airflow_home/venv/lib/python3.9/site-packages/airflow/example_dags/subdags/subdag.py
[2026-02-25T06:49:55.504+0530] {processor.py:842} WARNING - No viable dags retrieved from /Users/neerajvyas/learning/airflow/learn_airflow/airflow_home/venv/lib/python3.9/site-packages/airflow/example_dags/subdags/subdag.py
[2026-02-25T06:49:55.549+0530] {processor.py:183} INFO - Processing /Users/neerajvyas/learning/airflow/learn_airflow/airflow_home/venv/lib/python3.9/site-packages/airflow/example_dags/subdags/subdag.py took 0.047 seconds
[2026-02-25T06:50:49.050+0530] {processor.py:161} INFO - Started process (PID=68202) to work on /Users/neerajvyas/learning/airflow/learn_airflow/airflow_home/venv/lib/python3.9/site-packages/airflow/example_dags/subdags/subdag.py
[2026-02-25T06:50:49.051+0530] {processor.py:830} INFO - Processing file /Users/neerajvyas/learning/airflow/learn_airflow/airflow_home/venv/lib/python3.9/site-packages/airflow/example_dags/subdags/subdag.py for tasks to queue
[2026-02-25T06:50:49.052+0530] {logging_mixin.py:188} INFO - [2026-02-25T06:50:49.052+0530] {dagbag.py:538} INFO - Filling up the DagBag from /Users/neerajvyas/learning/airflow/learn_airflow/airflow_home/venv/lib/python3.9/site-packages/airflow/example_dags/subdags/subdag.py
[2026-02-25T06:50:49.053+0530] {processor.py:842} WARNING - No viable dags retrieved from /Users/neerajvyas/learning/airflow/learn_airflow/airflow_home/venv/lib/python3.9/site-packages/airflow/example_dags/subdags/subdag.py
[2026-02-25T06:50:49.100+0530] {processor.py:183} INFO - Processing /Users/neerajvyas/learning/airflow/learn_airflow/airflow_home/venv/lib/python3.9/site-packages/airflow/example_dags/subdags/subdag.py took 0.051 seconds
[2026-02-25T06:51:42.115+0530] {processor.py:161} INFO - Started process (PID=69944) to work on /Users/neerajvyas/learning/airflow/learn_airflow/airflow_home/venv/lib/python3.9/site-packages/airflow/example_dags/subdags/subdag.py
[2026-02-25T06:51:42.116+0530] {processor.py:830} INFO - Processing file /Users/neerajvyas/learning/airflow/learn_airflow/airflow_home/venv/lib/python3.9/site-packages/airflow/example_dags/subdags/subdag.py for tasks to queue
[2026-02-25T06:51:42.116+0530] {logging_mixin.py:188} INFO - [2026-02-25T06:51:42.116+0530] {dagbag.py:538} INFO - Filling up the DagBag from /Users/neerajvyas/learning/airflow/learn_airflow/airflow_home/venv/lib/python3.9/site-packages/airflow/example_dags/subdags/subdag.py
[2026-02-25T06:51:42.118+0530] {processor.py:842} WARNING - No viable dags retrieved from /Users/neerajvyas/learning/airflow/learn_airflow/airflow_home/venv/lib/python3.9/site-packages/airflow/example_dags/subdags/subdag.py
[2026-02-25T06:51:42.159+0530] {processor.py:183} INFO - Processing /Users/neerajvyas/learning/airflow/learn_airflow/airflow_home/venv/lib/python3.9/site-packages/airflow/example_dags/subdags/subdag.py took 0.044 seconds
[2026-02-25T06:52:35.508+0530] {processor.py:161} INFO - Started process (PID=72161) to work on /Users/neerajvyas/learning/airflow/learn_airflow/airflow_home/venv/lib/python3.9/site-packages/airflow/example_dags/subdags/subdag.py
[2026-02-25T06:52:35.509+0530] {processor.py:830} INFO - Processing file /Users/neerajvyas/learning/airflow/learn_airflow/airflow_home/venv/lib/python3.9/site-packages/airflow/example_dags/subdags/subdag.py for tasks to queue
[2026-02-25T06:52:35.510+0530] {logging_mixin.py:188} INFO - [2026-02-25T06:52:35.510+0530] {dagbag.py:538} INFO - Filling up the DagBag from /Users/neerajvyas/learning/airflow/learn_airflow/airflow_home/venv/lib/python3.9/site-packages/airflow/example_dags/subdags/subdag.py
[2026-02-25T06:52:35.511+0530] {processor.py:842} WARNING - No viable dags retrieved from /Users/neerajvyas/learning/airflow/learn_airflow/airflow_home/venv/lib/python3.9/site-packages/airflow/example_dags/subdags/subdag.py
[2026-02-25T06:52:35.551+0530] {processor.py:183} INFO - Processing /Users/neerajvyas/learning/airflow/learn_airflow/airflow_home/venv/lib/python3.9/site-packages/airflow/example_dags/subdags/subdag.py took 0.043 seconds
[2026-02-25T06:53:28.656+0530] {processor.py:161} INFO - Started process (PID=73936) to work on /Users/neerajvyas/learning/airflow/learn_airflow/airflow_home/venv/lib/python3.9/site-packages/airflow/example_dags/subdags/subdag.py
[2026-02-25T06:53:28.658+0530] {processor.py:830} INFO - Processing file /Users/neerajvyas/learning/airflow/learn_airflow/airflow_home/venv/lib/python3.9/site-packages/airflow/example_dags/subdags/subdag.py for tasks to queue
[2026-02-25T06:53:28.658+0530] {logging_mixin.py:188} INFO - [2026-02-25T06:53:28.658+0530] {dagbag.py:538} INFO - Filling up the DagBag from /Users/neerajvyas/learning/airflow/learn_airflow/airflow_home/venv/lib/python3.9/site-packages/airflow/example_dags/subdags/subdag.py
[2026-02-25T06:53:28.659+0530] {processor.py:842} WARNING - No viable dags retrieved from /Users/neerajvyas/learning/airflow/learn_airflow/airflow_home/venv/lib/python3.9/site-packages/airflow/example_dags/subdags/subdag.py
[2026-02-25T06:53:28.705+0530] {processor.py:183} INFO - Processing /Users/neerajvyas/learning/airflow/learn_airflow/airflow_home/venv/lib/python3.9/site-packages/airflow/example_dags/subdags/subdag.py took 0.049 seconds
[2026-02-25T06:54:23.021+0530] {processor.py:161} INFO - Started process (PID=75684) to work on /Users/neerajvyas/learning/airflow/learn_airflow/airflow_home/venv/lib/python3.9/site-packages/airflow/example_dags/subdags/subdag.py
[2026-02-25T06:54:23.022+0530] {processor.py:830} INFO - Processing file /Users/neerajvyas/learning/airflow/learn_airflow/airflow_home/venv/lib/python3.9/site-packages/airflow/example_dags/subdags/subdag.py for tasks to queue
[2026-02-25T06:54:23.022+0530] {logging_mixin.py:188} INFO - [2026-02-25T06:54:23.022+0530] {dagbag.py:538} INFO - Filling up the DagBag from /Users/neerajvyas/learning/airflow/learn_airflow/airflow_home/venv/lib/python3.9/site-packages/airflow/example_dags/subdags/subdag.py
[2026-02-25T06:54:23.023+0530] {processor.py:842} WARNING - No viable dags retrieved from /Users/neerajvyas/learning/airflow/learn_airflow/airflow_home/venv/lib/python3.9/site-packages/airflow/example_dags/subdags/subdag.py
[2026-02-25T06:54:23.066+0530] {processor.py:183} INFO - Processing /Users/neerajvyas/learning/airflow/learn_airflow/airflow_home/venv/lib/python3.9/site-packages/airflow/example_dags/subdags/subdag.py took 0.045 seconds
[2026-02-25T06:55:15.094+0530] {processor.py:161} INFO - Started process (PID=77427) to work on /Users/neerajvyas/learning/airflow/learn_airflow/airflow_home/venv/lib/python3.9/site-packages/airflow/example_dags/subdags/subdag.py
[2026-02-25T06:55:15.096+0530] {processor.py:830} INFO - Processing file /Users/neerajvyas/learning/airflow/learn_airflow/airflow_home/venv/lib/python3.9/site-packages/airflow/example_dags/subdags/subdag.py for tasks to queue
[2026-02-25T06:55:15.096+0530] {logging_mixin.py:188} INFO - [2026-02-25T06:55:15.096+0530] {dagbag.py:538} INFO - Filling up the DagBag from /Users/neerajvyas/learning/airflow/learn_airflow/airflow_home/venv/lib/python3.9/site-packages/airflow/example_dags/subdags/subdag.py
[2026-02-25T06:55:15.097+0530] {processor.py:842} WARNING - No viable dags retrieved from /Users/neerajvyas/learning/airflow/learn_airflow/airflow_home/venv/lib/python3.9/site-packages/airflow/example_dags/subdags/subdag.py
[2026-02-25T06:55:15.140+0530] {processor.py:183} INFO - Processing /Users/neerajvyas/learning/airflow/learn_airflow/airflow_home/venv/lib/python3.9/site-packages/airflow/example_dags/subdags/subdag.py took 0.047 seconds
[2026-02-25T06:56:08.824+0530] {processor.py:161} INFO - Started process (PID=79526) to work on /Users/neerajvyas/learning/airflow/learn_airflow/airflow_home/venv/lib/python3.9/site-packages/airflow/example_dags/subdags/subdag.py
[2026-02-25T06:56:08.825+0530] {processor.py:830} INFO - Processing file /Users/neerajvyas/learning/airflow/learn_airflow/airflow_home/venv/lib/python3.9/site-packages/airflow/example_dags/subdags/subdag.py for tasks to queue
[2026-02-25T06:56:08.825+0530] {logging_mixin.py:188} INFO - [2026-02-25T06:56:08.825+0530] {dagbag.py:538} INFO - Filling up the DagBag from /Users/neerajvyas/learning/airflow/learn_airflow/airflow_home/venv/lib/python3.9/site-packages/airflow/example_dags/subdags/subdag.py
[2026-02-25T06:56:08.827+0530] {processor.py:842} WARNING - No viable dags retrieved from /Users/neerajvyas/learning/airflow/learn_airflow/airflow_home/venv/lib/python3.9/site-packages/airflow/example_dags/subdags/subdag.py
[2026-02-25T06:56:08.869+0530] {processor.py:183} INFO - Processing /Users/neerajvyas/learning/airflow/learn_airflow/airflow_home/venv/lib/python3.9/site-packages/airflow/example_dags/subdags/subdag.py took 0.045 seconds
[2026-02-25T06:57:04.783+0530] {processor.py:161} INFO - Started process (PID=81627) to work on /Users/neerajvyas/learning/airflow/learn_airflow/airflow_home/venv/lib/python3.9/site-packages/airflow/example_dags/subdags/subdag.py
[2026-02-25T06:57:04.783+0530] {processor.py:830} INFO - Processing file /Users/neerajvyas/learning/airflow/learn_airflow/airflow_home/venv/lib/python3.9/site-packages/airflow/example_dags/subdags/subdag.py for tasks to queue
[2026-02-25T06:57:04.784+0530] {logging_mixin.py:188} INFO - [2026-02-25T06:57:04.784+0530] {dagbag.py:538} INFO - Filling up the DagBag from /Users/neerajvyas/learning/airflow/learn_airflow/airflow_home/venv/lib/python3.9/site-packages/airflow/example_dags/subdags/subdag.py
[2026-02-25T06:57:04.785+0530] {processor.py:842} WARNING - No viable dags retrieved from /Users/neerajvyas/learning/airflow/learn_airflow/airflow_home/venv/lib/python3.9/site-packages/airflow/example_dags/subdags/subdag.py
[2026-02-25T06:57:04.828+0530] {processor.py:183} INFO - Processing /Users/neerajvyas/learning/airflow/learn_airflow/airflow_home/venv/lib/python3.9/site-packages/airflow/example_dags/subdags/subdag.py took 0.045 seconds
[2026-02-25T06:57:59.100+0530] {processor.py:161} INFO - Started process (PID=83550) to work on /Users/neerajvyas/learning/airflow/learn_airflow/airflow_home/venv/lib/python3.9/site-packages/airflow/example_dags/subdags/subdag.py
[2026-02-25T06:57:59.101+0530] {processor.py:830} INFO - Processing file /Users/neerajvyas/learning/airflow/learn_airflow/airflow_home/venv/lib/python3.9/site-packages/airflow/example_dags/subdags/subdag.py for tasks to queue
[2026-02-25T06:57:59.101+0530] {logging_mixin.py:188} INFO - [2026-02-25T06:57:59.101+0530] {dagbag.py:538} INFO - Filling up the DagBag from /Users/neerajvyas/learning/airflow/learn_airflow/airflow_home/venv/lib/python3.9/site-packages/airflow/example_dags/subdags/subdag.py
[2026-02-25T06:57:59.102+0530] {processor.py:842} WARNING - No viable dags retrieved from /Users/neerajvyas/learning/airflow/learn_airflow/airflow_home/venv/lib/python3.9/site-packages/airflow/example_dags/subdags/subdag.py
[2026-02-25T06:57:59.148+0530] {processor.py:183} INFO - Processing /Users/neerajvyas/learning/airflow/learn_airflow/airflow_home/venv/lib/python3.9/site-packages/airflow/example_dags/subdags/subdag.py took 0.048 seconds
[2026-02-25T06:58:53.646+0530] {processor.py:161} INFO - Started process (PID=85401) to work on /Users/neerajvyas/learning/airflow/learn_airflow/airflow_home/venv/lib/python3.9/site-packages/airflow/example_dags/subdags/subdag.py
[2026-02-25T06:58:53.648+0530] {processor.py:830} INFO - Processing file /Users/neerajvyas/learning/airflow/learn_airflow/airflow_home/venv/lib/python3.9/site-packages/airflow/example_dags/subdags/subdag.py for tasks to queue
[2026-02-25T06:58:53.649+0530] {logging_mixin.py:188} INFO - [2026-02-25T06:58:53.648+0530] {dagbag.py:538} INFO - Filling up the DagBag from /Users/neerajvyas/learning/airflow/learn_airflow/airflow_home/venv/lib/python3.9/site-packages/airflow/example_dags/subdags/subdag.py
[2026-02-25T06:58:53.650+0530] {processor.py:842} WARNING - No viable dags retrieved from /Users/neerajvyas/learning/airflow/learn_airflow/airflow_home/venv/lib/python3.9/site-packages/airflow/example_dags/subdags/subdag.py
[2026-02-25T06:58:53.695+0530] {processor.py:183} INFO - Processing /Users/neerajvyas/learning/airflow/learn_airflow/airflow_home/venv/lib/python3.9/site-packages/airflow/example_dags/subdags/subdag.py took 0.049 seconds
[2026-02-25T06:59:45.929+0530] {processor.py:161} INFO - Started process (PID=87147) to work on /Users/neerajvyas/learning/airflow/learn_airflow/airflow_home/venv/lib/python3.9/site-packages/airflow/example_dags/subdags/subdag.py
[2026-02-25T06:59:45.930+0530] {processor.py:830} INFO - Processing file /Users/neerajvyas/learning/airflow/learn_airflow/airflow_home/venv/lib/python3.9/site-packages/airflow/example_dags/subdags/subdag.py for tasks to queue
[2026-02-25T06:59:45.930+0530] {logging_mixin.py:188} INFO - [2026-02-25T06:59:45.930+0530] {dagbag.py:538} INFO - Filling up the DagBag from /Users/neerajvyas/learning/airflow/learn_airflow/airflow_home/venv/lib/python3.9/site-packages/airflow/example_dags/subdags/subdag.py
[2026-02-25T06:59:45.931+0530] {processor.py:842} WARNING - No viable dags retrieved from /Users/neerajvyas/learning/airflow/learn_airflow/airflow_home/venv/lib/python3.9/site-packages/airflow/example_dags/subdags/subdag.py
[2026-02-25T06:59:45.977+0530] {processor.py:183} INFO - Processing /Users/neerajvyas/learning/airflow/learn_airflow/airflow_home/venv/lib/python3.9/site-packages/airflow/example_dags/subdags/subdag.py took 0.048 seconds
[2026-02-25T07:00:38.709+0530] {processor.py:161} INFO - Started process (PID=88978) to work on /Users/neerajvyas/learning/airflow/learn_airflow/airflow_home/venv/lib/python3.9/site-packages/airflow/example_dags/subdags/subdag.py
[2026-02-25T07:00:38.710+0530] {processor.py:830} INFO - Processing file /Users/neerajvyas/learning/airflow/learn_airflow/airflow_home/venv/lib/python3.9/site-packages/airflow/example_dags/subdags/subdag.py for tasks to queue
[2026-02-25T07:00:38.711+0530] {logging_mixin.py:188} INFO - [2026-02-25T07:00:38.711+0530] {dagbag.py:538} INFO - Filling up the DagBag from /Users/neerajvyas/learning/airflow/learn_airflow/airflow_home/venv/lib/python3.9/site-packages/airflow/example_dags/subdags/subdag.py
[2026-02-25T07:00:38.712+0530] {processor.py:842} WARNING - No viable dags retrieved from /Users/neerajvyas/learning/airflow/learn_airflow/airflow_home/venv/lib/python3.9/site-packages/airflow/example_dags/subdags/subdag.py
[2026-02-25T07:00:38.757+0530] {processor.py:183} INFO - Processing /Users/neerajvyas/learning/airflow/learn_airflow/airflow_home/venv/lib/python3.9/site-packages/airflow/example_dags/subdags/subdag.py took 0.049 seconds
[2026-02-25T07:01:33.350+0530] {processor.py:161} INFO - Started process (PID=91243) to work on /Users/neerajvyas/learning/airflow/learn_airflow/airflow_home/venv/lib/python3.9/site-packages/airflow/example_dags/subdags/subdag.py
[2026-02-25T07:01:33.351+0530] {processor.py:830} INFO - Processing file /Users/neerajvyas/learning/airflow/learn_airflow/airflow_home/venv/lib/python3.9/site-packages/airflow/example_dags/subdags/subdag.py for tasks to queue
[2026-02-25T07:01:33.351+0530] {logging_mixin.py:188} INFO - [2026-02-25T07:01:33.351+0530] {dagbag.py:538} INFO - Filling up the DagBag from /Users/neerajvyas/learning/airflow/learn_airflow/airflow_home/venv/lib/python3.9/site-packages/airflow/example_dags/subdags/subdag.py
[2026-02-25T07:01:33.352+0530] {processor.py:842} WARNING - No viable dags retrieved from /Users/neerajvyas/learning/airflow/learn_airflow/airflow_home/venv/lib/python3.9/site-packages/airflow/example_dags/subdags/subdag.py
[2026-02-25T07:01:33.398+0530] {processor.py:183} INFO - Processing /Users/neerajvyas/learning/airflow/learn_airflow/airflow_home/venv/lib/python3.9/site-packages/airflow/example_dags/subdags/subdag.py took 0.049 seconds
[2026-02-25T07:02:31.002+0530] {processor.py:161} INFO - Started process (PID=93178) to work on /Users/neerajvyas/learning/airflow/learn_airflow/airflow_home/venv/lib/python3.9/site-packages/airflow/example_dags/subdags/subdag.py
[2026-02-25T07:02:31.003+0530] {processor.py:830} INFO - Processing file /Users/neerajvyas/learning/airflow/learn_airflow/airflow_home/venv/lib/python3.9/site-packages/airflow/example_dags/subdags/subdag.py for tasks to queue
[2026-02-25T07:02:31.003+0530] {logging_mixin.py:188} INFO - [2026-02-25T07:02:31.003+0530] {dagbag.py:538} INFO - Filling up the DagBag from /Users/neerajvyas/learning/airflow/learn_airflow/airflow_home/venv/lib/python3.9/site-packages/airflow/example_dags/subdags/subdag.py
[2026-02-25T07:02:31.004+0530] {processor.py:842} WARNING - No viable dags retrieved from /Users/neerajvyas/learning/airflow/learn_airflow/airflow_home/venv/lib/python3.9/site-packages/airflow/example_dags/subdags/subdag.py
[2026-02-25T07:02:31.050+0530] {processor.py:183} INFO - Processing /Users/neerajvyas/learning/airflow/learn_airflow/airflow_home/venv/lib/python3.9/site-packages/airflow/example_dags/subdags/subdag.py took 0.049 seconds
[2026-02-25T07:03:28.519+0530] {processor.py:161} INFO - Started process (PID=95518) to work on /Users/neerajvyas/learning/airflow/learn_airflow/airflow_home/venv/lib/python3.9/site-packages/airflow/example_dags/subdags/subdag.py
[2026-02-25T07:03:28.520+0530] {processor.py:830} INFO - Processing file /Users/neerajvyas/learning/airflow/learn_airflow/airflow_home/venv/lib/python3.9/site-packages/airflow/example_dags/subdags/subdag.py for tasks to queue
[2026-02-25T07:03:28.520+0530] {logging_mixin.py:188} INFO - [2026-02-25T07:03:28.520+0530] {dagbag.py:538} INFO - Filling up the DagBag from /Users/neerajvyas/learning/airflow/learn_airflow/airflow_home/venv/lib/python3.9/site-packages/airflow/example_dags/subdags/subdag.py
[2026-02-25T07:03:28.521+0530] {processor.py:842} WARNING - No viable dags retrieved from /Users/neerajvyas/learning/airflow/learn_airflow/airflow_home/venv/lib/python3.9/site-packages/airflow/example_dags/subdags/subdag.py
[2026-02-25T07:03:28.567+0530] {processor.py:183} INFO - Processing /Users/neerajvyas/learning/airflow/learn_airflow/airflow_home/venv/lib/python3.9/site-packages/airflow/example_dags/subdags/subdag.py took 0.049 seconds
[2026-02-25T07:04:19.986+0530] {processor.py:161} INFO - Started process (PID=97635) to work on /Users/neerajvyas/learning/airflow/learn_airflow/airflow_home/venv/lib/python3.9/site-packages/airflow/example_dags/subdags/subdag.py
[2026-02-25T07:04:19.988+0530] {processor.py:830} INFO - Processing file /Users/neerajvyas/learning/airflow/learn_airflow/airflow_home/venv/lib/python3.9/site-packages/airflow/example_dags/subdags/subdag.py for tasks to queue
[2026-02-25T07:04:19.988+0530] {logging_mixin.py:188} INFO - [2026-02-25T07:04:19.988+0530] {dagbag.py:538} INFO - Filling up the DagBag from /Users/neerajvyas/learning/airflow/learn_airflow/airflow_home/venv/lib/python3.9/site-packages/airflow/example_dags/subdags/subdag.py
[2026-02-25T07:04:19.989+0530] {processor.py:842} WARNING - No viable dags retrieved from /Users/neerajvyas/learning/airflow/learn_airflow/airflow_home/venv/lib/python3.9/site-packages/airflow/example_dags/subdags/subdag.py
[2026-02-25T07:04:20.033+0530] {processor.py:183} INFO - Processing /Users/neerajvyas/learning/airflow/learn_airflow/airflow_home/venv/lib/python3.9/site-packages/airflow/example_dags/subdags/subdag.py took 0.047 seconds
