[2026-02-25T06:47:23.237+0530] {processor.py:161} INFO - Started process (PID=61100) to work on /Users/neerajvyas/learning/airflow/learn_airflow/airflow_home/venv/lib/python3.9/site-packages/airflow/example_dags/example_setup_teardown.py
[2026-02-25T06:47:23.238+0530] {processor.py:830} INFO - Processing file /Users/neerajvyas/learning/airflow/learn_airflow/airflow_home/venv/lib/python3.9/site-packages/airflow/example_dags/example_setup_teardown.py for tasks to queue
[2026-02-25T06:47:23.238+0530] {logging_mixin.py:188} INFO - [2026-02-25T06:47:23.238+0530] {dagbag.py:538} INFO - Filling up the DagBag from /Users/neerajvyas/learning/airflow/learn_airflow/airflow_home/venv/lib/python3.9/site-packages/airflow/example_dags/example_setup_teardown.py
[2026-02-25T06:47:23.242+0530] {processor.py:840} INFO - DAG(s) 'example_setup_teardown' retrieved from /Users/neerajvyas/learning/airflow/learn_airflow/airflow_home/venv/lib/python3.9/site-packages/airflow/example_dags/example_setup_teardown.py
[2026-02-25T06:47:23.326+0530] {logging_mixin.py:188} INFO - [2026-02-25T06:47:23.326+0530] {override.py:1769} INFO - Created Permission View: can read on DAG:example_setup_teardown
[2026-02-25T06:47:23.331+0530] {logging_mixin.py:188} INFO - [2026-02-25T06:47:23.331+0530] {override.py:1769} INFO - Created Permission View: can delete on DAG:example_setup_teardown
[2026-02-25T06:47:23.333+0530] {logging_mixin.py:188} INFO - [2026-02-25T06:47:23.333+0530] {override.py:1769} INFO - Created Permission View: can edit on DAG:example_setup_teardown
[2026-02-25T06:47:23.333+0530] {logging_mixin.py:188} INFO - [2026-02-25T06:47:23.333+0530] {dag.py:3036} INFO - Sync 1 DAGs
[2026-02-25T06:47:23.337+0530] {logging_mixin.py:188} INFO - [2026-02-25T06:47:23.337+0530] {dag.py:3058} INFO - Creating ORM DAG for example_setup_teardown
[2026-02-25T06:47:23.341+0530] {logging_mixin.py:188} INFO - [2026-02-25T06:47:23.341+0530] {dag.py:3823} INFO - Setting next_dagrun for example_setup_teardown to 2026-02-24 00:00:00+00:00, run_after=2026-02-25 00:00:00+00:00
[2026-02-25T06:47:23.347+0530] {processor.py:183} INFO - Processing /Users/neerajvyas/learning/airflow/learn_airflow/airflow_home/venv/lib/python3.9/site-packages/airflow/example_dags/example_setup_teardown.py took 0.110 seconds
[2026-02-25T06:48:47.264+0530] {processor.py:161} INFO - Started process (PID=63903) to work on /Users/neerajvyas/learning/airflow/learn_airflow/airflow_home/venv/lib/python3.9/site-packages/airflow/example_dags/example_setup_teardown.py
[2026-02-25T06:48:47.265+0530] {processor.py:830} INFO - Processing file /Users/neerajvyas/learning/airflow/learn_airflow/airflow_home/venv/lib/python3.9/site-packages/airflow/example_dags/example_setup_teardown.py for tasks to queue
[2026-02-25T06:48:47.265+0530] {logging_mixin.py:188} INFO - [2026-02-25T06:48:47.265+0530] {dagbag.py:538} INFO - Filling up the DagBag from /Users/neerajvyas/learning/airflow/learn_airflow/airflow_home/venv/lib/python3.9/site-packages/airflow/example_dags/example_setup_teardown.py
[2026-02-25T06:48:47.271+0530] {processor.py:840} INFO - DAG(s) 'example_setup_teardown' retrieved from /Users/neerajvyas/learning/airflow/learn_airflow/airflow_home/venv/lib/python3.9/site-packages/airflow/example_dags/example_setup_teardown.py
[2026-02-25T06:48:47.324+0530] {logging_mixin.py:188} INFO - [2026-02-25T06:48:47.323+0530] {dag.py:3036} INFO - Sync 1 DAGs
[2026-02-25T06:48:47.331+0530] {logging_mixin.py:188} INFO - [2026-02-25T06:48:47.331+0530] {dag.py:3823} INFO - Setting next_dagrun for example_setup_teardown to 2026-02-24 00:00:00+00:00, run_after=2026-02-25 00:00:00+00:00
[2026-02-25T06:48:47.340+0530] {processor.py:183} INFO - Processing /Users/neerajvyas/learning/airflow/learn_airflow/airflow_home/venv/lib/python3.9/site-packages/airflow/example_dags/example_setup_teardown.py took 0.077 seconds
[2026-02-25T06:50:34.427+0530] {processor.py:161} INFO - Started process (PID=67851) to work on /Users/neerajvyas/learning/airflow/learn_airflow/airflow_home/venv/lib/python3.9/site-packages/airflow/example_dags/example_setup_teardown.py
[2026-02-25T06:50:34.429+0530] {processor.py:830} INFO - Processing file /Users/neerajvyas/learning/airflow/learn_airflow/airflow_home/venv/lib/python3.9/site-packages/airflow/example_dags/example_setup_teardown.py for tasks to queue
[2026-02-25T06:50:34.429+0530] {logging_mixin.py:188} INFO - [2026-02-25T06:50:34.429+0530] {dagbag.py:538} INFO - Filling up the DagBag from /Users/neerajvyas/learning/airflow/learn_airflow/airflow_home/venv/lib/python3.9/site-packages/airflow/example_dags/example_setup_teardown.py
[2026-02-25T06:50:34.432+0530] {processor.py:840} INFO - DAG(s) 'example_setup_teardown' retrieved from /Users/neerajvyas/learning/airflow/learn_airflow/airflow_home/venv/lib/python3.9/site-packages/airflow/example_dags/example_setup_teardown.py
[2026-02-25T06:50:34.487+0530] {logging_mixin.py:188} INFO - [2026-02-25T06:50:34.487+0530] {dag.py:3036} INFO - Sync 1 DAGs
[2026-02-25T06:50:34.495+0530] {logging_mixin.py:188} INFO - [2026-02-25T06:50:34.495+0530] {dag.py:3823} INFO - Setting next_dagrun for example_setup_teardown to 2026-02-24 00:00:00+00:00, run_after=2026-02-25 00:00:00+00:00
[2026-02-25T06:50:34.503+0530] {processor.py:183} INFO - Processing /Users/neerajvyas/learning/airflow/learn_airflow/airflow_home/venv/lib/python3.9/site-packages/airflow/example_dags/example_setup_teardown.py took 0.076 seconds
[2026-02-25T06:52:20.624+0530] {processor.py:161} INFO - Started process (PID=71384) to work on /Users/neerajvyas/learning/airflow/learn_airflow/airflow_home/venv/lib/python3.9/site-packages/airflow/example_dags/example_setup_teardown.py
[2026-02-25T06:52:20.625+0530] {processor.py:830} INFO - Processing file /Users/neerajvyas/learning/airflow/learn_airflow/airflow_home/venv/lib/python3.9/site-packages/airflow/example_dags/example_setup_teardown.py for tasks to queue
[2026-02-25T06:52:20.626+0530] {logging_mixin.py:188} INFO - [2026-02-25T06:52:20.626+0530] {dagbag.py:538} INFO - Filling up the DagBag from /Users/neerajvyas/learning/airflow/learn_airflow/airflow_home/venv/lib/python3.9/site-packages/airflow/example_dags/example_setup_teardown.py
[2026-02-25T06:52:20.629+0530] {processor.py:840} INFO - DAG(s) 'example_setup_teardown' retrieved from /Users/neerajvyas/learning/airflow/learn_airflow/airflow_home/venv/lib/python3.9/site-packages/airflow/example_dags/example_setup_teardown.py
[2026-02-25T06:52:20.675+0530] {logging_mixin.py:188} INFO - [2026-02-25T06:52:20.675+0530] {dag.py:3036} INFO - Sync 1 DAGs
[2026-02-25T06:52:20.682+0530] {logging_mixin.py:188} INFO - [2026-02-25T06:52:20.682+0530] {dag.py:3823} INFO - Setting next_dagrun for example_setup_teardown to 2026-02-24 00:00:00+00:00, run_after=2026-02-25 00:00:00+00:00
[2026-02-25T06:52:20.690+0530] {processor.py:183} INFO - Processing /Users/neerajvyas/learning/airflow/learn_airflow/airflow_home/venv/lib/python3.9/site-packages/airflow/example_dags/example_setup_teardown.py took 0.067 seconds
[2026-02-25T06:54:06.415+0530] {processor.py:161} INFO - Started process (PID=74985) to work on /Users/neerajvyas/learning/airflow/learn_airflow/airflow_home/venv/lib/python3.9/site-packages/airflow/example_dags/example_setup_teardown.py
[2026-02-25T06:54:06.416+0530] {processor.py:830} INFO - Processing file /Users/neerajvyas/learning/airflow/learn_airflow/airflow_home/venv/lib/python3.9/site-packages/airflow/example_dags/example_setup_teardown.py for tasks to queue
[2026-02-25T06:54:06.416+0530] {logging_mixin.py:188} INFO - [2026-02-25T06:54:06.416+0530] {dagbag.py:538} INFO - Filling up the DagBag from /Users/neerajvyas/learning/airflow/learn_airflow/airflow_home/venv/lib/python3.9/site-packages/airflow/example_dags/example_setup_teardown.py
[2026-02-25T06:54:06.420+0530] {processor.py:840} INFO - DAG(s) 'example_setup_teardown' retrieved from /Users/neerajvyas/learning/airflow/learn_airflow/airflow_home/venv/lib/python3.9/site-packages/airflow/example_dags/example_setup_teardown.py
[2026-02-25T06:54:06.470+0530] {logging_mixin.py:188} INFO - [2026-02-25T06:54:06.470+0530] {dag.py:3036} INFO - Sync 1 DAGs
[2026-02-25T06:54:06.477+0530] {logging_mixin.py:188} INFO - [2026-02-25T06:54:06.477+0530] {dag.py:3823} INFO - Setting next_dagrun for example_setup_teardown to 2026-02-24 00:00:00+00:00, run_after=2026-02-25 00:00:00+00:00
[2026-02-25T06:54:06.485+0530] {processor.py:183} INFO - Processing /Users/neerajvyas/learning/airflow/learn_airflow/airflow_home/venv/lib/python3.9/site-packages/airflow/example_dags/example_setup_teardown.py took 0.070 seconds
[2026-02-25T06:55:52.938+0530] {processor.py:161} INFO - Started process (PID=78918) to work on /Users/neerajvyas/learning/airflow/learn_airflow/airflow_home/venv/lib/python3.9/site-packages/airflow/example_dags/example_setup_teardown.py
[2026-02-25T06:55:52.940+0530] {processor.py:830} INFO - Processing file /Users/neerajvyas/learning/airflow/learn_airflow/airflow_home/venv/lib/python3.9/site-packages/airflow/example_dags/example_setup_teardown.py for tasks to queue
[2026-02-25T06:55:52.940+0530] {logging_mixin.py:188} INFO - [2026-02-25T06:55:52.940+0530] {dagbag.py:538} INFO - Filling up the DagBag from /Users/neerajvyas/learning/airflow/learn_airflow/airflow_home/venv/lib/python3.9/site-packages/airflow/example_dags/example_setup_teardown.py
[2026-02-25T06:55:52.944+0530] {processor.py:840} INFO - DAG(s) 'example_setup_teardown' retrieved from /Users/neerajvyas/learning/airflow/learn_airflow/airflow_home/venv/lib/python3.9/site-packages/airflow/example_dags/example_setup_teardown.py
[2026-02-25T06:55:52.994+0530] {logging_mixin.py:188} INFO - [2026-02-25T06:55:52.994+0530] {dag.py:3036} INFO - Sync 1 DAGs
[2026-02-25T06:55:53.002+0530] {logging_mixin.py:188} INFO - [2026-02-25T06:55:53.002+0530] {dag.py:3823} INFO - Setting next_dagrun for example_setup_teardown to 2026-02-24 00:00:00+00:00, run_after=2026-02-25 00:00:00+00:00
[2026-02-25T06:55:53.010+0530] {processor.py:183} INFO - Processing /Users/neerajvyas/learning/airflow/learn_airflow/airflow_home/venv/lib/python3.9/site-packages/airflow/example_dags/example_setup_teardown.py took 0.072 seconds
[2026-02-25T06:57:41.976+0530] {processor.py:161} INFO - Started process (PID=82762) to work on /Users/neerajvyas/learning/airflow/learn_airflow/airflow_home/venv/lib/python3.9/site-packages/airflow/example_dags/example_setup_teardown.py
[2026-02-25T06:57:41.977+0530] {processor.py:830} INFO - Processing file /Users/neerajvyas/learning/airflow/learn_airflow/airflow_home/venv/lib/python3.9/site-packages/airflow/example_dags/example_setup_teardown.py for tasks to queue
[2026-02-25T06:57:41.977+0530] {logging_mixin.py:188} INFO - [2026-02-25T06:57:41.977+0530] {dagbag.py:538} INFO - Filling up the DagBag from /Users/neerajvyas/learning/airflow/learn_airflow/airflow_home/venv/lib/python3.9/site-packages/airflow/example_dags/example_setup_teardown.py
[2026-02-25T06:57:41.981+0530] {processor.py:840} INFO - DAG(s) 'example_setup_teardown' retrieved from /Users/neerajvyas/learning/airflow/learn_airflow/airflow_home/venv/lib/python3.9/site-packages/airflow/example_dags/example_setup_teardown.py
[2026-02-25T06:57:42.028+0530] {logging_mixin.py:188} INFO - [2026-02-25T06:57:42.028+0530] {dag.py:3036} INFO - Sync 1 DAGs
[2026-02-25T06:57:42.035+0530] {logging_mixin.py:188} INFO - [2026-02-25T06:57:42.035+0530] {dag.py:3823} INFO - Setting next_dagrun for example_setup_teardown to 2026-02-24 00:00:00+00:00, run_after=2026-02-25 00:00:00+00:00
[2026-02-25T06:57:42.043+0530] {processor.py:183} INFO - Processing /Users/neerajvyas/learning/airflow/learn_airflow/airflow_home/venv/lib/python3.9/site-packages/airflow/example_dags/example_setup_teardown.py took 0.067 seconds
[2026-02-25T06:59:31.145+0530] {processor.py:161} INFO - Started process (PID=86795) to work on /Users/neerajvyas/learning/airflow/learn_airflow/airflow_home/venv/lib/python3.9/site-packages/airflow/example_dags/example_setup_teardown.py
[2026-02-25T06:59:31.146+0530] {processor.py:830} INFO - Processing file /Users/neerajvyas/learning/airflow/learn_airflow/airflow_home/venv/lib/python3.9/site-packages/airflow/example_dags/example_setup_teardown.py for tasks to queue
[2026-02-25T06:59:31.146+0530] {logging_mixin.py:188} INFO - [2026-02-25T06:59:31.146+0530] {dagbag.py:538} INFO - Filling up the DagBag from /Users/neerajvyas/learning/airflow/learn_airflow/airflow_home/venv/lib/python3.9/site-packages/airflow/example_dags/example_setup_teardown.py
[2026-02-25T06:59:31.150+0530] {processor.py:840} INFO - DAG(s) 'example_setup_teardown' retrieved from /Users/neerajvyas/learning/airflow/learn_airflow/airflow_home/venv/lib/python3.9/site-packages/airflow/example_dags/example_setup_teardown.py
[2026-02-25T06:59:31.194+0530] {logging_mixin.py:188} INFO - [2026-02-25T06:59:31.194+0530] {dag.py:3036} INFO - Sync 1 DAGs
[2026-02-25T06:59:31.201+0530] {logging_mixin.py:188} INFO - [2026-02-25T06:59:31.200+0530] {dag.py:3823} INFO - Setting next_dagrun for example_setup_teardown to 2026-02-24 00:00:00+00:00, run_after=2026-02-25 00:00:00+00:00
[2026-02-25T06:59:31.207+0530] {processor.py:183} INFO - Processing /Users/neerajvyas/learning/airflow/learn_airflow/airflow_home/venv/lib/python3.9/site-packages/airflow/example_dags/example_setup_teardown.py took 0.063 seconds
[2026-02-25T07:01:16.840+0530] {processor.py:161} INFO - Started process (PID=90372) to work on /Users/neerajvyas/learning/airflow/learn_airflow/airflow_home/venv/lib/python3.9/site-packages/airflow/example_dags/example_setup_teardown.py
[2026-02-25T07:01:16.841+0530] {processor.py:830} INFO - Processing file /Users/neerajvyas/learning/airflow/learn_airflow/airflow_home/venv/lib/python3.9/site-packages/airflow/example_dags/example_setup_teardown.py for tasks to queue
[2026-02-25T07:01:16.841+0530] {logging_mixin.py:188} INFO - [2026-02-25T07:01:16.841+0530] {dagbag.py:538} INFO - Filling up the DagBag from /Users/neerajvyas/learning/airflow/learn_airflow/airflow_home/venv/lib/python3.9/site-packages/airflow/example_dags/example_setup_teardown.py
[2026-02-25T07:01:16.845+0530] {processor.py:840} INFO - DAG(s) 'example_setup_teardown' retrieved from /Users/neerajvyas/learning/airflow/learn_airflow/airflow_home/venv/lib/python3.9/site-packages/airflow/example_dags/example_setup_teardown.py
[2026-02-25T07:01:16.893+0530] {logging_mixin.py:188} INFO - [2026-02-25T07:01:16.893+0530] {dag.py:3036} INFO - Sync 1 DAGs
[2026-02-25T07:01:16.900+0530] {logging_mixin.py:188} INFO - [2026-02-25T07:01:16.900+0530] {dag.py:3823} INFO - Setting next_dagrun for example_setup_teardown to 2026-02-24 00:00:00+00:00, run_after=2026-02-25 00:00:00+00:00
[2026-02-25T07:01:16.909+0530] {processor.py:183} INFO - Processing /Users/neerajvyas/learning/airflow/learn_airflow/airflow_home/venv/lib/python3.9/site-packages/airflow/example_dags/example_setup_teardown.py took 0.069 seconds
[2026-02-25T07:03:08.856+0530] {processor.py:161} INFO - Started process (PID=94569) to work on /Users/neerajvyas/learning/airflow/learn_airflow/airflow_home/venv/lib/python3.9/site-packages/airflow/example_dags/example_setup_teardown.py
[2026-02-25T07:03:08.857+0530] {processor.py:830} INFO - Processing file /Users/neerajvyas/learning/airflow/learn_airflow/airflow_home/venv/lib/python3.9/site-packages/airflow/example_dags/example_setup_teardown.py for tasks to queue
[2026-02-25T07:03:08.857+0530] {logging_mixin.py:188} INFO - [2026-02-25T07:03:08.857+0530] {dagbag.py:538} INFO - Filling up the DagBag from /Users/neerajvyas/learning/airflow/learn_airflow/airflow_home/venv/lib/python3.9/site-packages/airflow/example_dags/example_setup_teardown.py
[2026-02-25T07:03:08.861+0530] {processor.py:840} INFO - DAG(s) 'example_setup_teardown' retrieved from /Users/neerajvyas/learning/airflow/learn_airflow/airflow_home/venv/lib/python3.9/site-packages/airflow/example_dags/example_setup_teardown.py
[2026-02-25T07:03:08.907+0530] {logging_mixin.py:188} INFO - [2026-02-25T07:03:08.907+0530] {dag.py:3036} INFO - Sync 1 DAGs
[2026-02-25T07:03:08.915+0530] {logging_mixin.py:188} INFO - [2026-02-25T07:03:08.914+0530] {dag.py:3823} INFO - Setting next_dagrun for example_setup_teardown to 2026-02-24 00:00:00+00:00, run_after=2026-02-25 00:00:00+00:00
[2026-02-25T07:03:08.923+0530] {processor.py:183} INFO - Processing /Users/neerajvyas/learning/airflow/learn_airflow/airflow_home/venv/lib/python3.9/site-packages/airflow/example_dags/example_setup_teardown.py took 0.068 seconds
