[2026-02-25T06:47:28.381+0530] {processor.py:161} INFO - Started process (PID=61445) to work on /Users/neerajvyas/learning/airflow/learn_airflow/airflow_home/venv/lib/python3.9/site-packages/airflow/example_dags/example_python_operator.py
[2026-02-25T06:47:28.381+0530] {processor.py:830} INFO - Processing file /Users/neerajvyas/learning/airflow/learn_airflow/airflow_home/venv/lib/python3.9/site-packages/airflow/example_dags/example_python_operator.py for tasks to queue
[2026-02-25T06:47:28.382+0530] {logging_mixin.py:188} INFO - [2026-02-25T06:47:28.382+0530] {dagbag.py:538} INFO - Filling up the DagBag from /Users/neerajvyas/learning/airflow/learn_airflow/airflow_home/venv/lib/python3.9/site-packages/airflow/example_dags/example_python_operator.py
[2026-02-25T06:47:28.392+0530] {logging_mixin.py:188} INFO - [2026-02-25T06:47:28.392+0530] {example_python_operator.py:88} WARNING - The virtalenv_python example task requires virtualenv, please install it.
[2026-02-25T06:47:28.393+0530] {processor.py:840} INFO - DAG(s) 'example_python_operator' retrieved from /Users/neerajvyas/learning/airflow/learn_airflow/airflow_home/venv/lib/python3.9/site-packages/airflow/example_dags/example_python_operator.py
[2026-02-25T06:47:28.471+0530] {logging_mixin.py:188} INFO - [2026-02-25T06:47:28.471+0530] {override.py:1769} INFO - Created Permission View: can edit on DAG:example_python_operator
[2026-02-25T06:47:28.475+0530] {logging_mixin.py:188} INFO - [2026-02-25T06:47:28.474+0530] {override.py:1769} INFO - Created Permission View: can read on DAG:example_python_operator
[2026-02-25T06:47:28.477+0530] {logging_mixin.py:188} INFO - [2026-02-25T06:47:28.477+0530] {override.py:1769} INFO - Created Permission View: can delete on DAG:example_python_operator
[2026-02-25T06:47:28.477+0530] {logging_mixin.py:188} INFO - [2026-02-25T06:47:28.477+0530] {dag.py:3036} INFO - Sync 1 DAGs
[2026-02-25T06:47:28.482+0530] {logging_mixin.py:188} INFO - [2026-02-25T06:47:28.482+0530] {dag.py:3058} INFO - Creating ORM DAG for example_python_operator
[2026-02-25T06:47:28.482+0530] {logging_mixin.py:188} INFO - [2026-02-25T06:47:28.482+0530] {dag.py:3823} INFO - Setting next_dagrun for example_python_operator to None, run_after=None
[2026-02-25T06:47:28.489+0530] {processor.py:183} INFO - Processing /Users/neerajvyas/learning/airflow/learn_airflow/airflow_home/venv/lib/python3.9/site-packages/airflow/example_dags/example_python_operator.py took 0.108 seconds
[2026-02-25T06:48:52.626+0530] {processor.py:161} INFO - Started process (PID=64248) to work on /Users/neerajvyas/learning/airflow/learn_airflow/airflow_home/venv/lib/python3.9/site-packages/airflow/example_dags/example_python_operator.py
[2026-02-25T06:48:52.627+0530] {processor.py:830} INFO - Processing file /Users/neerajvyas/learning/airflow/learn_airflow/airflow_home/venv/lib/python3.9/site-packages/airflow/example_dags/example_python_operator.py for tasks to queue
[2026-02-25T06:48:52.628+0530] {logging_mixin.py:188} INFO - [2026-02-25T06:48:52.628+0530] {dagbag.py:538} INFO - Filling up the DagBag from /Users/neerajvyas/learning/airflow/learn_airflow/airflow_home/venv/lib/python3.9/site-packages/airflow/example_dags/example_python_operator.py
[2026-02-25T06:48:52.639+0530] {logging_mixin.py:188} INFO - [2026-02-25T06:48:52.638+0530] {example_python_operator.py:88} WARNING - The virtalenv_python example task requires virtualenv, please install it.
[2026-02-25T06:48:52.640+0530] {processor.py:840} INFO - DAG(s) 'example_python_operator' retrieved from /Users/neerajvyas/learning/airflow/learn_airflow/airflow_home/venv/lib/python3.9/site-packages/airflow/example_dags/example_python_operator.py
[2026-02-25T06:48:52.680+0530] {logging_mixin.py:188} INFO - [2026-02-25T06:48:52.680+0530] {dag.py:3036} INFO - Sync 1 DAGs
[2026-02-25T06:48:52.685+0530] {logging_mixin.py:188} INFO - [2026-02-25T06:48:52.685+0530] {dag.py:3823} INFO - Setting next_dagrun for example_python_operator to None, run_after=None
[2026-02-25T06:48:52.692+0530] {processor.py:183} INFO - Processing /Users/neerajvyas/learning/airflow/learn_airflow/airflow_home/venv/lib/python3.9/site-packages/airflow/example_dags/example_python_operator.py took 0.067 seconds
[2026-02-25T06:50:39.145+0530] {processor.py:161} INFO - Started process (PID=67854) to work on /Users/neerajvyas/learning/airflow/learn_airflow/airflow_home/venv/lib/python3.9/site-packages/airflow/example_dags/example_python_operator.py
[2026-02-25T06:50:39.145+0530] {processor.py:830} INFO - Processing file /Users/neerajvyas/learning/airflow/learn_airflow/airflow_home/venv/lib/python3.9/site-packages/airflow/example_dags/example_python_operator.py for tasks to queue
[2026-02-25T06:50:39.146+0530] {logging_mixin.py:188} INFO - [2026-02-25T06:50:39.146+0530] {dagbag.py:538} INFO - Filling up the DagBag from /Users/neerajvyas/learning/airflow/learn_airflow/airflow_home/venv/lib/python3.9/site-packages/airflow/example_dags/example_python_operator.py
[2026-02-25T06:50:39.155+0530] {logging_mixin.py:188} INFO - [2026-02-25T06:50:39.155+0530] {example_python_operator.py:88} WARNING - The virtalenv_python example task requires virtualenv, please install it.
[2026-02-25T06:50:39.157+0530] {processor.py:840} INFO - DAG(s) 'example_python_operator' retrieved from /Users/neerajvyas/learning/airflow/learn_airflow/airflow_home/venv/lib/python3.9/site-packages/airflow/example_dags/example_python_operator.py
[2026-02-25T06:50:39.199+0530] {logging_mixin.py:188} INFO - [2026-02-25T06:50:39.199+0530] {dag.py:3036} INFO - Sync 1 DAGs
[2026-02-25T06:50:39.203+0530] {logging_mixin.py:188} INFO - [2026-02-25T06:50:39.203+0530] {dag.py:3823} INFO - Setting next_dagrun for example_python_operator to None, run_after=None
[2026-02-25T06:50:39.210+0530] {processor.py:183} INFO - Processing /Users/neerajvyas/learning/airflow/learn_airflow/airflow_home/venv/lib/python3.9/site-packages/airflow/example_dags/example_python_operator.py took 0.066 seconds
[2026-02-25T06:52:26.247+0530] {processor.py:161} INFO - Started process (PID=71765) to work on /Users/neerajvyas/learning/airflow/learn_airflow/airflow_home/venv/lib/python3.9/site-packages/airflow/example_dags/example_python_operator.py
[2026-02-25T06:52:26.248+0530] {processor.py:830} INFO - Processing file /Users/neerajvyas/learning/airflow/learn_airflow/airflow_home/venv/lib/python3.9/site-packages/airflow/example_dags/example_python_operator.py for tasks to queue
[2026-02-25T06:52:26.249+0530] {logging_mixin.py:188} INFO - [2026-02-25T06:52:26.249+0530] {dagbag.py:538} INFO - Filling up the DagBag from /Users/neerajvyas/learning/airflow/learn_airflow/airflow_home/venv/lib/python3.9/site-packages/airflow/example_dags/example_python_operator.py
[2026-02-25T06:52:26.258+0530] {logging_mixin.py:188} INFO - [2026-02-25T06:52:26.258+0530] {example_python_operator.py:88} WARNING - The virtalenv_python example task requires virtualenv, please install it.
[2026-02-25T06:52:26.259+0530] {processor.py:840} INFO - DAG(s) 'example_python_operator' retrieved from /Users/neerajvyas/learning/airflow/learn_airflow/airflow_home/venv/lib/python3.9/site-packages/airflow/example_dags/example_python_operator.py
[2026-02-25T06:52:26.300+0530] {logging_mixin.py:188} INFO - [2026-02-25T06:52:26.300+0530] {dag.py:3036} INFO - Sync 1 DAGs
[2026-02-25T06:52:26.304+0530] {logging_mixin.py:188} INFO - [2026-02-25T06:52:26.304+0530] {dag.py:3823} INFO - Setting next_dagrun for example_python_operator to None, run_after=None
[2026-02-25T06:52:26.311+0530] {processor.py:183} INFO - Processing /Users/neerajvyas/learning/airflow/learn_airflow/airflow_home/venv/lib/python3.9/site-packages/airflow/example_dags/example_python_operator.py took 0.065 seconds
[2026-02-25T06:54:12.227+0530] {processor.py:161} INFO - Started process (PID=75336) to work on /Users/neerajvyas/learning/airflow/learn_airflow/airflow_home/venv/lib/python3.9/site-packages/airflow/example_dags/example_python_operator.py
[2026-02-25T06:54:12.228+0530] {processor.py:830} INFO - Processing file /Users/neerajvyas/learning/airflow/learn_airflow/airflow_home/venv/lib/python3.9/site-packages/airflow/example_dags/example_python_operator.py for tasks to queue
[2026-02-25T06:54:12.228+0530] {logging_mixin.py:188} INFO - [2026-02-25T06:54:12.228+0530] {dagbag.py:538} INFO - Filling up the DagBag from /Users/neerajvyas/learning/airflow/learn_airflow/airflow_home/venv/lib/python3.9/site-packages/airflow/example_dags/example_python_operator.py
[2026-02-25T06:54:12.238+0530] {logging_mixin.py:188} INFO - [2026-02-25T06:54:12.237+0530] {example_python_operator.py:88} WARNING - The virtalenv_python example task requires virtualenv, please install it.
[2026-02-25T06:54:12.239+0530] {processor.py:840} INFO - DAG(s) 'example_python_operator' retrieved from /Users/neerajvyas/learning/airflow/learn_airflow/airflow_home/venv/lib/python3.9/site-packages/airflow/example_dags/example_python_operator.py
[2026-02-25T06:54:12.280+0530] {logging_mixin.py:188} INFO - [2026-02-25T06:54:12.280+0530] {dag.py:3036} INFO - Sync 1 DAGs
[2026-02-25T06:54:12.284+0530] {logging_mixin.py:188} INFO - [2026-02-25T06:54:12.284+0530] {dag.py:3823} INFO - Setting next_dagrun for example_python_operator to None, run_after=None
[2026-02-25T06:54:12.291+0530] {processor.py:183} INFO - Processing /Users/neerajvyas/learning/airflow/learn_airflow/airflow_home/venv/lib/python3.9/site-packages/airflow/example_dags/example_python_operator.py took 0.064 seconds
[2026-02-25T06:55:57.858+0530] {processor.py:161} INFO - Started process (PID=79092) to work on /Users/neerajvyas/learning/airflow/learn_airflow/airflow_home/venv/lib/python3.9/site-packages/airflow/example_dags/example_python_operator.py
[2026-02-25T06:55:57.858+0530] {processor.py:830} INFO - Processing file /Users/neerajvyas/learning/airflow/learn_airflow/airflow_home/venv/lib/python3.9/site-packages/airflow/example_dags/example_python_operator.py for tasks to queue
[2026-02-25T06:55:57.859+0530] {logging_mixin.py:188} INFO - [2026-02-25T06:55:57.859+0530] {dagbag.py:538} INFO - Filling up the DagBag from /Users/neerajvyas/learning/airflow/learn_airflow/airflow_home/venv/lib/python3.9/site-packages/airflow/example_dags/example_python_operator.py
[2026-02-25T06:55:57.868+0530] {logging_mixin.py:188} INFO - [2026-02-25T06:55:57.868+0530] {example_python_operator.py:88} WARNING - The virtalenv_python example task requires virtualenv, please install it.
[2026-02-25T06:55:57.869+0530] {processor.py:840} INFO - DAG(s) 'example_python_operator' retrieved from /Users/neerajvyas/learning/airflow/learn_airflow/airflow_home/venv/lib/python3.9/site-packages/airflow/example_dags/example_python_operator.py
[2026-02-25T06:55:57.912+0530] {logging_mixin.py:188} INFO - [2026-02-25T06:55:57.912+0530] {dag.py:3036} INFO - Sync 1 DAGs
[2026-02-25T06:55:57.916+0530] {logging_mixin.py:188} INFO - [2026-02-25T06:55:57.916+0530] {dag.py:3823} INFO - Setting next_dagrun for example_python_operator to None, run_after=None
[2026-02-25T06:55:57.923+0530] {processor.py:183} INFO - Processing /Users/neerajvyas/learning/airflow/learn_airflow/airflow_home/venv/lib/python3.9/site-packages/airflow/example_dags/example_python_operator.py took 0.066 seconds
[2026-02-25T06:57:47.647+0530] {processor.py:161} INFO - Started process (PID=83107) to work on /Users/neerajvyas/learning/airflow/learn_airflow/airflow_home/venv/lib/python3.9/site-packages/airflow/example_dags/example_python_operator.py
[2026-02-25T06:57:47.648+0530] {processor.py:830} INFO - Processing file /Users/neerajvyas/learning/airflow/learn_airflow/airflow_home/venv/lib/python3.9/site-packages/airflow/example_dags/example_python_operator.py for tasks to queue
[2026-02-25T06:57:47.648+0530] {logging_mixin.py:188} INFO - [2026-02-25T06:57:47.648+0530] {dagbag.py:538} INFO - Filling up the DagBag from /Users/neerajvyas/learning/airflow/learn_airflow/airflow_home/venv/lib/python3.9/site-packages/airflow/example_dags/example_python_operator.py
[2026-02-25T06:57:47.659+0530] {logging_mixin.py:188} INFO - [2026-02-25T06:57:47.659+0530] {example_python_operator.py:88} WARNING - The virtalenv_python example task requires virtualenv, please install it.
[2026-02-25T06:57:47.661+0530] {processor.py:840} INFO - DAG(s) 'example_python_operator' retrieved from /Users/neerajvyas/learning/airflow/learn_airflow/airflow_home/venv/lib/python3.9/site-packages/airflow/example_dags/example_python_operator.py
[2026-02-25T06:57:47.705+0530] {logging_mixin.py:188} INFO - [2026-02-25T06:57:47.705+0530] {dag.py:3036} INFO - Sync 1 DAGs
[2026-02-25T06:57:47.710+0530] {logging_mixin.py:188} INFO - [2026-02-25T06:57:47.710+0530] {dag.py:3823} INFO - Setting next_dagrun for example_python_operator to None, run_after=None
[2026-02-25T06:57:47.717+0530] {processor.py:183} INFO - Processing /Users/neerajvyas/learning/airflow/learn_airflow/airflow_home/venv/lib/python3.9/site-packages/airflow/example_dags/example_python_operator.py took 0.070 seconds
[2026-02-25T06:59:36.064+0530] {processor.py:161} INFO - Started process (PID=86798) to work on /Users/neerajvyas/learning/airflow/learn_airflow/airflow_home/venv/lib/python3.9/site-packages/airflow/example_dags/example_python_operator.py
[2026-02-25T06:59:36.064+0530] {processor.py:830} INFO - Processing file /Users/neerajvyas/learning/airflow/learn_airflow/airflow_home/venv/lib/python3.9/site-packages/airflow/example_dags/example_python_operator.py for tasks to queue
[2026-02-25T06:59:36.064+0530] {logging_mixin.py:188} INFO - [2026-02-25T06:59:36.064+0530] {dagbag.py:538} INFO - Filling up the DagBag from /Users/neerajvyas/learning/airflow/learn_airflow/airflow_home/venv/lib/python3.9/site-packages/airflow/example_dags/example_python_operator.py
[2026-02-25T06:59:36.074+0530] {logging_mixin.py:188} INFO - [2026-02-25T06:59:36.074+0530] {example_python_operator.py:88} WARNING - The virtalenv_python example task requires virtualenv, please install it.
[2026-02-25T06:59:36.075+0530] {processor.py:840} INFO - DAG(s) 'example_python_operator' retrieved from /Users/neerajvyas/learning/airflow/learn_airflow/airflow_home/venv/lib/python3.9/site-packages/airflow/example_dags/example_python_operator.py
[2026-02-25T06:59:36.117+0530] {logging_mixin.py:188} INFO - [2026-02-25T06:59:36.117+0530] {dag.py:3036} INFO - Sync 1 DAGs
[2026-02-25T06:59:36.122+0530] {logging_mixin.py:188} INFO - [2026-02-25T06:59:36.121+0530] {dag.py:3823} INFO - Setting next_dagrun for example_python_operator to None, run_after=None
[2026-02-25T06:59:36.128+0530] {processor.py:183} INFO - Processing /Users/neerajvyas/learning/airflow/learn_airflow/airflow_home/venv/lib/python3.9/site-packages/airflow/example_dags/example_python_operator.py took 0.065 seconds
[2026-02-25T07:01:22.478+0530] {processor.py:161} INFO - Started process (PID=90803) to work on /Users/neerajvyas/learning/airflow/learn_airflow/airflow_home/venv/lib/python3.9/site-packages/airflow/example_dags/example_python_operator.py
[2026-02-25T07:01:22.479+0530] {processor.py:830} INFO - Processing file /Users/neerajvyas/learning/airflow/learn_airflow/airflow_home/venv/lib/python3.9/site-packages/airflow/example_dags/example_python_operator.py for tasks to queue
[2026-02-25T07:01:22.479+0530] {logging_mixin.py:188} INFO - [2026-02-25T07:01:22.479+0530] {dagbag.py:538} INFO - Filling up the DagBag from /Users/neerajvyas/learning/airflow/learn_airflow/airflow_home/venv/lib/python3.9/site-packages/airflow/example_dags/example_python_operator.py
[2026-02-25T07:01:22.488+0530] {logging_mixin.py:188} INFO - [2026-02-25T07:01:22.488+0530] {example_python_operator.py:88} WARNING - The virtalenv_python example task requires virtualenv, please install it.
[2026-02-25T07:01:22.490+0530] {processor.py:840} INFO - DAG(s) 'example_python_operator' retrieved from /Users/neerajvyas/learning/airflow/learn_airflow/airflow_home/venv/lib/python3.9/site-packages/airflow/example_dags/example_python_operator.py
[2026-02-25T07:01:22.534+0530] {logging_mixin.py:188} INFO - [2026-02-25T07:01:22.533+0530] {dag.py:3036} INFO - Sync 1 DAGs
[2026-02-25T07:01:22.538+0530] {logging_mixin.py:188} INFO - [2026-02-25T07:01:22.538+0530] {dag.py:3823} INFO - Setting next_dagrun for example_python_operator to None, run_after=None
[2026-02-25T07:01:22.545+0530] {processor.py:183} INFO - Processing /Users/neerajvyas/learning/airflow/learn_airflow/airflow_home/venv/lib/python3.9/site-packages/airflow/example_dags/example_python_operator.py took 0.067 seconds
[2026-02-25T07:03:14.641+0530] {processor.py:161} INFO - Started process (PID=94573) to work on /Users/neerajvyas/learning/airflow/learn_airflow/airflow_home/venv/lib/python3.9/site-packages/airflow/example_dags/example_python_operator.py
[2026-02-25T07:03:14.642+0530] {processor.py:830} INFO - Processing file /Users/neerajvyas/learning/airflow/learn_airflow/airflow_home/venv/lib/python3.9/site-packages/airflow/example_dags/example_python_operator.py for tasks to queue
[2026-02-25T07:03:14.643+0530] {logging_mixin.py:188} INFO - [2026-02-25T07:03:14.642+0530] {dagbag.py:538} INFO - Filling up the DagBag from /Users/neerajvyas/learning/airflow/learn_airflow/airflow_home/venv/lib/python3.9/site-packages/airflow/example_dags/example_python_operator.py
[2026-02-25T07:03:14.653+0530] {logging_mixin.py:188} INFO - [2026-02-25T07:03:14.653+0530] {example_python_operator.py:88} WARNING - The virtalenv_python example task requires virtualenv, please install it.
[2026-02-25T07:03:14.655+0530] {processor.py:840} INFO - DAG(s) 'example_python_operator' retrieved from /Users/neerajvyas/learning/airflow/learn_airflow/airflow_home/venv/lib/python3.9/site-packages/airflow/example_dags/example_python_operator.py
[2026-02-25T07:03:14.699+0530] {logging_mixin.py:188} INFO - [2026-02-25T07:03:14.699+0530] {dag.py:3036} INFO - Sync 1 DAGs
[2026-02-25T07:03:14.704+0530] {logging_mixin.py:188} INFO - [2026-02-25T07:03:14.704+0530] {dag.py:3823} INFO - Setting next_dagrun for example_python_operator to None, run_after=None
[2026-02-25T07:03:14.713+0530] {processor.py:183} INFO - Processing /Users/neerajvyas/learning/airflow/learn_airflow/airflow_home/venv/lib/python3.9/site-packages/airflow/example_dags/example_python_operator.py took 0.072 seconds
