[2026-02-25T06:47:21.303+0530] {processor.py:161} INFO - Started process (PID=61099) to work on /Users/neerajvyas/learning/airflow/learn_airflow/airflow_home/venv/lib/python3.9/site-packages/airflow/example_dags/example_setup_teardown_taskflow.py
[2026-02-25T06:47:21.304+0530] {processor.py:830} INFO - Processing file /Users/neerajvyas/learning/airflow/learn_airflow/airflow_home/venv/lib/python3.9/site-packages/airflow/example_dags/example_setup_teardown_taskflow.py for tasks to queue
[2026-02-25T06:47:21.304+0530] {logging_mixin.py:188} INFO - [2026-02-25T06:47:21.304+0530] {dagbag.py:538} INFO - Filling up the DagBag from /Users/neerajvyas/learning/airflow/learn_airflow/airflow_home/venv/lib/python3.9/site-packages/airflow/example_dags/example_setup_teardown_taskflow.py
[2026-02-25T06:47:21.321+0530] {processor.py:840} INFO - DAG(s) 'example_setup_teardown_taskflow' retrieved from /Users/neerajvyas/learning/airflow/learn_airflow/airflow_home/venv/lib/python3.9/site-packages/airflow/example_dags/example_setup_teardown_taskflow.py
[2026-02-25T06:47:21.399+0530] {logging_mixin.py:188} INFO - [2026-02-25T06:47:21.398+0530] {override.py:1769} INFO - Created Permission View: can edit on DAG:example_setup_teardown_taskflow
[2026-02-25T06:47:21.402+0530] {logging_mixin.py:188} INFO - [2026-02-25T06:47:21.402+0530] {override.py:1769} INFO - Created Permission View: can delete on DAG:example_setup_teardown_taskflow
[2026-02-25T06:47:21.404+0530] {logging_mixin.py:188} INFO - [2026-02-25T06:47:21.404+0530] {override.py:1769} INFO - Created Permission View: can read on DAG:example_setup_teardown_taskflow
[2026-02-25T06:47:21.404+0530] {logging_mixin.py:188} INFO - [2026-02-25T06:47:21.404+0530] {dag.py:3036} INFO - Sync 1 DAGs
[2026-02-25T06:47:21.408+0530] {logging_mixin.py:188} INFO - [2026-02-25T06:47:21.408+0530] {dag.py:3058} INFO - Creating ORM DAG for example_setup_teardown_taskflow
[2026-02-25T06:47:21.411+0530] {logging_mixin.py:188} INFO - [2026-02-25T06:47:21.411+0530] {dag.py:3823} INFO - Setting next_dagrun for example_setup_teardown_taskflow to 2026-02-24 00:00:00+00:00, run_after=2026-02-25 00:00:00+00:00
[2026-02-25T06:47:21.417+0530] {processor.py:183} INFO - Processing /Users/neerajvyas/learning/airflow/learn_airflow/airflow_home/venv/lib/python3.9/site-packages/airflow/example_dags/example_setup_teardown_taskflow.py took 0.115 seconds
[2026-02-25T06:48:45.324+0530] {processor.py:161} INFO - Started process (PID=63902) to work on /Users/neerajvyas/learning/airflow/learn_airflow/airflow_home/venv/lib/python3.9/site-packages/airflow/example_dags/example_setup_teardown_taskflow.py
[2026-02-25T06:48:45.326+0530] {processor.py:830} INFO - Processing file /Users/neerajvyas/learning/airflow/learn_airflow/airflow_home/venv/lib/python3.9/site-packages/airflow/example_dags/example_setup_teardown_taskflow.py for tasks to queue
[2026-02-25T06:48:45.326+0530] {logging_mixin.py:188} INFO - [2026-02-25T06:48:45.326+0530] {dagbag.py:538} INFO - Filling up the DagBag from /Users/neerajvyas/learning/airflow/learn_airflow/airflow_home/venv/lib/python3.9/site-packages/airflow/example_dags/example_setup_teardown_taskflow.py
[2026-02-25T06:48:45.343+0530] {processor.py:840} INFO - DAG(s) 'example_setup_teardown_taskflow' retrieved from /Users/neerajvyas/learning/airflow/learn_airflow/airflow_home/venv/lib/python3.9/site-packages/airflow/example_dags/example_setup_teardown_taskflow.py
[2026-02-25T06:48:45.388+0530] {logging_mixin.py:188} INFO - [2026-02-25T06:48:45.387+0530] {dag.py:3036} INFO - Sync 1 DAGs
[2026-02-25T06:48:45.395+0530] {logging_mixin.py:188} INFO - [2026-02-25T06:48:45.395+0530] {dag.py:3823} INFO - Setting next_dagrun for example_setup_teardown_taskflow to 2026-02-24 00:00:00+00:00, run_after=2026-02-25 00:00:00+00:00
[2026-02-25T06:48:45.402+0530] {processor.py:183} INFO - Processing /Users/neerajvyas/learning/airflow/learn_airflow/airflow_home/venv/lib/python3.9/site-packages/airflow/example_dags/example_setup_teardown_taskflow.py took 0.078 seconds
[2026-02-25T06:50:32.494+0530] {processor.py:161} INFO - Started process (PID=67850) to work on /Users/neerajvyas/learning/airflow/learn_airflow/airflow_home/venv/lib/python3.9/site-packages/airflow/example_dags/example_setup_teardown_taskflow.py
[2026-02-25T06:50:32.496+0530] {processor.py:830} INFO - Processing file /Users/neerajvyas/learning/airflow/learn_airflow/airflow_home/venv/lib/python3.9/site-packages/airflow/example_dags/example_setup_teardown_taskflow.py for tasks to queue
[2026-02-25T06:50:32.496+0530] {logging_mixin.py:188} INFO - [2026-02-25T06:50:32.496+0530] {dagbag.py:538} INFO - Filling up the DagBag from /Users/neerajvyas/learning/airflow/learn_airflow/airflow_home/venv/lib/python3.9/site-packages/airflow/example_dags/example_setup_teardown_taskflow.py
[2026-02-25T06:50:32.513+0530] {processor.py:840} INFO - DAG(s) 'example_setup_teardown_taskflow' retrieved from /Users/neerajvyas/learning/airflow/learn_airflow/airflow_home/venv/lib/python3.9/site-packages/airflow/example_dags/example_setup_teardown_taskflow.py
[2026-02-25T06:50:32.557+0530] {logging_mixin.py:188} INFO - [2026-02-25T06:50:32.557+0530] {dag.py:3036} INFO - Sync 1 DAGs
[2026-02-25T06:50:32.565+0530] {logging_mixin.py:188} INFO - [2026-02-25T06:50:32.564+0530] {dag.py:3823} INFO - Setting next_dagrun for example_setup_teardown_taskflow to 2026-02-24 00:00:00+00:00, run_after=2026-02-25 00:00:00+00:00
[2026-02-25T06:50:32.572+0530] {processor.py:183} INFO - Processing /Users/neerajvyas/learning/airflow/learn_airflow/airflow_home/venv/lib/python3.9/site-packages/airflow/example_dags/example_setup_teardown_taskflow.py took 0.078 seconds
[2026-02-25T06:52:18.757+0530] {processor.py:161} INFO - Started process (PID=71382) to work on /Users/neerajvyas/learning/airflow/learn_airflow/airflow_home/venv/lib/python3.9/site-packages/airflow/example_dags/example_setup_teardown_taskflow.py
[2026-02-25T06:52:18.759+0530] {processor.py:830} INFO - Processing file /Users/neerajvyas/learning/airflow/learn_airflow/airflow_home/venv/lib/python3.9/site-packages/airflow/example_dags/example_setup_teardown_taskflow.py for tasks to queue
[2026-02-25T06:52:18.759+0530] {logging_mixin.py:188} INFO - [2026-02-25T06:52:18.759+0530] {dagbag.py:538} INFO - Filling up the DagBag from /Users/neerajvyas/learning/airflow/learn_airflow/airflow_home/venv/lib/python3.9/site-packages/airflow/example_dags/example_setup_teardown_taskflow.py
[2026-02-25T06:52:18.775+0530] {processor.py:840} INFO - DAG(s) 'example_setup_teardown_taskflow' retrieved from /Users/neerajvyas/learning/airflow/learn_airflow/airflow_home/venv/lib/python3.9/site-packages/airflow/example_dags/example_setup_teardown_taskflow.py
[2026-02-25T06:52:18.819+0530] {logging_mixin.py:188} INFO - [2026-02-25T06:52:18.818+0530] {dag.py:3036} INFO - Sync 1 DAGs
[2026-02-25T06:52:18.826+0530] {logging_mixin.py:188} INFO - [2026-02-25T06:52:18.826+0530] {dag.py:3823} INFO - Setting next_dagrun for example_setup_teardown_taskflow to 2026-02-24 00:00:00+00:00, run_after=2026-02-25 00:00:00+00:00
[2026-02-25T06:52:18.833+0530] {processor.py:183} INFO - Processing /Users/neerajvyas/learning/airflow/learn_airflow/airflow_home/venv/lib/python3.9/site-packages/airflow/example_dags/example_setup_teardown_taskflow.py took 0.076 seconds
[2026-02-25T06:54:04.478+0530] {processor.py:161} INFO - Started process (PID=74984) to work on /Users/neerajvyas/learning/airflow/learn_airflow/airflow_home/venv/lib/python3.9/site-packages/airflow/example_dags/example_setup_teardown_taskflow.py
[2026-02-25T06:54:04.478+0530] {processor.py:830} INFO - Processing file /Users/neerajvyas/learning/airflow/learn_airflow/airflow_home/venv/lib/python3.9/site-packages/airflow/example_dags/example_setup_teardown_taskflow.py for tasks to queue
[2026-02-25T06:54:04.479+0530] {logging_mixin.py:188} INFO - [2026-02-25T06:54:04.479+0530] {dagbag.py:538} INFO - Filling up the DagBag from /Users/neerajvyas/learning/airflow/learn_airflow/airflow_home/venv/lib/python3.9/site-packages/airflow/example_dags/example_setup_teardown_taskflow.py
[2026-02-25T06:54:04.494+0530] {processor.py:840} INFO - DAG(s) 'example_setup_teardown_taskflow' retrieved from /Users/neerajvyas/learning/airflow/learn_airflow/airflow_home/venv/lib/python3.9/site-packages/airflow/example_dags/example_setup_teardown_taskflow.py
[2026-02-25T06:54:04.538+0530] {logging_mixin.py:188} INFO - [2026-02-25T06:54:04.537+0530] {dag.py:3036} INFO - Sync 1 DAGs
[2026-02-25T06:54:04.545+0530] {logging_mixin.py:188} INFO - [2026-02-25T06:54:04.545+0530] {dag.py:3823} INFO - Setting next_dagrun for example_setup_teardown_taskflow to 2026-02-24 00:00:00+00:00, run_after=2026-02-25 00:00:00+00:00
[2026-02-25T06:54:04.552+0530] {processor.py:183} INFO - Processing /Users/neerajvyas/learning/airflow/learn_airflow/airflow_home/venv/lib/python3.9/site-packages/airflow/example_dags/example_setup_teardown_taskflow.py took 0.074 seconds
[2026-02-25T06:55:51.072+0530] {processor.py:161} INFO - Started process (PID=78917) to work on /Users/neerajvyas/learning/airflow/learn_airflow/airflow_home/venv/lib/python3.9/site-packages/airflow/example_dags/example_setup_teardown_taskflow.py
[2026-02-25T06:55:51.074+0530] {processor.py:830} INFO - Processing file /Users/neerajvyas/learning/airflow/learn_airflow/airflow_home/venv/lib/python3.9/site-packages/airflow/example_dags/example_setup_teardown_taskflow.py for tasks to queue
[2026-02-25T06:55:51.074+0530] {logging_mixin.py:188} INFO - [2026-02-25T06:55:51.074+0530] {dagbag.py:538} INFO - Filling up the DagBag from /Users/neerajvyas/learning/airflow/learn_airflow/airflow_home/venv/lib/python3.9/site-packages/airflow/example_dags/example_setup_teardown_taskflow.py
[2026-02-25T06:55:51.089+0530] {processor.py:840} INFO - DAG(s) 'example_setup_teardown_taskflow' retrieved from /Users/neerajvyas/learning/airflow/learn_airflow/airflow_home/venv/lib/python3.9/site-packages/airflow/example_dags/example_setup_teardown_taskflow.py
[2026-02-25T06:55:51.131+0530] {logging_mixin.py:188} INFO - [2026-02-25T06:55:51.131+0530] {dag.py:3036} INFO - Sync 1 DAGs
[2026-02-25T06:55:51.138+0530] {logging_mixin.py:188} INFO - [2026-02-25T06:55:51.138+0530] {dag.py:3823} INFO - Setting next_dagrun for example_setup_teardown_taskflow to 2026-02-24 00:00:00+00:00, run_after=2026-02-25 00:00:00+00:00
[2026-02-25T06:55:51.145+0530] {processor.py:183} INFO - Processing /Users/neerajvyas/learning/airflow/learn_airflow/airflow_home/venv/lib/python3.9/site-packages/airflow/example_dags/example_setup_teardown_taskflow.py took 0.073 seconds
[2026-02-25T06:57:40.434+0530] {processor.py:161} INFO - Started process (PID=82761) to work on /Users/neerajvyas/learning/airflow/learn_airflow/airflow_home/venv/lib/python3.9/site-packages/airflow/example_dags/example_setup_teardown_taskflow.py
[2026-02-25T06:57:40.436+0530] {processor.py:830} INFO - Processing file /Users/neerajvyas/learning/airflow/learn_airflow/airflow_home/venv/lib/python3.9/site-packages/airflow/example_dags/example_setup_teardown_taskflow.py for tasks to queue
[2026-02-25T06:57:40.436+0530] {logging_mixin.py:188} INFO - [2026-02-25T06:57:40.436+0530] {dagbag.py:538} INFO - Filling up the DagBag from /Users/neerajvyas/learning/airflow/learn_airflow/airflow_home/venv/lib/python3.9/site-packages/airflow/example_dags/example_setup_teardown_taskflow.py
[2026-02-25T06:57:40.458+0530] {processor.py:840} INFO - DAG(s) 'example_setup_teardown_taskflow' retrieved from /Users/neerajvyas/learning/airflow/learn_airflow/airflow_home/venv/lib/python3.9/site-packages/airflow/example_dags/example_setup_teardown_taskflow.py
[2026-02-25T06:57:40.507+0530] {logging_mixin.py:188} INFO - [2026-02-25T06:57:40.507+0530] {dag.py:3036} INFO - Sync 1 DAGs
[2026-02-25T06:57:40.516+0530] {logging_mixin.py:188} INFO - [2026-02-25T06:57:40.516+0530] {dag.py:3823} INFO - Setting next_dagrun for example_setup_teardown_taskflow to 2026-02-24 00:00:00+00:00, run_after=2026-02-25 00:00:00+00:00
[2026-02-25T06:57:40.525+0530] {processor.py:183} INFO - Processing /Users/neerajvyas/learning/airflow/learn_airflow/airflow_home/venv/lib/python3.9/site-packages/airflow/example_dags/example_setup_teardown_taskflow.py took 0.091 seconds
[2026-02-25T06:59:29.251+0530] {processor.py:161} INFO - Started process (PID=86794) to work on /Users/neerajvyas/learning/airflow/learn_airflow/airflow_home/venv/lib/python3.9/site-packages/airflow/example_dags/example_setup_teardown_taskflow.py
[2026-02-25T06:59:29.253+0530] {processor.py:830} INFO - Processing file /Users/neerajvyas/learning/airflow/learn_airflow/airflow_home/venv/lib/python3.9/site-packages/airflow/example_dags/example_setup_teardown_taskflow.py for tasks to queue
[2026-02-25T06:59:29.253+0530] {logging_mixin.py:188} INFO - [2026-02-25T06:59:29.253+0530] {dagbag.py:538} INFO - Filling up the DagBag from /Users/neerajvyas/learning/airflow/learn_airflow/airflow_home/venv/lib/python3.9/site-packages/airflow/example_dags/example_setup_teardown_taskflow.py
[2026-02-25T06:59:29.268+0530] {processor.py:840} INFO - DAG(s) 'example_setup_teardown_taskflow' retrieved from /Users/neerajvyas/learning/airflow/learn_airflow/airflow_home/venv/lib/python3.9/site-packages/airflow/example_dags/example_setup_teardown_taskflow.py
[2026-02-25T06:59:29.310+0530] {logging_mixin.py:188} INFO - [2026-02-25T06:59:29.310+0530] {dag.py:3036} INFO - Sync 1 DAGs
[2026-02-25T06:59:29.318+0530] {logging_mixin.py:188} INFO - [2026-02-25T06:59:29.317+0530] {dag.py:3823} INFO - Setting next_dagrun for example_setup_teardown_taskflow to 2026-02-24 00:00:00+00:00, run_after=2026-02-25 00:00:00+00:00
[2026-02-25T06:59:29.325+0530] {processor.py:183} INFO - Processing /Users/neerajvyas/learning/airflow/learn_airflow/airflow_home/venv/lib/python3.9/site-packages/airflow/example_dags/example_setup_teardown_taskflow.py took 0.074 seconds
[2026-02-25T07:01:15.495+0530] {processor.py:161} INFO - Started process (PID=90371) to work on /Users/neerajvyas/learning/airflow/learn_airflow/airflow_home/venv/lib/python3.9/site-packages/airflow/example_dags/example_setup_teardown_taskflow.py
[2026-02-25T07:01:15.496+0530] {processor.py:830} INFO - Processing file /Users/neerajvyas/learning/airflow/learn_airflow/airflow_home/venv/lib/python3.9/site-packages/airflow/example_dags/example_setup_teardown_taskflow.py for tasks to queue
[2026-02-25T07:01:15.497+0530] {logging_mixin.py:188} INFO - [2026-02-25T07:01:15.497+0530] {dagbag.py:538} INFO - Filling up the DagBag from /Users/neerajvyas/learning/airflow/learn_airflow/airflow_home/venv/lib/python3.9/site-packages/airflow/example_dags/example_setup_teardown_taskflow.py
[2026-02-25T07:01:15.512+0530] {processor.py:840} INFO - DAG(s) 'example_setup_teardown_taskflow' retrieved from /Users/neerajvyas/learning/airflow/learn_airflow/airflow_home/venv/lib/python3.9/site-packages/airflow/example_dags/example_setup_teardown_taskflow.py
[2026-02-25T07:01:15.556+0530] {logging_mixin.py:188} INFO - [2026-02-25T07:01:15.556+0530] {dag.py:3036} INFO - Sync 1 DAGs
[2026-02-25T07:01:15.563+0530] {logging_mixin.py:188} INFO - [2026-02-25T07:01:15.563+0530] {dag.py:3823} INFO - Setting next_dagrun for example_setup_teardown_taskflow to 2026-02-24 00:00:00+00:00, run_after=2026-02-25 00:00:00+00:00
[2026-02-25T07:01:15.570+0530] {processor.py:183} INFO - Processing /Users/neerajvyas/learning/airflow/learn_airflow/airflow_home/venv/lib/python3.9/site-packages/airflow/example_dags/example_setup_teardown_taskflow.py took 0.076 seconds
[2026-02-25T07:03:06.964+0530] {processor.py:161} INFO - Started process (PID=94567) to work on /Users/neerajvyas/learning/airflow/learn_airflow/airflow_home/venv/lib/python3.9/site-packages/airflow/example_dags/example_setup_teardown_taskflow.py
[2026-02-25T07:03:06.964+0530] {processor.py:830} INFO - Processing file /Users/neerajvyas/learning/airflow/learn_airflow/airflow_home/venv/lib/python3.9/site-packages/airflow/example_dags/example_setup_teardown_taskflow.py for tasks to queue
[2026-02-25T07:03:06.964+0530] {logging_mixin.py:188} INFO - [2026-02-25T07:03:06.964+0530] {dagbag.py:538} INFO - Filling up the DagBag from /Users/neerajvyas/learning/airflow/learn_airflow/airflow_home/venv/lib/python3.9/site-packages/airflow/example_dags/example_setup_teardown_taskflow.py
[2026-02-25T07:03:06.980+0530] {processor.py:840} INFO - DAG(s) 'example_setup_teardown_taskflow' retrieved from /Users/neerajvyas/learning/airflow/learn_airflow/airflow_home/venv/lib/python3.9/site-packages/airflow/example_dags/example_setup_teardown_taskflow.py
[2026-02-25T07:03:07.024+0530] {logging_mixin.py:188} INFO - [2026-02-25T07:03:07.024+0530] {dag.py:3036} INFO - Sync 1 DAGs
[2026-02-25T07:03:07.032+0530] {logging_mixin.py:188} INFO - [2026-02-25T07:03:07.032+0530] {dag.py:3823} INFO - Setting next_dagrun for example_setup_teardown_taskflow to 2026-02-24 00:00:00+00:00, run_after=2026-02-25 00:00:00+00:00
[2026-02-25T07:03:07.039+0530] {processor.py:183} INFO - Processing /Users/neerajvyas/learning/airflow/learn_airflow/airflow_home/venv/lib/python3.9/site-packages/airflow/example_dags/example_setup_teardown_taskflow.py took 0.076 seconds
