[2026-02-25T06:47:19.339+0530] {processor.py:161} INFO - Started process (PID=61098) to work on /Users/neerajvyas/learning/airflow/learn_airflow/airflow_home/venv/lib/python3.9/site-packages/airflow/example_dags/example_short_circuit_decorator.py
[2026-02-25T06:47:19.340+0530] {processor.py:830} INFO - Processing file /Users/neerajvyas/learning/airflow/learn_airflow/airflow_home/venv/lib/python3.9/site-packages/airflow/example_dags/example_short_circuit_decorator.py for tasks to queue
[2026-02-25T06:47:19.340+0530] {logging_mixin.py:188} INFO - [2026-02-25T06:47:19.340+0530] {dagbag.py:538} INFO - Filling up the DagBag from /Users/neerajvyas/learning/airflow/learn_airflow/airflow_home/venv/lib/python3.9/site-packages/airflow/example_dags/example_short_circuit_decorator.py
[2026-02-25T06:47:19.356+0530] {processor.py:840} INFO - DAG(s) 'example_short_circuit_decorator' retrieved from /Users/neerajvyas/learning/airflow/learn_airflow/airflow_home/venv/lib/python3.9/site-packages/airflow/example_dags/example_short_circuit_decorator.py
[2026-02-25T06:47:19.435+0530] {logging_mixin.py:188} INFO - [2026-02-25T06:47:19.434+0530] {override.py:1769} INFO - Created Permission View: can edit on DAG:example_short_circuit_decorator
[2026-02-25T06:47:19.438+0530] {logging_mixin.py:188} INFO - [2026-02-25T06:47:19.438+0530] {override.py:1769} INFO - Created Permission View: can delete on DAG:example_short_circuit_decorator
[2026-02-25T06:47:19.440+0530] {logging_mixin.py:188} INFO - [2026-02-25T06:47:19.440+0530] {override.py:1769} INFO - Created Permission View: can read on DAG:example_short_circuit_decorator
[2026-02-25T06:47:19.441+0530] {logging_mixin.py:188} INFO - [2026-02-25T06:47:19.440+0530] {dag.py:3036} INFO - Sync 1 DAGs
[2026-02-25T06:47:19.445+0530] {logging_mixin.py:188} INFO - [2026-02-25T06:47:19.445+0530] {dag.py:3058} INFO - Creating ORM DAG for example_short_circuit_decorator
[2026-02-25T06:47:19.449+0530] {logging_mixin.py:188} INFO - [2026-02-25T06:47:19.449+0530] {dag.py:3823} INFO - Setting next_dagrun for example_short_circuit_decorator to 2026-02-24 00:00:00+00:00, run_after=2026-02-25 00:00:00+00:00
[2026-02-25T06:47:19.455+0530] {processor.py:183} INFO - Processing /Users/neerajvyas/learning/airflow/learn_airflow/airflow_home/venv/lib/python3.9/site-packages/airflow/example_dags/example_short_circuit_decorator.py took 0.117 seconds
[2026-02-25T06:48:43.439+0530] {processor.py:161} INFO - Started process (PID=63901) to work on /Users/neerajvyas/learning/airflow/learn_airflow/airflow_home/venv/lib/python3.9/site-packages/airflow/example_dags/example_short_circuit_decorator.py
[2026-02-25T06:48:43.440+0530] {processor.py:830} INFO - Processing file /Users/neerajvyas/learning/airflow/learn_airflow/airflow_home/venv/lib/python3.9/site-packages/airflow/example_dags/example_short_circuit_decorator.py for tasks to queue
[2026-02-25T06:48:43.440+0530] {logging_mixin.py:188} INFO - [2026-02-25T06:48:43.440+0530] {dagbag.py:538} INFO - Filling up the DagBag from /Users/neerajvyas/learning/airflow/learn_airflow/airflow_home/venv/lib/python3.9/site-packages/airflow/example_dags/example_short_circuit_decorator.py
[2026-02-25T06:48:43.458+0530] {processor.py:840} INFO - DAG(s) 'example_short_circuit_decorator' retrieved from /Users/neerajvyas/learning/airflow/learn_airflow/airflow_home/venv/lib/python3.9/site-packages/airflow/example_dags/example_short_circuit_decorator.py
[2026-02-25T06:48:43.502+0530] {logging_mixin.py:188} INFO - [2026-02-25T06:48:43.502+0530] {dag.py:3036} INFO - Sync 1 DAGs
[2026-02-25T06:48:43.509+0530] {logging_mixin.py:188} INFO - [2026-02-25T06:48:43.509+0530] {dag.py:3823} INFO - Setting next_dagrun for example_short_circuit_decorator to 2026-02-24 00:00:00+00:00, run_after=2026-02-25 00:00:00+00:00
[2026-02-25T06:48:43.517+0530] {processor.py:183} INFO - Processing /Users/neerajvyas/learning/airflow/learn_airflow/airflow_home/venv/lib/python3.9/site-packages/airflow/example_dags/example_short_circuit_decorator.py took 0.078 seconds
[2026-02-25T06:50:30.537+0530] {processor.py:161} INFO - Started process (PID=67624) to work on /Users/neerajvyas/learning/airflow/learn_airflow/airflow_home/venv/lib/python3.9/site-packages/airflow/example_dags/example_short_circuit_decorator.py
[2026-02-25T06:50:30.538+0530] {processor.py:830} INFO - Processing file /Users/neerajvyas/learning/airflow/learn_airflow/airflow_home/venv/lib/python3.9/site-packages/airflow/example_dags/example_short_circuit_decorator.py for tasks to queue
[2026-02-25T06:50:30.538+0530] {logging_mixin.py:188} INFO - [2026-02-25T06:50:30.538+0530] {dagbag.py:538} INFO - Filling up the DagBag from /Users/neerajvyas/learning/airflow/learn_airflow/airflow_home/venv/lib/python3.9/site-packages/airflow/example_dags/example_short_circuit_decorator.py
[2026-02-25T06:50:30.555+0530] {processor.py:840} INFO - DAG(s) 'example_short_circuit_decorator' retrieved from /Users/neerajvyas/learning/airflow/learn_airflow/airflow_home/venv/lib/python3.9/site-packages/airflow/example_dags/example_short_circuit_decorator.py
[2026-02-25T06:50:30.601+0530] {logging_mixin.py:188} INFO - [2026-02-25T06:50:30.601+0530] {dag.py:3036} INFO - Sync 1 DAGs
[2026-02-25T06:50:30.609+0530] {logging_mixin.py:188} INFO - [2026-02-25T06:50:30.609+0530] {dag.py:3823} INFO - Setting next_dagrun for example_short_circuit_decorator to 2026-02-24 00:00:00+00:00, run_after=2026-02-25 00:00:00+00:00
[2026-02-25T06:50:30.619+0530] {processor.py:183} INFO - Processing /Users/neerajvyas/learning/airflow/learn_airflow/airflow_home/venv/lib/python3.9/site-packages/airflow/example_dags/example_short_circuit_decorator.py took 0.082 seconds
[2026-02-25T06:52:16.870+0530] {processor.py:161} INFO - Started process (PID=71381) to work on /Users/neerajvyas/learning/airflow/learn_airflow/airflow_home/venv/lib/python3.9/site-packages/airflow/example_dags/example_short_circuit_decorator.py
[2026-02-25T06:52:16.872+0530] {processor.py:830} INFO - Processing file /Users/neerajvyas/learning/airflow/learn_airflow/airflow_home/venv/lib/python3.9/site-packages/airflow/example_dags/example_short_circuit_decorator.py for tasks to queue
[2026-02-25T06:52:16.872+0530] {logging_mixin.py:188} INFO - [2026-02-25T06:52:16.872+0530] {dagbag.py:538} INFO - Filling up the DagBag from /Users/neerajvyas/learning/airflow/learn_airflow/airflow_home/venv/lib/python3.9/site-packages/airflow/example_dags/example_short_circuit_decorator.py
[2026-02-25T06:52:16.887+0530] {processor.py:840} INFO - DAG(s) 'example_short_circuit_decorator' retrieved from /Users/neerajvyas/learning/airflow/learn_airflow/airflow_home/venv/lib/python3.9/site-packages/airflow/example_dags/example_short_circuit_decorator.py
[2026-02-25T06:52:16.930+0530] {logging_mixin.py:188} INFO - [2026-02-25T06:52:16.930+0530] {dag.py:3036} INFO - Sync 1 DAGs
[2026-02-25T06:52:16.937+0530] {logging_mixin.py:188} INFO - [2026-02-25T06:52:16.937+0530] {dag.py:3823} INFO - Setting next_dagrun for example_short_circuit_decorator to 2026-02-24 00:00:00+00:00, run_after=2026-02-25 00:00:00+00:00
[2026-02-25T06:52:16.945+0530] {processor.py:183} INFO - Processing /Users/neerajvyas/learning/airflow/learn_airflow/airflow_home/venv/lib/python3.9/site-packages/airflow/example_dags/example_short_circuit_decorator.py took 0.075 seconds
[2026-02-25T06:54:03.145+0530] {processor.py:161} INFO - Started process (PID=74983) to work on /Users/neerajvyas/learning/airflow/learn_airflow/airflow_home/venv/lib/python3.9/site-packages/airflow/example_dags/example_short_circuit_decorator.py
[2026-02-25T06:54:03.147+0530] {processor.py:830} INFO - Processing file /Users/neerajvyas/learning/airflow/learn_airflow/airflow_home/venv/lib/python3.9/site-packages/airflow/example_dags/example_short_circuit_decorator.py for tasks to queue
[2026-02-25T06:54:03.147+0530] {logging_mixin.py:188} INFO - [2026-02-25T06:54:03.147+0530] {dagbag.py:538} INFO - Filling up the DagBag from /Users/neerajvyas/learning/airflow/learn_airflow/airflow_home/venv/lib/python3.9/site-packages/airflow/example_dags/example_short_circuit_decorator.py
[2026-02-25T06:54:03.164+0530] {processor.py:840} INFO - DAG(s) 'example_short_circuit_decorator' retrieved from /Users/neerajvyas/learning/airflow/learn_airflow/airflow_home/venv/lib/python3.9/site-packages/airflow/example_dags/example_short_circuit_decorator.py
[2026-02-25T06:54:03.208+0530] {logging_mixin.py:188} INFO - [2026-02-25T06:54:03.208+0530] {dag.py:3036} INFO - Sync 1 DAGs
[2026-02-25T06:54:03.215+0530] {logging_mixin.py:188} INFO - [2026-02-25T06:54:03.215+0530] {dag.py:3823} INFO - Setting next_dagrun for example_short_circuit_decorator to 2026-02-24 00:00:00+00:00, run_after=2026-02-25 00:00:00+00:00
[2026-02-25T06:54:03.222+0530] {processor.py:183} INFO - Processing /Users/neerajvyas/learning/airflow/learn_airflow/airflow_home/venv/lib/python3.9/site-packages/airflow/example_dags/example_short_circuit_decorator.py took 0.078 seconds
[2026-02-25T06:55:49.175+0530] {processor.py:161} INFO - Started process (PID=78489) to work on /Users/neerajvyas/learning/airflow/learn_airflow/airflow_home/venv/lib/python3.9/site-packages/airflow/example_dags/example_short_circuit_decorator.py
[2026-02-25T06:55:49.176+0530] {processor.py:830} INFO - Processing file /Users/neerajvyas/learning/airflow/learn_airflow/airflow_home/venv/lib/python3.9/site-packages/airflow/example_dags/example_short_circuit_decorator.py for tasks to queue
[2026-02-25T06:55:49.177+0530] {logging_mixin.py:188} INFO - [2026-02-25T06:55:49.177+0530] {dagbag.py:538} INFO - Filling up the DagBag from /Users/neerajvyas/learning/airflow/learn_airflow/airflow_home/venv/lib/python3.9/site-packages/airflow/example_dags/example_short_circuit_decorator.py
[2026-02-25T06:55:49.192+0530] {processor.py:840} INFO - DAG(s) 'example_short_circuit_decorator' retrieved from /Users/neerajvyas/learning/airflow/learn_airflow/airflow_home/venv/lib/python3.9/site-packages/airflow/example_dags/example_short_circuit_decorator.py
[2026-02-25T06:55:49.236+0530] {logging_mixin.py:188} INFO - [2026-02-25T06:55:49.236+0530] {dag.py:3036} INFO - Sync 1 DAGs
[2026-02-25T06:55:49.243+0530] {logging_mixin.py:188} INFO - [2026-02-25T06:55:49.243+0530] {dag.py:3823} INFO - Setting next_dagrun for example_short_circuit_decorator to 2026-02-24 00:00:00+00:00, run_after=2026-02-25 00:00:00+00:00
[2026-02-25T06:55:49.250+0530] {processor.py:183} INFO - Processing /Users/neerajvyas/learning/airflow/learn_airflow/airflow_home/venv/lib/python3.9/site-packages/airflow/example_dags/example_short_circuit_decorator.py took 0.075 seconds
[2026-02-25T06:57:38.569+0530] {processor.py:161} INFO - Started process (PID=82760) to work on /Users/neerajvyas/learning/airflow/learn_airflow/airflow_home/venv/lib/python3.9/site-packages/airflow/example_dags/example_short_circuit_decorator.py
[2026-02-25T06:57:38.570+0530] {processor.py:830} INFO - Processing file /Users/neerajvyas/learning/airflow/learn_airflow/airflow_home/venv/lib/python3.9/site-packages/airflow/example_dags/example_short_circuit_decorator.py for tasks to queue
[2026-02-25T06:57:38.571+0530] {logging_mixin.py:188} INFO - [2026-02-25T06:57:38.571+0530] {dagbag.py:538} INFO - Filling up the DagBag from /Users/neerajvyas/learning/airflow/learn_airflow/airflow_home/venv/lib/python3.9/site-packages/airflow/example_dags/example_short_circuit_decorator.py
[2026-02-25T06:57:38.586+0530] {processor.py:840} INFO - DAG(s) 'example_short_circuit_decorator' retrieved from /Users/neerajvyas/learning/airflow/learn_airflow/airflow_home/venv/lib/python3.9/site-packages/airflow/example_dags/example_short_circuit_decorator.py
[2026-02-25T06:57:38.630+0530] {logging_mixin.py:188} INFO - [2026-02-25T06:57:38.629+0530] {dag.py:3036} INFO - Sync 1 DAGs
[2026-02-25T06:57:38.637+0530] {logging_mixin.py:188} INFO - [2026-02-25T06:57:38.637+0530] {dag.py:3823} INFO - Setting next_dagrun for example_short_circuit_decorator to 2026-02-24 00:00:00+00:00, run_after=2026-02-25 00:00:00+00:00
[2026-02-25T06:57:38.644+0530] {processor.py:183} INFO - Processing /Users/neerajvyas/learning/airflow/learn_airflow/airflow_home/venv/lib/python3.9/site-packages/airflow/example_dags/example_short_circuit_decorator.py took 0.075 seconds
[2026-02-25T06:59:27.871+0530] {processor.py:161} INFO - Started process (PID=86792) to work on /Users/neerajvyas/learning/airflow/learn_airflow/airflow_home/venv/lib/python3.9/site-packages/airflow/example_dags/example_short_circuit_decorator.py
[2026-02-25T06:59:27.873+0530] {processor.py:830} INFO - Processing file /Users/neerajvyas/learning/airflow/learn_airflow/airflow_home/venv/lib/python3.9/site-packages/airflow/example_dags/example_short_circuit_decorator.py for tasks to queue
[2026-02-25T06:59:27.873+0530] {logging_mixin.py:188} INFO - [2026-02-25T06:59:27.873+0530] {dagbag.py:538} INFO - Filling up the DagBag from /Users/neerajvyas/learning/airflow/learn_airflow/airflow_home/venv/lib/python3.9/site-packages/airflow/example_dags/example_short_circuit_decorator.py
[2026-02-25T06:59:27.889+0530] {processor.py:840} INFO - DAG(s) 'example_short_circuit_decorator' retrieved from /Users/neerajvyas/learning/airflow/learn_airflow/airflow_home/venv/lib/python3.9/site-packages/airflow/example_dags/example_short_circuit_decorator.py
[2026-02-25T06:59:27.934+0530] {logging_mixin.py:188} INFO - [2026-02-25T06:59:27.934+0530] {dag.py:3036} INFO - Sync 1 DAGs
[2026-02-25T06:59:27.941+0530] {logging_mixin.py:188} INFO - [2026-02-25T06:59:27.941+0530] {dag.py:3823} INFO - Setting next_dagrun for example_short_circuit_decorator to 2026-02-24 00:00:00+00:00, run_after=2026-02-25 00:00:00+00:00
[2026-02-25T06:59:27.948+0530] {processor.py:183} INFO - Processing /Users/neerajvyas/learning/airflow/learn_airflow/airflow_home/venv/lib/python3.9/site-packages/airflow/example_dags/example_short_circuit_decorator.py took 0.078 seconds
[2026-02-25T07:01:13.644+0530] {processor.py:161} INFO - Started process (PID=90369) to work on /Users/neerajvyas/learning/airflow/learn_airflow/airflow_home/venv/lib/python3.9/site-packages/airflow/example_dags/example_short_circuit_decorator.py
[2026-02-25T07:01:13.645+0530] {processor.py:830} INFO - Processing file /Users/neerajvyas/learning/airflow/learn_airflow/airflow_home/venv/lib/python3.9/site-packages/airflow/example_dags/example_short_circuit_decorator.py for tasks to queue
[2026-02-25T07:01:13.646+0530] {logging_mixin.py:188} INFO - [2026-02-25T07:01:13.646+0530] {dagbag.py:538} INFO - Filling up the DagBag from /Users/neerajvyas/learning/airflow/learn_airflow/airflow_home/venv/lib/python3.9/site-packages/airflow/example_dags/example_short_circuit_decorator.py
[2026-02-25T07:01:13.661+0530] {processor.py:840} INFO - DAG(s) 'example_short_circuit_decorator' retrieved from /Users/neerajvyas/learning/airflow/learn_airflow/airflow_home/venv/lib/python3.9/site-packages/airflow/example_dags/example_short_circuit_decorator.py
[2026-02-25T07:01:13.705+0530] {logging_mixin.py:188} INFO - [2026-02-25T07:01:13.705+0530] {dag.py:3036} INFO - Sync 1 DAGs
[2026-02-25T07:01:13.712+0530] {logging_mixin.py:188} INFO - [2026-02-25T07:01:13.712+0530] {dag.py:3823} INFO - Setting next_dagrun for example_short_circuit_decorator to 2026-02-24 00:00:00+00:00, run_after=2026-02-25 00:00:00+00:00
[2026-02-25T07:01:13.719+0530] {processor.py:183} INFO - Processing /Users/neerajvyas/learning/airflow/learn_airflow/airflow_home/venv/lib/python3.9/site-packages/airflow/example_dags/example_short_circuit_decorator.py took 0.076 seconds
[2026-02-25T07:03:05.041+0530] {processor.py:161} INFO - Started process (PID=94566) to work on /Users/neerajvyas/learning/airflow/learn_airflow/airflow_home/venv/lib/python3.9/site-packages/airflow/example_dags/example_short_circuit_decorator.py
[2026-02-25T07:03:05.042+0530] {processor.py:830} INFO - Processing file /Users/neerajvyas/learning/airflow/learn_airflow/airflow_home/venv/lib/python3.9/site-packages/airflow/example_dags/example_short_circuit_decorator.py for tasks to queue
[2026-02-25T07:03:05.043+0530] {logging_mixin.py:188} INFO - [2026-02-25T07:03:05.043+0530] {dagbag.py:538} INFO - Filling up the DagBag from /Users/neerajvyas/learning/airflow/learn_airflow/airflow_home/venv/lib/python3.9/site-packages/airflow/example_dags/example_short_circuit_decorator.py
[2026-02-25T07:03:05.059+0530] {processor.py:840} INFO - DAG(s) 'example_short_circuit_decorator' retrieved from /Users/neerajvyas/learning/airflow/learn_airflow/airflow_home/venv/lib/python3.9/site-packages/airflow/example_dags/example_short_circuit_decorator.py
[2026-02-25T07:03:05.103+0530] {logging_mixin.py:188} INFO - [2026-02-25T07:03:05.103+0530] {dag.py:3036} INFO - Sync 1 DAGs
[2026-02-25T07:03:05.110+0530] {logging_mixin.py:188} INFO - [2026-02-25T07:03:05.110+0530] {dag.py:3823} INFO - Setting next_dagrun for example_short_circuit_decorator to 2026-02-24 00:00:00+00:00, run_after=2026-02-25 00:00:00+00:00
[2026-02-25T07:03:05.118+0530] {processor.py:183} INFO - Processing /Users/neerajvyas/learning/airflow/learn_airflow/airflow_home/venv/lib/python3.9/site-packages/airflow/example_dags/example_short_circuit_decorator.py took 0.077 seconds
