[2026-02-25T06:47:03.372+0530] {processor.py:161} INFO - Started process (PID=60400) to work on /Users/neerajvyas/learning/airflow/learn_airflow/airflow_home/venv/lib/python3.9/site-packages/airflow/example_dags/example_trigger_target_dag.py
[2026-02-25T06:47:03.373+0530] {processor.py:830} INFO - Processing file /Users/neerajvyas/learning/airflow/learn_airflow/airflow_home/venv/lib/python3.9/site-packages/airflow/example_dags/example_trigger_target_dag.py for tasks to queue
[2026-02-25T06:47:03.373+0530] {logging_mixin.py:188} INFO - [2026-02-25T06:47:03.373+0530] {dagbag.py:538} INFO - Filling up the DagBag from /Users/neerajvyas/learning/airflow/learn_airflow/airflow_home/venv/lib/python3.9/site-packages/airflow/example_dags/example_trigger_target_dag.py
[2026-02-25T06:47:03.389+0530] {processor.py:840} INFO - DAG(s) 'example_trigger_target_dag' retrieved from /Users/neerajvyas/learning/airflow/learn_airflow/airflow_home/venv/lib/python3.9/site-packages/airflow/example_dags/example_trigger_target_dag.py
[2026-02-25T06:47:03.474+0530] {logging_mixin.py:188} INFO - [2026-02-25T06:47:03.474+0530] {override.py:1769} INFO - Created Permission View: can read on DAG:example_trigger_target_dag
[2026-02-25T06:47:03.478+0530] {logging_mixin.py:188} INFO - [2026-02-25T06:47:03.478+0530] {override.py:1769} INFO - Created Permission View: can edit on DAG:example_trigger_target_dag
[2026-02-25T06:47:03.481+0530] {logging_mixin.py:188} INFO - [2026-02-25T06:47:03.481+0530] {override.py:1769} INFO - Created Permission View: can delete on DAG:example_trigger_target_dag
[2026-02-25T06:47:03.481+0530] {logging_mixin.py:188} INFO - [2026-02-25T06:47:03.481+0530] {dag.py:3036} INFO - Sync 1 DAGs
[2026-02-25T06:47:03.485+0530] {logging_mixin.py:188} INFO - [2026-02-25T06:47:03.485+0530] {dag.py:3058} INFO - Creating ORM DAG for example_trigger_target_dag
[2026-02-25T06:47:03.486+0530] {logging_mixin.py:188} INFO - [2026-02-25T06:47:03.485+0530] {dag.py:3823} INFO - Setting next_dagrun for example_trigger_target_dag to None, run_after=None
[2026-02-25T06:47:03.494+0530] {processor.py:183} INFO - Processing /Users/neerajvyas/learning/airflow/learn_airflow/airflow_home/venv/lib/python3.9/site-packages/airflow/example_dags/example_trigger_target_dag.py took 0.122 seconds
[2026-02-25T06:48:28.323+0530] {processor.py:161} INFO - Started process (PID=63551) to work on /Users/neerajvyas/learning/airflow/learn_airflow/airflow_home/venv/lib/python3.9/site-packages/airflow/example_dags/example_trigger_target_dag.py
[2026-02-25T06:48:28.324+0530] {processor.py:830} INFO - Processing file /Users/neerajvyas/learning/airflow/learn_airflow/airflow_home/venv/lib/python3.9/site-packages/airflow/example_dags/example_trigger_target_dag.py for tasks to queue
[2026-02-25T06:48:28.325+0530] {logging_mixin.py:188} INFO - [2026-02-25T06:48:28.325+0530] {dagbag.py:538} INFO - Filling up the DagBag from /Users/neerajvyas/learning/airflow/learn_airflow/airflow_home/venv/lib/python3.9/site-packages/airflow/example_dags/example_trigger_target_dag.py
[2026-02-25T06:48:28.340+0530] {processor.py:840} INFO - DAG(s) 'example_trigger_target_dag' retrieved from /Users/neerajvyas/learning/airflow/learn_airflow/airflow_home/venv/lib/python3.9/site-packages/airflow/example_dags/example_trigger_target_dag.py
[2026-02-25T06:48:28.383+0530] {logging_mixin.py:188} INFO - [2026-02-25T06:48:28.383+0530] {dag.py:3036} INFO - Sync 1 DAGs
[2026-02-25T06:48:28.388+0530] {logging_mixin.py:188} INFO - [2026-02-25T06:48:28.388+0530] {dag.py:3823} INFO - Setting next_dagrun for example_trigger_target_dag to None, run_after=None
[2026-02-25T06:48:28.396+0530] {processor.py:183} INFO - Processing /Users/neerajvyas/learning/airflow/learn_airflow/airflow_home/venv/lib/python3.9/site-packages/airflow/example_dags/example_trigger_target_dag.py took 0.073 seconds
[2026-02-25T06:49:20.692+0530] {processor.py:161} INFO - Started process (PID=65292) to work on /Users/neerajvyas/learning/airflow/learn_airflow/airflow_home/venv/lib/python3.9/site-packages/airflow/example_dags/example_trigger_target_dag.py
[2026-02-25T06:49:20.693+0530] {processor.py:830} INFO - Processing file /Users/neerajvyas/learning/airflow/learn_airflow/airflow_home/venv/lib/python3.9/site-packages/airflow/example_dags/example_trigger_target_dag.py for tasks to queue
[2026-02-25T06:49:20.693+0530] {logging_mixin.py:188} INFO - [2026-02-25T06:49:20.693+0530] {dagbag.py:538} INFO - Filling up the DagBag from /Users/neerajvyas/learning/airflow/learn_airflow/airflow_home/venv/lib/python3.9/site-packages/airflow/example_dags/example_trigger_target_dag.py
[2026-02-25T06:49:20.708+0530] {processor.py:840} INFO - DAG(s) 'example_trigger_target_dag' retrieved from /Users/neerajvyas/learning/airflow/learn_airflow/airflow_home/venv/lib/python3.9/site-packages/airflow/example_dags/example_trigger_target_dag.py
[2026-02-25T06:49:20.753+0530] {logging_mixin.py:188} INFO - [2026-02-25T06:49:20.753+0530] {dag.py:3036} INFO - Sync 1 DAGs
[2026-02-25T06:49:20.758+0530] {logging_mixin.py:188} INFO - [2026-02-25T06:49:20.758+0530] {dag.py:3823} INFO - Setting next_dagrun for example_trigger_target_dag to None, run_after=None
[2026-02-25T06:49:20.766+0530] {processor.py:183} INFO - Processing /Users/neerajvyas/learning/airflow/learn_airflow/airflow_home/venv/lib/python3.9/site-packages/airflow/example_dags/example_trigger_target_dag.py took 0.074 seconds
[2026-02-25T06:50:13.904+0530] {processor.py:161} INFO - Started process (PID=67150) to work on /Users/neerajvyas/learning/airflow/learn_airflow/airflow_home/venv/lib/python3.9/site-packages/airflow/example_dags/example_trigger_target_dag.py
[2026-02-25T06:50:13.905+0530] {processor.py:830} INFO - Processing file /Users/neerajvyas/learning/airflow/learn_airflow/airflow_home/venv/lib/python3.9/site-packages/airflow/example_dags/example_trigger_target_dag.py for tasks to queue
[2026-02-25T06:50:13.906+0530] {logging_mixin.py:188} INFO - [2026-02-25T06:50:13.906+0530] {dagbag.py:538} INFO - Filling up the DagBag from /Users/neerajvyas/learning/airflow/learn_airflow/airflow_home/venv/lib/python3.9/site-packages/airflow/example_dags/example_trigger_target_dag.py
[2026-02-25T06:50:13.920+0530] {processor.py:840} INFO - DAG(s) 'example_trigger_target_dag' retrieved from /Users/neerajvyas/learning/airflow/learn_airflow/airflow_home/venv/lib/python3.9/site-packages/airflow/example_dags/example_trigger_target_dag.py
[2026-02-25T06:50:13.964+0530] {logging_mixin.py:188} INFO - [2026-02-25T06:50:13.963+0530] {dag.py:3036} INFO - Sync 1 DAGs
[2026-02-25T06:50:13.968+0530] {logging_mixin.py:188} INFO - [2026-02-25T06:50:13.968+0530] {dag.py:3823} INFO - Setting next_dagrun for example_trigger_target_dag to None, run_after=None
[2026-02-25T06:50:13.975+0530] {processor.py:183} INFO - Processing /Users/neerajvyas/learning/airflow/learn_airflow/airflow_home/venv/lib/python3.9/site-packages/airflow/example_dags/example_trigger_target_dag.py took 0.071 seconds
[2026-02-25T06:51:06.573+0530] {processor.py:161} INFO - Started process (PID=68896) to work on /Users/neerajvyas/learning/airflow/learn_airflow/airflow_home/venv/lib/python3.9/site-packages/airflow/example_dags/example_trigger_target_dag.py
[2026-02-25T06:51:06.574+0530] {processor.py:830} INFO - Processing file /Users/neerajvyas/learning/airflow/learn_airflow/airflow_home/venv/lib/python3.9/site-packages/airflow/example_dags/example_trigger_target_dag.py for tasks to queue
[2026-02-25T06:51:06.575+0530] {logging_mixin.py:188} INFO - [2026-02-25T06:51:06.575+0530] {dagbag.py:538} INFO - Filling up the DagBag from /Users/neerajvyas/learning/airflow/learn_airflow/airflow_home/venv/lib/python3.9/site-packages/airflow/example_dags/example_trigger_target_dag.py
[2026-02-25T06:51:06.590+0530] {processor.py:840} INFO - DAG(s) 'example_trigger_target_dag' retrieved from /Users/neerajvyas/learning/airflow/learn_airflow/airflow_home/venv/lib/python3.9/site-packages/airflow/example_dags/example_trigger_target_dag.py
[2026-02-25T06:51:06.629+0530] {logging_mixin.py:188} INFO - [2026-02-25T06:51:06.629+0530] {dag.py:3036} INFO - Sync 1 DAGs
[2026-02-25T06:51:06.633+0530] {logging_mixin.py:188} INFO - [2026-02-25T06:51:06.633+0530] {dag.py:3823} INFO - Setting next_dagrun for example_trigger_target_dag to None, run_after=None
[2026-02-25T06:51:06.641+0530] {processor.py:183} INFO - Processing /Users/neerajvyas/learning/airflow/learn_airflow/airflow_home/venv/lib/python3.9/site-packages/airflow/example_dags/example_trigger_target_dag.py took 0.068 seconds
[2026-02-25T06:52:00.884+0530] {processor.py:161} INFO - Started process (PID=70646) to work on /Users/neerajvyas/learning/airflow/learn_airflow/airflow_home/venv/lib/python3.9/site-packages/airflow/example_dags/example_trigger_target_dag.py
[2026-02-25T06:52:00.885+0530] {processor.py:830} INFO - Processing file /Users/neerajvyas/learning/airflow/learn_airflow/airflow_home/venv/lib/python3.9/site-packages/airflow/example_dags/example_trigger_target_dag.py for tasks to queue
[2026-02-25T06:52:00.885+0530] {logging_mixin.py:188} INFO - [2026-02-25T06:52:00.885+0530] {dagbag.py:538} INFO - Filling up the DagBag from /Users/neerajvyas/learning/airflow/learn_airflow/airflow_home/venv/lib/python3.9/site-packages/airflow/example_dags/example_trigger_target_dag.py
[2026-02-25T06:52:00.900+0530] {processor.py:840} INFO - DAG(s) 'example_trigger_target_dag' retrieved from /Users/neerajvyas/learning/airflow/learn_airflow/airflow_home/venv/lib/python3.9/site-packages/airflow/example_dags/example_trigger_target_dag.py
[2026-02-25T06:52:00.939+0530] {logging_mixin.py:188} INFO - [2026-02-25T06:52:00.939+0530] {dag.py:3036} INFO - Sync 1 DAGs
[2026-02-25T06:52:00.943+0530] {logging_mixin.py:188} INFO - [2026-02-25T06:52:00.943+0530] {dag.py:3823} INFO - Setting next_dagrun for example_trigger_target_dag to None, run_after=None
[2026-02-25T06:52:00.950+0530] {processor.py:183} INFO - Processing /Users/neerajvyas/learning/airflow/learn_airflow/airflow_home/venv/lib/python3.9/site-packages/airflow/example_dags/example_trigger_target_dag.py took 0.067 seconds
[2026-02-25T06:52:54.563+0530] {processor.py:161} INFO - Started process (PID=72524) to work on /Users/neerajvyas/learning/airflow/learn_airflow/airflow_home/venv/lib/python3.9/site-packages/airflow/example_dags/example_trigger_target_dag.py
[2026-02-25T06:52:54.564+0530] {processor.py:830} INFO - Processing file /Users/neerajvyas/learning/airflow/learn_airflow/airflow_home/venv/lib/python3.9/site-packages/airflow/example_dags/example_trigger_target_dag.py for tasks to queue
[2026-02-25T06:52:54.565+0530] {logging_mixin.py:188} INFO - [2026-02-25T06:52:54.565+0530] {dagbag.py:538} INFO - Filling up the DagBag from /Users/neerajvyas/learning/airflow/learn_airflow/airflow_home/venv/lib/python3.9/site-packages/airflow/example_dags/example_trigger_target_dag.py
[2026-02-25T06:52:54.582+0530] {processor.py:840} INFO - DAG(s) 'example_trigger_target_dag' retrieved from /Users/neerajvyas/learning/airflow/learn_airflow/airflow_home/venv/lib/python3.9/site-packages/airflow/example_dags/example_trigger_target_dag.py
[2026-02-25T06:52:54.627+0530] {logging_mixin.py:188} INFO - [2026-02-25T06:52:54.627+0530] {dag.py:3036} INFO - Sync 1 DAGs
[2026-02-25T06:52:54.632+0530] {logging_mixin.py:188} INFO - [2026-02-25T06:52:54.632+0530] {dag.py:3823} INFO - Setting next_dagrun for example_trigger_target_dag to None, run_after=None
[2026-02-25T06:52:54.642+0530] {processor.py:183} INFO - Processing /Users/neerajvyas/learning/airflow/learn_airflow/airflow_home/venv/lib/python3.9/site-packages/airflow/example_dags/example_trigger_target_dag.py took 0.080 seconds
[2026-02-25T06:53:47.651+0530] {processor.py:161} INFO - Started process (PID=74632) to work on /Users/neerajvyas/learning/airflow/learn_airflow/airflow_home/venv/lib/python3.9/site-packages/airflow/example_dags/example_trigger_target_dag.py
[2026-02-25T06:53:47.652+0530] {processor.py:830} INFO - Processing file /Users/neerajvyas/learning/airflow/learn_airflow/airflow_home/venv/lib/python3.9/site-packages/airflow/example_dags/example_trigger_target_dag.py for tasks to queue
[2026-02-25T06:53:47.652+0530] {logging_mixin.py:188} INFO - [2026-02-25T06:53:47.652+0530] {dagbag.py:538} INFO - Filling up the DagBag from /Users/neerajvyas/learning/airflow/learn_airflow/airflow_home/venv/lib/python3.9/site-packages/airflow/example_dags/example_trigger_target_dag.py
[2026-02-25T06:53:47.670+0530] {processor.py:840} INFO - DAG(s) 'example_trigger_target_dag' retrieved from /Users/neerajvyas/learning/airflow/learn_airflow/airflow_home/venv/lib/python3.9/site-packages/airflow/example_dags/example_trigger_target_dag.py
[2026-02-25T06:53:47.713+0530] {logging_mixin.py:188} INFO - [2026-02-25T06:53:47.713+0530] {dag.py:3036} INFO - Sync 1 DAGs
[2026-02-25T06:53:47.717+0530] {logging_mixin.py:188} INFO - [2026-02-25T06:53:47.717+0530] {dag.py:3823} INFO - Setting next_dagrun for example_trigger_target_dag to None, run_after=None
[2026-02-25T06:53:47.724+0530] {processor.py:183} INFO - Processing /Users/neerajvyas/learning/airflow/learn_airflow/airflow_home/venv/lib/python3.9/site-packages/airflow/example_dags/example_trigger_target_dag.py took 0.074 seconds
[2026-02-25T06:54:41.151+0530] {processor.py:161} INFO - Started process (PID=76380) to work on /Users/neerajvyas/learning/airflow/learn_airflow/airflow_home/venv/lib/python3.9/site-packages/airflow/example_dags/example_trigger_target_dag.py
[2026-02-25T06:54:41.153+0530] {processor.py:830} INFO - Processing file /Users/neerajvyas/learning/airflow/learn_airflow/airflow_home/venv/lib/python3.9/site-packages/airflow/example_dags/example_trigger_target_dag.py for tasks to queue
[2026-02-25T06:54:41.153+0530] {logging_mixin.py:188} INFO - [2026-02-25T06:54:41.153+0530] {dagbag.py:538} INFO - Filling up the DagBag from /Users/neerajvyas/learning/airflow/learn_airflow/airflow_home/venv/lib/python3.9/site-packages/airflow/example_dags/example_trigger_target_dag.py
[2026-02-25T06:54:41.168+0530] {processor.py:840} INFO - DAG(s) 'example_trigger_target_dag' retrieved from /Users/neerajvyas/learning/airflow/learn_airflow/airflow_home/venv/lib/python3.9/site-packages/airflow/example_dags/example_trigger_target_dag.py
[2026-02-25T06:54:41.209+0530] {logging_mixin.py:188} INFO - [2026-02-25T06:54:41.208+0530] {dag.py:3036} INFO - Sync 1 DAGs
[2026-02-25T06:54:41.213+0530] {logging_mixin.py:188} INFO - [2026-02-25T06:54:41.213+0530] {dag.py:3823} INFO - Setting next_dagrun for example_trigger_target_dag to None, run_after=None
[2026-02-25T06:54:41.220+0530] {processor.py:183} INFO - Processing /Users/neerajvyas/learning/airflow/learn_airflow/airflow_home/venv/lib/python3.9/site-packages/airflow/example_dags/example_trigger_target_dag.py took 0.069 seconds
[2026-02-25T06:55:35.479+0530] {processor.py:161} INFO - Started process (PID=78123) to work on /Users/neerajvyas/learning/airflow/learn_airflow/airflow_home/venv/lib/python3.9/site-packages/airflow/example_dags/example_trigger_target_dag.py
[2026-02-25T06:55:35.479+0530] {processor.py:830} INFO - Processing file /Users/neerajvyas/learning/airflow/learn_airflow/airflow_home/venv/lib/python3.9/site-packages/airflow/example_dags/example_trigger_target_dag.py for tasks to queue
[2026-02-25T06:55:35.480+0530] {logging_mixin.py:188} INFO - [2026-02-25T06:55:35.480+0530] {dagbag.py:538} INFO - Filling up the DagBag from /Users/neerajvyas/learning/airflow/learn_airflow/airflow_home/venv/lib/python3.9/site-packages/airflow/example_dags/example_trigger_target_dag.py
[2026-02-25T06:55:35.494+0530] {processor.py:840} INFO - DAG(s) 'example_trigger_target_dag' retrieved from /Users/neerajvyas/learning/airflow/learn_airflow/airflow_home/venv/lib/python3.9/site-packages/airflow/example_dags/example_trigger_target_dag.py
[2026-02-25T06:55:35.536+0530] {logging_mixin.py:188} INFO - [2026-02-25T06:55:35.535+0530] {dag.py:3036} INFO - Sync 1 DAGs
[2026-02-25T06:55:35.540+0530] {logging_mixin.py:188} INFO - [2026-02-25T06:55:35.540+0530] {dag.py:3823} INFO - Setting next_dagrun for example_trigger_target_dag to None, run_after=None
[2026-02-25T06:55:35.547+0530] {processor.py:183} INFO - Processing /Users/neerajvyas/learning/airflow/learn_airflow/airflow_home/venv/lib/python3.9/site-packages/airflow/example_dags/example_trigger_target_dag.py took 0.068 seconds
[2026-02-25T06:56:29.204+0530] {processor.py:161} INFO - Started process (PID=80228) to work on /Users/neerajvyas/learning/airflow/learn_airflow/airflow_home/venv/lib/python3.9/site-packages/airflow/example_dags/example_trigger_target_dag.py
[2026-02-25T06:56:29.206+0530] {processor.py:830} INFO - Processing file /Users/neerajvyas/learning/airflow/learn_airflow/airflow_home/venv/lib/python3.9/site-packages/airflow/example_dags/example_trigger_target_dag.py for tasks to queue
[2026-02-25T06:56:29.206+0530] {logging_mixin.py:188} INFO - [2026-02-25T06:56:29.206+0530] {dagbag.py:538} INFO - Filling up the DagBag from /Users/neerajvyas/learning/airflow/learn_airflow/airflow_home/venv/lib/python3.9/site-packages/airflow/example_dags/example_trigger_target_dag.py
[2026-02-25T06:56:29.221+0530] {processor.py:840} INFO - DAG(s) 'example_trigger_target_dag' retrieved from /Users/neerajvyas/learning/airflow/learn_airflow/airflow_home/venv/lib/python3.9/site-packages/airflow/example_dags/example_trigger_target_dag.py
[2026-02-25T06:56:29.264+0530] {logging_mixin.py:188} INFO - [2026-02-25T06:56:29.264+0530] {dag.py:3036} INFO - Sync 1 DAGs
[2026-02-25T06:56:29.269+0530] {logging_mixin.py:188} INFO - [2026-02-25T06:56:29.269+0530] {dag.py:3823} INFO - Setting next_dagrun for example_trigger_target_dag to None, run_after=None
[2026-02-25T06:56:29.277+0530] {processor.py:183} INFO - Processing /Users/neerajvyas/learning/airflow/learn_airflow/airflow_home/venv/lib/python3.9/site-packages/airflow/example_dags/example_trigger_target_dag.py took 0.073 seconds
[2026-02-25T06:57:24.942+0530] {processor.py:161} INFO - Started process (PID=82408) to work on /Users/neerajvyas/learning/airflow/learn_airflow/airflow_home/venv/lib/python3.9/site-packages/airflow/example_dags/example_trigger_target_dag.py
[2026-02-25T06:57:24.943+0530] {processor.py:830} INFO - Processing file /Users/neerajvyas/learning/airflow/learn_airflow/airflow_home/venv/lib/python3.9/site-packages/airflow/example_dags/example_trigger_target_dag.py for tasks to queue
[2026-02-25T06:57:24.944+0530] {logging_mixin.py:188} INFO - [2026-02-25T06:57:24.944+0530] {dagbag.py:538} INFO - Filling up the DagBag from /Users/neerajvyas/learning/airflow/learn_airflow/airflow_home/venv/lib/python3.9/site-packages/airflow/example_dags/example_trigger_target_dag.py
[2026-02-25T06:57:24.958+0530] {processor.py:840} INFO - DAG(s) 'example_trigger_target_dag' retrieved from /Users/neerajvyas/learning/airflow/learn_airflow/airflow_home/venv/lib/python3.9/site-packages/airflow/example_dags/example_trigger_target_dag.py
[2026-02-25T06:57:25.000+0530] {logging_mixin.py:188} INFO - [2026-02-25T06:57:25.000+0530] {dag.py:3036} INFO - Sync 1 DAGs
[2026-02-25T06:57:25.005+0530] {logging_mixin.py:188} INFO - [2026-02-25T06:57:25.004+0530] {dag.py:3823} INFO - Setting next_dagrun for example_trigger_target_dag to None, run_after=None
[2026-02-25T06:57:25.011+0530] {processor.py:183} INFO - Processing /Users/neerajvyas/learning/airflow/learn_airflow/airflow_home/venv/lib/python3.9/site-packages/airflow/example_dags/example_trigger_target_dag.py took 0.070 seconds
[2026-02-25T06:58:18.906+0530] {processor.py:161} INFO - Started process (PID=84339) to work on /Users/neerajvyas/learning/airflow/learn_airflow/airflow_home/venv/lib/python3.9/site-packages/airflow/example_dags/example_trigger_target_dag.py
[2026-02-25T06:58:18.908+0530] {processor.py:830} INFO - Processing file /Users/neerajvyas/learning/airflow/learn_airflow/airflow_home/venv/lib/python3.9/site-packages/airflow/example_dags/example_trigger_target_dag.py for tasks to queue
[2026-02-25T06:58:18.908+0530] {logging_mixin.py:188} INFO - [2026-02-25T06:58:18.908+0530] {dagbag.py:538} INFO - Filling up the DagBag from /Users/neerajvyas/learning/airflow/learn_airflow/airflow_home/venv/lib/python3.9/site-packages/airflow/example_dags/example_trigger_target_dag.py
[2026-02-25T06:58:18.922+0530] {processor.py:840} INFO - DAG(s) 'example_trigger_target_dag' retrieved from /Users/neerajvyas/learning/airflow/learn_airflow/airflow_home/venv/lib/python3.9/site-packages/airflow/example_dags/example_trigger_target_dag.py
[2026-02-25T06:58:18.967+0530] {logging_mixin.py:188} INFO - [2026-02-25T06:58:18.966+0530] {dag.py:3036} INFO - Sync 1 DAGs
[2026-02-25T06:58:18.972+0530] {logging_mixin.py:188} INFO - [2026-02-25T06:58:18.972+0530] {dag.py:3823} INFO - Setting next_dagrun for example_trigger_target_dag to None, run_after=None
[2026-02-25T06:58:18.980+0530] {processor.py:183} INFO - Processing /Users/neerajvyas/learning/airflow/learn_airflow/airflow_home/venv/lib/python3.9/site-packages/airflow/example_dags/example_trigger_target_dag.py took 0.074 seconds
[2026-02-25T06:59:11.372+0530] {processor.py:161} INFO - Started process (PID=86098) to work on /Users/neerajvyas/learning/airflow/learn_airflow/airflow_home/venv/lib/python3.9/site-packages/airflow/example_dags/example_trigger_target_dag.py
[2026-02-25T06:59:11.372+0530] {processor.py:830} INFO - Processing file /Users/neerajvyas/learning/airflow/learn_airflow/airflow_home/venv/lib/python3.9/site-packages/airflow/example_dags/example_trigger_target_dag.py for tasks to queue
[2026-02-25T06:59:11.373+0530] {logging_mixin.py:188} INFO - [2026-02-25T06:59:11.373+0530] {dagbag.py:538} INFO - Filling up the DagBag from /Users/neerajvyas/learning/airflow/learn_airflow/airflow_home/venv/lib/python3.9/site-packages/airflow/example_dags/example_trigger_target_dag.py
[2026-02-25T06:59:11.387+0530] {processor.py:840} INFO - DAG(s) 'example_trigger_target_dag' retrieved from /Users/neerajvyas/learning/airflow/learn_airflow/airflow_home/venv/lib/python3.9/site-packages/airflow/example_dags/example_trigger_target_dag.py
[2026-02-25T06:59:11.429+0530] {logging_mixin.py:188} INFO - [2026-02-25T06:59:11.429+0530] {dag.py:3036} INFO - Sync 1 DAGs
[2026-02-25T06:59:11.433+0530] {logging_mixin.py:188} INFO - [2026-02-25T06:59:11.433+0530] {dag.py:3823} INFO - Setting next_dagrun for example_trigger_target_dag to None, run_after=None
[2026-02-25T06:59:11.441+0530] {processor.py:183} INFO - Processing /Users/neerajvyas/learning/airflow/learn_airflow/airflow_home/venv/lib/python3.9/site-packages/airflow/example_dags/example_trigger_target_dag.py took 0.069 seconds
[2026-02-25T07:00:04.650+0530] {processor.py:161} INFO - Started process (PID=87930) to work on /Users/neerajvyas/learning/airflow/learn_airflow/airflow_home/venv/lib/python3.9/site-packages/airflow/example_dags/example_trigger_target_dag.py
[2026-02-25T07:00:04.651+0530] {processor.py:830} INFO - Processing file /Users/neerajvyas/learning/airflow/learn_airflow/airflow_home/venv/lib/python3.9/site-packages/airflow/example_dags/example_trigger_target_dag.py for tasks to queue
[2026-02-25T07:00:04.652+0530] {logging_mixin.py:188} INFO - [2026-02-25T07:00:04.651+0530] {dagbag.py:538} INFO - Filling up the DagBag from /Users/neerajvyas/learning/airflow/learn_airflow/airflow_home/venv/lib/python3.9/site-packages/airflow/example_dags/example_trigger_target_dag.py
[2026-02-25T07:00:04.666+0530] {processor.py:840} INFO - DAG(s) 'example_trigger_target_dag' retrieved from /Users/neerajvyas/learning/airflow/learn_airflow/airflow_home/venv/lib/python3.9/site-packages/airflow/example_dags/example_trigger_target_dag.py
[2026-02-25T07:00:04.707+0530] {logging_mixin.py:188} INFO - [2026-02-25T07:00:04.707+0530] {dag.py:3036} INFO - Sync 1 DAGs
[2026-02-25T07:00:04.711+0530] {logging_mixin.py:188} INFO - [2026-02-25T07:00:04.711+0530] {dag.py:3823} INFO - Setting next_dagrun for example_trigger_target_dag to None, run_after=None
[2026-02-25T07:00:04.719+0530] {processor.py:183} INFO - Processing /Users/neerajvyas/learning/airflow/learn_airflow/airflow_home/venv/lib/python3.9/site-packages/airflow/example_dags/example_trigger_target_dag.py took 0.069 seconds
[2026-02-25T07:00:58.802+0530] {processor.py:161} INFO - Started process (PID=89674) to work on /Users/neerajvyas/learning/airflow/learn_airflow/airflow_home/venv/lib/python3.9/site-packages/airflow/example_dags/example_trigger_target_dag.py
[2026-02-25T07:00:58.803+0530] {processor.py:830} INFO - Processing file /Users/neerajvyas/learning/airflow/learn_airflow/airflow_home/venv/lib/python3.9/site-packages/airflow/example_dags/example_trigger_target_dag.py for tasks to queue
[2026-02-25T07:00:58.803+0530] {logging_mixin.py:188} INFO - [2026-02-25T07:00:58.803+0530] {dagbag.py:538} INFO - Filling up the DagBag from /Users/neerajvyas/learning/airflow/learn_airflow/airflow_home/venv/lib/python3.9/site-packages/airflow/example_dags/example_trigger_target_dag.py
[2026-02-25T07:00:58.817+0530] {processor.py:840} INFO - DAG(s) 'example_trigger_target_dag' retrieved from /Users/neerajvyas/learning/airflow/learn_airflow/airflow_home/venv/lib/python3.9/site-packages/airflow/example_dags/example_trigger_target_dag.py
[2026-02-25T07:00:58.859+0530] {logging_mixin.py:188} INFO - [2026-02-25T07:00:58.859+0530] {dag.py:3036} INFO - Sync 1 DAGs
[2026-02-25T07:00:58.864+0530] {logging_mixin.py:188} INFO - [2026-02-25T07:00:58.864+0530] {dag.py:3823} INFO - Setting next_dagrun for example_trigger_target_dag to None, run_after=None
[2026-02-25T07:00:58.872+0530] {processor.py:183} INFO - Processing /Users/neerajvyas/learning/airflow/learn_airflow/airflow_home/venv/lib/python3.9/site-packages/airflow/example_dags/example_trigger_target_dag.py took 0.070 seconds
[2026-02-25T07:01:54.193+0530] {processor.py:161} INFO - Started process (PID=92129) to work on /Users/neerajvyas/learning/airflow/learn_airflow/airflow_home/venv/lib/python3.9/site-packages/airflow/example_dags/example_trigger_target_dag.py
[2026-02-25T07:01:54.195+0530] {processor.py:830} INFO - Processing file /Users/neerajvyas/learning/airflow/learn_airflow/airflow_home/venv/lib/python3.9/site-packages/airflow/example_dags/example_trigger_target_dag.py for tasks to queue
[2026-02-25T07:01:54.195+0530] {logging_mixin.py:188} INFO - [2026-02-25T07:01:54.195+0530] {dagbag.py:538} INFO - Filling up the DagBag from /Users/neerajvyas/learning/airflow/learn_airflow/airflow_home/venv/lib/python3.9/site-packages/airflow/example_dags/example_trigger_target_dag.py
[2026-02-25T07:01:54.210+0530] {processor.py:840} INFO - DAG(s) 'example_trigger_target_dag' retrieved from /Users/neerajvyas/learning/airflow/learn_airflow/airflow_home/venv/lib/python3.9/site-packages/airflow/example_dags/example_trigger_target_dag.py
[2026-02-25T07:01:54.250+0530] {logging_mixin.py:188} INFO - [2026-02-25T07:01:54.250+0530] {dag.py:3036} INFO - Sync 1 DAGs
[2026-02-25T07:01:54.254+0530] {logging_mixin.py:188} INFO - [2026-02-25T07:01:54.254+0530] {dag.py:3823} INFO - Setting next_dagrun for example_trigger_target_dag to None, run_after=None
[2026-02-25T07:01:54.261+0530] {processor.py:183} INFO - Processing /Users/neerajvyas/learning/airflow/learn_airflow/airflow_home/venv/lib/python3.9/site-packages/airflow/example_dags/example_trigger_target_dag.py took 0.068 seconds
[2026-02-25T07:02:50.454+0530] {processor.py:161} INFO - Started process (PID=93872) to work on /Users/neerajvyas/learning/airflow/learn_airflow/airflow_home/venv/lib/python3.9/site-packages/airflow/example_dags/example_trigger_target_dag.py
[2026-02-25T07:02:50.455+0530] {processor.py:830} INFO - Processing file /Users/neerajvyas/learning/airflow/learn_airflow/airflow_home/venv/lib/python3.9/site-packages/airflow/example_dags/example_trigger_target_dag.py for tasks to queue
[2026-02-25T07:02:50.456+0530] {logging_mixin.py:188} INFO - [2026-02-25T07:02:50.456+0530] {dagbag.py:538} INFO - Filling up the DagBag from /Users/neerajvyas/learning/airflow/learn_airflow/airflow_home/venv/lib/python3.9/site-packages/airflow/example_dags/example_trigger_target_dag.py
[2026-02-25T07:02:50.471+0530] {processor.py:840} INFO - DAG(s) 'example_trigger_target_dag' retrieved from /Users/neerajvyas/learning/airflow/learn_airflow/airflow_home/venv/lib/python3.9/site-packages/airflow/example_dags/example_trigger_target_dag.py
[2026-02-25T07:02:50.514+0530] {logging_mixin.py:188} INFO - [2026-02-25T07:02:50.514+0530] {dag.py:3036} INFO - Sync 1 DAGs
[2026-02-25T07:02:50.518+0530] {logging_mixin.py:188} INFO - [2026-02-25T07:02:50.518+0530] {dag.py:3823} INFO - Setting next_dagrun for example_trigger_target_dag to None, run_after=None
[2026-02-25T07:02:50.526+0530] {processor.py:183} INFO - Processing /Users/neerajvyas/learning/airflow/learn_airflow/airflow_home/venv/lib/python3.9/site-packages/airflow/example_dags/example_trigger_target_dag.py took 0.072 seconds
[2026-02-25T07:03:46.348+0530] {processor.py:161} INFO - Started process (PID=96381) to work on /Users/neerajvyas/learning/airflow/learn_airflow/airflow_home/venv/lib/python3.9/site-packages/airflow/example_dags/example_trigger_target_dag.py
[2026-02-25T07:03:46.349+0530] {processor.py:830} INFO - Processing file /Users/neerajvyas/learning/airflow/learn_airflow/airflow_home/venv/lib/python3.9/site-packages/airflow/example_dags/example_trigger_target_dag.py for tasks to queue
[2026-02-25T07:03:46.350+0530] {logging_mixin.py:188} INFO - [2026-02-25T07:03:46.350+0530] {dagbag.py:538} INFO - Filling up the DagBag from /Users/neerajvyas/learning/airflow/learn_airflow/airflow_home/venv/lib/python3.9/site-packages/airflow/example_dags/example_trigger_target_dag.py
[2026-02-25T07:03:46.366+0530] {processor.py:840} INFO - DAG(s) 'example_trigger_target_dag' retrieved from /Users/neerajvyas/learning/airflow/learn_airflow/airflow_home/venv/lib/python3.9/site-packages/airflow/example_dags/example_trigger_target_dag.py
[2026-02-25T07:03:46.410+0530] {logging_mixin.py:188} INFO - [2026-02-25T07:03:46.410+0530] {dag.py:3036} INFO - Sync 1 DAGs
[2026-02-25T07:03:46.415+0530] {logging_mixin.py:188} INFO - [2026-02-25T07:03:46.415+0530] {dag.py:3823} INFO - Setting next_dagrun for example_trigger_target_dag to None, run_after=None
[2026-02-25T07:03:46.423+0530] {processor.py:183} INFO - Processing /Users/neerajvyas/learning/airflow/learn_airflow/airflow_home/venv/lib/python3.9/site-packages/airflow/example_dags/example_trigger_target_dag.py took 0.075 seconds
