[2026-02-25T06:47:34.228+0530] {processor.py:161} INFO - Started process (PID=61448) to work on /Users/neerajvyas/learning/airflow/learn_airflow/airflow_home/venv/lib/python3.9/site-packages/airflow/example_dags/example_params_ui_tutorial.py
[2026-02-25T06:47:34.229+0530] {processor.py:830} INFO - Processing file /Users/neerajvyas/learning/airflow/learn_airflow/airflow_home/venv/lib/python3.9/site-packages/airflow/example_dags/example_params_ui_tutorial.py for tasks to queue
[2026-02-25T06:47:34.229+0530] {logging_mixin.py:188} INFO - [2026-02-25T06:47:34.229+0530] {dagbag.py:538} INFO - Filling up the DagBag from /Users/neerajvyas/learning/airflow/learn_airflow/airflow_home/venv/lib/python3.9/site-packages/airflow/example_dags/example_params_ui_tutorial.py
[2026-02-25T06:47:34.247+0530] {processor.py:840} INFO - DAG(s) 'example_params_ui_tutorial' retrieved from /Users/neerajvyas/learning/airflow/learn_airflow/airflow_home/venv/lib/python3.9/site-packages/airflow/example_dags/example_params_ui_tutorial.py
[2026-02-25T06:47:34.347+0530] {logging_mixin.py:188} INFO - [2026-02-25T06:47:34.347+0530] {override.py:1769} INFO - Created Permission View: can edit on DAG:example_params_ui_tutorial
[2026-02-25T06:47:34.351+0530] {logging_mixin.py:188} INFO - [2026-02-25T06:47:34.351+0530] {override.py:1769} INFO - Created Permission View: can read on DAG:example_params_ui_tutorial
[2026-02-25T06:47:34.354+0530] {logging_mixin.py:188} INFO - [2026-02-25T06:47:34.354+0530] {override.py:1769} INFO - Created Permission View: can delete on DAG:example_params_ui_tutorial
[2026-02-25T06:47:34.354+0530] {logging_mixin.py:188} INFO - [2026-02-25T06:47:34.354+0530] {dag.py:3036} INFO - Sync 1 DAGs
[2026-02-25T06:47:34.358+0530] {logging_mixin.py:188} INFO - [2026-02-25T06:47:34.358+0530] {dag.py:3058} INFO - Creating ORM DAG for example_params_ui_tutorial
[2026-02-25T06:47:34.359+0530] {logging_mixin.py:188} INFO - [2026-02-25T06:47:34.359+0530] {dag.py:3823} INFO - Setting next_dagrun for example_params_ui_tutorial to None, run_after=None
[2026-02-25T06:47:34.367+0530] {processor.py:183} INFO - Processing /Users/neerajvyas/learning/airflow/learn_airflow/airflow_home/venv/lib/python3.9/site-packages/airflow/example_dags/example_params_ui_tutorial.py took 0.139 seconds
[2026-02-25T06:48:58.498+0530] {processor.py:161} INFO - Started process (PID=64593) to work on /Users/neerajvyas/learning/airflow/learn_airflow/airflow_home/venv/lib/python3.9/site-packages/airflow/example_dags/example_params_ui_tutorial.py
[2026-02-25T06:48:58.499+0530] {processor.py:830} INFO - Processing file /Users/neerajvyas/learning/airflow/learn_airflow/airflow_home/venv/lib/python3.9/site-packages/airflow/example_dags/example_params_ui_tutorial.py for tasks to queue
[2026-02-25T06:48:58.499+0530] {logging_mixin.py:188} INFO - [2026-02-25T06:48:58.499+0530] {dagbag.py:538} INFO - Filling up the DagBag from /Users/neerajvyas/learning/airflow/learn_airflow/airflow_home/venv/lib/python3.9/site-packages/airflow/example_dags/example_params_ui_tutorial.py
[2026-02-25T06:48:58.518+0530] {processor.py:840} INFO - DAG(s) 'example_params_ui_tutorial' retrieved from /Users/neerajvyas/learning/airflow/learn_airflow/airflow_home/venv/lib/python3.9/site-packages/airflow/example_dags/example_params_ui_tutorial.py
[2026-02-25T06:48:58.575+0530] {logging_mixin.py:188} INFO - [2026-02-25T06:48:58.575+0530] {dag.py:3036} INFO - Sync 1 DAGs
[2026-02-25T06:48:58.580+0530] {logging_mixin.py:188} INFO - [2026-02-25T06:48:58.580+0530] {dag.py:3823} INFO - Setting next_dagrun for example_params_ui_tutorial to None, run_after=None
[2026-02-25T06:48:58.588+0530] {processor.py:183} INFO - Processing /Users/neerajvyas/learning/airflow/learn_airflow/airflow_home/venv/lib/python3.9/site-packages/airflow/example_dags/example_params_ui_tutorial.py took 0.091 seconds
[2026-02-25T06:50:44.186+0530] {processor.py:161} INFO - Started process (PID=68198) to work on /Users/neerajvyas/learning/airflow/learn_airflow/airflow_home/venv/lib/python3.9/site-packages/airflow/example_dags/example_params_ui_tutorial.py
[2026-02-25T06:50:44.187+0530] {processor.py:830} INFO - Processing file /Users/neerajvyas/learning/airflow/learn_airflow/airflow_home/venv/lib/python3.9/site-packages/airflow/example_dags/example_params_ui_tutorial.py for tasks to queue
[2026-02-25T06:50:44.188+0530] {logging_mixin.py:188} INFO - [2026-02-25T06:50:44.188+0530] {dagbag.py:538} INFO - Filling up the DagBag from /Users/neerajvyas/learning/airflow/learn_airflow/airflow_home/venv/lib/python3.9/site-packages/airflow/example_dags/example_params_ui_tutorial.py
[2026-02-25T06:50:44.205+0530] {processor.py:840} INFO - DAG(s) 'example_params_ui_tutorial' retrieved from /Users/neerajvyas/learning/airflow/learn_airflow/airflow_home/venv/lib/python3.9/site-packages/airflow/example_dags/example_params_ui_tutorial.py
[2026-02-25T06:50:44.260+0530] {logging_mixin.py:188} INFO - [2026-02-25T06:50:44.260+0530] {dag.py:3036} INFO - Sync 1 DAGs
[2026-02-25T06:50:44.264+0530] {logging_mixin.py:188} INFO - [2026-02-25T06:50:44.264+0530] {dag.py:3823} INFO - Setting next_dagrun for example_params_ui_tutorial to None, run_after=None
[2026-02-25T06:50:44.271+0530] {processor.py:183} INFO - Processing /Users/neerajvyas/learning/airflow/learn_airflow/airflow_home/venv/lib/python3.9/site-packages/airflow/example_dags/example_params_ui_tutorial.py took 0.085 seconds
[2026-02-25T06:52:30.779+0530] {processor.py:161} INFO - Started process (PID=71770) to work on /Users/neerajvyas/learning/airflow/learn_airflow/airflow_home/venv/lib/python3.9/site-packages/airflow/example_dags/example_params_ui_tutorial.py
[2026-02-25T06:52:30.780+0530] {processor.py:830} INFO - Processing file /Users/neerajvyas/learning/airflow/learn_airflow/airflow_home/venv/lib/python3.9/site-packages/airflow/example_dags/example_params_ui_tutorial.py for tasks to queue
[2026-02-25T06:52:30.781+0530] {logging_mixin.py:188} INFO - [2026-02-25T06:52:30.781+0530] {dagbag.py:538} INFO - Filling up the DagBag from /Users/neerajvyas/learning/airflow/learn_airflow/airflow_home/venv/lib/python3.9/site-packages/airflow/example_dags/example_params_ui_tutorial.py
[2026-02-25T06:52:30.797+0530] {processor.py:840} INFO - DAG(s) 'example_params_ui_tutorial' retrieved from /Users/neerajvyas/learning/airflow/learn_airflow/airflow_home/venv/lib/python3.9/site-packages/airflow/example_dags/example_params_ui_tutorial.py
[2026-02-25T06:52:30.850+0530] {logging_mixin.py:188} INFO - [2026-02-25T06:52:30.850+0530] {dag.py:3036} INFO - Sync 1 DAGs
[2026-02-25T06:52:30.853+0530] {logging_mixin.py:188} INFO - [2026-02-25T06:52:30.853+0530] {dag.py:3823} INFO - Setting next_dagrun for example_params_ui_tutorial to None, run_after=None
[2026-02-25T06:52:30.860+0530] {processor.py:183} INFO - Processing /Users/neerajvyas/learning/airflow/learn_airflow/airflow_home/venv/lib/python3.9/site-packages/airflow/example_dags/example_params_ui_tutorial.py took 0.081 seconds
[2026-02-25T06:54:17.458+0530] {processor.py:161} INFO - Started process (PID=75339) to work on /Users/neerajvyas/learning/airflow/learn_airflow/airflow_home/venv/lib/python3.9/site-packages/airflow/example_dags/example_params_ui_tutorial.py
[2026-02-25T06:54:17.458+0530] {processor.py:830} INFO - Processing file /Users/neerajvyas/learning/airflow/learn_airflow/airflow_home/venv/lib/python3.9/site-packages/airflow/example_dags/example_params_ui_tutorial.py for tasks to queue
[2026-02-25T06:54:17.459+0530] {logging_mixin.py:188} INFO - [2026-02-25T06:54:17.459+0530] {dagbag.py:538} INFO - Filling up the DagBag from /Users/neerajvyas/learning/airflow/learn_airflow/airflow_home/venv/lib/python3.9/site-packages/airflow/example_dags/example_params_ui_tutorial.py
[2026-02-25T06:54:17.479+0530] {processor.py:840} INFO - DAG(s) 'example_params_ui_tutorial' retrieved from /Users/neerajvyas/learning/airflow/learn_airflow/airflow_home/venv/lib/python3.9/site-packages/airflow/example_dags/example_params_ui_tutorial.py
[2026-02-25T06:54:17.545+0530] {logging_mixin.py:188} INFO - [2026-02-25T06:54:17.545+0530] {dag.py:3036} INFO - Sync 1 DAGs
[2026-02-25T06:54:17.549+0530] {logging_mixin.py:188} INFO - [2026-02-25T06:54:17.549+0530] {dag.py:3823} INFO - Setting next_dagrun for example_params_ui_tutorial to None, run_after=None
[2026-02-25T06:54:17.558+0530] {processor.py:183} INFO - Processing /Users/neerajvyas/learning/airflow/learn_airflow/airflow_home/venv/lib/python3.9/site-packages/airflow/example_dags/example_params_ui_tutorial.py took 0.101 seconds
[2026-02-25T06:56:03.655+0530] {processor.py:161} INFO - Started process (PID=79521) to work on /Users/neerajvyas/learning/airflow/learn_airflow/airflow_home/venv/lib/python3.9/site-packages/airflow/example_dags/example_params_ui_tutorial.py
[2026-02-25T06:56:03.655+0530] {processor.py:830} INFO - Processing file /Users/neerajvyas/learning/airflow/learn_airflow/airflow_home/venv/lib/python3.9/site-packages/airflow/example_dags/example_params_ui_tutorial.py for tasks to queue
[2026-02-25T06:56:03.656+0530] {logging_mixin.py:188} INFO - [2026-02-25T06:56:03.656+0530] {dagbag.py:538} INFO - Filling up the DagBag from /Users/neerajvyas/learning/airflow/learn_airflow/airflow_home/venv/lib/python3.9/site-packages/airflow/example_dags/example_params_ui_tutorial.py
[2026-02-25T06:56:03.675+0530] {processor.py:840} INFO - DAG(s) 'example_params_ui_tutorial' retrieved from /Users/neerajvyas/learning/airflow/learn_airflow/airflow_home/venv/lib/python3.9/site-packages/airflow/example_dags/example_params_ui_tutorial.py
[2026-02-25T06:56:03.729+0530] {logging_mixin.py:188} INFO - [2026-02-25T06:56:03.729+0530] {dag.py:3036} INFO - Sync 1 DAGs
[2026-02-25T06:56:03.733+0530] {logging_mixin.py:188} INFO - [2026-02-25T06:56:03.733+0530] {dag.py:3823} INFO - Setting next_dagrun for example_params_ui_tutorial to None, run_after=None
[2026-02-25T06:56:03.740+0530] {processor.py:183} INFO - Processing /Users/neerajvyas/learning/airflow/learn_airflow/airflow_home/venv/lib/python3.9/site-packages/airflow/example_dags/example_params_ui_tutorial.py took 0.086 seconds
[2026-02-25T06:57:53.473+0530] {processor.py:161} INFO - Started process (PID=83201) to work on /Users/neerajvyas/learning/airflow/learn_airflow/airflow_home/venv/lib/python3.9/site-packages/airflow/example_dags/example_params_ui_tutorial.py
[2026-02-25T06:57:53.474+0530] {processor.py:830} INFO - Processing file /Users/neerajvyas/learning/airflow/learn_airflow/airflow_home/venv/lib/python3.9/site-packages/airflow/example_dags/example_params_ui_tutorial.py for tasks to queue
[2026-02-25T06:57:53.474+0530] {logging_mixin.py:188} INFO - [2026-02-25T06:57:53.474+0530] {dagbag.py:538} INFO - Filling up the DagBag from /Users/neerajvyas/learning/airflow/learn_airflow/airflow_home/venv/lib/python3.9/site-packages/airflow/example_dags/example_params_ui_tutorial.py
[2026-02-25T06:57:53.492+0530] {processor.py:840} INFO - DAG(s) 'example_params_ui_tutorial' retrieved from /Users/neerajvyas/learning/airflow/learn_airflow/airflow_home/venv/lib/python3.9/site-packages/airflow/example_dags/example_params_ui_tutorial.py
[2026-02-25T06:57:53.546+0530] {logging_mixin.py:188} INFO - [2026-02-25T06:57:53.546+0530] {dag.py:3036} INFO - Sync 1 DAGs
[2026-02-25T06:57:53.550+0530] {logging_mixin.py:188} INFO - [2026-02-25T06:57:53.550+0530] {dag.py:3823} INFO - Setting next_dagrun for example_params_ui_tutorial to None, run_after=None
[2026-02-25T06:57:53.558+0530] {processor.py:183} INFO - Processing /Users/neerajvyas/learning/airflow/learn_airflow/airflow_home/venv/lib/python3.9/site-packages/airflow/example_dags/example_params_ui_tutorial.py took 0.086 seconds
[2026-02-25T06:59:40.200+0530] {processor.py:161} INFO - Started process (PID=87144) to work on /Users/neerajvyas/learning/airflow/learn_airflow/airflow_home/venv/lib/python3.9/site-packages/airflow/example_dags/example_params_ui_tutorial.py
[2026-02-25T06:59:40.201+0530] {processor.py:830} INFO - Processing file /Users/neerajvyas/learning/airflow/learn_airflow/airflow_home/venv/lib/python3.9/site-packages/airflow/example_dags/example_params_ui_tutorial.py for tasks to queue
[2026-02-25T06:59:40.201+0530] {logging_mixin.py:188} INFO - [2026-02-25T06:59:40.201+0530] {dagbag.py:538} INFO - Filling up the DagBag from /Users/neerajvyas/learning/airflow/learn_airflow/airflow_home/venv/lib/python3.9/site-packages/airflow/example_dags/example_params_ui_tutorial.py
[2026-02-25T06:59:40.220+0530] {processor.py:840} INFO - DAG(s) 'example_params_ui_tutorial' retrieved from /Users/neerajvyas/learning/airflow/learn_airflow/airflow_home/venv/lib/python3.9/site-packages/airflow/example_dags/example_params_ui_tutorial.py
[2026-02-25T06:59:40.276+0530] {logging_mixin.py:188} INFO - [2026-02-25T06:59:40.276+0530] {dag.py:3036} INFO - Sync 1 DAGs
[2026-02-25T06:59:40.281+0530] {logging_mixin.py:188} INFO - [2026-02-25T06:59:40.280+0530] {dag.py:3823} INFO - Setting next_dagrun for example_params_ui_tutorial to None, run_after=None
[2026-02-25T06:59:40.288+0530] {processor.py:183} INFO - Processing /Users/neerajvyas/learning/airflow/learn_airflow/airflow_home/venv/lib/python3.9/site-packages/airflow/example_dags/example_params_ui_tutorial.py took 0.089 seconds
[2026-02-25T07:01:27.695+0530] {processor.py:161} INFO - Started process (PID=90806) to work on /Users/neerajvyas/learning/airflow/learn_airflow/airflow_home/venv/lib/python3.9/site-packages/airflow/example_dags/example_params_ui_tutorial.py
[2026-02-25T07:01:27.696+0530] {processor.py:830} INFO - Processing file /Users/neerajvyas/learning/airflow/learn_airflow/airflow_home/venv/lib/python3.9/site-packages/airflow/example_dags/example_params_ui_tutorial.py for tasks to queue
[2026-02-25T07:01:27.696+0530] {logging_mixin.py:188} INFO - [2026-02-25T07:01:27.696+0530] {dagbag.py:538} INFO - Filling up the DagBag from /Users/neerajvyas/learning/airflow/learn_airflow/airflow_home/venv/lib/python3.9/site-packages/airflow/example_dags/example_params_ui_tutorial.py
[2026-02-25T07:01:27.713+0530] {processor.py:840} INFO - DAG(s) 'example_params_ui_tutorial' retrieved from /Users/neerajvyas/learning/airflow/learn_airflow/airflow_home/venv/lib/python3.9/site-packages/airflow/example_dags/example_params_ui_tutorial.py
[2026-02-25T07:01:27.766+0530] {logging_mixin.py:188} INFO - [2026-02-25T07:01:27.766+0530] {dag.py:3036} INFO - Sync 1 DAGs
[2026-02-25T07:01:27.769+0530] {logging_mixin.py:188} INFO - [2026-02-25T07:01:27.769+0530] {dag.py:3823} INFO - Setting next_dagrun for example_params_ui_tutorial to None, run_after=None
[2026-02-25T07:01:27.776+0530] {processor.py:183} INFO - Processing /Users/neerajvyas/learning/airflow/learn_airflow/airflow_home/venv/lib/python3.9/site-packages/airflow/example_dags/example_params_ui_tutorial.py took 0.081 seconds
[2026-02-25T07:03:19.691+0530] {processor.py:161} INFO - Started process (PID=94917) to work on /Users/neerajvyas/learning/airflow/learn_airflow/airflow_home/venv/lib/python3.9/site-packages/airflow/example_dags/example_params_ui_tutorial.py
[2026-02-25T07:03:19.692+0530] {processor.py:830} INFO - Processing file /Users/neerajvyas/learning/airflow/learn_airflow/airflow_home/venv/lib/python3.9/site-packages/airflow/example_dags/example_params_ui_tutorial.py for tasks to queue
[2026-02-25T07:03:19.692+0530] {logging_mixin.py:188} INFO - [2026-02-25T07:03:19.692+0530] {dagbag.py:538} INFO - Filling up the DagBag from /Users/neerajvyas/learning/airflow/learn_airflow/airflow_home/venv/lib/python3.9/site-packages/airflow/example_dags/example_params_ui_tutorial.py
[2026-02-25T07:03:19.709+0530] {processor.py:840} INFO - DAG(s) 'example_params_ui_tutorial' retrieved from /Users/neerajvyas/learning/airflow/learn_airflow/airflow_home/venv/lib/python3.9/site-packages/airflow/example_dags/example_params_ui_tutorial.py
[2026-02-25T07:03:19.764+0530] {logging_mixin.py:188} INFO - [2026-02-25T07:03:19.764+0530] {dag.py:3036} INFO - Sync 1 DAGs
[2026-02-25T07:03:19.767+0530] {logging_mixin.py:188} INFO - [2026-02-25T07:03:19.767+0530] {dag.py:3823} INFO - Setting next_dagrun for example_params_ui_tutorial to None, run_after=None
[2026-02-25T07:03:19.775+0530] {processor.py:183} INFO - Processing /Users/neerajvyas/learning/airflow/learn_airflow/airflow_home/venv/lib/python3.9/site-packages/airflow/example_dags/example_params_ui_tutorial.py took 0.085 seconds
