[2026-02-25T06:48:01.128+0530] {processor.py:161} INFO - Started process (PID=62491) to work on /Users/neerajvyas/learning/airflow/learn_airflow/airflow_home/venv/lib/python3.9/site-packages/airflow/example_dags/example_branch_labels.py
[2026-02-25T06:48:01.129+0530] {processor.py:830} INFO - Processing file /Users/neerajvyas/learning/airflow/learn_airflow/airflow_home/venv/lib/python3.9/site-packages/airflow/example_dags/example_branch_labels.py for tasks to queue
[2026-02-25T06:48:01.129+0530] {logging_mixin.py:188} INFO - [2026-02-25T06:48:01.129+0530] {dagbag.py:538} INFO - Filling up the DagBag from /Users/neerajvyas/learning/airflow/learn_airflow/airflow_home/venv/lib/python3.9/site-packages/airflow/example_dags/example_branch_labels.py
[2026-02-25T06:48:01.134+0530] {processor.py:840} INFO - DAG(s) 'example_branch_labels' retrieved from /Users/neerajvyas/learning/airflow/learn_airflow/airflow_home/venv/lib/python3.9/site-packages/airflow/example_dags/example_branch_labels.py
[2026-02-25T06:48:01.222+0530] {logging_mixin.py:188} INFO - [2026-02-25T06:48:01.221+0530] {override.py:1769} INFO - Created Permission View: can read on DAG:example_branch_labels
[2026-02-25T06:48:01.226+0530] {logging_mixin.py:188} INFO - [2026-02-25T06:48:01.226+0530] {override.py:1769} INFO - Created Permission View: can edit on DAG:example_branch_labels
[2026-02-25T06:48:01.228+0530] {logging_mixin.py:188} INFO - [2026-02-25T06:48:01.228+0530] {override.py:1769} INFO - Created Permission View: can delete on DAG:example_branch_labels
[2026-02-25T06:48:01.228+0530] {logging_mixin.py:188} INFO - [2026-02-25T06:48:01.228+0530] {dag.py:3036} INFO - Sync 1 DAGs
[2026-02-25T06:48:01.232+0530] {logging_mixin.py:188} INFO - [2026-02-25T06:48:01.232+0530] {dag.py:3058} INFO - Creating ORM DAG for example_branch_labels
[2026-02-25T06:48:01.236+0530] {logging_mixin.py:188} INFO - [2026-02-25T06:48:01.236+0530] {dag.py:3823} INFO - Setting next_dagrun for example_branch_labels to 2026-02-24 00:00:00+00:00, run_after=2026-02-25 00:00:00+00:00
[2026-02-25T06:48:01.242+0530] {processor.py:183} INFO - Processing /Users/neerajvyas/learning/airflow/learn_airflow/airflow_home/venv/lib/python3.9/site-packages/airflow/example_dags/example_branch_labels.py took 0.114 seconds
[2026-02-25T06:49:49.666+0530] {processor.py:161} INFO - Started process (PID=66411) to work on /Users/neerajvyas/learning/airflow/learn_airflow/airflow_home/venv/lib/python3.9/site-packages/airflow/example_dags/example_branch_labels.py
[2026-02-25T06:49:49.667+0530] {processor.py:830} INFO - Processing file /Users/neerajvyas/learning/airflow/learn_airflow/airflow_home/venv/lib/python3.9/site-packages/airflow/example_dags/example_branch_labels.py for tasks to queue
[2026-02-25T06:49:49.668+0530] {logging_mixin.py:188} INFO - [2026-02-25T06:49:49.668+0530] {dagbag.py:538} INFO - Filling up the DagBag from /Users/neerajvyas/learning/airflow/learn_airflow/airflow_home/venv/lib/python3.9/site-packages/airflow/example_dags/example_branch_labels.py
[2026-02-25T06:49:49.672+0530] {processor.py:840} INFO - DAG(s) 'example_branch_labels' retrieved from /Users/neerajvyas/learning/airflow/learn_airflow/airflow_home/venv/lib/python3.9/site-packages/airflow/example_dags/example_branch_labels.py
[2026-02-25T06:49:49.719+0530] {logging_mixin.py:188} INFO - [2026-02-25T06:49:49.718+0530] {dag.py:3036} INFO - Sync 1 DAGs
[2026-02-25T06:49:49.726+0530] {logging_mixin.py:188} INFO - [2026-02-25T06:49:49.726+0530] {dag.py:3823} INFO - Setting next_dagrun for example_branch_labels to 2026-02-24 00:00:00+00:00, run_after=2026-02-25 00:00:00+00:00
[2026-02-25T06:49:49.734+0530] {processor.py:183} INFO - Processing /Users/neerajvyas/learning/airflow/learn_airflow/airflow_home/venv/lib/python3.9/site-packages/airflow/example_dags/example_branch_labels.py took 0.068 seconds
[2026-02-25T06:51:35.419+0530] {processor.py:161} INFO - Started process (PID=69940) to work on /Users/neerajvyas/learning/airflow/learn_airflow/airflow_home/venv/lib/python3.9/site-packages/airflow/example_dags/example_branch_labels.py
[2026-02-25T06:51:35.419+0530] {processor.py:830} INFO - Processing file /Users/neerajvyas/learning/airflow/learn_airflow/airflow_home/venv/lib/python3.9/site-packages/airflow/example_dags/example_branch_labels.py for tasks to queue
[2026-02-25T06:51:35.420+0530] {logging_mixin.py:188} INFO - [2026-02-25T06:51:35.420+0530] {dagbag.py:538} INFO - Filling up the DagBag from /Users/neerajvyas/learning/airflow/learn_airflow/airflow_home/venv/lib/python3.9/site-packages/airflow/example_dags/example_branch_labels.py
[2026-02-25T06:51:35.424+0530] {processor.py:840} INFO - DAG(s) 'example_branch_labels' retrieved from /Users/neerajvyas/learning/airflow/learn_airflow/airflow_home/venv/lib/python3.9/site-packages/airflow/example_dags/example_branch_labels.py
[2026-02-25T06:51:35.471+0530] {logging_mixin.py:188} INFO - [2026-02-25T06:51:35.470+0530] {dag.py:3036} INFO - Sync 1 DAGs
[2026-02-25T06:51:35.478+0530] {logging_mixin.py:188} INFO - [2026-02-25T06:51:35.478+0530] {dag.py:3823} INFO - Setting next_dagrun for example_branch_labels to 2026-02-24 00:00:00+00:00, run_after=2026-02-25 00:00:00+00:00
[2026-02-25T06:51:35.486+0530] {processor.py:183} INFO - Processing /Users/neerajvyas/learning/airflow/learn_airflow/airflow_home/venv/lib/python3.9/site-packages/airflow/example_dags/example_branch_labels.py took 0.067 seconds
[2026-02-25T06:53:20.905+0530] {processor.py:161} INFO - Started process (PID=73577) to work on /Users/neerajvyas/learning/airflow/learn_airflow/airflow_home/venv/lib/python3.9/site-packages/airflow/example_dags/example_branch_labels.py
[2026-02-25T06:53:20.906+0530] {processor.py:830} INFO - Processing file /Users/neerajvyas/learning/airflow/learn_airflow/airflow_home/venv/lib/python3.9/site-packages/airflow/example_dags/example_branch_labels.py for tasks to queue
[2026-02-25T06:53:20.906+0530] {logging_mixin.py:188} INFO - [2026-02-25T06:53:20.906+0530] {dagbag.py:538} INFO - Filling up the DagBag from /Users/neerajvyas/learning/airflow/learn_airflow/airflow_home/venv/lib/python3.9/site-packages/airflow/example_dags/example_branch_labels.py
[2026-02-25T06:53:20.910+0530] {processor.py:840} INFO - DAG(s) 'example_branch_labels' retrieved from /Users/neerajvyas/learning/airflow/learn_airflow/airflow_home/venv/lib/python3.9/site-packages/airflow/example_dags/example_branch_labels.py
[2026-02-25T06:53:20.959+0530] {logging_mixin.py:188} INFO - [2026-02-25T06:53:20.959+0530] {dag.py:3036} INFO - Sync 1 DAGs
[2026-02-25T06:53:20.966+0530] {logging_mixin.py:188} INFO - [2026-02-25T06:53:20.966+0530] {dag.py:3823} INFO - Setting next_dagrun for example_branch_labels to 2026-02-24 00:00:00+00:00, run_after=2026-02-25 00:00:00+00:00
[2026-02-25T06:53:20.974+0530] {processor.py:183} INFO - Processing /Users/neerajvyas/learning/airflow/learn_airflow/airflow_home/venv/lib/python3.9/site-packages/airflow/example_dags/example_branch_labels.py took 0.069 seconds
[2026-02-25T06:55:09.211+0530] {processor.py:161} INFO - Started process (PID=77081) to work on /Users/neerajvyas/learning/airflow/learn_airflow/airflow_home/venv/lib/python3.9/site-packages/airflow/example_dags/example_branch_labels.py
[2026-02-25T06:55:09.212+0530] {processor.py:830} INFO - Processing file /Users/neerajvyas/learning/airflow/learn_airflow/airflow_home/venv/lib/python3.9/site-packages/airflow/example_dags/example_branch_labels.py for tasks to queue
[2026-02-25T06:55:09.212+0530] {logging_mixin.py:188} INFO - [2026-02-25T06:55:09.212+0530] {dagbag.py:538} INFO - Filling up the DagBag from /Users/neerajvyas/learning/airflow/learn_airflow/airflow_home/venv/lib/python3.9/site-packages/airflow/example_dags/example_branch_labels.py
[2026-02-25T06:55:09.216+0530] {processor.py:840} INFO - DAG(s) 'example_branch_labels' retrieved from /Users/neerajvyas/learning/airflow/learn_airflow/airflow_home/venv/lib/python3.9/site-packages/airflow/example_dags/example_branch_labels.py
[2026-02-25T06:55:09.268+0530] {logging_mixin.py:188} INFO - [2026-02-25T06:55:09.268+0530] {dag.py:3036} INFO - Sync 1 DAGs
[2026-02-25T06:55:09.275+0530] {logging_mixin.py:188} INFO - [2026-02-25T06:55:09.275+0530] {dag.py:3823} INFO - Setting next_dagrun for example_branch_labels to 2026-02-24 00:00:00+00:00, run_after=2026-02-25 00:00:00+00:00
[2026-02-25T06:55:09.283+0530] {processor.py:183} INFO - Processing /Users/neerajvyas/learning/airflow/learn_airflow/airflow_home/venv/lib/python3.9/site-packages/airflow/example_dags/example_branch_labels.py took 0.072 seconds
[2026-02-25T06:56:58.044+0530] {processor.py:161} INFO - Started process (PID=81278) to work on /Users/neerajvyas/learning/airflow/learn_airflow/airflow_home/venv/lib/python3.9/site-packages/airflow/example_dags/example_branch_labels.py
[2026-02-25T06:56:58.046+0530] {processor.py:830} INFO - Processing file /Users/neerajvyas/learning/airflow/learn_airflow/airflow_home/venv/lib/python3.9/site-packages/airflow/example_dags/example_branch_labels.py for tasks to queue
[2026-02-25T06:56:58.046+0530] {logging_mixin.py:188} INFO - [2026-02-25T06:56:58.046+0530] {dagbag.py:538} INFO - Filling up the DagBag from /Users/neerajvyas/learning/airflow/learn_airflow/airflow_home/venv/lib/python3.9/site-packages/airflow/example_dags/example_branch_labels.py
[2026-02-25T06:56:58.050+0530] {processor.py:840} INFO - DAG(s) 'example_branch_labels' retrieved from /Users/neerajvyas/learning/airflow/learn_airflow/airflow_home/venv/lib/python3.9/site-packages/airflow/example_dags/example_branch_labels.py
[2026-02-25T06:56:58.095+0530] {logging_mixin.py:188} INFO - [2026-02-25T06:56:58.095+0530] {dag.py:3036} INFO - Sync 1 DAGs
[2026-02-25T06:56:58.102+0530] {logging_mixin.py:188} INFO - [2026-02-25T06:56:58.102+0530] {dag.py:3823} INFO - Setting next_dagrun for example_branch_labels to 2026-02-24 00:00:00+00:00, run_after=2026-02-25 00:00:00+00:00
[2026-02-25T06:56:58.109+0530] {processor.py:183} INFO - Processing /Users/neerajvyas/learning/airflow/learn_airflow/airflow_home/venv/lib/python3.9/site-packages/airflow/example_dags/example_branch_labels.py took 0.065 seconds
[2026-02-25T06:58:46.733+0530] {processor.py:161} INFO - Started process (PID=85396) to work on /Users/neerajvyas/learning/airflow/learn_airflow/airflow_home/venv/lib/python3.9/site-packages/airflow/example_dags/example_branch_labels.py
[2026-02-25T06:58:46.735+0530] {processor.py:830} INFO - Processing file /Users/neerajvyas/learning/airflow/learn_airflow/airflow_home/venv/lib/python3.9/site-packages/airflow/example_dags/example_branch_labels.py for tasks to queue
[2026-02-25T06:58:46.735+0530] {logging_mixin.py:188} INFO - [2026-02-25T06:58:46.735+0530] {dagbag.py:538} INFO - Filling up the DagBag from /Users/neerajvyas/learning/airflow/learn_airflow/airflow_home/venv/lib/python3.9/site-packages/airflow/example_dags/example_branch_labels.py
[2026-02-25T06:58:46.739+0530] {processor.py:840} INFO - DAG(s) 'example_branch_labels' retrieved from /Users/neerajvyas/learning/airflow/learn_airflow/airflow_home/venv/lib/python3.9/site-packages/airflow/example_dags/example_branch_labels.py
[2026-02-25T06:58:46.783+0530] {logging_mixin.py:188} INFO - [2026-02-25T06:58:46.782+0530] {dag.py:3036} INFO - Sync 1 DAGs
[2026-02-25T06:58:46.789+0530] {logging_mixin.py:188} INFO - [2026-02-25T06:58:46.789+0530] {dag.py:3823} INFO - Setting next_dagrun for example_branch_labels to 2026-02-24 00:00:00+00:00, run_after=2026-02-25 00:00:00+00:00
[2026-02-25T06:58:46.796+0530] {processor.py:183} INFO - Processing /Users/neerajvyas/learning/airflow/learn_airflow/airflow_home/venv/lib/python3.9/site-packages/airflow/example_dags/example_branch_labels.py took 0.063 seconds
[2026-02-25T07:00:32.801+0530] {processor.py:161} INFO - Started process (PID=88974) to work on /Users/neerajvyas/learning/airflow/learn_airflow/airflow_home/venv/lib/python3.9/site-packages/airflow/example_dags/example_branch_labels.py
[2026-02-25T07:00:32.803+0530] {processor.py:830} INFO - Processing file /Users/neerajvyas/learning/airflow/learn_airflow/airflow_home/venv/lib/python3.9/site-packages/airflow/example_dags/example_branch_labels.py for tasks to queue
[2026-02-25T07:00:32.803+0530] {logging_mixin.py:188} INFO - [2026-02-25T07:00:32.803+0530] {dagbag.py:538} INFO - Filling up the DagBag from /Users/neerajvyas/learning/airflow/learn_airflow/airflow_home/venv/lib/python3.9/site-packages/airflow/example_dags/example_branch_labels.py
[2026-02-25T07:00:32.807+0530] {processor.py:840} INFO - DAG(s) 'example_branch_labels' retrieved from /Users/neerajvyas/learning/airflow/learn_airflow/airflow_home/venv/lib/python3.9/site-packages/airflow/example_dags/example_branch_labels.py
[2026-02-25T07:00:32.852+0530] {logging_mixin.py:188} INFO - [2026-02-25T07:00:32.852+0530] {dag.py:3036} INFO - Sync 1 DAGs
[2026-02-25T07:00:32.859+0530] {logging_mixin.py:188} INFO - [2026-02-25T07:00:32.859+0530] {dag.py:3823} INFO - Setting next_dagrun for example_branch_labels to 2026-02-24 00:00:00+00:00, run_after=2026-02-25 00:00:00+00:00
[2026-02-25T07:00:32.868+0530] {processor.py:183} INFO - Processing /Users/neerajvyas/learning/airflow/learn_airflow/airflow_home/venv/lib/python3.9/site-packages/airflow/example_dags/example_branch_labels.py took 0.067 seconds
[2026-02-25T07:02:21.771+0530] {processor.py:161} INFO - Started process (PID=92831) to work on /Users/neerajvyas/learning/airflow/learn_airflow/airflow_home/venv/lib/python3.9/site-packages/airflow/example_dags/example_branch_labels.py
[2026-02-25T07:02:21.772+0530] {processor.py:830} INFO - Processing file /Users/neerajvyas/learning/airflow/learn_airflow/airflow_home/venv/lib/python3.9/site-packages/airflow/example_dags/example_branch_labels.py for tasks to queue
[2026-02-25T07:02:21.772+0530] {logging_mixin.py:188} INFO - [2026-02-25T07:02:21.772+0530] {dagbag.py:538} INFO - Filling up the DagBag from /Users/neerajvyas/learning/airflow/learn_airflow/airflow_home/venv/lib/python3.9/site-packages/airflow/example_dags/example_branch_labels.py
[2026-02-25T07:02:21.777+0530] {processor.py:840} INFO - DAG(s) 'example_branch_labels' retrieved from /Users/neerajvyas/learning/airflow/learn_airflow/airflow_home/venv/lib/python3.9/site-packages/airflow/example_dags/example_branch_labels.py
[2026-02-25T07:02:21.824+0530] {logging_mixin.py:188} INFO - [2026-02-25T07:02:21.823+0530] {dag.py:3036} INFO - Sync 1 DAGs
[2026-02-25T07:02:21.831+0530] {logging_mixin.py:188} INFO - [2026-02-25T07:02:21.831+0530] {dag.py:3823} INFO - Setting next_dagrun for example_branch_labels to 2026-02-24 00:00:00+00:00, run_after=2026-02-25 00:00:00+00:00
[2026-02-25T07:02:21.839+0530] {processor.py:183} INFO - Processing /Users/neerajvyas/learning/airflow/learn_airflow/airflow_home/venv/lib/python3.9/site-packages/airflow/example_dags/example_branch_labels.py took 0.069 seconds
[2026-02-25T07:04:11.444+0530] {processor.py:161} INFO - Started process (PID=97250) to work on /Users/neerajvyas/learning/airflow/learn_airflow/airflow_home/venv/lib/python3.9/site-packages/airflow/example_dags/example_branch_labels.py
[2026-02-25T07:04:11.446+0530] {processor.py:830} INFO - Processing file /Users/neerajvyas/learning/airflow/learn_airflow/airflow_home/venv/lib/python3.9/site-packages/airflow/example_dags/example_branch_labels.py for tasks to queue
[2026-02-25T07:04:11.446+0530] {logging_mixin.py:188} INFO - [2026-02-25T07:04:11.446+0530] {dagbag.py:538} INFO - Filling up the DagBag from /Users/neerajvyas/learning/airflow/learn_airflow/airflow_home/venv/lib/python3.9/site-packages/airflow/example_dags/example_branch_labels.py
[2026-02-25T07:04:11.450+0530] {processor.py:840} INFO - DAG(s) 'example_branch_labels' retrieved from /Users/neerajvyas/learning/airflow/learn_airflow/airflow_home/venv/lib/python3.9/site-packages/airflow/example_dags/example_branch_labels.py
[2026-02-25T07:04:11.494+0530] {logging_mixin.py:188} INFO - [2026-02-25T07:04:11.494+0530] {dag.py:3036} INFO - Sync 1 DAGs
[2026-02-25T07:04:11.501+0530] {logging_mixin.py:188} INFO - [2026-02-25T07:04:11.501+0530] {dag.py:3823} INFO - Setting next_dagrun for example_branch_labels to 2026-02-24 00:00:00+00:00, run_after=2026-02-25 00:00:00+00:00
[2026-02-25T07:04:11.508+0530] {processor.py:183} INFO - Processing /Users/neerajvyas/learning/airflow/learn_airflow/airflow_home/venv/lib/python3.9/site-packages/airflow/example_dags/example_branch_labels.py took 0.064 seconds
