[2026-02-25T06:47:56.300+0530] {processor.py:161} INFO - Started process (PID=62487) to work on /Users/neerajvyas/learning/airflow/learn_airflow/airflow_home/venv/lib/python3.9/site-packages/airflow/example_dags/example_complex.py
[2026-02-25T06:47:56.300+0530] {processor.py:830} INFO - Processing file /Users/neerajvyas/learning/airflow/learn_airflow/airflow_home/venv/lib/python3.9/site-packages/airflow/example_dags/example_complex.py for tasks to queue
[2026-02-25T06:47:56.300+0530] {logging_mixin.py:188} INFO - [2026-02-25T06:47:56.300+0530] {dagbag.py:538} INFO - Filling up the DagBag from /Users/neerajvyas/learning/airflow/learn_airflow/airflow_home/venv/lib/python3.9/site-packages/airflow/example_dags/example_complex.py
[2026-02-25T06:47:56.306+0530] {processor.py:840} INFO - DAG(s) 'example_complex' retrieved from /Users/neerajvyas/learning/airflow/learn_airflow/airflow_home/venv/lib/python3.9/site-packages/airflow/example_dags/example_complex.py
[2026-02-25T06:47:56.399+0530] {logging_mixin.py:188} INFO - [2026-02-25T06:47:56.399+0530] {override.py:1769} INFO - Created Permission View: can edit on DAG:example_complex
[2026-02-25T06:47:56.403+0530] {logging_mixin.py:188} INFO - [2026-02-25T06:47:56.403+0530] {override.py:1769} INFO - Created Permission View: can read on DAG:example_complex
[2026-02-25T06:47:56.405+0530] {logging_mixin.py:188} INFO - [2026-02-25T06:47:56.405+0530] {override.py:1769} INFO - Created Permission View: can delete on DAG:example_complex
[2026-02-25T06:47:56.405+0530] {logging_mixin.py:188} INFO - [2026-02-25T06:47:56.405+0530] {dag.py:3036} INFO - Sync 1 DAGs
[2026-02-25T06:47:56.410+0530] {logging_mixin.py:188} INFO - [2026-02-25T06:47:56.410+0530] {dag.py:3058} INFO - Creating ORM DAG for example_complex
[2026-02-25T06:47:56.410+0530] {logging_mixin.py:188} INFO - [2026-02-25T06:47:56.410+0530] {dag.py:3823} INFO - Setting next_dagrun for example_complex to None, run_after=None
[2026-02-25T06:47:56.417+0530] {processor.py:183} INFO - Processing /Users/neerajvyas/learning/airflow/learn_airflow/airflow_home/venv/lib/python3.9/site-packages/airflow/example_dags/example_complex.py took 0.118 seconds
[2026-02-25T06:49:42.552+0530] {processor.py:161} INFO - Started process (PID=66064) to work on /Users/neerajvyas/learning/airflow/learn_airflow/airflow_home/venv/lib/python3.9/site-packages/airflow/example_dags/example_complex.py
[2026-02-25T06:49:42.554+0530] {processor.py:830} INFO - Processing file /Users/neerajvyas/learning/airflow/learn_airflow/airflow_home/venv/lib/python3.9/site-packages/airflow/example_dags/example_complex.py for tasks to queue
[2026-02-25T06:49:42.554+0530] {logging_mixin.py:188} INFO - [2026-02-25T06:49:42.554+0530] {dagbag.py:538} INFO - Filling up the DagBag from /Users/neerajvyas/learning/airflow/learn_airflow/airflow_home/venv/lib/python3.9/site-packages/airflow/example_dags/example_complex.py
[2026-02-25T06:49:42.559+0530] {processor.py:840} INFO - DAG(s) 'example_complex' retrieved from /Users/neerajvyas/learning/airflow/learn_airflow/airflow_home/venv/lib/python3.9/site-packages/airflow/example_dags/example_complex.py
[2026-02-25T06:49:42.608+0530] {logging_mixin.py:188} INFO - [2026-02-25T06:49:42.608+0530] {dag.py:3036} INFO - Sync 1 DAGs
[2026-02-25T06:49:42.612+0530] {logging_mixin.py:188} INFO - [2026-02-25T06:49:42.612+0530] {dag.py:3823} INFO - Setting next_dagrun for example_complex to None, run_after=None
[2026-02-25T06:49:42.619+0530] {processor.py:183} INFO - Processing /Users/neerajvyas/learning/airflow/learn_airflow/airflow_home/venv/lib/python3.9/site-packages/airflow/example_dags/example_complex.py took 0.067 seconds
[2026-02-25T06:51:28.113+0530] {processor.py:161} INFO - Started process (PID=69594) to work on /Users/neerajvyas/learning/airflow/learn_airflow/airflow_home/venv/lib/python3.9/site-packages/airflow/example_dags/example_complex.py
[2026-02-25T06:51:28.114+0530] {processor.py:830} INFO - Processing file /Users/neerajvyas/learning/airflow/learn_airflow/airflow_home/venv/lib/python3.9/site-packages/airflow/example_dags/example_complex.py for tasks to queue
[2026-02-25T06:51:28.115+0530] {logging_mixin.py:188} INFO - [2026-02-25T06:51:28.115+0530] {dagbag.py:538} INFO - Filling up the DagBag from /Users/neerajvyas/learning/airflow/learn_airflow/airflow_home/venv/lib/python3.9/site-packages/airflow/example_dags/example_complex.py
[2026-02-25T06:51:28.120+0530] {processor.py:840} INFO - DAG(s) 'example_complex' retrieved from /Users/neerajvyas/learning/airflow/learn_airflow/airflow_home/venv/lib/python3.9/site-packages/airflow/example_dags/example_complex.py
[2026-02-25T06:51:28.169+0530] {logging_mixin.py:188} INFO - [2026-02-25T06:51:28.169+0530] {dag.py:3036} INFO - Sync 1 DAGs
[2026-02-25T06:51:28.173+0530] {logging_mixin.py:188} INFO - [2026-02-25T06:51:28.173+0530] {dag.py:3823} INFO - Setting next_dagrun for example_complex to None, run_after=None
[2026-02-25T06:51:28.181+0530] {processor.py:183} INFO - Processing /Users/neerajvyas/learning/airflow/learn_airflow/airflow_home/venv/lib/python3.9/site-packages/airflow/example_dags/example_complex.py took 0.069 seconds
[2026-02-25T06:53:13.990+0530] {processor.py:161} INFO - Started process (PID=73227) to work on /Users/neerajvyas/learning/airflow/learn_airflow/airflow_home/venv/lib/python3.9/site-packages/airflow/example_dags/example_complex.py
[2026-02-25T06:53:13.991+0530] {processor.py:830} INFO - Processing file /Users/neerajvyas/learning/airflow/learn_airflow/airflow_home/venv/lib/python3.9/site-packages/airflow/example_dags/example_complex.py for tasks to queue
[2026-02-25T06:53:13.991+0530] {logging_mixin.py:188} INFO - [2026-02-25T06:53:13.991+0530] {dagbag.py:538} INFO - Filling up the DagBag from /Users/neerajvyas/learning/airflow/learn_airflow/airflow_home/venv/lib/python3.9/site-packages/airflow/example_dags/example_complex.py
[2026-02-25T06:53:13.997+0530] {processor.py:840} INFO - DAG(s) 'example_complex' retrieved from /Users/neerajvyas/learning/airflow/learn_airflow/airflow_home/venv/lib/python3.9/site-packages/airflow/example_dags/example_complex.py
[2026-02-25T06:53:14.042+0530] {logging_mixin.py:188} INFO - [2026-02-25T06:53:14.042+0530] {dag.py:3036} INFO - Sync 1 DAGs
[2026-02-25T06:53:14.046+0530] {logging_mixin.py:188} INFO - [2026-02-25T06:53:14.046+0530] {dag.py:3823} INFO - Setting next_dagrun for example_complex to None, run_after=None
[2026-02-25T06:53:14.052+0530] {processor.py:183} INFO - Processing /Users/neerajvyas/learning/airflow/learn_airflow/airflow_home/venv/lib/python3.9/site-packages/airflow/example_dags/example_complex.py took 0.063 seconds
[2026-02-25T06:55:03.269+0530] {processor.py:161} INFO - Started process (PID=77076) to work on /Users/neerajvyas/learning/airflow/learn_airflow/airflow_home/venv/lib/python3.9/site-packages/airflow/example_dags/example_complex.py
[2026-02-25T06:55:03.270+0530] {processor.py:830} INFO - Processing file /Users/neerajvyas/learning/airflow/learn_airflow/airflow_home/venv/lib/python3.9/site-packages/airflow/example_dags/example_complex.py for tasks to queue
[2026-02-25T06:55:03.271+0530] {logging_mixin.py:188} INFO - [2026-02-25T06:55:03.271+0530] {dagbag.py:538} INFO - Filling up the DagBag from /Users/neerajvyas/learning/airflow/learn_airflow/airflow_home/venv/lib/python3.9/site-packages/airflow/example_dags/example_complex.py
[2026-02-25T06:55:03.276+0530] {processor.py:840} INFO - DAG(s) 'example_complex' retrieved from /Users/neerajvyas/learning/airflow/learn_airflow/airflow_home/venv/lib/python3.9/site-packages/airflow/example_dags/example_complex.py
[2026-02-25T06:55:03.324+0530] {logging_mixin.py:188} INFO - [2026-02-25T06:55:03.323+0530] {dag.py:3036} INFO - Sync 1 DAGs
[2026-02-25T06:55:03.327+0530] {logging_mixin.py:188} INFO - [2026-02-25T06:55:03.327+0530] {dag.py:3823} INFO - Setting next_dagrun for example_complex to None, run_after=None
[2026-02-25T06:55:03.334+0530] {processor.py:183} INFO - Processing /Users/neerajvyas/learning/airflow/learn_airflow/airflow_home/venv/lib/python3.9/site-packages/airflow/example_dags/example_complex.py took 0.065 seconds
[2026-02-25T06:56:51.232+0530] {processor.py:161} INFO - Started process (PID=80929) to work on /Users/neerajvyas/learning/airflow/learn_airflow/airflow_home/venv/lib/python3.9/site-packages/airflow/example_dags/example_complex.py
[2026-02-25T06:56:51.233+0530] {processor.py:830} INFO - Processing file /Users/neerajvyas/learning/airflow/learn_airflow/airflow_home/venv/lib/python3.9/site-packages/airflow/example_dags/example_complex.py for tasks to queue
[2026-02-25T06:56:51.234+0530] {logging_mixin.py:188} INFO - [2026-02-25T06:56:51.233+0530] {dagbag.py:538} INFO - Filling up the DagBag from /Users/neerajvyas/learning/airflow/learn_airflow/airflow_home/venv/lib/python3.9/site-packages/airflow/example_dags/example_complex.py
[2026-02-25T06:56:51.239+0530] {processor.py:840} INFO - DAG(s) 'example_complex' retrieved from /Users/neerajvyas/learning/airflow/learn_airflow/airflow_home/venv/lib/python3.9/site-packages/airflow/example_dags/example_complex.py
[2026-02-25T06:56:51.286+0530] {logging_mixin.py:188} INFO - [2026-02-25T06:56:51.286+0530] {dag.py:3036} INFO - Sync 1 DAGs
[2026-02-25T06:56:51.290+0530] {logging_mixin.py:188} INFO - [2026-02-25T06:56:51.290+0530] {dag.py:3823} INFO - Setting next_dagrun for example_complex to None, run_after=None
[2026-02-25T06:56:51.298+0530] {processor.py:183} INFO - Processing /Users/neerajvyas/learning/airflow/learn_airflow/airflow_home/venv/lib/python3.9/site-packages/airflow/example_dags/example_complex.py took 0.066 seconds
[2026-02-25T06:58:40.645+0530] {processor.py:161} INFO - Started process (PID=85037) to work on /Users/neerajvyas/learning/airflow/learn_airflow/airflow_home/venv/lib/python3.9/site-packages/airflow/example_dags/example_complex.py
[2026-02-25T06:58:40.645+0530] {processor.py:830} INFO - Processing file /Users/neerajvyas/learning/airflow/learn_airflow/airflow_home/venv/lib/python3.9/site-packages/airflow/example_dags/example_complex.py for tasks to queue
[2026-02-25T06:58:40.646+0530] {logging_mixin.py:188} INFO - [2026-02-25T06:58:40.646+0530] {dagbag.py:538} INFO - Filling up the DagBag from /Users/neerajvyas/learning/airflow/learn_airflow/airflow_home/venv/lib/python3.9/site-packages/airflow/example_dags/example_complex.py
[2026-02-25T06:58:40.652+0530] {processor.py:840} INFO - DAG(s) 'example_complex' retrieved from /Users/neerajvyas/learning/airflow/learn_airflow/airflow_home/venv/lib/python3.9/site-packages/airflow/example_dags/example_complex.py
[2026-02-25T06:58:40.701+0530] {logging_mixin.py:188} INFO - [2026-02-25T06:58:40.701+0530] {dag.py:3036} INFO - Sync 1 DAGs
[2026-02-25T06:58:40.705+0530] {logging_mixin.py:188} INFO - [2026-02-25T06:58:40.705+0530] {dag.py:3823} INFO - Setting next_dagrun for example_complex to None, run_after=None
[2026-02-25T06:58:40.712+0530] {processor.py:183} INFO - Processing /Users/neerajvyas/learning/airflow/learn_airflow/airflow_home/venv/lib/python3.9/site-packages/airflow/example_dags/example_complex.py took 0.067 seconds
[2026-02-25T07:00:25.234+0530] {processor.py:161} INFO - Started process (PID=88628) to work on /Users/neerajvyas/learning/airflow/learn_airflow/airflow_home/venv/lib/python3.9/site-packages/airflow/example_dags/example_complex.py
[2026-02-25T07:00:25.236+0530] {processor.py:830} INFO - Processing file /Users/neerajvyas/learning/airflow/learn_airflow/airflow_home/venv/lib/python3.9/site-packages/airflow/example_dags/example_complex.py for tasks to queue
[2026-02-25T07:00:25.236+0530] {logging_mixin.py:188} INFO - [2026-02-25T07:00:25.236+0530] {dagbag.py:538} INFO - Filling up the DagBag from /Users/neerajvyas/learning/airflow/learn_airflow/airflow_home/venv/lib/python3.9/site-packages/airflow/example_dags/example_complex.py
[2026-02-25T07:00:25.242+0530] {processor.py:840} INFO - DAG(s) 'example_complex' retrieved from /Users/neerajvyas/learning/airflow/learn_airflow/airflow_home/venv/lib/python3.9/site-packages/airflow/example_dags/example_complex.py
[2026-02-25T07:00:25.290+0530] {logging_mixin.py:188} INFO - [2026-02-25T07:00:25.290+0530] {dag.py:3036} INFO - Sync 1 DAGs
[2026-02-25T07:00:25.294+0530] {logging_mixin.py:188} INFO - [2026-02-25T07:00:25.294+0530] {dag.py:3823} INFO - Setting next_dagrun for example_complex to None, run_after=None
[2026-02-25T07:00:25.302+0530] {processor.py:183} INFO - Processing /Users/neerajvyas/learning/airflow/learn_airflow/airflow_home/venv/lib/python3.9/site-packages/airflow/example_dags/example_complex.py took 0.068 seconds
[2026-02-25T07:02:14.849+0530] {processor.py:161} INFO - Started process (PID=92827) to work on /Users/neerajvyas/learning/airflow/learn_airflow/airflow_home/venv/lib/python3.9/site-packages/airflow/example_dags/example_complex.py
[2026-02-25T07:02:14.851+0530] {processor.py:830} INFO - Processing file /Users/neerajvyas/learning/airflow/learn_airflow/airflow_home/venv/lib/python3.9/site-packages/airflow/example_dags/example_complex.py for tasks to queue
[2026-02-25T07:02:14.851+0530] {logging_mixin.py:188} INFO - [2026-02-25T07:02:14.851+0530] {dagbag.py:538} INFO - Filling up the DagBag from /Users/neerajvyas/learning/airflow/learn_airflow/airflow_home/venv/lib/python3.9/site-packages/airflow/example_dags/example_complex.py
[2026-02-25T07:02:14.857+0530] {processor.py:840} INFO - DAG(s) 'example_complex' retrieved from /Users/neerajvyas/learning/airflow/learn_airflow/airflow_home/venv/lib/python3.9/site-packages/airflow/example_dags/example_complex.py
[2026-02-25T07:02:14.905+0530] {logging_mixin.py:188} INFO - [2026-02-25T07:02:14.905+0530] {dag.py:3036} INFO - Sync 1 DAGs
[2026-02-25T07:02:14.909+0530] {logging_mixin.py:188} INFO - [2026-02-25T07:02:14.909+0530] {dag.py:3823} INFO - Setting next_dagrun for example_complex to None, run_after=None
[2026-02-25T07:02:14.917+0530] {processor.py:183} INFO - Processing /Users/neerajvyas/learning/airflow/learn_airflow/airflow_home/venv/lib/python3.9/site-packages/airflow/example_dags/example_complex.py took 0.068 seconds
[2026-02-25T07:04:03.867+0530] {processor.py:161} INFO - Started process (PID=96820) to work on /Users/neerajvyas/learning/airflow/learn_airflow/airflow_home/venv/lib/python3.9/site-packages/airflow/example_dags/example_complex.py
[2026-02-25T07:04:03.868+0530] {processor.py:830} INFO - Processing file /Users/neerajvyas/learning/airflow/learn_airflow/airflow_home/venv/lib/python3.9/site-packages/airflow/example_dags/example_complex.py for tasks to queue
[2026-02-25T07:04:03.868+0530] {logging_mixin.py:188} INFO - [2026-02-25T07:04:03.868+0530] {dagbag.py:538} INFO - Filling up the DagBag from /Users/neerajvyas/learning/airflow/learn_airflow/airflow_home/venv/lib/python3.9/site-packages/airflow/example_dags/example_complex.py
[2026-02-25T07:04:03.874+0530] {processor.py:840} INFO - DAG(s) 'example_complex' retrieved from /Users/neerajvyas/learning/airflow/learn_airflow/airflow_home/venv/lib/python3.9/site-packages/airflow/example_dags/example_complex.py
[2026-02-25T07:04:03.920+0530] {logging_mixin.py:188} INFO - [2026-02-25T07:04:03.920+0530] {dag.py:3036} INFO - Sync 1 DAGs
[2026-02-25T07:04:03.924+0530] {logging_mixin.py:188} INFO - [2026-02-25T07:04:03.924+0530] {dag.py:3823} INFO - Setting next_dagrun for example_complex to None, run_after=None
[2026-02-25T07:04:03.932+0530] {processor.py:183} INFO - Processing /Users/neerajvyas/learning/airflow/learn_airflow/airflow_home/venv/lib/python3.9/site-packages/airflow/example_dags/example_complex.py took 0.065 seconds
