[2026-02-25T06:47:37.364+0530] {processor.py:161} INFO - Started process (PID=61793) to work on /Users/neerajvyas/learning/airflow/learn_airflow/airflow_home/venv/lib/python3.9/site-packages/airflow/example_dags/example_nested_branch_dag.py
[2026-02-25T06:47:37.364+0530] {processor.py:830} INFO - Processing file /Users/neerajvyas/learning/airflow/learn_airflow/airflow_home/venv/lib/python3.9/site-packages/airflow/example_dags/example_nested_branch_dag.py for tasks to queue
[2026-02-25T06:47:37.365+0530] {logging_mixin.py:188} INFO - [2026-02-25T06:47:37.365+0530] {dagbag.py:538} INFO - Filling up the DagBag from /Users/neerajvyas/learning/airflow/learn_airflow/airflow_home/venv/lib/python3.9/site-packages/airflow/example_dags/example_nested_branch_dag.py
[2026-02-25T06:47:37.381+0530] {processor.py:840} INFO - DAG(s) 'example_nested_branch_dag' retrieved from /Users/neerajvyas/learning/airflow/learn_airflow/airflow_home/venv/lib/python3.9/site-packages/airflow/example_dags/example_nested_branch_dag.py
[2026-02-25T06:47:37.458+0530] {logging_mixin.py:188} INFO - [2026-02-25T06:47:37.458+0530] {override.py:1769} INFO - Created Permission View: can delete on DAG:example_nested_branch_dag
[2026-02-25T06:47:37.461+0530] {logging_mixin.py:188} INFO - [2026-02-25T06:47:37.461+0530] {override.py:1769} INFO - Created Permission View: can edit on DAG:example_nested_branch_dag
[2026-02-25T06:47:37.463+0530] {logging_mixin.py:188} INFO - [2026-02-25T06:47:37.463+0530] {override.py:1769} INFO - Created Permission View: can read on DAG:example_nested_branch_dag
[2026-02-25T06:47:37.464+0530] {logging_mixin.py:188} INFO - [2026-02-25T06:47:37.464+0530] {dag.py:3036} INFO - Sync 1 DAGs
[2026-02-25T06:47:37.467+0530] {logging_mixin.py:188} INFO - [2026-02-25T06:47:37.467+0530] {dag.py:3058} INFO - Creating ORM DAG for example_nested_branch_dag
[2026-02-25T06:47:37.471+0530] {logging_mixin.py:188} INFO - [2026-02-25T06:47:37.471+0530] {dag.py:3823} INFO - Setting next_dagrun for example_nested_branch_dag to 2026-02-24 00:00:00+00:00, run_after=2026-02-25 00:00:00+00:00
[2026-02-25T06:47:37.478+0530] {processor.py:183} INFO - Processing /Users/neerajvyas/learning/airflow/learn_airflow/airflow_home/venv/lib/python3.9/site-packages/airflow/example_dags/example_nested_branch_dag.py took 0.114 seconds
[2026-02-25T06:49:24.404+0530] {processor.py:161} INFO - Started process (PID=65294) to work on /Users/neerajvyas/learning/airflow/learn_airflow/airflow_home/venv/lib/python3.9/site-packages/airflow/example_dags/example_nested_branch_dag.py
[2026-02-25T06:49:24.405+0530] {processor.py:830} INFO - Processing file /Users/neerajvyas/learning/airflow/learn_airflow/airflow_home/venv/lib/python3.9/site-packages/airflow/example_dags/example_nested_branch_dag.py for tasks to queue
[2026-02-25T06:49:24.406+0530] {logging_mixin.py:188} INFO - [2026-02-25T06:49:24.406+0530] {dagbag.py:538} INFO - Filling up the DagBag from /Users/neerajvyas/learning/airflow/learn_airflow/airflow_home/venv/lib/python3.9/site-packages/airflow/example_dags/example_nested_branch_dag.py
[2026-02-25T06:49:24.425+0530] {processor.py:840} INFO - DAG(s) 'example_nested_branch_dag' retrieved from /Users/neerajvyas/learning/airflow/learn_airflow/airflow_home/venv/lib/python3.9/site-packages/airflow/example_dags/example_nested_branch_dag.py
[2026-02-25T06:49:24.470+0530] {logging_mixin.py:188} INFO - [2026-02-25T06:49:24.470+0530] {dag.py:3036} INFO - Sync 1 DAGs
[2026-02-25T06:49:24.477+0530] {logging_mixin.py:188} INFO - [2026-02-25T06:49:24.477+0530] {dag.py:3823} INFO - Setting next_dagrun for example_nested_branch_dag to 2026-02-24 00:00:00+00:00, run_after=2026-02-25 00:00:00+00:00
[2026-02-25T06:49:24.484+0530] {processor.py:183} INFO - Processing /Users/neerajvyas/learning/airflow/learn_airflow/airflow_home/venv/lib/python3.9/site-packages/airflow/example_dags/example_nested_branch_dag.py took 0.081 seconds
[2026-02-25T06:50:47.125+0530] {processor.py:161} INFO - Started process (PID=68200) to work on /Users/neerajvyas/learning/airflow/learn_airflow/airflow_home/venv/lib/python3.9/site-packages/airflow/example_dags/example_nested_branch_dag.py
[2026-02-25T06:50:47.127+0530] {processor.py:830} INFO - Processing file /Users/neerajvyas/learning/airflow/learn_airflow/airflow_home/venv/lib/python3.9/site-packages/airflow/example_dags/example_nested_branch_dag.py for tasks to queue
[2026-02-25T06:50:47.127+0530] {logging_mixin.py:188} INFO - [2026-02-25T06:50:47.127+0530] {dagbag.py:538} INFO - Filling up the DagBag from /Users/neerajvyas/learning/airflow/learn_airflow/airflow_home/venv/lib/python3.9/site-packages/airflow/example_dags/example_nested_branch_dag.py
[2026-02-25T06:50:47.143+0530] {processor.py:840} INFO - DAG(s) 'example_nested_branch_dag' retrieved from /Users/neerajvyas/learning/airflow/learn_airflow/airflow_home/venv/lib/python3.9/site-packages/airflow/example_dags/example_nested_branch_dag.py
[2026-02-25T06:50:47.185+0530] {logging_mixin.py:188} INFO - [2026-02-25T06:50:47.185+0530] {dag.py:3036} INFO - Sync 1 DAGs
[2026-02-25T06:50:47.193+0530] {logging_mixin.py:188} INFO - [2026-02-25T06:50:47.193+0530] {dag.py:3823} INFO - Setting next_dagrun for example_nested_branch_dag to 2026-02-24 00:00:00+00:00, run_after=2026-02-25 00:00:00+00:00
[2026-02-25T06:50:47.200+0530] {processor.py:183} INFO - Processing /Users/neerajvyas/learning/airflow/learn_airflow/airflow_home/venv/lib/python3.9/site-packages/airflow/example_dags/example_nested_branch_dag.py took 0.075 seconds
[2026-02-25T06:52:33.577+0530] {processor.py:161} INFO - Started process (PID=71809) to work on /Users/neerajvyas/learning/airflow/learn_airflow/airflow_home/venv/lib/python3.9/site-packages/airflow/example_dags/example_nested_branch_dag.py
[2026-02-25T06:52:33.577+0530] {processor.py:830} INFO - Processing file /Users/neerajvyas/learning/airflow/learn_airflow/airflow_home/venv/lib/python3.9/site-packages/airflow/example_dags/example_nested_branch_dag.py for tasks to queue
[2026-02-25T06:52:33.578+0530] {logging_mixin.py:188} INFO - [2026-02-25T06:52:33.577+0530] {dagbag.py:538} INFO - Filling up the DagBag from /Users/neerajvyas/learning/airflow/learn_airflow/airflow_home/venv/lib/python3.9/site-packages/airflow/example_dags/example_nested_branch_dag.py
[2026-02-25T06:52:33.594+0530] {processor.py:840} INFO - DAG(s) 'example_nested_branch_dag' retrieved from /Users/neerajvyas/learning/airflow/learn_airflow/airflow_home/venv/lib/python3.9/site-packages/airflow/example_dags/example_nested_branch_dag.py
[2026-02-25T06:52:33.638+0530] {logging_mixin.py:188} INFO - [2026-02-25T06:52:33.638+0530] {dag.py:3036} INFO - Sync 1 DAGs
[2026-02-25T06:52:33.647+0530] {logging_mixin.py:188} INFO - [2026-02-25T06:52:33.646+0530] {dag.py:3823} INFO - Setting next_dagrun for example_nested_branch_dag to 2026-02-24 00:00:00+00:00, run_after=2026-02-25 00:00:00+00:00
[2026-02-25T06:52:33.655+0530] {processor.py:183} INFO - Processing /Users/neerajvyas/learning/airflow/learn_airflow/airflow_home/venv/lib/python3.9/site-packages/airflow/example_dags/example_nested_branch_dag.py took 0.079 seconds
[2026-02-25T06:54:21.094+0530] {processor.py:161} INFO - Started process (PID=75683) to work on /Users/neerajvyas/learning/airflow/learn_airflow/airflow_home/venv/lib/python3.9/site-packages/airflow/example_dags/example_nested_branch_dag.py
[2026-02-25T06:54:21.095+0530] {processor.py:830} INFO - Processing file /Users/neerajvyas/learning/airflow/learn_airflow/airflow_home/venv/lib/python3.9/site-packages/airflow/example_dags/example_nested_branch_dag.py for tasks to queue
[2026-02-25T06:54:21.095+0530] {logging_mixin.py:188} INFO - [2026-02-25T06:54:21.095+0530] {dagbag.py:538} INFO - Filling up the DagBag from /Users/neerajvyas/learning/airflow/learn_airflow/airflow_home/venv/lib/python3.9/site-packages/airflow/example_dags/example_nested_branch_dag.py
[2026-02-25T06:54:21.111+0530] {processor.py:840} INFO - DAG(s) 'example_nested_branch_dag' retrieved from /Users/neerajvyas/learning/airflow/learn_airflow/airflow_home/venv/lib/python3.9/site-packages/airflow/example_dags/example_nested_branch_dag.py
[2026-02-25T06:54:21.156+0530] {logging_mixin.py:188} INFO - [2026-02-25T06:54:21.156+0530] {dag.py:3036} INFO - Sync 1 DAGs
[2026-02-25T06:54:21.164+0530] {logging_mixin.py:188} INFO - [2026-02-25T06:54:21.164+0530] {dag.py:3823} INFO - Setting next_dagrun for example_nested_branch_dag to 2026-02-24 00:00:00+00:00, run_after=2026-02-25 00:00:00+00:00
[2026-02-25T06:54:21.173+0530] {processor.py:183} INFO - Processing /Users/neerajvyas/learning/airflow/learn_airflow/airflow_home/venv/lib/python3.9/site-packages/airflow/example_dags/example_nested_branch_dag.py took 0.078 seconds
[2026-02-25T06:56:07.497+0530] {processor.py:161} INFO - Started process (PID=79524) to work on /Users/neerajvyas/learning/airflow/learn_airflow/airflow_home/venv/lib/python3.9/site-packages/airflow/example_dags/example_nested_branch_dag.py
[2026-02-25T06:56:07.498+0530] {processor.py:830} INFO - Processing file /Users/neerajvyas/learning/airflow/learn_airflow/airflow_home/venv/lib/python3.9/site-packages/airflow/example_dags/example_nested_branch_dag.py for tasks to queue
[2026-02-25T06:56:07.498+0530] {logging_mixin.py:188} INFO - [2026-02-25T06:56:07.498+0530] {dagbag.py:538} INFO - Filling up the DagBag from /Users/neerajvyas/learning/airflow/learn_airflow/airflow_home/venv/lib/python3.9/site-packages/airflow/example_dags/example_nested_branch_dag.py
[2026-02-25T06:56:07.515+0530] {processor.py:840} INFO - DAG(s) 'example_nested_branch_dag' retrieved from /Users/neerajvyas/learning/airflow/learn_airflow/airflow_home/venv/lib/python3.9/site-packages/airflow/example_dags/example_nested_branch_dag.py
[2026-02-25T06:56:07.559+0530] {logging_mixin.py:188} INFO - [2026-02-25T06:56:07.559+0530] {dag.py:3036} INFO - Sync 1 DAGs
[2026-02-25T06:56:07.567+0530] {logging_mixin.py:188} INFO - [2026-02-25T06:56:07.567+0530] {dag.py:3823} INFO - Setting next_dagrun for example_nested_branch_dag to 2026-02-24 00:00:00+00:00, run_after=2026-02-25 00:00:00+00:00
[2026-02-25T06:56:07.575+0530] {processor.py:183} INFO - Processing /Users/neerajvyas/learning/airflow/learn_airflow/airflow_home/venv/lib/python3.9/site-packages/airflow/example_dags/example_nested_branch_dag.py took 0.078 seconds
[2026-02-25T06:57:57.250+0530] {processor.py:161} INFO - Started process (PID=83548) to work on /Users/neerajvyas/learning/airflow/learn_airflow/airflow_home/venv/lib/python3.9/site-packages/airflow/example_dags/example_nested_branch_dag.py
[2026-02-25T06:57:57.250+0530] {processor.py:830} INFO - Processing file /Users/neerajvyas/learning/airflow/learn_airflow/airflow_home/venv/lib/python3.9/site-packages/airflow/example_dags/example_nested_branch_dag.py for tasks to queue
[2026-02-25T06:57:57.251+0530] {logging_mixin.py:188} INFO - [2026-02-25T06:57:57.251+0530] {dagbag.py:538} INFO - Filling up the DagBag from /Users/neerajvyas/learning/airflow/learn_airflow/airflow_home/venv/lib/python3.9/site-packages/airflow/example_dags/example_nested_branch_dag.py
[2026-02-25T06:57:57.266+0530] {processor.py:840} INFO - DAG(s) 'example_nested_branch_dag' retrieved from /Users/neerajvyas/learning/airflow/learn_airflow/airflow_home/venv/lib/python3.9/site-packages/airflow/example_dags/example_nested_branch_dag.py
[2026-02-25T06:57:57.309+0530] {logging_mixin.py:188} INFO - [2026-02-25T06:57:57.309+0530] {dag.py:3036} INFO - Sync 1 DAGs
[2026-02-25T06:57:57.316+0530] {logging_mixin.py:188} INFO - [2026-02-25T06:57:57.316+0530] {dag.py:3823} INFO - Setting next_dagrun for example_nested_branch_dag to 2026-02-24 00:00:00+00:00, run_after=2026-02-25 00:00:00+00:00
[2026-02-25T06:57:57.323+0530] {processor.py:183} INFO - Processing /Users/neerajvyas/learning/airflow/learn_airflow/airflow_home/venv/lib/python3.9/site-packages/airflow/example_dags/example_nested_branch_dag.py took 0.074 seconds
[2026-02-25T06:59:44.016+0530] {processor.py:161} INFO - Started process (PID=87146) to work on /Users/neerajvyas/learning/airflow/learn_airflow/airflow_home/venv/lib/python3.9/site-packages/airflow/example_dags/example_nested_branch_dag.py
[2026-02-25T06:59:44.016+0530] {processor.py:830} INFO - Processing file /Users/neerajvyas/learning/airflow/learn_airflow/airflow_home/venv/lib/python3.9/site-packages/airflow/example_dags/example_nested_branch_dag.py for tasks to queue
[2026-02-25T06:59:44.017+0530] {logging_mixin.py:188} INFO - [2026-02-25T06:59:44.017+0530] {dagbag.py:538} INFO - Filling up the DagBag from /Users/neerajvyas/learning/airflow/learn_airflow/airflow_home/venv/lib/python3.9/site-packages/airflow/example_dags/example_nested_branch_dag.py
[2026-02-25T06:59:44.033+0530] {processor.py:840} INFO - DAG(s) 'example_nested_branch_dag' retrieved from /Users/neerajvyas/learning/airflow/learn_airflow/airflow_home/venv/lib/python3.9/site-packages/airflow/example_dags/example_nested_branch_dag.py
[2026-02-25T06:59:44.076+0530] {logging_mixin.py:188} INFO - [2026-02-25T06:59:44.076+0530] {dag.py:3036} INFO - Sync 1 DAGs
[2026-02-25T06:59:44.084+0530] {logging_mixin.py:188} INFO - [2026-02-25T06:59:44.084+0530] {dag.py:3823} INFO - Setting next_dagrun for example_nested_branch_dag to 2026-02-24 00:00:00+00:00, run_after=2026-02-25 00:00:00+00:00
[2026-02-25T06:59:44.091+0530] {processor.py:183} INFO - Processing /Users/neerajvyas/learning/airflow/learn_airflow/airflow_home/venv/lib/python3.9/site-packages/airflow/example_dags/example_nested_branch_dag.py took 0.076 seconds
[2026-02-25T07:01:31.466+0530] {processor.py:161} INFO - Started process (PID=91157) to work on /Users/neerajvyas/learning/airflow/learn_airflow/airflow_home/venv/lib/python3.9/site-packages/airflow/example_dags/example_nested_branch_dag.py
[2026-02-25T07:01:31.467+0530] {processor.py:830} INFO - Processing file /Users/neerajvyas/learning/airflow/learn_airflow/airflow_home/venv/lib/python3.9/site-packages/airflow/example_dags/example_nested_branch_dag.py for tasks to queue
[2026-02-25T07:01:31.467+0530] {logging_mixin.py:188} INFO - [2026-02-25T07:01:31.467+0530] {dagbag.py:538} INFO - Filling up the DagBag from /Users/neerajvyas/learning/airflow/learn_airflow/airflow_home/venv/lib/python3.9/site-packages/airflow/example_dags/example_nested_branch_dag.py
[2026-02-25T07:01:31.484+0530] {processor.py:840} INFO - DAG(s) 'example_nested_branch_dag' retrieved from /Users/neerajvyas/learning/airflow/learn_airflow/airflow_home/venv/lib/python3.9/site-packages/airflow/example_dags/example_nested_branch_dag.py
[2026-02-25T07:01:31.527+0530] {logging_mixin.py:188} INFO - [2026-02-25T07:01:31.526+0530] {dag.py:3036} INFO - Sync 1 DAGs
[2026-02-25T07:01:31.534+0530] {logging_mixin.py:188} INFO - [2026-02-25T07:01:31.534+0530] {dag.py:3823} INFO - Setting next_dagrun for example_nested_branch_dag to 2026-02-24 00:00:00+00:00, run_after=2026-02-25 00:00:00+00:00
[2026-02-25T07:01:31.542+0530] {processor.py:183} INFO - Processing /Users/neerajvyas/learning/airflow/learn_airflow/airflow_home/venv/lib/python3.9/site-packages/airflow/example_dags/example_nested_branch_dag.py took 0.076 seconds
[2026-02-25T07:03:23.478+0530] {processor.py:161} INFO - Started process (PID=94919) to work on /Users/neerajvyas/learning/airflow/learn_airflow/airflow_home/venv/lib/python3.9/site-packages/airflow/example_dags/example_nested_branch_dag.py
[2026-02-25T07:03:23.479+0530] {processor.py:830} INFO - Processing file /Users/neerajvyas/learning/airflow/learn_airflow/airflow_home/venv/lib/python3.9/site-packages/airflow/example_dags/example_nested_branch_dag.py for tasks to queue
[2026-02-25T07:03:23.480+0530] {logging_mixin.py:188} INFO - [2026-02-25T07:03:23.479+0530] {dagbag.py:538} INFO - Filling up the DagBag from /Users/neerajvyas/learning/airflow/learn_airflow/airflow_home/venv/lib/python3.9/site-packages/airflow/example_dags/example_nested_branch_dag.py
[2026-02-25T07:03:23.496+0530] {processor.py:840} INFO - DAG(s) 'example_nested_branch_dag' retrieved from /Users/neerajvyas/learning/airflow/learn_airflow/airflow_home/venv/lib/python3.9/site-packages/airflow/example_dags/example_nested_branch_dag.py
[2026-02-25T07:03:23.542+0530] {logging_mixin.py:188} INFO - [2026-02-25T07:03:23.542+0530] {dag.py:3036} INFO - Sync 1 DAGs
[2026-02-25T07:03:23.550+0530] {logging_mixin.py:188} INFO - [2026-02-25T07:03:23.550+0530] {dag.py:3823} INFO - Setting next_dagrun for example_nested_branch_dag to 2026-02-24 00:00:00+00:00, run_after=2026-02-25 00:00:00+00:00
[2026-02-25T07:03:23.557+0530] {processor.py:183} INFO - Processing /Users/neerajvyas/learning/airflow/learn_airflow/airflow_home/venv/lib/python3.9/site-packages/airflow/example_dags/example_nested_branch_dag.py took 0.079 seconds
