[2026-02-25T06:47:04.504+0530] {processor.py:161} INFO - Started process (PID=60742) to work on /Users/neerajvyas/learning/airflow/learn_airflow/airflow_home/venv/lib/python3.9/site-packages/airflow/example_dags/example_trigger_controller_dag.py
[2026-02-25T06:47:04.504+0530] {processor.py:830} INFO - Processing file /Users/neerajvyas/learning/airflow/learn_airflow/airflow_home/venv/lib/python3.9/site-packages/airflow/example_dags/example_trigger_controller_dag.py for tasks to queue
[2026-02-25T06:47:04.504+0530] {logging_mixin.py:188} INFO - [2026-02-25T06:47:04.504+0530] {dagbag.py:538} INFO - Filling up the DagBag from /Users/neerajvyas/learning/airflow/learn_airflow/airflow_home/venv/lib/python3.9/site-packages/airflow/example_dags/example_trigger_controller_dag.py
[2026-02-25T06:47:04.509+0530] {processor.py:840} INFO - DAG(s) 'example_trigger_controller_dag' retrieved from /Users/neerajvyas/learning/airflow/learn_airflow/airflow_home/venv/lib/python3.9/site-packages/airflow/example_dags/example_trigger_controller_dag.py
[2026-02-25T06:47:04.589+0530] {logging_mixin.py:188} INFO - [2026-02-25T06:47:04.588+0530] {override.py:1769} INFO - Created Permission View: can read on DAG:example_trigger_controller_dag
[2026-02-25T06:47:04.592+0530] {logging_mixin.py:188} INFO - [2026-02-25T06:47:04.592+0530] {override.py:1769} INFO - Created Permission View: can edit on DAG:example_trigger_controller_dag
[2026-02-25T06:47:04.594+0530] {logging_mixin.py:188} INFO - [2026-02-25T06:47:04.594+0530] {override.py:1769} INFO - Created Permission View: can delete on DAG:example_trigger_controller_dag
[2026-02-25T06:47:04.595+0530] {logging_mixin.py:188} INFO - [2026-02-25T06:47:04.595+0530] {dag.py:3036} INFO - Sync 1 DAGs
[2026-02-25T06:47:04.598+0530] {logging_mixin.py:188} INFO - [2026-02-25T06:47:04.598+0530] {dag.py:3058} INFO - Creating ORM DAG for example_trigger_controller_dag
[2026-02-25T06:47:04.601+0530] {logging_mixin.py:188} INFO - [2026-02-25T06:47:04.601+0530] {dag.py:3823} INFO - Setting next_dagrun for example_trigger_controller_dag to 2021-01-01 00:00:00+00:00, run_after=2021-01-01 00:00:00+00:00
[2026-02-25T06:47:04.607+0530] {processor.py:183} INFO - Processing /Users/neerajvyas/learning/airflow/learn_airflow/airflow_home/venv/lib/python3.9/site-packages/airflow/example_dags/example_trigger_controller_dag.py took 0.104 seconds
[2026-02-25T06:48:30.198+0530] {processor.py:161} INFO - Started process (PID=63552) to work on /Users/neerajvyas/learning/airflow/learn_airflow/airflow_home/venv/lib/python3.9/site-packages/airflow/example_dags/example_trigger_controller_dag.py
[2026-02-25T06:48:30.200+0530] {processor.py:830} INFO - Processing file /Users/neerajvyas/learning/airflow/learn_airflow/airflow_home/venv/lib/python3.9/site-packages/airflow/example_dags/example_trigger_controller_dag.py for tasks to queue
[2026-02-25T06:48:30.200+0530] {logging_mixin.py:188} INFO - [2026-02-25T06:48:30.200+0530] {dagbag.py:538} INFO - Filling up the DagBag from /Users/neerajvyas/learning/airflow/learn_airflow/airflow_home/venv/lib/python3.9/site-packages/airflow/example_dags/example_trigger_controller_dag.py
[2026-02-25T06:48:30.204+0530] {processor.py:840} INFO - DAG(s) 'example_trigger_controller_dag' retrieved from /Users/neerajvyas/learning/airflow/learn_airflow/airflow_home/venv/lib/python3.9/site-packages/airflow/example_dags/example_trigger_controller_dag.py
[2026-02-25T06:48:30.256+0530] {logging_mixin.py:188} INFO - [2026-02-25T06:48:30.256+0530] {dag.py:3036} INFO - Sync 1 DAGs
[2026-02-25T06:48:30.263+0530] {logging_mixin.py:188} INFO - [2026-02-25T06:48:30.263+0530] {dag.py:3823} INFO - Setting next_dagrun for example_trigger_controller_dag to 2021-01-01 00:00:00+00:00, run_after=2021-01-01 00:00:00+00:00
[2026-02-25T06:48:30.271+0530] {processor.py:183} INFO - Processing /Users/neerajvyas/learning/airflow/learn_airflow/airflow_home/venv/lib/python3.9/site-packages/airflow/example_dags/example_trigger_controller_dag.py took 0.073 seconds
[2026-02-25T06:49:22.556+0530] {processor.py:161} INFO - Started process (PID=65293) to work on /Users/neerajvyas/learning/airflow/learn_airflow/airflow_home/venv/lib/python3.9/site-packages/airflow/example_dags/example_trigger_controller_dag.py
[2026-02-25T06:49:22.557+0530] {processor.py:830} INFO - Processing file /Users/neerajvyas/learning/airflow/learn_airflow/airflow_home/venv/lib/python3.9/site-packages/airflow/example_dags/example_trigger_controller_dag.py for tasks to queue
[2026-02-25T06:49:22.558+0530] {logging_mixin.py:188} INFO - [2026-02-25T06:49:22.558+0530] {dagbag.py:538} INFO - Filling up the DagBag from /Users/neerajvyas/learning/airflow/learn_airflow/airflow_home/venv/lib/python3.9/site-packages/airflow/example_dags/example_trigger_controller_dag.py
[2026-02-25T06:49:22.562+0530] {processor.py:840} INFO - DAG(s) 'example_trigger_controller_dag' retrieved from /Users/neerajvyas/learning/airflow/learn_airflow/airflow_home/venv/lib/python3.9/site-packages/airflow/example_dags/example_trigger_controller_dag.py
[2026-02-25T06:49:22.604+0530] {logging_mixin.py:188} INFO - [2026-02-25T06:49:22.604+0530] {dag.py:3036} INFO - Sync 1 DAGs
[2026-02-25T06:49:22.610+0530] {logging_mixin.py:188} INFO - [2026-02-25T06:49:22.610+0530] {dag.py:3823} INFO - Setting next_dagrun for example_trigger_controller_dag to 2021-01-01 00:00:00+00:00, run_after=2021-01-01 00:00:00+00:00
[2026-02-25T06:49:22.618+0530] {processor.py:183} INFO - Processing /Users/neerajvyas/learning/airflow/learn_airflow/airflow_home/venv/lib/python3.9/site-packages/airflow/example_dags/example_trigger_controller_dag.py took 0.063 seconds
[2026-02-25T06:50:15.769+0530] {processor.py:161} INFO - Started process (PID=67151) to work on /Users/neerajvyas/learning/airflow/learn_airflow/airflow_home/venv/lib/python3.9/site-packages/airflow/example_dags/example_trigger_controller_dag.py
[2026-02-25T06:50:15.770+0530] {processor.py:830} INFO - Processing file /Users/neerajvyas/learning/airflow/learn_airflow/airflow_home/venv/lib/python3.9/site-packages/airflow/example_dags/example_trigger_controller_dag.py for tasks to queue
[2026-02-25T06:50:15.771+0530] {logging_mixin.py:188} INFO - [2026-02-25T06:50:15.771+0530] {dagbag.py:538} INFO - Filling up the DagBag from /Users/neerajvyas/learning/airflow/learn_airflow/airflow_home/venv/lib/python3.9/site-packages/airflow/example_dags/example_trigger_controller_dag.py
[2026-02-25T06:50:15.775+0530] {processor.py:840} INFO - DAG(s) 'example_trigger_controller_dag' retrieved from /Users/neerajvyas/learning/airflow/learn_airflow/airflow_home/venv/lib/python3.9/site-packages/airflow/example_dags/example_trigger_controller_dag.py
[2026-02-25T06:50:15.817+0530] {logging_mixin.py:188} INFO - [2026-02-25T06:50:15.816+0530] {dag.py:3036} INFO - Sync 1 DAGs
[2026-02-25T06:50:15.823+0530] {logging_mixin.py:188} INFO - [2026-02-25T06:50:15.823+0530] {dag.py:3823} INFO - Setting next_dagrun for example_trigger_controller_dag to 2021-01-01 00:00:00+00:00, run_after=2021-01-01 00:00:00+00:00
[2026-02-25T06:50:15.830+0530] {processor.py:183} INFO - Processing /Users/neerajvyas/learning/airflow/learn_airflow/airflow_home/venv/lib/python3.9/site-packages/airflow/example_dags/example_trigger_controller_dag.py took 0.061 seconds
[2026-02-25T06:51:08.434+0530] {processor.py:161} INFO - Started process (PID=68898) to work on /Users/neerajvyas/learning/airflow/learn_airflow/airflow_home/venv/lib/python3.9/site-packages/airflow/example_dags/example_trigger_controller_dag.py
[2026-02-25T06:51:08.435+0530] {processor.py:830} INFO - Processing file /Users/neerajvyas/learning/airflow/learn_airflow/airflow_home/venv/lib/python3.9/site-packages/airflow/example_dags/example_trigger_controller_dag.py for tasks to queue
[2026-02-25T06:51:08.435+0530] {logging_mixin.py:188} INFO - [2026-02-25T06:51:08.435+0530] {dagbag.py:538} INFO - Filling up the DagBag from /Users/neerajvyas/learning/airflow/learn_airflow/airflow_home/venv/lib/python3.9/site-packages/airflow/example_dags/example_trigger_controller_dag.py
[2026-02-25T06:51:08.440+0530] {processor.py:840} INFO - DAG(s) 'example_trigger_controller_dag' retrieved from /Users/neerajvyas/learning/airflow/learn_airflow/airflow_home/venv/lib/python3.9/site-packages/airflow/example_dags/example_trigger_controller_dag.py
[2026-02-25T06:51:08.481+0530] {logging_mixin.py:188} INFO - [2026-02-25T06:51:08.481+0530] {dag.py:3036} INFO - Sync 1 DAGs
[2026-02-25T06:51:08.488+0530] {logging_mixin.py:188} INFO - [2026-02-25T06:51:08.488+0530] {dag.py:3823} INFO - Setting next_dagrun for example_trigger_controller_dag to 2021-01-01 00:00:00+00:00, run_after=2021-01-01 00:00:00+00:00
[2026-02-25T06:51:08.495+0530] {processor.py:183} INFO - Processing /Users/neerajvyas/learning/airflow/learn_airflow/airflow_home/venv/lib/python3.9/site-packages/airflow/example_dags/example_trigger_controller_dag.py took 0.062 seconds
[2026-02-25T06:52:02.763+0530] {processor.py:161} INFO - Started process (PID=70650) to work on /Users/neerajvyas/learning/airflow/learn_airflow/airflow_home/venv/lib/python3.9/site-packages/airflow/example_dags/example_trigger_controller_dag.py
[2026-02-25T06:52:02.764+0530] {processor.py:830} INFO - Processing file /Users/neerajvyas/learning/airflow/learn_airflow/airflow_home/venv/lib/python3.9/site-packages/airflow/example_dags/example_trigger_controller_dag.py for tasks to queue
[2026-02-25T06:52:02.764+0530] {logging_mixin.py:188} INFO - [2026-02-25T06:52:02.764+0530] {dagbag.py:538} INFO - Filling up the DagBag from /Users/neerajvyas/learning/airflow/learn_airflow/airflow_home/venv/lib/python3.9/site-packages/airflow/example_dags/example_trigger_controller_dag.py
[2026-02-25T06:52:02.769+0530] {processor.py:840} INFO - DAG(s) 'example_trigger_controller_dag' retrieved from /Users/neerajvyas/learning/airflow/learn_airflow/airflow_home/venv/lib/python3.9/site-packages/airflow/example_dags/example_trigger_controller_dag.py
[2026-02-25T06:52:02.816+0530] {logging_mixin.py:188} INFO - [2026-02-25T06:52:02.816+0530] {dag.py:3036} INFO - Sync 1 DAGs
[2026-02-25T06:52:02.823+0530] {logging_mixin.py:188} INFO - [2026-02-25T06:52:02.823+0530] {dag.py:3823} INFO - Setting next_dagrun for example_trigger_controller_dag to 2021-01-01 00:00:00+00:00, run_after=2021-01-01 00:00:00+00:00
[2026-02-25T06:52:02.831+0530] {processor.py:183} INFO - Processing /Users/neerajvyas/learning/airflow/learn_airflow/airflow_home/venv/lib/python3.9/site-packages/airflow/example_dags/example_trigger_controller_dag.py took 0.068 seconds
[2026-02-25T06:52:56.483+0530] {processor.py:161} INFO - Started process (PID=72868) to work on /Users/neerajvyas/learning/airflow/learn_airflow/airflow_home/venv/lib/python3.9/site-packages/airflow/example_dags/example_trigger_controller_dag.py
[2026-02-25T06:52:56.484+0530] {processor.py:830} INFO - Processing file /Users/neerajvyas/learning/airflow/learn_airflow/airflow_home/venv/lib/python3.9/site-packages/airflow/example_dags/example_trigger_controller_dag.py for tasks to queue
[2026-02-25T06:52:56.484+0530] {logging_mixin.py:188} INFO - [2026-02-25T06:52:56.484+0530] {dagbag.py:538} INFO - Filling up the DagBag from /Users/neerajvyas/learning/airflow/learn_airflow/airflow_home/venv/lib/python3.9/site-packages/airflow/example_dags/example_trigger_controller_dag.py
[2026-02-25T06:52:56.492+0530] {processor.py:840} INFO - DAG(s) 'example_trigger_controller_dag' retrieved from /Users/neerajvyas/learning/airflow/learn_airflow/airflow_home/venv/lib/python3.9/site-packages/airflow/example_dags/example_trigger_controller_dag.py
[2026-02-25T06:52:56.533+0530] {logging_mixin.py:188} INFO - [2026-02-25T06:52:56.533+0530] {dag.py:3036} INFO - Sync 1 DAGs
[2026-02-25T06:52:56.540+0530] {logging_mixin.py:188} INFO - [2026-02-25T06:52:56.539+0530] {dag.py:3823} INFO - Setting next_dagrun for example_trigger_controller_dag to 2021-01-01 00:00:00+00:00, run_after=2021-01-01 00:00:00+00:00
[2026-02-25T06:52:56.547+0530] {processor.py:183} INFO - Processing /Users/neerajvyas/learning/airflow/learn_airflow/airflow_home/venv/lib/python3.9/site-packages/airflow/example_dags/example_trigger_controller_dag.py took 0.064 seconds
[2026-02-25T06:53:49.512+0530] {processor.py:161} INFO - Started process (PID=74633) to work on /Users/neerajvyas/learning/airflow/learn_airflow/airflow_home/venv/lib/python3.9/site-packages/airflow/example_dags/example_trigger_controller_dag.py
[2026-02-25T06:53:49.514+0530] {processor.py:830} INFO - Processing file /Users/neerajvyas/learning/airflow/learn_airflow/airflow_home/venv/lib/python3.9/site-packages/airflow/example_dags/example_trigger_controller_dag.py for tasks to queue
[2026-02-25T06:53:49.514+0530] {logging_mixin.py:188} INFO - [2026-02-25T06:53:49.514+0530] {dagbag.py:538} INFO - Filling up the DagBag from /Users/neerajvyas/learning/airflow/learn_airflow/airflow_home/venv/lib/python3.9/site-packages/airflow/example_dags/example_trigger_controller_dag.py
[2026-02-25T06:53:49.518+0530] {processor.py:840} INFO - DAG(s) 'example_trigger_controller_dag' retrieved from /Users/neerajvyas/learning/airflow/learn_airflow/airflow_home/venv/lib/python3.9/site-packages/airflow/example_dags/example_trigger_controller_dag.py
[2026-02-25T06:53:49.559+0530] {logging_mixin.py:188} INFO - [2026-02-25T06:53:49.559+0530] {dag.py:3036} INFO - Sync 1 DAGs
[2026-02-25T06:53:49.565+0530] {logging_mixin.py:188} INFO - [2026-02-25T06:53:49.565+0530] {dag.py:3823} INFO - Setting next_dagrun for example_trigger_controller_dag to 2021-01-01 00:00:00+00:00, run_after=2021-01-01 00:00:00+00:00
[2026-02-25T06:53:49.572+0530] {processor.py:183} INFO - Processing /Users/neerajvyas/learning/airflow/learn_airflow/airflow_home/venv/lib/python3.9/site-packages/airflow/example_dags/example_trigger_controller_dag.py took 0.061 seconds
[2026-02-25T06:54:43.075+0530] {processor.py:161} INFO - Started process (PID=76381) to work on /Users/neerajvyas/learning/airflow/learn_airflow/airflow_home/venv/lib/python3.9/site-packages/airflow/example_dags/example_trigger_controller_dag.py
[2026-02-25T06:54:43.077+0530] {processor.py:830} INFO - Processing file /Users/neerajvyas/learning/airflow/learn_airflow/airflow_home/venv/lib/python3.9/site-packages/airflow/example_dags/example_trigger_controller_dag.py for tasks to queue
[2026-02-25T06:54:43.077+0530] {logging_mixin.py:188} INFO - [2026-02-25T06:54:43.077+0530] {dagbag.py:538} INFO - Filling up the DagBag from /Users/neerajvyas/learning/airflow/learn_airflow/airflow_home/venv/lib/python3.9/site-packages/airflow/example_dags/example_trigger_controller_dag.py
[2026-02-25T06:54:43.082+0530] {processor.py:840} INFO - DAG(s) 'example_trigger_controller_dag' retrieved from /Users/neerajvyas/learning/airflow/learn_airflow/airflow_home/venv/lib/python3.9/site-packages/airflow/example_dags/example_trigger_controller_dag.py
[2026-02-25T06:54:43.123+0530] {logging_mixin.py:188} INFO - [2026-02-25T06:54:43.123+0530] {dag.py:3036} INFO - Sync 1 DAGs
[2026-02-25T06:54:43.131+0530] {logging_mixin.py:188} INFO - [2026-02-25T06:54:43.130+0530] {dag.py:3823} INFO - Setting next_dagrun for example_trigger_controller_dag to 2021-01-01 00:00:00+00:00, run_after=2021-01-01 00:00:00+00:00
[2026-02-25T06:54:43.138+0530] {processor.py:183} INFO - Processing /Users/neerajvyas/learning/airflow/learn_airflow/airflow_home/venv/lib/python3.9/site-packages/airflow/example_dags/example_trigger_controller_dag.py took 0.063 seconds
[2026-02-25T06:55:37.387+0530] {processor.py:161} INFO - Started process (PID=78129) to work on /Users/neerajvyas/learning/airflow/learn_airflow/airflow_home/venv/lib/python3.9/site-packages/airflow/example_dags/example_trigger_controller_dag.py
[2026-02-25T06:55:37.388+0530] {processor.py:830} INFO - Processing file /Users/neerajvyas/learning/airflow/learn_airflow/airflow_home/venv/lib/python3.9/site-packages/airflow/example_dags/example_trigger_controller_dag.py for tasks to queue
[2026-02-25T06:55:37.388+0530] {logging_mixin.py:188} INFO - [2026-02-25T06:55:37.388+0530] {dagbag.py:538} INFO - Filling up the DagBag from /Users/neerajvyas/learning/airflow/learn_airflow/airflow_home/venv/lib/python3.9/site-packages/airflow/example_dags/example_trigger_controller_dag.py
[2026-02-25T06:55:37.393+0530] {processor.py:840} INFO - DAG(s) 'example_trigger_controller_dag' retrieved from /Users/neerajvyas/learning/airflow/learn_airflow/airflow_home/venv/lib/python3.9/site-packages/airflow/example_dags/example_trigger_controller_dag.py
[2026-02-25T06:55:37.437+0530] {logging_mixin.py:188} INFO - [2026-02-25T06:55:37.437+0530] {dag.py:3036} INFO - Sync 1 DAGs
[2026-02-25T06:55:37.443+0530] {logging_mixin.py:188} INFO - [2026-02-25T06:55:37.443+0530] {dag.py:3823} INFO - Setting next_dagrun for example_trigger_controller_dag to 2021-01-01 00:00:00+00:00, run_after=2021-01-01 00:00:00+00:00
[2026-02-25T06:55:37.451+0530] {processor.py:183} INFO - Processing /Users/neerajvyas/learning/airflow/learn_airflow/airflow_home/venv/lib/python3.9/site-packages/airflow/example_dags/example_trigger_controller_dag.py took 0.064 seconds
[2026-02-25T06:56:31.116+0530] {processor.py:161} INFO - Started process (PID=80229) to work on /Users/neerajvyas/learning/airflow/learn_airflow/airflow_home/venv/lib/python3.9/site-packages/airflow/example_dags/example_trigger_controller_dag.py
[2026-02-25T06:56:31.117+0530] {processor.py:830} INFO - Processing file /Users/neerajvyas/learning/airflow/learn_airflow/airflow_home/venv/lib/python3.9/site-packages/airflow/example_dags/example_trigger_controller_dag.py for tasks to queue
[2026-02-25T06:56:31.118+0530] {logging_mixin.py:188} INFO - [2026-02-25T06:56:31.118+0530] {dagbag.py:538} INFO - Filling up the DagBag from /Users/neerajvyas/learning/airflow/learn_airflow/airflow_home/venv/lib/python3.9/site-packages/airflow/example_dags/example_trigger_controller_dag.py
[2026-02-25T06:56:31.127+0530] {processor.py:840} INFO - DAG(s) 'example_trigger_controller_dag' retrieved from /Users/neerajvyas/learning/airflow/learn_airflow/airflow_home/venv/lib/python3.9/site-packages/airflow/example_dags/example_trigger_controller_dag.py
[2026-02-25T06:56:31.176+0530] {logging_mixin.py:188} INFO - [2026-02-25T06:56:31.176+0530] {dag.py:3036} INFO - Sync 1 DAGs
[2026-02-25T06:56:31.183+0530] {logging_mixin.py:188} INFO - [2026-02-25T06:56:31.183+0530] {dag.py:3823} INFO - Setting next_dagrun for example_trigger_controller_dag to 2021-01-01 00:00:00+00:00, run_after=2021-01-01 00:00:00+00:00
[2026-02-25T06:56:31.193+0530] {processor.py:183} INFO - Processing /Users/neerajvyas/learning/airflow/learn_airflow/airflow_home/venv/lib/python3.9/site-packages/airflow/example_dags/example_trigger_controller_dag.py took 0.077 seconds
[2026-02-25T06:57:26.104+0530] {processor.py:161} INFO - Started process (PID=82409) to work on /Users/neerajvyas/learning/airflow/learn_airflow/airflow_home/venv/lib/python3.9/site-packages/airflow/example_dags/example_trigger_controller_dag.py
[2026-02-25T06:57:26.105+0530] {processor.py:830} INFO - Processing file /Users/neerajvyas/learning/airflow/learn_airflow/airflow_home/venv/lib/python3.9/site-packages/airflow/example_dags/example_trigger_controller_dag.py for tasks to queue
[2026-02-25T06:57:26.105+0530] {logging_mixin.py:188} INFO - [2026-02-25T06:57:26.105+0530] {dagbag.py:538} INFO - Filling up the DagBag from /Users/neerajvyas/learning/airflow/learn_airflow/airflow_home/venv/lib/python3.9/site-packages/airflow/example_dags/example_trigger_controller_dag.py
[2026-02-25T06:57:26.110+0530] {processor.py:840} INFO - DAG(s) 'example_trigger_controller_dag' retrieved from /Users/neerajvyas/learning/airflow/learn_airflow/airflow_home/venv/lib/python3.9/site-packages/airflow/example_dags/example_trigger_controller_dag.py
[2026-02-25T06:57:26.152+0530] {logging_mixin.py:188} INFO - [2026-02-25T06:57:26.152+0530] {dag.py:3036} INFO - Sync 1 DAGs
[2026-02-25T06:57:26.159+0530] {logging_mixin.py:188} INFO - [2026-02-25T06:57:26.159+0530] {dag.py:3823} INFO - Setting next_dagrun for example_trigger_controller_dag to 2021-01-01 00:00:00+00:00, run_after=2021-01-01 00:00:00+00:00
[2026-02-25T06:57:26.166+0530] {processor.py:183} INFO - Processing /Users/neerajvyas/learning/airflow/learn_airflow/airflow_home/venv/lib/python3.9/site-packages/airflow/example_dags/example_trigger_controller_dag.py took 0.062 seconds
[2026-02-25T06:58:20.809+0530] {processor.py:161} INFO - Started process (PID=84340) to work on /Users/neerajvyas/learning/airflow/learn_airflow/airflow_home/venv/lib/python3.9/site-packages/airflow/example_dags/example_trigger_controller_dag.py
[2026-02-25T06:58:20.811+0530] {processor.py:830} INFO - Processing file /Users/neerajvyas/learning/airflow/learn_airflow/airflow_home/venv/lib/python3.9/site-packages/airflow/example_dags/example_trigger_controller_dag.py for tasks to queue
[2026-02-25T06:58:20.811+0530] {logging_mixin.py:188} INFO - [2026-02-25T06:58:20.811+0530] {dagbag.py:538} INFO - Filling up the DagBag from /Users/neerajvyas/learning/airflow/learn_airflow/airflow_home/venv/lib/python3.9/site-packages/airflow/example_dags/example_trigger_controller_dag.py
[2026-02-25T06:58:20.816+0530] {processor.py:840} INFO - DAG(s) 'example_trigger_controller_dag' retrieved from /Users/neerajvyas/learning/airflow/learn_airflow/airflow_home/venv/lib/python3.9/site-packages/airflow/example_dags/example_trigger_controller_dag.py
[2026-02-25T06:58:20.865+0530] {logging_mixin.py:188} INFO - [2026-02-25T06:58:20.864+0530] {dag.py:3036} INFO - Sync 1 DAGs
[2026-02-25T06:58:20.872+0530] {logging_mixin.py:188} INFO - [2026-02-25T06:58:20.872+0530] {dag.py:3823} INFO - Setting next_dagrun for example_trigger_controller_dag to 2021-01-01 00:00:00+00:00, run_after=2021-01-01 00:00:00+00:00
[2026-02-25T06:58:20.880+0530] {processor.py:183} INFO - Processing /Users/neerajvyas/learning/airflow/learn_airflow/airflow_home/venv/lib/python3.9/site-packages/airflow/example_dags/example_trigger_controller_dag.py took 0.071 seconds
[2026-02-25T06:59:13.263+0530] {processor.py:161} INFO - Started process (PID=86100) to work on /Users/neerajvyas/learning/airflow/learn_airflow/airflow_home/venv/lib/python3.9/site-packages/airflow/example_dags/example_trigger_controller_dag.py
[2026-02-25T06:59:13.264+0530] {processor.py:830} INFO - Processing file /Users/neerajvyas/learning/airflow/learn_airflow/airflow_home/venv/lib/python3.9/site-packages/airflow/example_dags/example_trigger_controller_dag.py for tasks to queue
[2026-02-25T06:59:13.265+0530] {logging_mixin.py:188} INFO - [2026-02-25T06:59:13.265+0530] {dagbag.py:538} INFO - Filling up the DagBag from /Users/neerajvyas/learning/airflow/learn_airflow/airflow_home/venv/lib/python3.9/site-packages/airflow/example_dags/example_trigger_controller_dag.py
[2026-02-25T06:59:13.269+0530] {processor.py:840} INFO - DAG(s) 'example_trigger_controller_dag' retrieved from /Users/neerajvyas/learning/airflow/learn_airflow/airflow_home/venv/lib/python3.9/site-packages/airflow/example_dags/example_trigger_controller_dag.py
[2026-02-25T06:59:13.309+0530] {logging_mixin.py:188} INFO - [2026-02-25T06:59:13.309+0530] {dag.py:3036} INFO - Sync 1 DAGs
[2026-02-25T06:59:13.315+0530] {logging_mixin.py:188} INFO - [2026-02-25T06:59:13.315+0530] {dag.py:3823} INFO - Setting next_dagrun for example_trigger_controller_dag to 2021-01-01 00:00:00+00:00, run_after=2021-01-01 00:00:00+00:00
[2026-02-25T06:59:13.325+0530] {processor.py:183} INFO - Processing /Users/neerajvyas/learning/airflow/learn_airflow/airflow_home/venv/lib/python3.9/site-packages/airflow/example_dags/example_trigger_controller_dag.py took 0.062 seconds
[2026-02-25T07:00:06.529+0530] {processor.py:161} INFO - Started process (PID=87931) to work on /Users/neerajvyas/learning/airflow/learn_airflow/airflow_home/venv/lib/python3.9/site-packages/airflow/example_dags/example_trigger_controller_dag.py
[2026-02-25T07:00:06.530+0530] {processor.py:830} INFO - Processing file /Users/neerajvyas/learning/airflow/learn_airflow/airflow_home/venv/lib/python3.9/site-packages/airflow/example_dags/example_trigger_controller_dag.py for tasks to queue
[2026-02-25T07:00:06.531+0530] {logging_mixin.py:188} INFO - [2026-02-25T07:00:06.531+0530] {dagbag.py:538} INFO - Filling up the DagBag from /Users/neerajvyas/learning/airflow/learn_airflow/airflow_home/venv/lib/python3.9/site-packages/airflow/example_dags/example_trigger_controller_dag.py
[2026-02-25T07:00:06.535+0530] {processor.py:840} INFO - DAG(s) 'example_trigger_controller_dag' retrieved from /Users/neerajvyas/learning/airflow/learn_airflow/airflow_home/venv/lib/python3.9/site-packages/airflow/example_dags/example_trigger_controller_dag.py
[2026-02-25T07:00:06.579+0530] {logging_mixin.py:188} INFO - [2026-02-25T07:00:06.578+0530] {dag.py:3036} INFO - Sync 1 DAGs
[2026-02-25T07:00:06.586+0530] {logging_mixin.py:188} INFO - [2026-02-25T07:00:06.585+0530] {dag.py:3823} INFO - Setting next_dagrun for example_trigger_controller_dag to 2021-01-01 00:00:00+00:00, run_after=2021-01-01 00:00:00+00:00
[2026-02-25T07:00:06.593+0530] {processor.py:183} INFO - Processing /Users/neerajvyas/learning/airflow/learn_airflow/airflow_home/venv/lib/python3.9/site-packages/airflow/example_dags/example_trigger_controller_dag.py took 0.065 seconds
[2026-02-25T07:01:00.686+0530] {processor.py:161} INFO - Started process (PID=90017) to work on /Users/neerajvyas/learning/airflow/learn_airflow/airflow_home/venv/lib/python3.9/site-packages/airflow/example_dags/example_trigger_controller_dag.py
[2026-02-25T07:01:00.687+0530] {processor.py:830} INFO - Processing file /Users/neerajvyas/learning/airflow/learn_airflow/airflow_home/venv/lib/python3.9/site-packages/airflow/example_dags/example_trigger_controller_dag.py for tasks to queue
[2026-02-25T07:01:00.687+0530] {logging_mixin.py:188} INFO - [2026-02-25T07:01:00.687+0530] {dagbag.py:538} INFO - Filling up the DagBag from /Users/neerajvyas/learning/airflow/learn_airflow/airflow_home/venv/lib/python3.9/site-packages/airflow/example_dags/example_trigger_controller_dag.py
[2026-02-25T07:01:00.691+0530] {processor.py:840} INFO - DAG(s) 'example_trigger_controller_dag' retrieved from /Users/neerajvyas/learning/airflow/learn_airflow/airflow_home/venv/lib/python3.9/site-packages/airflow/example_dags/example_trigger_controller_dag.py
[2026-02-25T07:01:00.733+0530] {logging_mixin.py:188} INFO - [2026-02-25T07:01:00.733+0530] {dag.py:3036} INFO - Sync 1 DAGs
[2026-02-25T07:01:00.739+0530] {logging_mixin.py:188} INFO - [2026-02-25T07:01:00.739+0530] {dag.py:3823} INFO - Setting next_dagrun for example_trigger_controller_dag to 2021-01-01 00:00:00+00:00, run_after=2021-01-01 00:00:00+00:00
[2026-02-25T07:01:00.748+0530] {processor.py:183} INFO - Processing /Users/neerajvyas/learning/airflow/learn_airflow/airflow_home/venv/lib/python3.9/site-packages/airflow/example_dags/example_trigger_controller_dag.py took 0.062 seconds
[2026-02-25T07:01:56.137+0530] {processor.py:161} INFO - Started process (PID=92130) to work on /Users/neerajvyas/learning/airflow/learn_airflow/airflow_home/venv/lib/python3.9/site-packages/airflow/example_dags/example_trigger_controller_dag.py
[2026-02-25T07:01:56.138+0530] {processor.py:830} INFO - Processing file /Users/neerajvyas/learning/airflow/learn_airflow/airflow_home/venv/lib/python3.9/site-packages/airflow/example_dags/example_trigger_controller_dag.py for tasks to queue
[2026-02-25T07:01:56.138+0530] {logging_mixin.py:188} INFO - [2026-02-25T07:01:56.138+0530] {dagbag.py:538} INFO - Filling up the DagBag from /Users/neerajvyas/learning/airflow/learn_airflow/airflow_home/venv/lib/python3.9/site-packages/airflow/example_dags/example_trigger_controller_dag.py
[2026-02-25T07:01:56.143+0530] {processor.py:840} INFO - DAG(s) 'example_trigger_controller_dag' retrieved from /Users/neerajvyas/learning/airflow/learn_airflow/airflow_home/venv/lib/python3.9/site-packages/airflow/example_dags/example_trigger_controller_dag.py
[2026-02-25T07:01:56.183+0530] {logging_mixin.py:188} INFO - [2026-02-25T07:01:56.182+0530] {dag.py:3036} INFO - Sync 1 DAGs
[2026-02-25T07:01:56.189+0530] {logging_mixin.py:188} INFO - [2026-02-25T07:01:56.189+0530] {dag.py:3823} INFO - Setting next_dagrun for example_trigger_controller_dag to 2021-01-01 00:00:00+00:00, run_after=2021-01-01 00:00:00+00:00
[2026-02-25T07:01:56.197+0530] {processor.py:183} INFO - Processing /Users/neerajvyas/learning/airflow/learn_airflow/airflow_home/venv/lib/python3.9/site-packages/airflow/example_dags/example_trigger_controller_dag.py took 0.060 seconds
[2026-02-25T07:02:52.342+0530] {processor.py:161} INFO - Started process (PID=93873) to work on /Users/neerajvyas/learning/airflow/learn_airflow/airflow_home/venv/lib/python3.9/site-packages/airflow/example_dags/example_trigger_controller_dag.py
[2026-02-25T07:02:52.344+0530] {processor.py:830} INFO - Processing file /Users/neerajvyas/learning/airflow/learn_airflow/airflow_home/venv/lib/python3.9/site-packages/airflow/example_dags/example_trigger_controller_dag.py for tasks to queue
[2026-02-25T07:02:52.344+0530] {logging_mixin.py:188} INFO - [2026-02-25T07:02:52.344+0530] {dagbag.py:538} INFO - Filling up the DagBag from /Users/neerajvyas/learning/airflow/learn_airflow/airflow_home/venv/lib/python3.9/site-packages/airflow/example_dags/example_trigger_controller_dag.py
[2026-02-25T07:02:52.348+0530] {processor.py:840} INFO - DAG(s) 'example_trigger_controller_dag' retrieved from /Users/neerajvyas/learning/airflow/learn_airflow/airflow_home/venv/lib/python3.9/site-packages/airflow/example_dags/example_trigger_controller_dag.py
[2026-02-25T07:02:52.391+0530] {logging_mixin.py:188} INFO - [2026-02-25T07:02:52.391+0530] {dag.py:3036} INFO - Sync 1 DAGs
[2026-02-25T07:02:52.398+0530] {logging_mixin.py:188} INFO - [2026-02-25T07:02:52.398+0530] {dag.py:3823} INFO - Setting next_dagrun for example_trigger_controller_dag to 2021-01-01 00:00:00+00:00, run_after=2021-01-01 00:00:00+00:00
[2026-02-25T07:02:52.406+0530] {processor.py:183} INFO - Processing /Users/neerajvyas/learning/airflow/learn_airflow/airflow_home/venv/lib/python3.9/site-packages/airflow/example_dags/example_trigger_controller_dag.py took 0.065 seconds
[2026-02-25T07:03:48.275+0530] {processor.py:161} INFO - Started process (PID=96383) to work on /Users/neerajvyas/learning/airflow/learn_airflow/airflow_home/venv/lib/python3.9/site-packages/airflow/example_dags/example_trigger_controller_dag.py
[2026-02-25T07:03:48.276+0530] {processor.py:830} INFO - Processing file /Users/neerajvyas/learning/airflow/learn_airflow/airflow_home/venv/lib/python3.9/site-packages/airflow/example_dags/example_trigger_controller_dag.py for tasks to queue
[2026-02-25T07:03:48.277+0530] {logging_mixin.py:188} INFO - [2026-02-25T07:03:48.276+0530] {dagbag.py:538} INFO - Filling up the DagBag from /Users/neerajvyas/learning/airflow/learn_airflow/airflow_home/venv/lib/python3.9/site-packages/airflow/example_dags/example_trigger_controller_dag.py
[2026-02-25T07:03:48.281+0530] {processor.py:840} INFO - DAG(s) 'example_trigger_controller_dag' retrieved from /Users/neerajvyas/learning/airflow/learn_airflow/airflow_home/venv/lib/python3.9/site-packages/airflow/example_dags/example_trigger_controller_dag.py
[2026-02-25T07:03:48.330+0530] {logging_mixin.py:188} INFO - [2026-02-25T07:03:48.330+0530] {dag.py:3036} INFO - Sync 1 DAGs
[2026-02-25T07:03:48.338+0530] {logging_mixin.py:188} INFO - [2026-02-25T07:03:48.337+0530] {dag.py:3823} INFO - Setting next_dagrun for example_trigger_controller_dag to 2021-01-01 00:00:00+00:00, run_after=2021-01-01 00:00:00+00:00
[2026-02-25T07:03:48.345+0530] {processor.py:183} INFO - Processing /Users/neerajvyas/learning/airflow/learn_airflow/airflow_home/venv/lib/python3.9/site-packages/airflow/example_dags/example_trigger_controller_dag.py took 0.071 seconds
