[2026-02-25T06:47:36.292+0530] {processor.py:161} INFO - Started process (PID=61791) to work on /Users/neerajvyas/learning/airflow/learn_airflow/airflow_home/venv/lib/python3.9/site-packages/airflow/example_dags/example_params_trigger_ui.py
[2026-02-25T06:47:36.292+0530] {processor.py:830} INFO - Processing file /Users/neerajvyas/learning/airflow/learn_airflow/airflow_home/venv/lib/python3.9/site-packages/airflow/example_dags/example_params_trigger_ui.py for tasks to queue
[2026-02-25T06:47:36.293+0530] {logging_mixin.py:188} INFO - [2026-02-25T06:47:36.293+0530] {dagbag.py:538} INFO - Filling up the DagBag from /Users/neerajvyas/learning/airflow/learn_airflow/airflow_home/venv/lib/python3.9/site-packages/airflow/example_dags/example_params_trigger_ui.py
[2026-02-25T06:47:36.311+0530] {processor.py:840} INFO - DAG(s) 'example_params_trigger_ui' retrieved from /Users/neerajvyas/learning/airflow/learn_airflow/airflow_home/venv/lib/python3.9/site-packages/airflow/example_dags/example_params_trigger_ui.py
[2026-02-25T06:47:36.400+0530] {logging_mixin.py:188} INFO - [2026-02-25T06:47:36.400+0530] {override.py:1769} INFO - Created Permission View: can delete on DAG:example_params_trigger_ui
[2026-02-25T06:47:36.403+0530] {logging_mixin.py:188} INFO - [2026-02-25T06:47:36.403+0530] {override.py:1769} INFO - Created Permission View: can edit on DAG:example_params_trigger_ui
[2026-02-25T06:47:36.406+0530] {logging_mixin.py:188} INFO - [2026-02-25T06:47:36.406+0530] {override.py:1769} INFO - Created Permission View: can read on DAG:example_params_trigger_ui
[2026-02-25T06:47:36.406+0530] {logging_mixin.py:188} INFO - [2026-02-25T06:47:36.406+0530] {dag.py:3036} INFO - Sync 1 DAGs
[2026-02-25T06:47:36.410+0530] {logging_mixin.py:188} INFO - [2026-02-25T06:47:36.410+0530] {dag.py:3058} INFO - Creating ORM DAG for example_params_trigger_ui
[2026-02-25T06:47:36.411+0530] {logging_mixin.py:188} INFO - [2026-02-25T06:47:36.411+0530] {dag.py:3823} INFO - Setting next_dagrun for example_params_trigger_ui to None, run_after=None
[2026-02-25T06:47:36.417+0530] {processor.py:183} INFO - Processing /Users/neerajvyas/learning/airflow/learn_airflow/airflow_home/venv/lib/python3.9/site-packages/airflow/example_dags/example_params_trigger_ui.py took 0.126 seconds
[2026-02-25T06:49:00.456+0530] {processor.py:161} INFO - Started process (PID=64594) to work on /Users/neerajvyas/learning/airflow/learn_airflow/airflow_home/venv/lib/python3.9/site-packages/airflow/example_dags/example_params_trigger_ui.py
[2026-02-25T06:49:00.457+0530] {processor.py:830} INFO - Processing file /Users/neerajvyas/learning/airflow/learn_airflow/airflow_home/venv/lib/python3.9/site-packages/airflow/example_dags/example_params_trigger_ui.py for tasks to queue
[2026-02-25T06:49:00.457+0530] {logging_mixin.py:188} INFO - [2026-02-25T06:49:00.457+0530] {dagbag.py:538} INFO - Filling up the DagBag from /Users/neerajvyas/learning/airflow/learn_airflow/airflow_home/venv/lib/python3.9/site-packages/airflow/example_dags/example_params_trigger_ui.py
[2026-02-25T06:49:00.475+0530] {processor.py:840} INFO - DAG(s) 'example_params_trigger_ui' retrieved from /Users/neerajvyas/learning/airflow/learn_airflow/airflow_home/venv/lib/python3.9/site-packages/airflow/example_dags/example_params_trigger_ui.py
[2026-02-25T06:49:00.531+0530] {logging_mixin.py:188} INFO - [2026-02-25T06:49:00.531+0530] {dag.py:3036} INFO - Sync 1 DAGs
[2026-02-25T06:49:00.535+0530] {logging_mixin.py:188} INFO - [2026-02-25T06:49:00.535+0530] {dag.py:3823} INFO - Setting next_dagrun for example_params_trigger_ui to None, run_after=None
[2026-02-25T06:49:00.544+0530] {processor.py:183} INFO - Processing /Users/neerajvyas/learning/airflow/learn_airflow/airflow_home/venv/lib/python3.9/site-packages/airflow/example_dags/example_params_trigger_ui.py took 0.088 seconds
[2026-02-25T06:50:45.233+0530] {processor.py:161} INFO - Started process (PID=68199) to work on /Users/neerajvyas/learning/airflow/learn_airflow/airflow_home/venv/lib/python3.9/site-packages/airflow/example_dags/example_params_trigger_ui.py
[2026-02-25T06:50:45.235+0530] {processor.py:830} INFO - Processing file /Users/neerajvyas/learning/airflow/learn_airflow/airflow_home/venv/lib/python3.9/site-packages/airflow/example_dags/example_params_trigger_ui.py for tasks to queue
[2026-02-25T06:50:45.235+0530] {logging_mixin.py:188} INFO - [2026-02-25T06:50:45.235+0530] {dagbag.py:538} INFO - Filling up the DagBag from /Users/neerajvyas/learning/airflow/learn_airflow/airflow_home/venv/lib/python3.9/site-packages/airflow/example_dags/example_params_trigger_ui.py
[2026-02-25T06:50:45.252+0530] {processor.py:840} INFO - DAG(s) 'example_params_trigger_ui' retrieved from /Users/neerajvyas/learning/airflow/learn_airflow/airflow_home/venv/lib/python3.9/site-packages/airflow/example_dags/example_params_trigger_ui.py
[2026-02-25T06:50:45.304+0530] {logging_mixin.py:188} INFO - [2026-02-25T06:50:45.304+0530] {dag.py:3036} INFO - Sync 1 DAGs
[2026-02-25T06:50:45.308+0530] {logging_mixin.py:188} INFO - [2026-02-25T06:50:45.308+0530] {dag.py:3823} INFO - Setting next_dagrun for example_params_trigger_ui to None, run_after=None
[2026-02-25T06:50:45.315+0530] {processor.py:183} INFO - Processing /Users/neerajvyas/learning/airflow/learn_airflow/airflow_home/venv/lib/python3.9/site-packages/airflow/example_dags/example_params_trigger_ui.py took 0.082 seconds
[2026-02-25T06:52:32.665+0530] {processor.py:161} INFO - Started process (PID=71772) to work on /Users/neerajvyas/learning/airflow/learn_airflow/airflow_home/venv/lib/python3.9/site-packages/airflow/example_dags/example_params_trigger_ui.py
[2026-02-25T06:52:32.667+0530] {processor.py:830} INFO - Processing file /Users/neerajvyas/learning/airflow/learn_airflow/airflow_home/venv/lib/python3.9/site-packages/airflow/example_dags/example_params_trigger_ui.py for tasks to queue
[2026-02-25T06:52:32.667+0530] {logging_mixin.py:188} INFO - [2026-02-25T06:52:32.667+0530] {dagbag.py:538} INFO - Filling up the DagBag from /Users/neerajvyas/learning/airflow/learn_airflow/airflow_home/venv/lib/python3.9/site-packages/airflow/example_dags/example_params_trigger_ui.py
[2026-02-25T06:52:32.684+0530] {processor.py:840} INFO - DAG(s) 'example_params_trigger_ui' retrieved from /Users/neerajvyas/learning/airflow/learn_airflow/airflow_home/venv/lib/python3.9/site-packages/airflow/example_dags/example_params_trigger_ui.py
[2026-02-25T06:52:32.736+0530] {logging_mixin.py:188} INFO - [2026-02-25T06:52:32.736+0530] {dag.py:3036} INFO - Sync 1 DAGs
[2026-02-25T06:52:32.740+0530] {logging_mixin.py:188} INFO - [2026-02-25T06:52:32.740+0530] {dag.py:3823} INFO - Setting next_dagrun for example_params_trigger_ui to None, run_after=None
[2026-02-25T06:52:32.747+0530] {processor.py:183} INFO - Processing /Users/neerajvyas/learning/airflow/learn_airflow/airflow_home/venv/lib/python3.9/site-packages/airflow/example_dags/example_params_trigger_ui.py took 0.082 seconds
[2026-02-25T06:54:19.133+0530] {processor.py:161} INFO - Started process (PID=75682) to work on /Users/neerajvyas/learning/airflow/learn_airflow/airflow_home/venv/lib/python3.9/site-packages/airflow/example_dags/example_params_trigger_ui.py
[2026-02-25T06:54:19.134+0530] {processor.py:830} INFO - Processing file /Users/neerajvyas/learning/airflow/learn_airflow/airflow_home/venv/lib/python3.9/site-packages/airflow/example_dags/example_params_trigger_ui.py for tasks to queue
[2026-02-25T06:54:19.134+0530] {logging_mixin.py:188} INFO - [2026-02-25T06:54:19.134+0530] {dagbag.py:538} INFO - Filling up the DagBag from /Users/neerajvyas/learning/airflow/learn_airflow/airflow_home/venv/lib/python3.9/site-packages/airflow/example_dags/example_params_trigger_ui.py
[2026-02-25T06:54:19.154+0530] {processor.py:840} INFO - DAG(s) 'example_params_trigger_ui' retrieved from /Users/neerajvyas/learning/airflow/learn_airflow/airflow_home/venv/lib/python3.9/site-packages/airflow/example_dags/example_params_trigger_ui.py
[2026-02-25T06:54:19.211+0530] {logging_mixin.py:188} INFO - [2026-02-25T06:54:19.211+0530] {dag.py:3036} INFO - Sync 1 DAGs
[2026-02-25T06:54:19.215+0530] {logging_mixin.py:188} INFO - [2026-02-25T06:54:19.215+0530] {dag.py:3823} INFO - Setting next_dagrun for example_params_trigger_ui to None, run_after=None
[2026-02-25T06:54:19.223+0530] {processor.py:183} INFO - Processing /Users/neerajvyas/learning/airflow/learn_airflow/airflow_home/venv/lib/python3.9/site-packages/airflow/example_dags/example_params_trigger_ui.py took 0.091 seconds
[2026-02-25T06:56:05.581+0530] {processor.py:161} INFO - Started process (PID=79523) to work on /Users/neerajvyas/learning/airflow/learn_airflow/airflow_home/venv/lib/python3.9/site-packages/airflow/example_dags/example_params_trigger_ui.py
[2026-02-25T06:56:05.582+0530] {processor.py:830} INFO - Processing file /Users/neerajvyas/learning/airflow/learn_airflow/airflow_home/venv/lib/python3.9/site-packages/airflow/example_dags/example_params_trigger_ui.py for tasks to queue
[2026-02-25T06:56:05.583+0530] {logging_mixin.py:188} INFO - [2026-02-25T06:56:05.582+0530] {dagbag.py:538} INFO - Filling up the DagBag from /Users/neerajvyas/learning/airflow/learn_airflow/airflow_home/venv/lib/python3.9/site-packages/airflow/example_dags/example_params_trigger_ui.py
[2026-02-25T06:56:05.599+0530] {processor.py:840} INFO - DAG(s) 'example_params_trigger_ui' retrieved from /Users/neerajvyas/learning/airflow/learn_airflow/airflow_home/venv/lib/python3.9/site-packages/airflow/example_dags/example_params_trigger_ui.py
[2026-02-25T06:56:05.651+0530] {logging_mixin.py:188} INFO - [2026-02-25T06:56:05.651+0530] {dag.py:3036} INFO - Sync 1 DAGs
[2026-02-25T06:56:05.655+0530] {logging_mixin.py:188} INFO - [2026-02-25T06:56:05.655+0530] {dag.py:3823} INFO - Setting next_dagrun for example_params_trigger_ui to None, run_after=None
[2026-02-25T06:56:05.662+0530] {processor.py:183} INFO - Processing /Users/neerajvyas/learning/airflow/learn_airflow/airflow_home/venv/lib/python3.9/site-packages/airflow/example_dags/example_params_trigger_ui.py took 0.081 seconds
[2026-02-25T06:57:55.383+0530] {processor.py:161} INFO - Started process (PID=83546) to work on /Users/neerajvyas/learning/airflow/learn_airflow/airflow_home/venv/lib/python3.9/site-packages/airflow/example_dags/example_params_trigger_ui.py
[2026-02-25T06:57:55.383+0530] {processor.py:830} INFO - Processing file /Users/neerajvyas/learning/airflow/learn_airflow/airflow_home/venv/lib/python3.9/site-packages/airflow/example_dags/example_params_trigger_ui.py for tasks to queue
[2026-02-25T06:57:55.384+0530] {logging_mixin.py:188} INFO - [2026-02-25T06:57:55.384+0530] {dagbag.py:538} INFO - Filling up the DagBag from /Users/neerajvyas/learning/airflow/learn_airflow/airflow_home/venv/lib/python3.9/site-packages/airflow/example_dags/example_params_trigger_ui.py
[2026-02-25T06:57:55.401+0530] {processor.py:840} INFO - DAG(s) 'example_params_trigger_ui' retrieved from /Users/neerajvyas/learning/airflow/learn_airflow/airflow_home/venv/lib/python3.9/site-packages/airflow/example_dags/example_params_trigger_ui.py
[2026-02-25T06:57:55.453+0530] {logging_mixin.py:188} INFO - [2026-02-25T06:57:55.453+0530] {dag.py:3036} INFO - Sync 1 DAGs
[2026-02-25T06:57:55.457+0530] {logging_mixin.py:188} INFO - [2026-02-25T06:57:55.457+0530] {dag.py:3823} INFO - Setting next_dagrun for example_params_trigger_ui to None, run_after=None
[2026-02-25T06:57:55.464+0530] {processor.py:183} INFO - Processing /Users/neerajvyas/learning/airflow/learn_airflow/airflow_home/venv/lib/python3.9/site-packages/airflow/example_dags/example_params_trigger_ui.py took 0.082 seconds
[2026-02-25T06:59:42.139+0530] {processor.py:161} INFO - Started process (PID=87145) to work on /Users/neerajvyas/learning/airflow/learn_airflow/airflow_home/venv/lib/python3.9/site-packages/airflow/example_dags/example_params_trigger_ui.py
[2026-02-25T06:59:42.140+0530] {processor.py:830} INFO - Processing file /Users/neerajvyas/learning/airflow/learn_airflow/airflow_home/venv/lib/python3.9/site-packages/airflow/example_dags/example_params_trigger_ui.py for tasks to queue
[2026-02-25T06:59:42.140+0530] {logging_mixin.py:188} INFO - [2026-02-25T06:59:42.140+0530] {dagbag.py:538} INFO - Filling up the DagBag from /Users/neerajvyas/learning/airflow/learn_airflow/airflow_home/venv/lib/python3.9/site-packages/airflow/example_dags/example_params_trigger_ui.py
[2026-02-25T06:59:42.157+0530] {processor.py:840} INFO - DAG(s) 'example_params_trigger_ui' retrieved from /Users/neerajvyas/learning/airflow/learn_airflow/airflow_home/venv/lib/python3.9/site-packages/airflow/example_dags/example_params_trigger_ui.py
[2026-02-25T06:59:42.208+0530] {logging_mixin.py:188} INFO - [2026-02-25T06:59:42.208+0530] {dag.py:3036} INFO - Sync 1 DAGs
[2026-02-25T06:59:42.212+0530] {logging_mixin.py:188} INFO - [2026-02-25T06:59:42.212+0530] {dag.py:3823} INFO - Setting next_dagrun for example_params_trigger_ui to None, run_after=None
[2026-02-25T06:59:42.219+0530] {processor.py:183} INFO - Processing /Users/neerajvyas/learning/airflow/learn_airflow/airflow_home/venv/lib/python3.9/site-packages/airflow/example_dags/example_params_trigger_ui.py took 0.080 seconds
[2026-02-25T07:01:29.580+0530] {processor.py:161} INFO - Started process (PID=90812) to work on /Users/neerajvyas/learning/airflow/learn_airflow/airflow_home/venv/lib/python3.9/site-packages/airflow/example_dags/example_params_trigger_ui.py
[2026-02-25T07:01:29.582+0530] {processor.py:830} INFO - Processing file /Users/neerajvyas/learning/airflow/learn_airflow/airflow_home/venv/lib/python3.9/site-packages/airflow/example_dags/example_params_trigger_ui.py for tasks to queue
[2026-02-25T07:01:29.582+0530] {logging_mixin.py:188} INFO - [2026-02-25T07:01:29.582+0530] {dagbag.py:538} INFO - Filling up the DagBag from /Users/neerajvyas/learning/airflow/learn_airflow/airflow_home/venv/lib/python3.9/site-packages/airflow/example_dags/example_params_trigger_ui.py
[2026-02-25T07:01:29.598+0530] {processor.py:840} INFO - DAG(s) 'example_params_trigger_ui' retrieved from /Users/neerajvyas/learning/airflow/learn_airflow/airflow_home/venv/lib/python3.9/site-packages/airflow/example_dags/example_params_trigger_ui.py
[2026-02-25T07:01:29.651+0530] {logging_mixin.py:188} INFO - [2026-02-25T07:01:29.651+0530] {dag.py:3036} INFO - Sync 1 DAGs
[2026-02-25T07:01:29.655+0530] {logging_mixin.py:188} INFO - [2026-02-25T07:01:29.655+0530] {dag.py:3823} INFO - Setting next_dagrun for example_params_trigger_ui to None, run_after=None
[2026-02-25T07:01:29.662+0530] {processor.py:183} INFO - Processing /Users/neerajvyas/learning/airflow/learn_airflow/airflow_home/venv/lib/python3.9/site-packages/airflow/example_dags/example_params_trigger_ui.py took 0.083 seconds
[2026-02-25T07:03:21.589+0530] {processor.py:161} INFO - Started process (PID=94918) to work on /Users/neerajvyas/learning/airflow/learn_airflow/airflow_home/venv/lib/python3.9/site-packages/airflow/example_dags/example_params_trigger_ui.py
[2026-02-25T07:03:21.590+0530] {processor.py:830} INFO - Processing file /Users/neerajvyas/learning/airflow/learn_airflow/airflow_home/venv/lib/python3.9/site-packages/airflow/example_dags/example_params_trigger_ui.py for tasks to queue
[2026-02-25T07:03:21.590+0530] {logging_mixin.py:188} INFO - [2026-02-25T07:03:21.590+0530] {dagbag.py:538} INFO - Filling up the DagBag from /Users/neerajvyas/learning/airflow/learn_airflow/airflow_home/venv/lib/python3.9/site-packages/airflow/example_dags/example_params_trigger_ui.py
[2026-02-25T07:03:21.608+0530] {processor.py:840} INFO - DAG(s) 'example_params_trigger_ui' retrieved from /Users/neerajvyas/learning/airflow/learn_airflow/airflow_home/venv/lib/python3.9/site-packages/airflow/example_dags/example_params_trigger_ui.py
[2026-02-25T07:03:21.663+0530] {logging_mixin.py:188} INFO - [2026-02-25T07:03:21.663+0530] {dag.py:3036} INFO - Sync 1 DAGs
[2026-02-25T07:03:21.667+0530] {logging_mixin.py:188} INFO - [2026-02-25T07:03:21.667+0530] {dag.py:3823} INFO - Setting next_dagrun for example_params_trigger_ui to None, run_after=None
[2026-02-25T07:03:21.674+0530] {processor.py:183} INFO - Processing /Users/neerajvyas/learning/airflow/learn_airflow/airflow_home/venv/lib/python3.9/site-packages/airflow/example_dags/example_params_trigger_ui.py took 0.086 seconds
