[2026-02-25T06:47:52.234+0530] {processor.py:161} INFO - Started process (PID=62144) to work on /Users/neerajvyas/learning/airflow/learn_airflow/airflow_home/venv/lib/python3.9/site-packages/airflow/example_dags/example_datasets.py
[2026-02-25T06:47:52.234+0530] {processor.py:830} INFO - Processing file /Users/neerajvyas/learning/airflow/learn_airflow/airflow_home/venv/lib/python3.9/site-packages/airflow/example_dags/example_datasets.py for tasks to queue
[2026-02-25T06:47:52.235+0530] {logging_mixin.py:188} INFO - [2026-02-25T06:47:52.235+0530] {dagbag.py:538} INFO - Filling up the DagBag from /Users/neerajvyas/learning/airflow/learn_airflow/airflow_home/venv/lib/python3.9/site-packages/airflow/example_dags/example_datasets.py
[2026-02-25T06:47:52.242+0530] {processor.py:840} INFO - DAG(s) 'dataset_consumes_1', 'dataset_produces_1', 'dataset_consumes_1_and_2', 'dataset_consumes_1_never_scheduled', 'dataset_produces_2', 'dataset_consumes_unknown_never_scheduled' retrieved from /Users/neerajvyas/learning/airflow/learn_airflow/airflow_home/venv/lib/python3.9/site-packages/airflow/example_dags/example_datasets.py
[2026-02-25T06:47:52.324+0530] {logging_mixin.py:188} INFO - [2026-02-25T06:47:52.323+0530] {override.py:1769} INFO - Created Permission View: can read on DAG:dataset_consumes_1
[2026-02-25T06:47:52.327+0530] {logging_mixin.py:188} INFO - [2026-02-25T06:47:52.327+0530] {override.py:1769} INFO - Created Permission View: can edit on DAG:dataset_consumes_1
[2026-02-25T06:47:52.329+0530] {logging_mixin.py:188} INFO - [2026-02-25T06:47:52.329+0530] {override.py:1769} INFO - Created Permission View: can delete on DAG:dataset_consumes_1
[2026-02-25T06:47:52.333+0530] {logging_mixin.py:188} INFO - [2026-02-25T06:47:52.333+0530] {override.py:1769} INFO - Created Permission View: can read on DAG:dataset_produces_1
[2026-02-25T06:47:52.335+0530] {logging_mixin.py:188} INFO - [2026-02-25T06:47:52.335+0530] {override.py:1769} INFO - Created Permission View: can edit on DAG:dataset_produces_1
[2026-02-25T06:47:52.337+0530] {logging_mixin.py:188} INFO - [2026-02-25T06:47:52.337+0530] {override.py:1769} INFO - Created Permission View: can delete on DAG:dataset_produces_1
[2026-02-25T06:47:52.341+0530] {logging_mixin.py:188} INFO - [2026-02-25T06:47:52.341+0530] {override.py:1769} INFO - Created Permission View: can read on DAG:dataset_consumes_1_and_2
[2026-02-25T06:47:52.343+0530] {logging_mixin.py:188} INFO - [2026-02-25T06:47:52.343+0530] {override.py:1769} INFO - Created Permission View: can edit on DAG:dataset_consumes_1_and_2
[2026-02-25T06:47:52.345+0530] {logging_mixin.py:188} INFO - [2026-02-25T06:47:52.345+0530] {override.py:1769} INFO - Created Permission View: can delete on DAG:dataset_consumes_1_and_2
[2026-02-25T06:47:52.350+0530] {logging_mixin.py:188} INFO - [2026-02-25T06:47:52.349+0530] {override.py:1769} INFO - Created Permission View: can read on DAG:dataset_consumes_1_never_scheduled
[2026-02-25T06:47:52.352+0530] {logging_mixin.py:188} INFO - [2026-02-25T06:47:52.352+0530] {override.py:1769} INFO - Created Permission View: can edit on DAG:dataset_consumes_1_never_scheduled
[2026-02-25T06:47:52.354+0530] {logging_mixin.py:188} INFO - [2026-02-25T06:47:52.354+0530] {override.py:1769} INFO - Created Permission View: can delete on DAG:dataset_consumes_1_never_scheduled
[2026-02-25T06:47:52.358+0530] {logging_mixin.py:188} INFO - [2026-02-25T06:47:52.358+0530] {override.py:1769} INFO - Created Permission View: can read on DAG:dataset_produces_2
[2026-02-25T06:47:52.360+0530] {logging_mixin.py:188} INFO - [2026-02-25T06:47:52.360+0530] {override.py:1769} INFO - Created Permission View: can edit on DAG:dataset_produces_2
[2026-02-25T06:47:52.362+0530] {logging_mixin.py:188} INFO - [2026-02-25T06:47:52.362+0530] {override.py:1769} INFO - Created Permission View: can delete on DAG:dataset_produces_2
[2026-02-25T06:47:52.367+0530] {logging_mixin.py:188} INFO - [2026-02-25T06:47:52.367+0530] {override.py:1769} INFO - Created Permission View: can read on DAG:dataset_consumes_unknown_never_scheduled
[2026-02-25T06:47:52.369+0530] {logging_mixin.py:188} INFO - [2026-02-25T06:47:52.369+0530] {override.py:1769} INFO - Created Permission View: can edit on DAG:dataset_consumes_unknown_never_scheduled
[2026-02-25T06:47:52.371+0530] {logging_mixin.py:188} INFO - [2026-02-25T06:47:52.371+0530] {override.py:1769} INFO - Created Permission View: can delete on DAG:dataset_consumes_unknown_never_scheduled
[2026-02-25T06:47:52.371+0530] {logging_mixin.py:188} INFO - [2026-02-25T06:47:52.371+0530] {dag.py:3036} INFO - Sync 6 DAGs
[2026-02-25T06:47:52.375+0530] {logging_mixin.py:188} INFO - [2026-02-25T06:47:52.375+0530] {dag.py:3058} INFO - Creating ORM DAG for dataset_consumes_1
[2026-02-25T06:47:52.375+0530] {logging_mixin.py:188} INFO - [2026-02-25T06:47:52.375+0530] {dag.py:3058} INFO - Creating ORM DAG for dataset_produces_1
[2026-02-25T06:47:52.376+0530] {logging_mixin.py:188} INFO - [2026-02-25T06:47:52.376+0530] {dag.py:3058} INFO - Creating ORM DAG for dataset_consumes_unknown_never_scheduled
[2026-02-25T06:47:52.376+0530] {logging_mixin.py:188} INFO - [2026-02-25T06:47:52.376+0530] {dag.py:3058} INFO - Creating ORM DAG for dataset_consumes_1_never_scheduled
[2026-02-25T06:47:52.376+0530] {logging_mixin.py:188} INFO - [2026-02-25T06:47:52.376+0530] {dag.py:3058} INFO - Creating ORM DAG for dataset_produces_2
[2026-02-25T06:47:52.376+0530] {logging_mixin.py:188} INFO - [2026-02-25T06:47:52.376+0530] {dag.py:3058} INFO - Creating ORM DAG for dataset_consumes_1_and_2
[2026-02-25T06:47:52.379+0530] {logging_mixin.py:188} INFO - [2026-02-25T06:47:52.379+0530] {dag.py:3823} INFO - Setting next_dagrun for dataset_consumes_1 to None, run_after=None
[2026-02-25T06:47:52.380+0530] {logging_mixin.py:188} INFO - [2026-02-25T06:47:52.379+0530] {dag.py:3823} INFO - Setting next_dagrun for dataset_consumes_1_and_2 to None, run_after=None
[2026-02-25T06:47:52.380+0530] {logging_mixin.py:188} INFO - [2026-02-25T06:47:52.380+0530] {dag.py:3823} INFO - Setting next_dagrun for dataset_consumes_1_never_scheduled to None, run_after=None
[2026-02-25T06:47:52.380+0530] {logging_mixin.py:188} INFO - [2026-02-25T06:47:52.380+0530] {dag.py:3823} INFO - Setting next_dagrun for dataset_consumes_unknown_never_scheduled to None, run_after=None
[2026-02-25T06:47:52.381+0530] {logging_mixin.py:188} INFO - [2026-02-25T06:47:52.381+0530] {dag.py:3823} INFO - Setting next_dagrun for dataset_produces_1 to 2026-02-24 00:00:00+00:00, run_after=2026-02-25 00:00:00+00:00
[2026-02-25T06:47:52.381+0530] {logging_mixin.py:188} INFO - [2026-02-25T06:47:52.381+0530] {dag.py:3823} INFO - Setting next_dagrun for dataset_produces_2 to None, run_after=None
[2026-02-25T06:47:52.397+0530] {processor.py:183} INFO - Processing /Users/neerajvyas/learning/airflow/learn_airflow/airflow_home/venv/lib/python3.9/site-packages/airflow/example_dags/example_datasets.py took 0.164 seconds
[2026-02-25T06:49:38.563+0530] {processor.py:161} INFO - Started process (PID=65721) to work on /Users/neerajvyas/learning/airflow/learn_airflow/airflow_home/venv/lib/python3.9/site-packages/airflow/example_dags/example_datasets.py
[2026-02-25T06:49:38.564+0530] {processor.py:830} INFO - Processing file /Users/neerajvyas/learning/airflow/learn_airflow/airflow_home/venv/lib/python3.9/site-packages/airflow/example_dags/example_datasets.py for tasks to queue
[2026-02-25T06:49:38.564+0530] {logging_mixin.py:188} INFO - [2026-02-25T06:49:38.564+0530] {dagbag.py:538} INFO - Filling up the DagBag from /Users/neerajvyas/learning/airflow/learn_airflow/airflow_home/venv/lib/python3.9/site-packages/airflow/example_dags/example_datasets.py
[2026-02-25T06:49:38.569+0530] {processor.py:840} INFO - DAG(s) 'dataset_consumes_1_and_2', 'dataset_consumes_1_never_scheduled', 'dataset_consumes_1', 'dataset_produces_1', 'dataset_produces_2', 'dataset_consumes_unknown_never_scheduled' retrieved from /Users/neerajvyas/learning/airflow/learn_airflow/airflow_home/venv/lib/python3.9/site-packages/airflow/example_dags/example_datasets.py
[2026-02-25T06:49:38.619+0530] {logging_mixin.py:188} INFO - [2026-02-25T06:49:38.619+0530] {dag.py:3036} INFO - Sync 6 DAGs
[2026-02-25T06:49:38.627+0530] {logging_mixin.py:188} INFO - [2026-02-25T06:49:38.626+0530] {dag.py:3823} INFO - Setting next_dagrun for dataset_consumes_1 to None, run_after=None
[2026-02-25T06:49:38.628+0530] {logging_mixin.py:188} INFO - [2026-02-25T06:49:38.628+0530] {dag.py:3823} INFO - Setting next_dagrun for dataset_consumes_1_and_2 to None, run_after=None
[2026-02-25T06:49:38.628+0530] {logging_mixin.py:188} INFO - [2026-02-25T06:49:38.628+0530] {dag.py:3823} INFO - Setting next_dagrun for dataset_consumes_1_never_scheduled to None, run_after=None
[2026-02-25T06:49:38.629+0530] {logging_mixin.py:188} INFO - [2026-02-25T06:49:38.629+0530] {dag.py:3823} INFO - Setting next_dagrun for dataset_consumes_unknown_never_scheduled to None, run_after=None
[2026-02-25T06:49:38.630+0530] {logging_mixin.py:188} INFO - [2026-02-25T06:49:38.630+0530] {dag.py:3823} INFO - Setting next_dagrun for dataset_produces_1 to 2026-02-24 00:00:00+00:00, run_after=2026-02-25 00:00:00+00:00
[2026-02-25T06:49:38.630+0530] {logging_mixin.py:188} INFO - [2026-02-25T06:49:38.630+0530] {dag.py:3823} INFO - Setting next_dagrun for dataset_produces_2 to None, run_after=None
[2026-02-25T06:49:38.643+0530] {processor.py:183} INFO - Processing /Users/neerajvyas/learning/airflow/learn_airflow/airflow_home/venv/lib/python3.9/site-packages/airflow/example_dags/example_datasets.py took 0.081 seconds
[2026-02-25T06:51:24.557+0530] {processor.py:161} INFO - Started process (PID=69591) to work on /Users/neerajvyas/learning/airflow/learn_airflow/airflow_home/venv/lib/python3.9/site-packages/airflow/example_dags/example_datasets.py
[2026-02-25T06:51:24.558+0530] {processor.py:830} INFO - Processing file /Users/neerajvyas/learning/airflow/learn_airflow/airflow_home/venv/lib/python3.9/site-packages/airflow/example_dags/example_datasets.py for tasks to queue
[2026-02-25T06:51:24.559+0530] {logging_mixin.py:188} INFO - [2026-02-25T06:51:24.558+0530] {dagbag.py:538} INFO - Filling up the DagBag from /Users/neerajvyas/learning/airflow/learn_airflow/airflow_home/venv/lib/python3.9/site-packages/airflow/example_dags/example_datasets.py
[2026-02-25T06:51:24.564+0530] {processor.py:840} INFO - DAG(s) 'dataset_produces_2', 'dataset_consumes_1_never_scheduled', 'dataset_consumes_1', 'dataset_consumes_unknown_never_scheduled', 'dataset_consumes_1_and_2', 'dataset_produces_1' retrieved from /Users/neerajvyas/learning/airflow/learn_airflow/airflow_home/venv/lib/python3.9/site-packages/airflow/example_dags/example_datasets.py
[2026-02-25T06:51:24.612+0530] {logging_mixin.py:188} INFO - [2026-02-25T06:51:24.612+0530] {dag.py:3036} INFO - Sync 6 DAGs
[2026-02-25T06:51:24.619+0530] {logging_mixin.py:188} INFO - [2026-02-25T06:51:24.619+0530] {dag.py:3823} INFO - Setting next_dagrun for dataset_consumes_1 to None, run_after=None
[2026-02-25T06:51:24.620+0530] {logging_mixin.py:188} INFO - [2026-02-25T06:51:24.620+0530] {dag.py:3823} INFO - Setting next_dagrun for dataset_consumes_1_and_2 to None, run_after=None
[2026-02-25T06:51:24.621+0530] {logging_mixin.py:188} INFO - [2026-02-25T06:51:24.621+0530] {dag.py:3823} INFO - Setting next_dagrun for dataset_consumes_1_never_scheduled to None, run_after=None
[2026-02-25T06:51:24.621+0530] {logging_mixin.py:188} INFO - [2026-02-25T06:51:24.621+0530] {dag.py:3823} INFO - Setting next_dagrun for dataset_consumes_unknown_never_scheduled to None, run_after=None
[2026-02-25T06:51:24.622+0530] {logging_mixin.py:188} INFO - [2026-02-25T06:51:24.622+0530] {dag.py:3823} INFO - Setting next_dagrun for dataset_produces_1 to 2026-02-24 00:00:00+00:00, run_after=2026-02-25 00:00:00+00:00
[2026-02-25T06:51:24.622+0530] {logging_mixin.py:188} INFO - [2026-02-25T06:51:24.622+0530] {dag.py:3823} INFO - Setting next_dagrun for dataset_produces_2 to None, run_after=None
[2026-02-25T06:51:24.633+0530] {processor.py:183} INFO - Processing /Users/neerajvyas/learning/airflow/learn_airflow/airflow_home/venv/lib/python3.9/site-packages/airflow/example_dags/example_datasets.py took 0.077 seconds
[2026-02-25T06:53:10.002+0530] {processor.py:161} INFO - Started process (PID=73221) to work on /Users/neerajvyas/learning/airflow/learn_airflow/airflow_home/venv/lib/python3.9/site-packages/airflow/example_dags/example_datasets.py
[2026-02-25T06:53:10.003+0530] {processor.py:830} INFO - Processing file /Users/neerajvyas/learning/airflow/learn_airflow/airflow_home/venv/lib/python3.9/site-packages/airflow/example_dags/example_datasets.py for tasks to queue
[2026-02-25T06:53:10.004+0530] {logging_mixin.py:188} INFO - [2026-02-25T06:53:10.004+0530] {dagbag.py:538} INFO - Filling up the DagBag from /Users/neerajvyas/learning/airflow/learn_airflow/airflow_home/venv/lib/python3.9/site-packages/airflow/example_dags/example_datasets.py
[2026-02-25T06:53:10.010+0530] {processor.py:840} INFO - DAG(s) 'dataset_consumes_unknown_never_scheduled', 'dataset_consumes_1_and_2', 'dataset_produces_2', 'dataset_consumes_1_never_scheduled', 'dataset_produces_1', 'dataset_consumes_1' retrieved from /Users/neerajvyas/learning/airflow/learn_airflow/airflow_home/venv/lib/python3.9/site-packages/airflow/example_dags/example_datasets.py
[2026-02-25T06:53:10.058+0530] {logging_mixin.py:188} INFO - [2026-02-25T06:53:10.058+0530] {dag.py:3036} INFO - Sync 6 DAGs
[2026-02-25T06:53:10.065+0530] {logging_mixin.py:188} INFO - [2026-02-25T06:53:10.065+0530] {dag.py:3823} INFO - Setting next_dagrun for dataset_consumes_1 to None, run_after=None
[2026-02-25T06:53:10.066+0530] {logging_mixin.py:188} INFO - [2026-02-25T06:53:10.066+0530] {dag.py:3823} INFO - Setting next_dagrun for dataset_consumes_1_and_2 to None, run_after=None
[2026-02-25T06:53:10.066+0530] {logging_mixin.py:188} INFO - [2026-02-25T06:53:10.066+0530] {dag.py:3823} INFO - Setting next_dagrun for dataset_consumes_1_never_scheduled to None, run_after=None
[2026-02-25T06:53:10.067+0530] {logging_mixin.py:188} INFO - [2026-02-25T06:53:10.067+0530] {dag.py:3823} INFO - Setting next_dagrun for dataset_consumes_unknown_never_scheduled to None, run_after=None
[2026-02-25T06:53:10.068+0530] {logging_mixin.py:188} INFO - [2026-02-25T06:53:10.068+0530] {dag.py:3823} INFO - Setting next_dagrun for dataset_produces_1 to 2026-02-24 00:00:00+00:00, run_after=2026-02-25 00:00:00+00:00
[2026-02-25T06:53:10.068+0530] {logging_mixin.py:188} INFO - [2026-02-25T06:53:10.068+0530] {dag.py:3823} INFO - Setting next_dagrun for dataset_produces_2 to None, run_after=None
[2026-02-25T06:53:10.078+0530] {processor.py:183} INFO - Processing /Users/neerajvyas/learning/airflow/learn_airflow/airflow_home/venv/lib/python3.9/site-packages/airflow/example_dags/example_datasets.py took 0.077 seconds
[2026-02-25T06:54:59.250+0530] {processor.py:161} INFO - Started process (PID=76833) to work on /Users/neerajvyas/learning/airflow/learn_airflow/airflow_home/venv/lib/python3.9/site-packages/airflow/example_dags/example_datasets.py
[2026-02-25T06:54:59.251+0530] {processor.py:830} INFO - Processing file /Users/neerajvyas/learning/airflow/learn_airflow/airflow_home/venv/lib/python3.9/site-packages/airflow/example_dags/example_datasets.py for tasks to queue
[2026-02-25T06:54:59.251+0530] {logging_mixin.py:188} INFO - [2026-02-25T06:54:59.251+0530] {dagbag.py:538} INFO - Filling up the DagBag from /Users/neerajvyas/learning/airflow/learn_airflow/airflow_home/venv/lib/python3.9/site-packages/airflow/example_dags/example_datasets.py
[2026-02-25T06:54:59.257+0530] {processor.py:840} INFO - DAG(s) 'dataset_produces_2', 'dataset_consumes_unknown_never_scheduled', 'dataset_produces_1', 'dataset_consumes_1', 'dataset_consumes_1_never_scheduled', 'dataset_consumes_1_and_2' retrieved from /Users/neerajvyas/learning/airflow/learn_airflow/airflow_home/venv/lib/python3.9/site-packages/airflow/example_dags/example_datasets.py
[2026-02-25T06:54:59.310+0530] {logging_mixin.py:188} INFO - [2026-02-25T06:54:59.310+0530] {dag.py:3036} INFO - Sync 6 DAGs
[2026-02-25T06:54:59.318+0530] {logging_mixin.py:188} INFO - [2026-02-25T06:54:59.318+0530] {dag.py:3823} INFO - Setting next_dagrun for dataset_consumes_1 to None, run_after=None
[2026-02-25T06:54:59.320+0530] {logging_mixin.py:188} INFO - [2026-02-25T06:54:59.320+0530] {dag.py:3823} INFO - Setting next_dagrun for dataset_consumes_1_and_2 to None, run_after=None
[2026-02-25T06:54:59.321+0530] {logging_mixin.py:188} INFO - [2026-02-25T06:54:59.320+0530] {dag.py:3823} INFO - Setting next_dagrun for dataset_consumes_1_never_scheduled to None, run_after=None
[2026-02-25T06:54:59.321+0530] {logging_mixin.py:188} INFO - [2026-02-25T06:54:59.321+0530] {dag.py:3823} INFO - Setting next_dagrun for dataset_consumes_unknown_never_scheduled to None, run_after=None
[2026-02-25T06:54:59.322+0530] {logging_mixin.py:188} INFO - [2026-02-25T06:54:59.322+0530] {dag.py:3823} INFO - Setting next_dagrun for dataset_produces_1 to 2026-02-24 00:00:00+00:00, run_after=2026-02-25 00:00:00+00:00
[2026-02-25T06:54:59.322+0530] {logging_mixin.py:188} INFO - [2026-02-25T06:54:59.322+0530] {dag.py:3823} INFO - Setting next_dagrun for dataset_produces_2 to None, run_after=None
[2026-02-25T06:54:59.335+0530] {processor.py:183} INFO - Processing /Users/neerajvyas/learning/airflow/learn_airflow/airflow_home/venv/lib/python3.9/site-packages/airflow/example_dags/example_datasets.py took 0.086 seconds
[2026-02-25T06:56:47.177+0530] {processor.py:161} INFO - Started process (PID=80923) to work on /Users/neerajvyas/learning/airflow/learn_airflow/airflow_home/venv/lib/python3.9/site-packages/airflow/example_dags/example_datasets.py
[2026-02-25T06:56:47.178+0530] {processor.py:830} INFO - Processing file /Users/neerajvyas/learning/airflow/learn_airflow/airflow_home/venv/lib/python3.9/site-packages/airflow/example_dags/example_datasets.py for tasks to queue
[2026-02-25T06:56:47.178+0530] {logging_mixin.py:188} INFO - [2026-02-25T06:56:47.178+0530] {dagbag.py:538} INFO - Filling up the DagBag from /Users/neerajvyas/learning/airflow/learn_airflow/airflow_home/venv/lib/python3.9/site-packages/airflow/example_dags/example_datasets.py
[2026-02-25T06:56:47.183+0530] {processor.py:840} INFO - DAG(s) 'dataset_produces_1', 'dataset_consumes_1', 'dataset_consumes_unknown_never_scheduled', 'dataset_consumes_1_and_2', 'dataset_consumes_1_never_scheduled', 'dataset_produces_2' retrieved from /Users/neerajvyas/learning/airflow/learn_airflow/airflow_home/venv/lib/python3.9/site-packages/airflow/example_dags/example_datasets.py
[2026-02-25T06:56:47.231+0530] {logging_mixin.py:188} INFO - [2026-02-25T06:56:47.231+0530] {dag.py:3036} INFO - Sync 6 DAGs
[2026-02-25T06:56:47.238+0530] {logging_mixin.py:188} INFO - [2026-02-25T06:56:47.238+0530] {dag.py:3823} INFO - Setting next_dagrun for dataset_consumes_1 to None, run_after=None
[2026-02-25T06:56:47.239+0530] {logging_mixin.py:188} INFO - [2026-02-25T06:56:47.239+0530] {dag.py:3823} INFO - Setting next_dagrun for dataset_consumes_1_and_2 to None, run_after=None
[2026-02-25T06:56:47.240+0530] {logging_mixin.py:188} INFO - [2026-02-25T06:56:47.240+0530] {dag.py:3823} INFO - Setting next_dagrun for dataset_consumes_1_never_scheduled to None, run_after=None
[2026-02-25T06:56:47.240+0530] {logging_mixin.py:188} INFO - [2026-02-25T06:56:47.240+0530] {dag.py:3823} INFO - Setting next_dagrun for dataset_consumes_unknown_never_scheduled to None, run_after=None
[2026-02-25T06:56:47.241+0530] {logging_mixin.py:188} INFO - [2026-02-25T06:56:47.241+0530] {dag.py:3823} INFO - Setting next_dagrun for dataset_produces_1 to 2026-02-24 00:00:00+00:00, run_after=2026-02-25 00:00:00+00:00
[2026-02-25T06:56:47.241+0530] {logging_mixin.py:188} INFO - [2026-02-25T06:56:47.241+0530] {dag.py:3823} INFO - Setting next_dagrun for dataset_produces_2 to None, run_after=None
[2026-02-25T06:56:47.253+0530] {processor.py:183} INFO - Processing /Users/neerajvyas/learning/airflow/learn_airflow/airflow_home/venv/lib/python3.9/site-packages/airflow/example_dags/example_datasets.py took 0.076 seconds
[2026-02-25T06:58:36.671+0530] {processor.py:161} INFO - Started process (PID=85033) to work on /Users/neerajvyas/learning/airflow/learn_airflow/airflow_home/venv/lib/python3.9/site-packages/airflow/example_dags/example_datasets.py
[2026-02-25T06:58:36.672+0530] {processor.py:830} INFO - Processing file /Users/neerajvyas/learning/airflow/learn_airflow/airflow_home/venv/lib/python3.9/site-packages/airflow/example_dags/example_datasets.py for tasks to queue
[2026-02-25T06:58:36.672+0530] {logging_mixin.py:188} INFO - [2026-02-25T06:58:36.672+0530] {dagbag.py:538} INFO - Filling up the DagBag from /Users/neerajvyas/learning/airflow/learn_airflow/airflow_home/venv/lib/python3.9/site-packages/airflow/example_dags/example_datasets.py
[2026-02-25T06:58:36.677+0530] {processor.py:840} INFO - DAG(s) 'dataset_produces_2', 'dataset_consumes_1_never_scheduled', 'dataset_consumes_1_and_2', 'dataset_consumes_unknown_never_scheduled', 'dataset_produces_1', 'dataset_consumes_1' retrieved from /Users/neerajvyas/learning/airflow/learn_airflow/airflow_home/venv/lib/python3.9/site-packages/airflow/example_dags/example_datasets.py
[2026-02-25T06:58:36.727+0530] {logging_mixin.py:188} INFO - [2026-02-25T06:58:36.727+0530] {dag.py:3036} INFO - Sync 6 DAGs
[2026-02-25T06:58:36.734+0530] {logging_mixin.py:188} INFO - [2026-02-25T06:58:36.734+0530] {dag.py:3823} INFO - Setting next_dagrun for dataset_consumes_1 to None, run_after=None
[2026-02-25T06:58:36.738+0530] {logging_mixin.py:188} INFO - [2026-02-25T06:58:36.738+0530] {dag.py:3823} INFO - Setting next_dagrun for dataset_consumes_1_and_2 to None, run_after=None
[2026-02-25T06:58:36.738+0530] {logging_mixin.py:188} INFO - [2026-02-25T06:58:36.738+0530] {dag.py:3823} INFO - Setting next_dagrun for dataset_consumes_1_never_scheduled to None, run_after=None
[2026-02-25T06:58:36.738+0530] {logging_mixin.py:188} INFO - [2026-02-25T06:58:36.738+0530] {dag.py:3823} INFO - Setting next_dagrun for dataset_consumes_unknown_never_scheduled to None, run_after=None
[2026-02-25T06:58:36.739+0530] {logging_mixin.py:188} INFO - [2026-02-25T06:58:36.739+0530] {dag.py:3823} INFO - Setting next_dagrun for dataset_produces_1 to 2026-02-24 00:00:00+00:00, run_after=2026-02-25 00:00:00+00:00
[2026-02-25T06:58:36.739+0530] {logging_mixin.py:188} INFO - [2026-02-25T06:58:36.739+0530] {dag.py:3823} INFO - Setting next_dagrun for dataset_produces_2 to None, run_after=None
[2026-02-25T06:58:36.750+0530] {processor.py:183} INFO - Processing /Users/neerajvyas/learning/airflow/learn_airflow/airflow_home/venv/lib/python3.9/site-packages/airflow/example_dags/example_datasets.py took 0.080 seconds
[2026-02-25T07:00:21.517+0530] {processor.py:161} INFO - Started process (PID=88626) to work on /Users/neerajvyas/learning/airflow/learn_airflow/airflow_home/venv/lib/python3.9/site-packages/airflow/example_dags/example_datasets.py
[2026-02-25T07:00:21.518+0530] {processor.py:830} INFO - Processing file /Users/neerajvyas/learning/airflow/learn_airflow/airflow_home/venv/lib/python3.9/site-packages/airflow/example_dags/example_datasets.py for tasks to queue
[2026-02-25T07:00:21.518+0530] {logging_mixin.py:188} INFO - [2026-02-25T07:00:21.518+0530] {dagbag.py:538} INFO - Filling up the DagBag from /Users/neerajvyas/learning/airflow/learn_airflow/airflow_home/venv/lib/python3.9/site-packages/airflow/example_dags/example_datasets.py
[2026-02-25T07:00:21.524+0530] {processor.py:840} INFO - DAG(s) 'dataset_consumes_1_never_scheduled', 'dataset_consumes_1', 'dataset_produces_1', 'dataset_consumes_1_and_2', 'dataset_consumes_unknown_never_scheduled', 'dataset_produces_2' retrieved from /Users/neerajvyas/learning/airflow/learn_airflow/airflow_home/venv/lib/python3.9/site-packages/airflow/example_dags/example_datasets.py
[2026-02-25T07:00:21.577+0530] {logging_mixin.py:188} INFO - [2026-02-25T07:00:21.577+0530] {dag.py:3036} INFO - Sync 6 DAGs
[2026-02-25T07:00:21.584+0530] {logging_mixin.py:188} INFO - [2026-02-25T07:00:21.584+0530] {dag.py:3823} INFO - Setting next_dagrun for dataset_consumes_1 to None, run_after=None
[2026-02-25T07:00:21.585+0530] {logging_mixin.py:188} INFO - [2026-02-25T07:00:21.585+0530] {dag.py:3823} INFO - Setting next_dagrun for dataset_consumes_1_and_2 to None, run_after=None
[2026-02-25T07:00:21.586+0530] {logging_mixin.py:188} INFO - [2026-02-25T07:00:21.586+0530] {dag.py:3823} INFO - Setting next_dagrun for dataset_consumes_1_never_scheduled to None, run_after=None
[2026-02-25T07:00:21.586+0530] {logging_mixin.py:188} INFO - [2026-02-25T07:00:21.586+0530] {dag.py:3823} INFO - Setting next_dagrun for dataset_consumes_unknown_never_scheduled to None, run_after=None
[2026-02-25T07:00:21.587+0530] {logging_mixin.py:188} INFO - [2026-02-25T07:00:21.587+0530] {dag.py:3823} INFO - Setting next_dagrun for dataset_produces_1 to 2026-02-24 00:00:00+00:00, run_after=2026-02-25 00:00:00+00:00
[2026-02-25T07:00:21.587+0530] {logging_mixin.py:188} INFO - [2026-02-25T07:00:21.587+0530] {dag.py:3823} INFO - Setting next_dagrun for dataset_produces_2 to None, run_after=None
[2026-02-25T07:00:21.598+0530] {processor.py:183} INFO - Processing /Users/neerajvyas/learning/airflow/learn_airflow/airflow_home/venv/lib/python3.9/site-packages/airflow/example_dags/example_datasets.py took 0.080 seconds
[2026-02-25T07:02:10.833+0530] {processor.py:161} INFO - Started process (PID=92482) to work on /Users/neerajvyas/learning/airflow/learn_airflow/airflow_home/venv/lib/python3.9/site-packages/airflow/example_dags/example_datasets.py
[2026-02-25T07:02:10.834+0530] {processor.py:830} INFO - Processing file /Users/neerajvyas/learning/airflow/learn_airflow/airflow_home/venv/lib/python3.9/site-packages/airflow/example_dags/example_datasets.py for tasks to queue
[2026-02-25T07:02:10.835+0530] {logging_mixin.py:188} INFO - [2026-02-25T07:02:10.835+0530] {dagbag.py:538} INFO - Filling up the DagBag from /Users/neerajvyas/learning/airflow/learn_airflow/airflow_home/venv/lib/python3.9/site-packages/airflow/example_dags/example_datasets.py
[2026-02-25T07:02:10.840+0530] {processor.py:840} INFO - DAG(s) 'dataset_consumes_1_never_scheduled', 'dataset_produces_1', 'dataset_consumes_1', 'dataset_consumes_1_and_2', 'dataset_consumes_unknown_never_scheduled', 'dataset_produces_2' retrieved from /Users/neerajvyas/learning/airflow/learn_airflow/airflow_home/venv/lib/python3.9/site-packages/airflow/example_dags/example_datasets.py
[2026-02-25T07:02:10.890+0530] {logging_mixin.py:188} INFO - [2026-02-25T07:02:10.890+0530] {dag.py:3036} INFO - Sync 6 DAGs
[2026-02-25T07:02:10.898+0530] {logging_mixin.py:188} INFO - [2026-02-25T07:02:10.897+0530] {dag.py:3823} INFO - Setting next_dagrun for dataset_consumes_1 to None, run_after=None
[2026-02-25T07:02:10.899+0530] {logging_mixin.py:188} INFO - [2026-02-25T07:02:10.899+0530] {dag.py:3823} INFO - Setting next_dagrun for dataset_consumes_1_and_2 to None, run_after=None
[2026-02-25T07:02:10.900+0530] {logging_mixin.py:188} INFO - [2026-02-25T07:02:10.900+0530] {dag.py:3823} INFO - Setting next_dagrun for dataset_consumes_1_never_scheduled to None, run_after=None
[2026-02-25T07:02:10.900+0530] {logging_mixin.py:188} INFO - [2026-02-25T07:02:10.900+0530] {dag.py:3823} INFO - Setting next_dagrun for dataset_consumes_unknown_never_scheduled to None, run_after=None
[2026-02-25T07:02:10.901+0530] {logging_mixin.py:188} INFO - [2026-02-25T07:02:10.901+0530] {dag.py:3823} INFO - Setting next_dagrun for dataset_produces_1 to 2026-02-24 00:00:00+00:00, run_after=2026-02-25 00:00:00+00:00
[2026-02-25T07:02:10.901+0530] {logging_mixin.py:188} INFO - [2026-02-25T07:02:10.901+0530] {dag.py:3823} INFO - Setting next_dagrun for dataset_produces_2 to None, run_after=None
[2026-02-25T07:02:10.913+0530] {processor.py:183} INFO - Processing /Users/neerajvyas/learning/airflow/learn_airflow/airflow_home/venv/lib/python3.9/site-packages/airflow/example_dags/example_datasets.py took 0.081 seconds
[2026-02-25T07:04:00.266+0530] {processor.py:161} INFO - Started process (PID=96733) to work on /Users/neerajvyas/learning/airflow/learn_airflow/airflow_home/venv/lib/python3.9/site-packages/airflow/example_dags/example_datasets.py
[2026-02-25T07:04:00.266+0530] {processor.py:830} INFO - Processing file /Users/neerajvyas/learning/airflow/learn_airflow/airflow_home/venv/lib/python3.9/site-packages/airflow/example_dags/example_datasets.py for tasks to queue
[2026-02-25T07:04:00.267+0530] {logging_mixin.py:188} INFO - [2026-02-25T07:04:00.267+0530] {dagbag.py:538} INFO - Filling up the DagBag from /Users/neerajvyas/learning/airflow/learn_airflow/airflow_home/venv/lib/python3.9/site-packages/airflow/example_dags/example_datasets.py
[2026-02-25T07:04:00.272+0530] {processor.py:840} INFO - DAG(s) 'dataset_consumes_1_and_2', 'dataset_consumes_1', 'dataset_consumes_1_never_scheduled', 'dataset_produces_2', 'dataset_produces_1', 'dataset_consumes_unknown_never_scheduled' retrieved from /Users/neerajvyas/learning/airflow/learn_airflow/airflow_home/venv/lib/python3.9/site-packages/airflow/example_dags/example_datasets.py
[2026-02-25T07:04:00.320+0530] {logging_mixin.py:188} INFO - [2026-02-25T07:04:00.320+0530] {dag.py:3036} INFO - Sync 6 DAGs
[2026-02-25T07:04:00.327+0530] {logging_mixin.py:188} INFO - [2026-02-25T07:04:00.327+0530] {dag.py:3823} INFO - Setting next_dagrun for dataset_consumes_1 to None, run_after=None
[2026-02-25T07:04:00.328+0530] {logging_mixin.py:188} INFO - [2026-02-25T07:04:00.328+0530] {dag.py:3823} INFO - Setting next_dagrun for dataset_consumes_1_and_2 to None, run_after=None
[2026-02-25T07:04:00.328+0530] {logging_mixin.py:188} INFO - [2026-02-25T07:04:00.328+0530] {dag.py:3823} INFO - Setting next_dagrun for dataset_consumes_1_never_scheduled to None, run_after=None
[2026-02-25T07:04:00.328+0530] {logging_mixin.py:188} INFO - [2026-02-25T07:04:00.328+0530] {dag.py:3823} INFO - Setting next_dagrun for dataset_consumes_unknown_never_scheduled to None, run_after=None
[2026-02-25T07:04:00.329+0530] {logging_mixin.py:188} INFO - [2026-02-25T07:04:00.329+0530] {dag.py:3823} INFO - Setting next_dagrun for dataset_produces_1 to 2026-02-24 00:00:00+00:00, run_after=2026-02-25 00:00:00+00:00
[2026-02-25T07:04:00.330+0530] {logging_mixin.py:188} INFO - [2026-02-25T07:04:00.330+0530] {dag.py:3823} INFO - Setting next_dagrun for dataset_produces_2 to None, run_after=None
[2026-02-25T07:04:00.340+0530] {processor.py:183} INFO - Processing /Users/neerajvyas/learning/airflow/learn_airflow/airflow_home/venv/lib/python3.9/site-packages/airflow/example_dags/example_datasets.py took 0.075 seconds
