[2026-02-25T06:47:25.174+0530] {processor.py:161} INFO - Started process (PID=61442) to work on /Users/neerajvyas/learning/airflow/learn_airflow/airflow_home/venv/lib/python3.9/site-packages/airflow/example_dags/example_sensors.py
[2026-02-25T06:47:25.175+0530] {processor.py:830} INFO - Processing file /Users/neerajvyas/learning/airflow/learn_airflow/airflow_home/venv/lib/python3.9/site-packages/airflow/example_dags/example_sensors.py for tasks to queue
[2026-02-25T06:47:25.175+0530] {logging_mixin.py:188} INFO - [2026-02-25T06:47:25.175+0530] {dagbag.py:538} INFO - Filling up the DagBag from /Users/neerajvyas/learning/airflow/learn_airflow/airflow_home/venv/lib/python3.9/site-packages/airflow/example_dags/example_sensors.py
[2026-02-25T06:47:25.181+0530] {processor.py:840} INFO - DAG(s) 'example_sensors' retrieved from /Users/neerajvyas/learning/airflow/learn_airflow/airflow_home/venv/lib/python3.9/site-packages/airflow/example_dags/example_sensors.py
[2026-02-25T06:47:25.263+0530] {logging_mixin.py:188} INFO - [2026-02-25T06:47:25.262+0530] {override.py:1769} INFO - Created Permission View: can read on DAG:example_sensors
[2026-02-25T06:47:25.266+0530] {logging_mixin.py:188} INFO - [2026-02-25T06:47:25.266+0530] {override.py:1769} INFO - Created Permission View: can edit on DAG:example_sensors
[2026-02-25T06:47:25.268+0530] {logging_mixin.py:188} INFO - [2026-02-25T06:47:25.268+0530] {override.py:1769} INFO - Created Permission View: can delete on DAG:example_sensors
[2026-02-25T06:47:25.268+0530] {logging_mixin.py:188} INFO - [2026-02-25T06:47:25.268+0530] {dag.py:3036} INFO - Sync 1 DAGs
[2026-02-25T06:47:25.272+0530] {logging_mixin.py:188} INFO - [2026-02-25T06:47:25.272+0530] {dag.py:3058} INFO - Creating ORM DAG for example_sensors
[2026-02-25T06:47:25.272+0530] {logging_mixin.py:188} INFO - [2026-02-25T06:47:25.272+0530] {dag.py:3823} INFO - Setting next_dagrun for example_sensors to None, run_after=None
[2026-02-25T06:47:25.280+0530] {processor.py:183} INFO - Processing /Users/neerajvyas/learning/airflow/learn_airflow/airflow_home/venv/lib/python3.9/site-packages/airflow/example_dags/example_sensors.py took 0.106 seconds
[2026-02-25T06:48:48.946+0530] {processor.py:161} INFO - Started process (PID=64246) to work on /Users/neerajvyas/learning/airflow/learn_airflow/airflow_home/venv/lib/python3.9/site-packages/airflow/example_dags/example_sensors.py
[2026-02-25T06:48:48.947+0530] {processor.py:830} INFO - Processing file /Users/neerajvyas/learning/airflow/learn_airflow/airflow_home/venv/lib/python3.9/site-packages/airflow/example_dags/example_sensors.py for tasks to queue
[2026-02-25T06:48:48.947+0530] {logging_mixin.py:188} INFO - [2026-02-25T06:48:48.947+0530] {dagbag.py:538} INFO - Filling up the DagBag from /Users/neerajvyas/learning/airflow/learn_airflow/airflow_home/venv/lib/python3.9/site-packages/airflow/example_dags/example_sensors.py
[2026-02-25T06:48:48.955+0530] {processor.py:840} INFO - DAG(s) 'example_sensors' retrieved from /Users/neerajvyas/learning/airflow/learn_airflow/airflow_home/venv/lib/python3.9/site-packages/airflow/example_dags/example_sensors.py
[2026-02-25T06:48:49.006+0530] {logging_mixin.py:188} INFO - [2026-02-25T06:48:49.006+0530] {dag.py:3036} INFO - Sync 1 DAGs
[2026-02-25T06:48:49.010+0530] {logging_mixin.py:188} INFO - [2026-02-25T06:48:49.010+0530] {dag.py:3823} INFO - Setting next_dagrun for example_sensors to None, run_after=None
[2026-02-25T06:48:49.018+0530] {processor.py:183} INFO - Processing /Users/neerajvyas/learning/airflow/learn_airflow/airflow_home/venv/lib/python3.9/site-packages/airflow/example_dags/example_sensors.py took 0.073 seconds
[2026-02-25T06:50:36.362+0530] {processor.py:161} INFO - Started process (PID=67852) to work on /Users/neerajvyas/learning/airflow/learn_airflow/airflow_home/venv/lib/python3.9/site-packages/airflow/example_dags/example_sensors.py
[2026-02-25T06:50:36.364+0530] {processor.py:830} INFO - Processing file /Users/neerajvyas/learning/airflow/learn_airflow/airflow_home/venv/lib/python3.9/site-packages/airflow/example_dags/example_sensors.py for tasks to queue
[2026-02-25T06:50:36.364+0530] {logging_mixin.py:188} INFO - [2026-02-25T06:50:36.364+0530] {dagbag.py:538} INFO - Filling up the DagBag from /Users/neerajvyas/learning/airflow/learn_airflow/airflow_home/venv/lib/python3.9/site-packages/airflow/example_dags/example_sensors.py
[2026-02-25T06:50:36.371+0530] {processor.py:840} INFO - DAG(s) 'example_sensors' retrieved from /Users/neerajvyas/learning/airflow/learn_airflow/airflow_home/venv/lib/python3.9/site-packages/airflow/example_dags/example_sensors.py
[2026-02-25T06:50:36.418+0530] {logging_mixin.py:188} INFO - [2026-02-25T06:50:36.418+0530] {dag.py:3036} INFO - Sync 1 DAGs
[2026-02-25T06:50:36.422+0530] {logging_mixin.py:188} INFO - [2026-02-25T06:50:36.422+0530] {dag.py:3823} INFO - Setting next_dagrun for example_sensors to None, run_after=None
[2026-02-25T06:50:36.430+0530] {processor.py:183} INFO - Processing /Users/neerajvyas/learning/airflow/learn_airflow/airflow_home/venv/lib/python3.9/site-packages/airflow/example_dags/example_sensors.py took 0.068 seconds
[2026-02-25T06:52:22.490+0530] {processor.py:161} INFO - Started process (PID=71386) to work on /Users/neerajvyas/learning/airflow/learn_airflow/airflow_home/venv/lib/python3.9/site-packages/airflow/example_dags/example_sensors.py
[2026-02-25T06:52:22.491+0530] {processor.py:830} INFO - Processing file /Users/neerajvyas/learning/airflow/learn_airflow/airflow_home/venv/lib/python3.9/site-packages/airflow/example_dags/example_sensors.py for tasks to queue
[2026-02-25T06:52:22.491+0530] {logging_mixin.py:188} INFO - [2026-02-25T06:52:22.491+0530] {dagbag.py:538} INFO - Filling up the DagBag from /Users/neerajvyas/learning/airflow/learn_airflow/airflow_home/venv/lib/python3.9/site-packages/airflow/example_dags/example_sensors.py
[2026-02-25T06:52:22.498+0530] {processor.py:840} INFO - DAG(s) 'example_sensors' retrieved from /Users/neerajvyas/learning/airflow/learn_airflow/airflow_home/venv/lib/python3.9/site-packages/airflow/example_dags/example_sensors.py
[2026-02-25T06:52:22.548+0530] {logging_mixin.py:188} INFO - [2026-02-25T06:52:22.547+0530] {dag.py:3036} INFO - Sync 1 DAGs
[2026-02-25T06:52:22.552+0530] {logging_mixin.py:188} INFO - [2026-02-25T06:52:22.551+0530] {dag.py:3823} INFO - Setting next_dagrun for example_sensors to None, run_after=None
[2026-02-25T06:52:22.560+0530] {processor.py:183} INFO - Processing /Users/neerajvyas/learning/airflow/learn_airflow/airflow_home/venv/lib/python3.9/site-packages/airflow/example_dags/example_sensors.py took 0.070 seconds
[2026-02-25T06:54:08.350+0530] {processor.py:161} INFO - Started process (PID=75332) to work on /Users/neerajvyas/learning/airflow/learn_airflow/airflow_home/venv/lib/python3.9/site-packages/airflow/example_dags/example_sensors.py
[2026-02-25T06:54:08.352+0530] {processor.py:830} INFO - Processing file /Users/neerajvyas/learning/airflow/learn_airflow/airflow_home/venv/lib/python3.9/site-packages/airflow/example_dags/example_sensors.py for tasks to queue
[2026-02-25T06:54:08.352+0530] {logging_mixin.py:188} INFO - [2026-02-25T06:54:08.352+0530] {dagbag.py:538} INFO - Filling up the DagBag from /Users/neerajvyas/learning/airflow/learn_airflow/airflow_home/venv/lib/python3.9/site-packages/airflow/example_dags/example_sensors.py
[2026-02-25T06:54:08.359+0530] {processor.py:840} INFO - DAG(s) 'example_sensors' retrieved from /Users/neerajvyas/learning/airflow/learn_airflow/airflow_home/venv/lib/python3.9/site-packages/airflow/example_dags/example_sensors.py
[2026-02-25T06:54:08.406+0530] {logging_mixin.py:188} INFO - [2026-02-25T06:54:08.406+0530] {dag.py:3036} INFO - Sync 1 DAGs
[2026-02-25T06:54:08.410+0530] {logging_mixin.py:188} INFO - [2026-02-25T06:54:08.410+0530] {dag.py:3823} INFO - Setting next_dagrun for example_sensors to None, run_after=None
[2026-02-25T06:54:08.418+0530] {processor.py:183} INFO - Processing /Users/neerajvyas/learning/airflow/learn_airflow/airflow_home/venv/lib/python3.9/site-packages/airflow/example_dags/example_sensors.py took 0.068 seconds
[2026-02-25T06:55:54.110+0530] {processor.py:161} INFO - Started process (PID=79003) to work on /Users/neerajvyas/learning/airflow/learn_airflow/airflow_home/venv/lib/python3.9/site-packages/airflow/example_dags/example_sensors.py
[2026-02-25T06:55:54.111+0530] {processor.py:830} INFO - Processing file /Users/neerajvyas/learning/airflow/learn_airflow/airflow_home/venv/lib/python3.9/site-packages/airflow/example_dags/example_sensors.py for tasks to queue
[2026-02-25T06:55:54.111+0530] {logging_mixin.py:188} INFO - [2026-02-25T06:55:54.111+0530] {dagbag.py:538} INFO - Filling up the DagBag from /Users/neerajvyas/learning/airflow/learn_airflow/airflow_home/venv/lib/python3.9/site-packages/airflow/example_dags/example_sensors.py
[2026-02-25T06:55:54.119+0530] {processor.py:840} INFO - DAG(s) 'example_sensors' retrieved from /Users/neerajvyas/learning/airflow/learn_airflow/airflow_home/venv/lib/python3.9/site-packages/airflow/example_dags/example_sensors.py
[2026-02-25T06:55:54.171+0530] {logging_mixin.py:188} INFO - [2026-02-25T06:55:54.170+0530] {dag.py:3036} INFO - Sync 1 DAGs
[2026-02-25T06:55:54.174+0530] {logging_mixin.py:188} INFO - [2026-02-25T06:55:54.174+0530] {dag.py:3823} INFO - Setting next_dagrun for example_sensors to None, run_after=None
[2026-02-25T06:55:54.183+0530] {processor.py:183} INFO - Processing /Users/neerajvyas/learning/airflow/learn_airflow/airflow_home/venv/lib/python3.9/site-packages/airflow/example_dags/example_sensors.py took 0.074 seconds
[2026-02-25T06:57:43.862+0530] {processor.py:161} INFO - Started process (PID=82763) to work on /Users/neerajvyas/learning/airflow/learn_airflow/airflow_home/venv/lib/python3.9/site-packages/airflow/example_dags/example_sensors.py
[2026-02-25T06:57:43.863+0530] {processor.py:830} INFO - Processing file /Users/neerajvyas/learning/airflow/learn_airflow/airflow_home/venv/lib/python3.9/site-packages/airflow/example_dags/example_sensors.py for tasks to queue
[2026-02-25T06:57:43.864+0530] {logging_mixin.py:188} INFO - [2026-02-25T06:57:43.863+0530] {dagbag.py:538} INFO - Filling up the DagBag from /Users/neerajvyas/learning/airflow/learn_airflow/airflow_home/venv/lib/python3.9/site-packages/airflow/example_dags/example_sensors.py
[2026-02-25T06:57:43.871+0530] {processor.py:840} INFO - DAG(s) 'example_sensors' retrieved from /Users/neerajvyas/learning/airflow/learn_airflow/airflow_home/venv/lib/python3.9/site-packages/airflow/example_dags/example_sensors.py
[2026-02-25T06:57:43.922+0530] {logging_mixin.py:188} INFO - [2026-02-25T06:57:43.922+0530] {dag.py:3036} INFO - Sync 1 DAGs
[2026-02-25T06:57:43.926+0530] {logging_mixin.py:188} INFO - [2026-02-25T06:57:43.926+0530] {dag.py:3823} INFO - Setting next_dagrun for example_sensors to None, run_after=None
[2026-02-25T06:57:43.935+0530] {processor.py:183} INFO - Processing /Users/neerajvyas/learning/airflow/learn_airflow/airflow_home/venv/lib/python3.9/site-packages/airflow/example_dags/example_sensors.py took 0.073 seconds
[2026-02-25T06:59:32.335+0530] {processor.py:161} INFO - Started process (PID=86796) to work on /Users/neerajvyas/learning/airflow/learn_airflow/airflow_home/venv/lib/python3.9/site-packages/airflow/example_dags/example_sensors.py
[2026-02-25T06:59:32.337+0530] {processor.py:830} INFO - Processing file /Users/neerajvyas/learning/airflow/learn_airflow/airflow_home/venv/lib/python3.9/site-packages/airflow/example_dags/example_sensors.py for tasks to queue
[2026-02-25T06:59:32.337+0530] {logging_mixin.py:188} INFO - [2026-02-25T06:59:32.337+0530] {dagbag.py:538} INFO - Filling up the DagBag from /Users/neerajvyas/learning/airflow/learn_airflow/airflow_home/venv/lib/python3.9/site-packages/airflow/example_dags/example_sensors.py
[2026-02-25T06:59:32.343+0530] {processor.py:840} INFO - DAG(s) 'example_sensors' retrieved from /Users/neerajvyas/learning/airflow/learn_airflow/airflow_home/venv/lib/python3.9/site-packages/airflow/example_dags/example_sensors.py
[2026-02-25T06:59:32.391+0530] {logging_mixin.py:188} INFO - [2026-02-25T06:59:32.391+0530] {dag.py:3036} INFO - Sync 1 DAGs
[2026-02-25T06:59:32.394+0530] {logging_mixin.py:188} INFO - [2026-02-25T06:59:32.394+0530] {dag.py:3823} INFO - Setting next_dagrun for example_sensors to None, run_after=None
[2026-02-25T06:59:32.402+0530] {processor.py:183} INFO - Processing /Users/neerajvyas/learning/airflow/learn_airflow/airflow_home/venv/lib/python3.9/site-packages/airflow/example_dags/example_sensors.py took 0.068 seconds
[2026-02-25T07:01:18.710+0530] {processor.py:161} INFO - Started process (PID=90373) to work on /Users/neerajvyas/learning/airflow/learn_airflow/airflow_home/venv/lib/python3.9/site-packages/airflow/example_dags/example_sensors.py
[2026-02-25T07:01:18.711+0530] {processor.py:830} INFO - Processing file /Users/neerajvyas/learning/airflow/learn_airflow/airflow_home/venv/lib/python3.9/site-packages/airflow/example_dags/example_sensors.py for tasks to queue
[2026-02-25T07:01:18.711+0530] {logging_mixin.py:188} INFO - [2026-02-25T07:01:18.711+0530] {dagbag.py:538} INFO - Filling up the DagBag from /Users/neerajvyas/learning/airflow/learn_airflow/airflow_home/venv/lib/python3.9/site-packages/airflow/example_dags/example_sensors.py
[2026-02-25T07:01:18.718+0530] {processor.py:840} INFO - DAG(s) 'example_sensors' retrieved from /Users/neerajvyas/learning/airflow/learn_airflow/airflow_home/venv/lib/python3.9/site-packages/airflow/example_dags/example_sensors.py
[2026-02-25T07:01:18.769+0530] {logging_mixin.py:188} INFO - [2026-02-25T07:01:18.769+0530] {dag.py:3036} INFO - Sync 1 DAGs
[2026-02-25T07:01:18.773+0530] {logging_mixin.py:188} INFO - [2026-02-25T07:01:18.773+0530] {dag.py:3823} INFO - Setting next_dagrun for example_sensors to None, run_after=None
[2026-02-25T07:01:18.781+0530] {processor.py:183} INFO - Processing /Users/neerajvyas/learning/airflow/learn_airflow/airflow_home/venv/lib/python3.9/site-packages/airflow/example_dags/example_sensors.py took 0.072 seconds
[2026-02-25T07:03:10.767+0530] {processor.py:161} INFO - Started process (PID=94570) to work on /Users/neerajvyas/learning/airflow/learn_airflow/airflow_home/venv/lib/python3.9/site-packages/airflow/example_dags/example_sensors.py
[2026-02-25T07:03:10.769+0530] {processor.py:830} INFO - Processing file /Users/neerajvyas/learning/airflow/learn_airflow/airflow_home/venv/lib/python3.9/site-packages/airflow/example_dags/example_sensors.py for tasks to queue
[2026-02-25T07:03:10.769+0530] {logging_mixin.py:188} INFO - [2026-02-25T07:03:10.769+0530] {dagbag.py:538} INFO - Filling up the DagBag from /Users/neerajvyas/learning/airflow/learn_airflow/airflow_home/venv/lib/python3.9/site-packages/airflow/example_dags/example_sensors.py
[2026-02-25T07:03:10.775+0530] {processor.py:840} INFO - DAG(s) 'example_sensors' retrieved from /Users/neerajvyas/learning/airflow/learn_airflow/airflow_home/venv/lib/python3.9/site-packages/airflow/example_dags/example_sensors.py
[2026-02-25T07:03:10.828+0530] {logging_mixin.py:188} INFO - [2026-02-25T07:03:10.828+0530] {dag.py:3036} INFO - Sync 1 DAGs
[2026-02-25T07:03:10.831+0530] {logging_mixin.py:188} INFO - [2026-02-25T07:03:10.831+0530] {dag.py:3823} INFO - Setting next_dagrun for example_sensors to None, run_after=None
[2026-02-25T07:03:10.839+0530] {processor.py:183} INFO - Processing /Users/neerajvyas/learning/airflow/learn_airflow/airflow_home/venv/lib/python3.9/site-packages/airflow/example_dags/example_sensors.py took 0.073 seconds
