[2026-02-25T06:47:41.269+0530] {processor.py:161} INFO - Started process (PID=61795) to work on /Users/neerajvyas/learning/airflow/learn_airflow/airflow_home/venv/lib/python3.9/site-packages/airflow/example_dags/example_latest_only_with_trigger.py
[2026-02-25T06:47:41.269+0530] {processor.py:830} INFO - Processing file /Users/neerajvyas/learning/airflow/learn_airflow/airflow_home/venv/lib/python3.9/site-packages/airflow/example_dags/example_latest_only_with_trigger.py for tasks to queue
[2026-02-25T06:47:41.269+0530] {logging_mixin.py:188} INFO - [2026-02-25T06:47:41.269+0530] {dagbag.py:538} INFO - Filling up the DagBag from /Users/neerajvyas/learning/airflow/learn_airflow/airflow_home/venv/lib/python3.9/site-packages/airflow/example_dags/example_latest_only_with_trigger.py
[2026-02-25T06:47:41.274+0530] {processor.py:840} INFO - DAG(s) 'latest_only_with_trigger' retrieved from /Users/neerajvyas/learning/airflow/learn_airflow/airflow_home/venv/lib/python3.9/site-packages/airflow/example_dags/example_latest_only_with_trigger.py
[2026-02-25T06:47:41.357+0530] {logging_mixin.py:188} INFO - [2026-02-25T06:47:41.357+0530] {override.py:1769} INFO - Created Permission View: can read on DAG:latest_only_with_trigger
[2026-02-25T06:47:41.361+0530] {logging_mixin.py:188} INFO - [2026-02-25T06:47:41.361+0530] {override.py:1769} INFO - Created Permission View: can delete on DAG:latest_only_with_trigger
[2026-02-25T06:47:41.364+0530] {logging_mixin.py:188} INFO - [2026-02-25T06:47:41.363+0530] {override.py:1769} INFO - Created Permission View: can edit on DAG:latest_only_with_trigger
[2026-02-25T06:47:41.364+0530] {logging_mixin.py:188} INFO - [2026-02-25T06:47:41.364+0530] {dag.py:3036} INFO - Sync 1 DAGs
[2026-02-25T06:47:41.368+0530] {logging_mixin.py:188} INFO - [2026-02-25T06:47:41.367+0530] {dag.py:3058} INFO - Creating ORM DAG for latest_only_with_trigger
[2026-02-25T06:47:41.371+0530] {logging_mixin.py:188} INFO - [2026-02-25T06:47:41.371+0530] {dag.py:3823} INFO - Setting next_dagrun for latest_only_with_trigger to 2026-02-24 20:00:00+00:00, run_after=2026-02-25 00:00:00+00:00
[2026-02-25T06:47:41.377+0530] {processor.py:183} INFO - Processing /Users/neerajvyas/learning/airflow/learn_airflow/airflow_home/venv/lib/python3.9/site-packages/airflow/example_dags/example_latest_only_with_trigger.py took 0.109 seconds
[2026-02-25T06:49:27.512+0530] {processor.py:161} INFO - Started process (PID=65332) to work on /Users/neerajvyas/learning/airflow/learn_airflow/airflow_home/venv/lib/python3.9/site-packages/airflow/example_dags/example_latest_only_with_trigger.py
[2026-02-25T06:49:27.512+0530] {processor.py:830} INFO - Processing file /Users/neerajvyas/learning/airflow/learn_airflow/airflow_home/venv/lib/python3.9/site-packages/airflow/example_dags/example_latest_only_with_trigger.py for tasks to queue
[2026-02-25T06:49:27.512+0530] {logging_mixin.py:188} INFO - [2026-02-25T06:49:27.512+0530] {dagbag.py:538} INFO - Filling up the DagBag from /Users/neerajvyas/learning/airflow/learn_airflow/airflow_home/venv/lib/python3.9/site-packages/airflow/example_dags/example_latest_only_with_trigger.py
[2026-02-25T06:49:27.517+0530] {processor.py:840} INFO - DAG(s) 'latest_only_with_trigger' retrieved from /Users/neerajvyas/learning/airflow/learn_airflow/airflow_home/venv/lib/python3.9/site-packages/airflow/example_dags/example_latest_only_with_trigger.py
[2026-02-25T06:49:27.564+0530] {logging_mixin.py:188} INFO - [2026-02-25T06:49:27.563+0530] {dag.py:3036} INFO - Sync 1 DAGs
[2026-02-25T06:49:27.571+0530] {logging_mixin.py:188} INFO - [2026-02-25T06:49:27.570+0530] {dag.py:3823} INFO - Setting next_dagrun for latest_only_with_trigger to 2026-02-24 20:00:00+00:00, run_after=2026-02-25 00:00:00+00:00
[2026-02-25T06:49:27.578+0530] {processor.py:183} INFO - Processing /Users/neerajvyas/learning/airflow/learn_airflow/airflow_home/venv/lib/python3.9/site-packages/airflow/example_dags/example_latest_only_with_trigger.py took 0.067 seconds
[2026-02-25T06:51:13.656+0530] {processor.py:161} INFO - Started process (PID=69244) to work on /Users/neerajvyas/learning/airflow/learn_airflow/airflow_home/venv/lib/python3.9/site-packages/airflow/example_dags/example_latest_only_with_trigger.py
[2026-02-25T06:51:13.658+0530] {processor.py:830} INFO - Processing file /Users/neerajvyas/learning/airflow/learn_airflow/airflow_home/venv/lib/python3.9/site-packages/airflow/example_dags/example_latest_only_with_trigger.py for tasks to queue
[2026-02-25T06:51:13.658+0530] {logging_mixin.py:188} INFO - [2026-02-25T06:51:13.658+0530] {dagbag.py:538} INFO - Filling up the DagBag from /Users/neerajvyas/learning/airflow/learn_airflow/airflow_home/venv/lib/python3.9/site-packages/airflow/example_dags/example_latest_only_with_trigger.py
[2026-02-25T06:51:13.662+0530] {processor.py:840} INFO - DAG(s) 'latest_only_with_trigger' retrieved from /Users/neerajvyas/learning/airflow/learn_airflow/airflow_home/venv/lib/python3.9/site-packages/airflow/example_dags/example_latest_only_with_trigger.py
[2026-02-25T06:51:13.705+0530] {logging_mixin.py:188} INFO - [2026-02-25T06:51:13.705+0530] {dag.py:3036} INFO - Sync 1 DAGs
[2026-02-25T06:51:13.714+0530] {logging_mixin.py:188} INFO - [2026-02-25T06:51:13.714+0530] {dag.py:3823} INFO - Setting next_dagrun for latest_only_with_trigger to 2026-02-24 20:00:00+00:00, run_after=2026-02-25 00:00:00+00:00
[2026-02-25T06:51:13.721+0530] {processor.py:183} INFO - Processing /Users/neerajvyas/learning/airflow/learn_airflow/airflow_home/venv/lib/python3.9/site-packages/airflow/example_dags/example_latest_only_with_trigger.py took 0.065 seconds
[2026-02-25T06:52:59.569+0530] {processor.py:161} INFO - Started process (PID=72870) to work on /Users/neerajvyas/learning/airflow/learn_airflow/airflow_home/venv/lib/python3.9/site-packages/airflow/example_dags/example_latest_only_with_trigger.py
[2026-02-25T06:52:59.570+0530] {processor.py:830} INFO - Processing file /Users/neerajvyas/learning/airflow/learn_airflow/airflow_home/venv/lib/python3.9/site-packages/airflow/example_dags/example_latest_only_with_trigger.py for tasks to queue
[2026-02-25T06:52:59.571+0530] {logging_mixin.py:188} INFO - [2026-02-25T06:52:59.571+0530] {dagbag.py:538} INFO - Filling up the DagBag from /Users/neerajvyas/learning/airflow/learn_airflow/airflow_home/venv/lib/python3.9/site-packages/airflow/example_dags/example_latest_only_with_trigger.py
[2026-02-25T06:52:59.575+0530] {processor.py:840} INFO - DAG(s) 'latest_only_with_trigger' retrieved from /Users/neerajvyas/learning/airflow/learn_airflow/airflow_home/venv/lib/python3.9/site-packages/airflow/example_dags/example_latest_only_with_trigger.py
[2026-02-25T06:52:59.620+0530] {logging_mixin.py:188} INFO - [2026-02-25T06:52:59.620+0530] {dag.py:3036} INFO - Sync 1 DAGs
[2026-02-25T06:52:59.628+0530] {logging_mixin.py:188} INFO - [2026-02-25T06:52:59.628+0530] {dag.py:3823} INFO - Setting next_dagrun for latest_only_with_trigger to 2026-02-24 20:00:00+00:00, run_after=2026-02-25 00:00:00+00:00
[2026-02-25T06:52:59.636+0530] {processor.py:183} INFO - Processing /Users/neerajvyas/learning/airflow/learn_airflow/airflow_home/venv/lib/python3.9/site-packages/airflow/example_dags/example_latest_only_with_trigger.py took 0.067 seconds
[2026-02-25T06:54:48.258+0530] {processor.py:161} INFO - Started process (PID=76385) to work on /Users/neerajvyas/learning/airflow/learn_airflow/airflow_home/venv/lib/python3.9/site-packages/airflow/example_dags/example_latest_only_with_trigger.py
[2026-02-25T06:54:48.260+0530] {processor.py:830} INFO - Processing file /Users/neerajvyas/learning/airflow/learn_airflow/airflow_home/venv/lib/python3.9/site-packages/airflow/example_dags/example_latest_only_with_trigger.py for tasks to queue
[2026-02-25T06:54:48.260+0530] {logging_mixin.py:188} INFO - [2026-02-25T06:54:48.260+0530] {dagbag.py:538} INFO - Filling up the DagBag from /Users/neerajvyas/learning/airflow/learn_airflow/airflow_home/venv/lib/python3.9/site-packages/airflow/example_dags/example_latest_only_with_trigger.py
[2026-02-25T06:54:48.264+0530] {processor.py:840} INFO - DAG(s) 'latest_only_with_trigger' retrieved from /Users/neerajvyas/learning/airflow/learn_airflow/airflow_home/venv/lib/python3.9/site-packages/airflow/example_dags/example_latest_only_with_trigger.py
[2026-02-25T06:54:48.316+0530] {logging_mixin.py:188} INFO - [2026-02-25T06:54:48.316+0530] {dag.py:3036} INFO - Sync 1 DAGs
[2026-02-25T06:54:48.324+0530] {logging_mixin.py:188} INFO - [2026-02-25T06:54:48.324+0530] {dag.py:3823} INFO - Setting next_dagrun for latest_only_with_trigger to 2026-02-24 20:00:00+00:00, run_after=2026-02-25 00:00:00+00:00
[2026-02-25T06:54:48.334+0530] {processor.py:183} INFO - Processing /Users/neerajvyas/learning/airflow/learn_airflow/airflow_home/venv/lib/python3.9/site-packages/airflow/example_dags/example_latest_only_with_trigger.py took 0.076 seconds
[2026-02-25T06:56:36.271+0530] {processor.py:161} INFO - Started process (PID=80575) to work on /Users/neerajvyas/learning/airflow/learn_airflow/airflow_home/venv/lib/python3.9/site-packages/airflow/example_dags/example_latest_only_with_trigger.py
[2026-02-25T06:56:36.272+0530] {processor.py:830} INFO - Processing file /Users/neerajvyas/learning/airflow/learn_airflow/airflow_home/venv/lib/python3.9/site-packages/airflow/example_dags/example_latest_only_with_trigger.py for tasks to queue
[2026-02-25T06:56:36.273+0530] {logging_mixin.py:188} INFO - [2026-02-25T06:56:36.273+0530] {dagbag.py:538} INFO - Filling up the DagBag from /Users/neerajvyas/learning/airflow/learn_airflow/airflow_home/venv/lib/python3.9/site-packages/airflow/example_dags/example_latest_only_with_trigger.py
[2026-02-25T06:56:36.277+0530] {processor.py:840} INFO - DAG(s) 'latest_only_with_trigger' retrieved from /Users/neerajvyas/learning/airflow/learn_airflow/airflow_home/venv/lib/python3.9/site-packages/airflow/example_dags/example_latest_only_with_trigger.py
[2026-02-25T06:56:36.324+0530] {logging_mixin.py:188} INFO - [2026-02-25T06:56:36.324+0530] {dag.py:3036} INFO - Sync 1 DAGs
[2026-02-25T06:56:36.331+0530] {logging_mixin.py:188} INFO - [2026-02-25T06:56:36.331+0530] {dag.py:3823} INFO - Setting next_dagrun for latest_only_with_trigger to 2026-02-24 20:00:00+00:00, run_after=2026-02-25 00:00:00+00:00
[2026-02-25T06:56:36.338+0530] {processor.py:183} INFO - Processing /Users/neerajvyas/learning/airflow/learn_airflow/airflow_home/venv/lib/python3.9/site-packages/airflow/example_dags/example_latest_only_with_trigger.py took 0.067 seconds
[2026-02-25T06:58:25.989+0530] {processor.py:161} INFO - Started process (PID=84684) to work on /Users/neerajvyas/learning/airflow/learn_airflow/airflow_home/venv/lib/python3.9/site-packages/airflow/example_dags/example_latest_only_with_trigger.py
[2026-02-25T06:58:25.990+0530] {processor.py:830} INFO - Processing file /Users/neerajvyas/learning/airflow/learn_airflow/airflow_home/venv/lib/python3.9/site-packages/airflow/example_dags/example_latest_only_with_trigger.py for tasks to queue
[2026-02-25T06:58:25.990+0530] {logging_mixin.py:188} INFO - [2026-02-25T06:58:25.990+0530] {dagbag.py:538} INFO - Filling up the DagBag from /Users/neerajvyas/learning/airflow/learn_airflow/airflow_home/venv/lib/python3.9/site-packages/airflow/example_dags/example_latest_only_with_trigger.py
[2026-02-25T06:58:25.994+0530] {processor.py:840} INFO - DAG(s) 'latest_only_with_trigger' retrieved from /Users/neerajvyas/learning/airflow/learn_airflow/airflow_home/venv/lib/python3.9/site-packages/airflow/example_dags/example_latest_only_with_trigger.py
[2026-02-25T06:58:26.038+0530] {logging_mixin.py:188} INFO - [2026-02-25T06:58:26.037+0530] {dag.py:3036} INFO - Sync 1 DAGs
[2026-02-25T06:58:26.044+0530] {logging_mixin.py:188} INFO - [2026-02-25T06:58:26.044+0530] {dag.py:3823} INFO - Setting next_dagrun for latest_only_with_trigger to 2026-02-24 20:00:00+00:00, run_after=2026-02-25 00:00:00+00:00
[2026-02-25T06:58:26.051+0530] {processor.py:183} INFO - Processing /Users/neerajvyas/learning/airflow/learn_airflow/airflow_home/venv/lib/python3.9/site-packages/airflow/example_dags/example_latest_only_with_trigger.py took 0.063 seconds
[2026-02-25T07:00:10.340+0530] {processor.py:161} INFO - Started process (PID=88276) to work on /Users/neerajvyas/learning/airflow/learn_airflow/airflow_home/venv/lib/python3.9/site-packages/airflow/example_dags/example_latest_only_with_trigger.py
[2026-02-25T07:00:10.341+0530] {processor.py:830} INFO - Processing file /Users/neerajvyas/learning/airflow/learn_airflow/airflow_home/venv/lib/python3.9/site-packages/airflow/example_dags/example_latest_only_with_trigger.py for tasks to queue
[2026-02-25T07:00:10.342+0530] {logging_mixin.py:188} INFO - [2026-02-25T07:00:10.341+0530] {dagbag.py:538} INFO - Filling up the DagBag from /Users/neerajvyas/learning/airflow/learn_airflow/airflow_home/venv/lib/python3.9/site-packages/airflow/example_dags/example_latest_only_with_trigger.py
[2026-02-25T07:00:10.346+0530] {processor.py:840} INFO - DAG(s) 'latest_only_with_trigger' retrieved from /Users/neerajvyas/learning/airflow/learn_airflow/airflow_home/venv/lib/python3.9/site-packages/airflow/example_dags/example_latest_only_with_trigger.py
[2026-02-25T07:00:10.395+0530] {logging_mixin.py:188} INFO - [2026-02-25T07:00:10.395+0530] {dag.py:3036} INFO - Sync 1 DAGs
[2026-02-25T07:00:10.403+0530] {logging_mixin.py:188} INFO - [2026-02-25T07:00:10.403+0530] {dag.py:3823} INFO - Setting next_dagrun for latest_only_with_trigger to 2026-02-24 20:00:00+00:00, run_after=2026-02-25 00:00:00+00:00
[2026-02-25T07:00:10.411+0530] {processor.py:183} INFO - Processing /Users/neerajvyas/learning/airflow/learn_airflow/airflow_home/venv/lib/python3.9/site-packages/airflow/example_dags/example_latest_only_with_trigger.py took 0.071 seconds
[2026-02-25T07:01:59.905+0530] {processor.py:161} INFO - Started process (PID=92133) to work on /Users/neerajvyas/learning/airflow/learn_airflow/airflow_home/venv/lib/python3.9/site-packages/airflow/example_dags/example_latest_only_with_trigger.py
[2026-02-25T07:01:59.907+0530] {processor.py:830} INFO - Processing file /Users/neerajvyas/learning/airflow/learn_airflow/airflow_home/venv/lib/python3.9/site-packages/airflow/example_dags/example_latest_only_with_trigger.py for tasks to queue
[2026-02-25T07:01:59.907+0530] {logging_mixin.py:188} INFO - [2026-02-25T07:01:59.907+0530] {dagbag.py:538} INFO - Filling up the DagBag from /Users/neerajvyas/learning/airflow/learn_airflow/airflow_home/venv/lib/python3.9/site-packages/airflow/example_dags/example_latest_only_with_trigger.py
[2026-02-25T07:01:59.912+0530] {processor.py:840} INFO - DAG(s) 'latest_only_with_trigger' retrieved from /Users/neerajvyas/learning/airflow/learn_airflow/airflow_home/venv/lib/python3.9/site-packages/airflow/example_dags/example_latest_only_with_trigger.py
[2026-02-25T07:01:59.957+0530] {logging_mixin.py:188} INFO - [2026-02-25T07:01:59.956+0530] {dag.py:3036} INFO - Sync 1 DAGs
[2026-02-25T07:01:59.964+0530] {logging_mixin.py:188} INFO - [2026-02-25T07:01:59.964+0530] {dag.py:3823} INFO - Setting next_dagrun for latest_only_with_trigger to 2026-02-24 20:00:00+00:00, run_after=2026-02-25 00:00:00+00:00
[2026-02-25T07:01:59.972+0530] {processor.py:183} INFO - Processing /Users/neerajvyas/learning/airflow/learn_airflow/airflow_home/venv/lib/python3.9/site-packages/airflow/example_dags/example_latest_only_with_trigger.py took 0.067 seconds
[2026-02-25T07:03:52.089+0530] {processor.py:161} INFO - Started process (PID=96385) to work on /Users/neerajvyas/learning/airflow/learn_airflow/airflow_home/venv/lib/python3.9/site-packages/airflow/example_dags/example_latest_only_with_trigger.py
[2026-02-25T07:03:52.090+0530] {processor.py:830} INFO - Processing file /Users/neerajvyas/learning/airflow/learn_airflow/airflow_home/venv/lib/python3.9/site-packages/airflow/example_dags/example_latest_only_with_trigger.py for tasks to queue
[2026-02-25T07:03:52.090+0530] {logging_mixin.py:188} INFO - [2026-02-25T07:03:52.090+0530] {dagbag.py:538} INFO - Filling up the DagBag from /Users/neerajvyas/learning/airflow/learn_airflow/airflow_home/venv/lib/python3.9/site-packages/airflow/example_dags/example_latest_only_with_trigger.py
[2026-02-25T07:03:52.094+0530] {processor.py:840} INFO - DAG(s) 'latest_only_with_trigger' retrieved from /Users/neerajvyas/learning/airflow/learn_airflow/airflow_home/venv/lib/python3.9/site-packages/airflow/example_dags/example_latest_only_with_trigger.py
[2026-02-25T07:03:52.145+0530] {logging_mixin.py:188} INFO - [2026-02-25T07:03:52.145+0530] {dag.py:3036} INFO - Sync 1 DAGs
[2026-02-25T07:03:52.153+0530] {logging_mixin.py:188} INFO - [2026-02-25T07:03:52.153+0530] {dag.py:3823} INFO - Setting next_dagrun for latest_only_with_trigger to 2026-02-24 20:00:00+00:00, run_after=2026-02-25 00:00:00+00:00
[2026-02-25T07:03:52.161+0530] {processor.py:183} INFO - Processing /Users/neerajvyas/learning/airflow/learn_airflow/airflow_home/venv/lib/python3.9/site-packages/airflow/example_dags/example_latest_only_with_trigger.py took 0.072 seconds
