[2026-02-25T06:48:06.174+0530] {processor.py:161} INFO - Started process (PID=62496) to work on /Users/neerajvyas/learning/airflow/learn_airflow/airflow_home/venv/lib/python3.9/site-packages/airflow/example_dags/example_bash_operator.py
[2026-02-25T06:48:06.175+0530] {processor.py:830} INFO - Processing file /Users/neerajvyas/learning/airflow/learn_airflow/airflow_home/venv/lib/python3.9/site-packages/airflow/example_dags/example_bash_operator.py for tasks to queue
[2026-02-25T06:48:06.175+0530] {logging_mixin.py:188} INFO - [2026-02-25T06:48:06.175+0530] {dagbag.py:538} INFO - Filling up the DagBag from /Users/neerajvyas/learning/airflow/learn_airflow/airflow_home/venv/lib/python3.9/site-packages/airflow/example_dags/example_bash_operator.py
[2026-02-25T06:48:06.184+0530] {processor.py:840} INFO - DAG(s) 'example_bash_operator' retrieved from /Users/neerajvyas/learning/airflow/learn_airflow/airflow_home/venv/lib/python3.9/site-packages/airflow/example_dags/example_bash_operator.py
[2026-02-25T06:48:06.277+0530] {logging_mixin.py:188} INFO - [2026-02-25T06:48:06.276+0530] {override.py:1769} INFO - Created Permission View: can edit on DAG:example_bash_operator
[2026-02-25T06:48:06.282+0530] {logging_mixin.py:188} INFO - [2026-02-25T06:48:06.281+0530] {override.py:1769} INFO - Created Permission View: can delete on DAG:example_bash_operator
[2026-02-25T06:48:06.284+0530] {logging_mixin.py:188} INFO - [2026-02-25T06:48:06.284+0530] {override.py:1769} INFO - Created Permission View: can read on DAG:example_bash_operator
[2026-02-25T06:48:06.284+0530] {logging_mixin.py:188} INFO - [2026-02-25T06:48:06.284+0530] {dag.py:3036} INFO - Sync 1 DAGs
[2026-02-25T06:48:06.289+0530] {logging_mixin.py:188} INFO - [2026-02-25T06:48:06.289+0530] {dag.py:3058} INFO - Creating ORM DAG for example_bash_operator
[2026-02-25T06:48:06.293+0530] {logging_mixin.py:188} INFO - [2026-02-25T06:48:06.293+0530] {dag.py:3823} INFO - Setting next_dagrun for example_bash_operator to 2026-02-24 00:00:00+00:00, run_after=2026-02-25 00:00:00+00:00
[2026-02-25T06:48:06.300+0530] {processor.py:183} INFO - Processing /Users/neerajvyas/learning/airflow/learn_airflow/airflow_home/venv/lib/python3.9/site-packages/airflow/example_dags/example_bash_operator.py took 0.127 seconds
[2026-02-25T06:49:53.662+0530] {processor.py:161} INFO - Started process (PID=66414) to work on /Users/neerajvyas/learning/airflow/learn_airflow/airflow_home/venv/lib/python3.9/site-packages/airflow/example_dags/example_bash_operator.py
[2026-02-25T06:49:53.663+0530] {processor.py:830} INFO - Processing file /Users/neerajvyas/learning/airflow/learn_airflow/airflow_home/venv/lib/python3.9/site-packages/airflow/example_dags/example_bash_operator.py for tasks to queue
[2026-02-25T06:49:53.663+0530] {logging_mixin.py:188} INFO - [2026-02-25T06:49:53.663+0530] {dagbag.py:538} INFO - Filling up the DagBag from /Users/neerajvyas/learning/airflow/learn_airflow/airflow_home/venv/lib/python3.9/site-packages/airflow/example_dags/example_bash_operator.py
[2026-02-25T06:49:53.669+0530] {processor.py:840} INFO - DAG(s) 'example_bash_operator' retrieved from /Users/neerajvyas/learning/airflow/learn_airflow/airflow_home/venv/lib/python3.9/site-packages/airflow/example_dags/example_bash_operator.py
[2026-02-25T06:49:53.714+0530] {logging_mixin.py:188} INFO - [2026-02-25T06:49:53.714+0530] {dag.py:3036} INFO - Sync 1 DAGs
[2026-02-25T06:49:53.721+0530] {logging_mixin.py:188} INFO - [2026-02-25T06:49:53.721+0530] {dag.py:3823} INFO - Setting next_dagrun for example_bash_operator to 2026-02-24 00:00:00+00:00, run_after=2026-02-25 00:00:00+00:00
[2026-02-25T06:49:53.729+0530] {processor.py:183} INFO - Processing /Users/neerajvyas/learning/airflow/learn_airflow/airflow_home/venv/lib/python3.9/site-packages/airflow/example_dags/example_bash_operator.py took 0.068 seconds
[2026-02-25T06:51:41.074+0530] {processor.py:161} INFO - Started process (PID=69943) to work on /Users/neerajvyas/learning/airflow/learn_airflow/airflow_home/venv/lib/python3.9/site-packages/airflow/example_dags/example_bash_operator.py
[2026-02-25T06:51:41.075+0530] {processor.py:830} INFO - Processing file /Users/neerajvyas/learning/airflow/learn_airflow/airflow_home/venv/lib/python3.9/site-packages/airflow/example_dags/example_bash_operator.py for tasks to queue
[2026-02-25T06:51:41.075+0530] {logging_mixin.py:188} INFO - [2026-02-25T06:51:41.075+0530] {dagbag.py:538} INFO - Filling up the DagBag from /Users/neerajvyas/learning/airflow/learn_airflow/airflow_home/venv/lib/python3.9/site-packages/airflow/example_dags/example_bash_operator.py
[2026-02-25T06:51:41.082+0530] {processor.py:840} INFO - DAG(s) 'example_bash_operator' retrieved from /Users/neerajvyas/learning/airflow/learn_airflow/airflow_home/venv/lib/python3.9/site-packages/airflow/example_dags/example_bash_operator.py
[2026-02-25T06:51:41.129+0530] {logging_mixin.py:188} INFO - [2026-02-25T06:51:41.129+0530] {dag.py:3036} INFO - Sync 1 DAGs
[2026-02-25T06:51:41.136+0530] {logging_mixin.py:188} INFO - [2026-02-25T06:51:41.136+0530] {dag.py:3823} INFO - Setting next_dagrun for example_bash_operator to 2026-02-24 00:00:00+00:00, run_after=2026-02-25 00:00:00+00:00
[2026-02-25T06:51:41.145+0530] {processor.py:183} INFO - Processing /Users/neerajvyas/learning/airflow/learn_airflow/airflow_home/venv/lib/python3.9/site-packages/airflow/example_dags/example_bash_operator.py took 0.071 seconds
[2026-02-25T06:53:26.703+0530] {processor.py:161} INFO - Started process (PID=73934) to work on /Users/neerajvyas/learning/airflow/learn_airflow/airflow_home/venv/lib/python3.9/site-packages/airflow/example_dags/example_bash_operator.py
[2026-02-25T06:53:26.704+0530] {processor.py:830} INFO - Processing file /Users/neerajvyas/learning/airflow/learn_airflow/airflow_home/venv/lib/python3.9/site-packages/airflow/example_dags/example_bash_operator.py for tasks to queue
[2026-02-25T06:53:26.704+0530] {logging_mixin.py:188} INFO - [2026-02-25T06:53:26.704+0530] {dagbag.py:538} INFO - Filling up the DagBag from /Users/neerajvyas/learning/airflow/learn_airflow/airflow_home/venv/lib/python3.9/site-packages/airflow/example_dags/example_bash_operator.py
[2026-02-25T06:53:26.710+0530] {processor.py:840} INFO - DAG(s) 'example_bash_operator' retrieved from /Users/neerajvyas/learning/airflow/learn_airflow/airflow_home/venv/lib/python3.9/site-packages/airflow/example_dags/example_bash_operator.py
[2026-02-25T06:53:26.765+0530] {logging_mixin.py:188} INFO - [2026-02-25T06:53:26.765+0530] {dag.py:3036} INFO - Sync 1 DAGs
[2026-02-25T06:53:26.772+0530] {logging_mixin.py:188} INFO - [2026-02-25T06:53:26.772+0530] {dag.py:3823} INFO - Setting next_dagrun for example_bash_operator to 2026-02-24 00:00:00+00:00, run_after=2026-02-25 00:00:00+00:00
[2026-02-25T06:53:26.781+0530] {processor.py:183} INFO - Processing /Users/neerajvyas/learning/airflow/learn_airflow/airflow_home/venv/lib/python3.9/site-packages/airflow/example_dags/example_bash_operator.py took 0.078 seconds
[2026-02-25T06:55:13.991+0530] {processor.py:161} INFO - Started process (PID=77426) to work on /Users/neerajvyas/learning/airflow/learn_airflow/airflow_home/venv/lib/python3.9/site-packages/airflow/example_dags/example_bash_operator.py
[2026-02-25T06:55:13.992+0530] {processor.py:830} INFO - Processing file /Users/neerajvyas/learning/airflow/learn_airflow/airflow_home/venv/lib/python3.9/site-packages/airflow/example_dags/example_bash_operator.py for tasks to queue
[2026-02-25T06:55:13.992+0530] {logging_mixin.py:188} INFO - [2026-02-25T06:55:13.992+0530] {dagbag.py:538} INFO - Filling up the DagBag from /Users/neerajvyas/learning/airflow/learn_airflow/airflow_home/venv/lib/python3.9/site-packages/airflow/example_dags/example_bash_operator.py
[2026-02-25T06:55:13.998+0530] {processor.py:840} INFO - DAG(s) 'example_bash_operator' retrieved from /Users/neerajvyas/learning/airflow/learn_airflow/airflow_home/venv/lib/python3.9/site-packages/airflow/example_dags/example_bash_operator.py
[2026-02-25T06:55:14.054+0530] {logging_mixin.py:188} INFO - [2026-02-25T06:55:14.054+0530] {dag.py:3036} INFO - Sync 1 DAGs
[2026-02-25T06:55:14.062+0530] {logging_mixin.py:188} INFO - [2026-02-25T06:55:14.062+0530] {dag.py:3823} INFO - Setting next_dagrun for example_bash_operator to 2026-02-24 00:00:00+00:00, run_after=2026-02-25 00:00:00+00:00
[2026-02-25T06:55:14.071+0530] {processor.py:183} INFO - Processing /Users/neerajvyas/learning/airflow/learn_airflow/airflow_home/venv/lib/python3.9/site-packages/airflow/example_dags/example_bash_operator.py took 0.081 seconds
[2026-02-25T06:57:02.890+0530] {processor.py:161} INFO - Started process (PID=81354) to work on /Users/neerajvyas/learning/airflow/learn_airflow/airflow_home/venv/lib/python3.9/site-packages/airflow/example_dags/example_bash_operator.py
[2026-02-25T06:57:02.891+0530] {processor.py:830} INFO - Processing file /Users/neerajvyas/learning/airflow/learn_airflow/airflow_home/venv/lib/python3.9/site-packages/airflow/example_dags/example_bash_operator.py for tasks to queue
[2026-02-25T06:57:02.891+0530] {logging_mixin.py:188} INFO - [2026-02-25T06:57:02.891+0530] {dagbag.py:538} INFO - Filling up the DagBag from /Users/neerajvyas/learning/airflow/learn_airflow/airflow_home/venv/lib/python3.9/site-packages/airflow/example_dags/example_bash_operator.py
[2026-02-25T06:57:02.897+0530] {processor.py:840} INFO - DAG(s) 'example_bash_operator' retrieved from /Users/neerajvyas/learning/airflow/learn_airflow/airflow_home/venv/lib/python3.9/site-packages/airflow/example_dags/example_bash_operator.py
[2026-02-25T06:57:02.947+0530] {logging_mixin.py:188} INFO - [2026-02-25T06:57:02.947+0530] {dag.py:3036} INFO - Sync 1 DAGs
[2026-02-25T06:57:02.954+0530] {logging_mixin.py:188} INFO - [2026-02-25T06:57:02.954+0530] {dag.py:3823} INFO - Setting next_dagrun for example_bash_operator to 2026-02-24 00:00:00+00:00, run_after=2026-02-25 00:00:00+00:00
[2026-02-25T06:57:02.963+0530] {processor.py:183} INFO - Processing /Users/neerajvyas/learning/airflow/learn_airflow/airflow_home/venv/lib/python3.9/site-packages/airflow/example_dags/example_bash_operator.py took 0.073 seconds
[2026-02-25T06:58:51.714+0530] {processor.py:161} INFO - Started process (PID=85400) to work on /Users/neerajvyas/learning/airflow/learn_airflow/airflow_home/venv/lib/python3.9/site-packages/airflow/example_dags/example_bash_operator.py
[2026-02-25T06:58:51.714+0530] {processor.py:830} INFO - Processing file /Users/neerajvyas/learning/airflow/learn_airflow/airflow_home/venv/lib/python3.9/site-packages/airflow/example_dags/example_bash_operator.py for tasks to queue
[2026-02-25T06:58:51.715+0530] {logging_mixin.py:188} INFO - [2026-02-25T06:58:51.715+0530] {dagbag.py:538} INFO - Filling up the DagBag from /Users/neerajvyas/learning/airflow/learn_airflow/airflow_home/venv/lib/python3.9/site-packages/airflow/example_dags/example_bash_operator.py
[2026-02-25T06:58:51.720+0530] {processor.py:840} INFO - DAG(s) 'example_bash_operator' retrieved from /Users/neerajvyas/learning/airflow/learn_airflow/airflow_home/venv/lib/python3.9/site-packages/airflow/example_dags/example_bash_operator.py
[2026-02-25T06:58:51.769+0530] {logging_mixin.py:188} INFO - [2026-02-25T06:58:51.769+0530] {dag.py:3036} INFO - Sync 1 DAGs
[2026-02-25T06:58:51.777+0530] {logging_mixin.py:188} INFO - [2026-02-25T06:58:51.776+0530] {dag.py:3823} INFO - Setting next_dagrun for example_bash_operator to 2026-02-24 00:00:00+00:00, run_after=2026-02-25 00:00:00+00:00
[2026-02-25T06:58:51.785+0530] {processor.py:183} INFO - Processing /Users/neerajvyas/learning/airflow/learn_airflow/airflow_home/venv/lib/python3.9/site-packages/airflow/example_dags/example_bash_operator.py took 0.072 seconds
[2026-02-25T07:00:37.408+0530] {processor.py:161} INFO - Started process (PID=88977) to work on /Users/neerajvyas/learning/airflow/learn_airflow/airflow_home/venv/lib/python3.9/site-packages/airflow/example_dags/example_bash_operator.py
[2026-02-25T07:00:37.409+0530] {processor.py:830} INFO - Processing file /Users/neerajvyas/learning/airflow/learn_airflow/airflow_home/venv/lib/python3.9/site-packages/airflow/example_dags/example_bash_operator.py for tasks to queue
[2026-02-25T07:00:37.409+0530] {logging_mixin.py:188} INFO - [2026-02-25T07:00:37.409+0530] {dagbag.py:538} INFO - Filling up the DagBag from /Users/neerajvyas/learning/airflow/learn_airflow/airflow_home/venv/lib/python3.9/site-packages/airflow/example_dags/example_bash_operator.py
[2026-02-25T07:00:37.414+0530] {processor.py:840} INFO - DAG(s) 'example_bash_operator' retrieved from /Users/neerajvyas/learning/airflow/learn_airflow/airflow_home/venv/lib/python3.9/site-packages/airflow/example_dags/example_bash_operator.py
[2026-02-25T07:00:37.464+0530] {logging_mixin.py:188} INFO - [2026-02-25T07:00:37.464+0530] {dag.py:3036} INFO - Sync 1 DAGs
[2026-02-25T07:00:37.472+0530] {logging_mixin.py:188} INFO - [2026-02-25T07:00:37.472+0530] {dag.py:3823} INFO - Setting next_dagrun for example_bash_operator to 2026-02-24 00:00:00+00:00, run_after=2026-02-25 00:00:00+00:00
[2026-02-25T07:00:37.480+0530] {processor.py:183} INFO - Processing /Users/neerajvyas/learning/airflow/learn_airflow/airflow_home/venv/lib/python3.9/site-packages/airflow/example_dags/example_bash_operator.py took 0.072 seconds
[2026-02-25T07:02:27.295+0530] {processor.py:161} INFO - Started process (PID=93175) to work on /Users/neerajvyas/learning/airflow/learn_airflow/airflow_home/venv/lib/python3.9/site-packages/airflow/example_dags/example_bash_operator.py
[2026-02-25T07:02:27.295+0530] {processor.py:830} INFO - Processing file /Users/neerajvyas/learning/airflow/learn_airflow/airflow_home/venv/lib/python3.9/site-packages/airflow/example_dags/example_bash_operator.py for tasks to queue
[2026-02-25T07:02:27.296+0530] {logging_mixin.py:188} INFO - [2026-02-25T07:02:27.296+0530] {dagbag.py:538} INFO - Filling up the DagBag from /Users/neerajvyas/learning/airflow/learn_airflow/airflow_home/venv/lib/python3.9/site-packages/airflow/example_dags/example_bash_operator.py
[2026-02-25T07:02:27.301+0530] {processor.py:840} INFO - DAG(s) 'example_bash_operator' retrieved from /Users/neerajvyas/learning/airflow/learn_airflow/airflow_home/venv/lib/python3.9/site-packages/airflow/example_dags/example_bash_operator.py
[2026-02-25T07:02:27.348+0530] {logging_mixin.py:188} INFO - [2026-02-25T07:02:27.348+0530] {dag.py:3036} INFO - Sync 1 DAGs
[2026-02-25T07:02:27.355+0530] {logging_mixin.py:188} INFO - [2026-02-25T07:02:27.355+0530] {dag.py:3823} INFO - Setting next_dagrun for example_bash_operator to 2026-02-24 00:00:00+00:00, run_after=2026-02-25 00:00:00+00:00
[2026-02-25T07:02:27.363+0530] {processor.py:183} INFO - Processing /Users/neerajvyas/learning/airflow/learn_airflow/airflow_home/venv/lib/python3.9/site-packages/airflow/example_dags/example_bash_operator.py took 0.069 seconds
[2026-02-25T07:04:16.114+0530] {processor.py:161} INFO - Started process (PID=97291) to work on /Users/neerajvyas/learning/airflow/learn_airflow/airflow_home/venv/lib/python3.9/site-packages/airflow/example_dags/example_bash_operator.py
[2026-02-25T07:04:16.115+0530] {processor.py:830} INFO - Processing file /Users/neerajvyas/learning/airflow/learn_airflow/airflow_home/venv/lib/python3.9/site-packages/airflow/example_dags/example_bash_operator.py for tasks to queue
[2026-02-25T07:04:16.116+0530] {logging_mixin.py:188} INFO - [2026-02-25T07:04:16.116+0530] {dagbag.py:538} INFO - Filling up the DagBag from /Users/neerajvyas/learning/airflow/learn_airflow/airflow_home/venv/lib/python3.9/site-packages/airflow/example_dags/example_bash_operator.py
[2026-02-25T07:04:16.121+0530] {processor.py:840} INFO - DAG(s) 'example_bash_operator' retrieved from /Users/neerajvyas/learning/airflow/learn_airflow/airflow_home/venv/lib/python3.9/site-packages/airflow/example_dags/example_bash_operator.py
[2026-02-25T07:04:16.171+0530] {logging_mixin.py:188} INFO - [2026-02-25T07:04:16.171+0530] {dag.py:3036} INFO - Sync 1 DAGs
[2026-02-25T07:04:16.178+0530] {logging_mixin.py:188} INFO - [2026-02-25T07:04:16.178+0530] {dag.py:3823} INFO - Setting next_dagrun for example_bash_operator to 2026-02-24 00:00:00+00:00, run_after=2026-02-25 00:00:00+00:00
[2026-02-25T07:04:16.186+0530] {processor.py:183} INFO - Processing /Users/neerajvyas/learning/airflow/learn_airflow/airflow_home/venv/lib/python3.9/site-packages/airflow/example_dags/example_bash_operator.py took 0.073 seconds
