[2026-02-25T06:47:26.425+0530] {processor.py:161} INFO - Started process (PID=61443) to work on /Users/neerajvyas/learning/airflow/learn_airflow/airflow_home/venv/lib/python3.9/site-packages/airflow/example_dags/example_sensor_decorator.py
[2026-02-25T06:47:26.426+0530] {processor.py:830} INFO - Processing file /Users/neerajvyas/learning/airflow/learn_airflow/airflow_home/venv/lib/python3.9/site-packages/airflow/example_dags/example_sensor_decorator.py for tasks to queue
[2026-02-25T06:47:26.426+0530] {logging_mixin.py:188} INFO - [2026-02-25T06:47:26.426+0530] {dagbag.py:538} INFO - Filling up the DagBag from /Users/neerajvyas/learning/airflow/learn_airflow/airflow_home/venv/lib/python3.9/site-packages/airflow/example_dags/example_sensor_decorator.py
[2026-02-25T06:47:26.443+0530] {processor.py:840} INFO - DAG(s) 'example_sensor_decorator' retrieved from /Users/neerajvyas/learning/airflow/learn_airflow/airflow_home/venv/lib/python3.9/site-packages/airflow/example_dags/example_sensor_decorator.py
[2026-02-25T06:47:26.527+0530] {logging_mixin.py:188} INFO - [2026-02-25T06:47:26.526+0530] {override.py:1769} INFO - Created Permission View: can edit on DAG:example_sensor_decorator
[2026-02-25T06:47:26.530+0530] {logging_mixin.py:188} INFO - [2026-02-25T06:47:26.530+0530] {override.py:1769} INFO - Created Permission View: can delete on DAG:example_sensor_decorator
[2026-02-25T06:47:26.532+0530] {logging_mixin.py:188} INFO - [2026-02-25T06:47:26.532+0530] {override.py:1769} INFO - Created Permission View: can read on DAG:example_sensor_decorator
[2026-02-25T06:47:26.532+0530] {logging_mixin.py:188} INFO - [2026-02-25T06:47:26.532+0530] {dag.py:3036} INFO - Sync 1 DAGs
[2026-02-25T06:47:26.536+0530] {logging_mixin.py:188} INFO - [2026-02-25T06:47:26.536+0530] {dag.py:3058} INFO - Creating ORM DAG for example_sensor_decorator
[2026-02-25T06:47:26.536+0530] {logging_mixin.py:188} INFO - [2026-02-25T06:47:26.536+0530] {dag.py:3823} INFO - Setting next_dagrun for example_sensor_decorator to None, run_after=None
[2026-02-25T06:47:26.542+0530] {processor.py:183} INFO - Processing /Users/neerajvyas/learning/airflow/learn_airflow/airflow_home/venv/lib/python3.9/site-packages/airflow/example_dags/example_sensor_decorator.py took 0.117 seconds
[2026-02-25T06:48:50.912+0530] {processor.py:161} INFO - Started process (PID=64247) to work on /Users/neerajvyas/learning/airflow/learn_airflow/airflow_home/venv/lib/python3.9/site-packages/airflow/example_dags/example_sensor_decorator.py
[2026-02-25T06:48:50.913+0530] {processor.py:830} INFO - Processing file /Users/neerajvyas/learning/airflow/learn_airflow/airflow_home/venv/lib/python3.9/site-packages/airflow/example_dags/example_sensor_decorator.py for tasks to queue
[2026-02-25T06:48:50.913+0530] {logging_mixin.py:188} INFO - [2026-02-25T06:48:50.913+0530] {dagbag.py:538} INFO - Filling up the DagBag from /Users/neerajvyas/learning/airflow/learn_airflow/airflow_home/venv/lib/python3.9/site-packages/airflow/example_dags/example_sensor_decorator.py
[2026-02-25T06:48:50.930+0530] {processor.py:840} INFO - DAG(s) 'example_sensor_decorator' retrieved from /Users/neerajvyas/learning/airflow/learn_airflow/airflow_home/venv/lib/python3.9/site-packages/airflow/example_dags/example_sensor_decorator.py
[2026-02-25T06:48:50.979+0530] {logging_mixin.py:188} INFO - [2026-02-25T06:48:50.978+0530] {dag.py:3036} INFO - Sync 1 DAGs
[2026-02-25T06:48:50.983+0530] {logging_mixin.py:188} INFO - [2026-02-25T06:48:50.983+0530] {dag.py:3823} INFO - Setting next_dagrun for example_sensor_decorator to None, run_after=None
[2026-02-25T06:48:50.991+0530] {processor.py:183} INFO - Processing /Users/neerajvyas/learning/airflow/learn_airflow/airflow_home/venv/lib/python3.9/site-packages/airflow/example_dags/example_sensor_decorator.py took 0.079 seconds
[2026-02-25T06:50:38.274+0530] {processor.py:161} INFO - Started process (PID=67853) to work on /Users/neerajvyas/learning/airflow/learn_airflow/airflow_home/venv/lib/python3.9/site-packages/airflow/example_dags/example_sensor_decorator.py
[2026-02-25T06:50:38.275+0530] {processor.py:830} INFO - Processing file /Users/neerajvyas/learning/airflow/learn_airflow/airflow_home/venv/lib/python3.9/site-packages/airflow/example_dags/example_sensor_decorator.py for tasks to queue
[2026-02-25T06:50:38.275+0530] {logging_mixin.py:188} INFO - [2026-02-25T06:50:38.275+0530] {dagbag.py:538} INFO - Filling up the DagBag from /Users/neerajvyas/learning/airflow/learn_airflow/airflow_home/venv/lib/python3.9/site-packages/airflow/example_dags/example_sensor_decorator.py
[2026-02-25T06:50:38.290+0530] {processor.py:840} INFO - DAG(s) 'example_sensor_decorator' retrieved from /Users/neerajvyas/learning/airflow/learn_airflow/airflow_home/venv/lib/python3.9/site-packages/airflow/example_dags/example_sensor_decorator.py
[2026-02-25T06:50:38.338+0530] {logging_mixin.py:188} INFO - [2026-02-25T06:50:38.337+0530] {dag.py:3036} INFO - Sync 1 DAGs
[2026-02-25T06:50:38.342+0530] {logging_mixin.py:188} INFO - [2026-02-25T06:50:38.342+0530] {dag.py:3823} INFO - Setting next_dagrun for example_sensor_decorator to None, run_after=None
[2026-02-25T06:50:38.350+0530] {processor.py:183} INFO - Processing /Users/neerajvyas/learning/airflow/learn_airflow/airflow_home/venv/lib/python3.9/site-packages/airflow/example_dags/example_sensor_decorator.py took 0.076 seconds
[2026-02-25T06:52:24.391+0530] {processor.py:161} INFO - Started process (PID=71764) to work on /Users/neerajvyas/learning/airflow/learn_airflow/airflow_home/venv/lib/python3.9/site-packages/airflow/example_dags/example_sensor_decorator.py
[2026-02-25T06:52:24.391+0530] {processor.py:830} INFO - Processing file /Users/neerajvyas/learning/airflow/learn_airflow/airflow_home/venv/lib/python3.9/site-packages/airflow/example_dags/example_sensor_decorator.py for tasks to queue
[2026-02-25T06:52:24.392+0530] {logging_mixin.py:188} INFO - [2026-02-25T06:52:24.391+0530] {dagbag.py:538} INFO - Filling up the DagBag from /Users/neerajvyas/learning/airflow/learn_airflow/airflow_home/venv/lib/python3.9/site-packages/airflow/example_dags/example_sensor_decorator.py
[2026-02-25T06:52:24.406+0530] {processor.py:840} INFO - DAG(s) 'example_sensor_decorator' retrieved from /Users/neerajvyas/learning/airflow/learn_airflow/airflow_home/venv/lib/python3.9/site-packages/airflow/example_dags/example_sensor_decorator.py
[2026-02-25T06:52:24.453+0530] {logging_mixin.py:188} INFO - [2026-02-25T06:52:24.452+0530] {dag.py:3036} INFO - Sync 1 DAGs
[2026-02-25T06:52:24.457+0530] {logging_mixin.py:188} INFO - [2026-02-25T06:52:24.457+0530] {dag.py:3823} INFO - Setting next_dagrun for example_sensor_decorator to None, run_after=None
[2026-02-25T06:52:24.464+0530] {processor.py:183} INFO - Processing /Users/neerajvyas/learning/airflow/learn_airflow/airflow_home/venv/lib/python3.9/site-packages/airflow/example_dags/example_sensor_decorator.py took 0.074 seconds
[2026-02-25T06:54:10.284+0530] {processor.py:161} INFO - Started process (PID=75333) to work on /Users/neerajvyas/learning/airflow/learn_airflow/airflow_home/venv/lib/python3.9/site-packages/airflow/example_dags/example_sensor_decorator.py
[2026-02-25T06:54:10.285+0530] {processor.py:830} INFO - Processing file /Users/neerajvyas/learning/airflow/learn_airflow/airflow_home/venv/lib/python3.9/site-packages/airflow/example_dags/example_sensor_decorator.py for tasks to queue
[2026-02-25T06:54:10.286+0530] {logging_mixin.py:188} INFO - [2026-02-25T06:54:10.286+0530] {dagbag.py:538} INFO - Filling up the DagBag from /Users/neerajvyas/learning/airflow/learn_airflow/airflow_home/venv/lib/python3.9/site-packages/airflow/example_dags/example_sensor_decorator.py
[2026-02-25T06:54:10.301+0530] {processor.py:840} INFO - DAG(s) 'example_sensor_decorator' retrieved from /Users/neerajvyas/learning/airflow/learn_airflow/airflow_home/venv/lib/python3.9/site-packages/airflow/example_dags/example_sensor_decorator.py
[2026-02-25T06:54:10.347+0530] {logging_mixin.py:188} INFO - [2026-02-25T06:54:10.346+0530] {dag.py:3036} INFO - Sync 1 DAGs
[2026-02-25T06:54:10.351+0530] {logging_mixin.py:188} INFO - [2026-02-25T06:54:10.351+0530] {dag.py:3823} INFO - Setting next_dagrun for example_sensor_decorator to None, run_after=None
[2026-02-25T06:54:10.359+0530] {processor.py:183} INFO - Processing /Users/neerajvyas/learning/airflow/learn_airflow/airflow_home/venv/lib/python3.9/site-packages/airflow/example_dags/example_sensor_decorator.py took 0.075 seconds
[2026-02-25T06:55:55.991+0530] {processor.py:161} INFO - Started process (PID=79089) to work on /Users/neerajvyas/learning/airflow/learn_airflow/airflow_home/venv/lib/python3.9/site-packages/airflow/example_dags/example_sensor_decorator.py
[2026-02-25T06:55:55.992+0530] {processor.py:830} INFO - Processing file /Users/neerajvyas/learning/airflow/learn_airflow/airflow_home/venv/lib/python3.9/site-packages/airflow/example_dags/example_sensor_decorator.py for tasks to queue
[2026-02-25T06:55:55.992+0530] {logging_mixin.py:188} INFO - [2026-02-25T06:55:55.992+0530] {dagbag.py:538} INFO - Filling up the DagBag from /Users/neerajvyas/learning/airflow/learn_airflow/airflow_home/venv/lib/python3.9/site-packages/airflow/example_dags/example_sensor_decorator.py
[2026-02-25T06:55:56.007+0530] {processor.py:840} INFO - DAG(s) 'example_sensor_decorator' retrieved from /Users/neerajvyas/learning/airflow/learn_airflow/airflow_home/venv/lib/python3.9/site-packages/airflow/example_dags/example_sensor_decorator.py
[2026-02-25T06:55:56.051+0530] {logging_mixin.py:188} INFO - [2026-02-25T06:55:56.051+0530] {dag.py:3036} INFO - Sync 1 DAGs
[2026-02-25T06:55:56.056+0530] {logging_mixin.py:188} INFO - [2026-02-25T06:55:56.056+0530] {dag.py:3823} INFO - Setting next_dagrun for example_sensor_decorator to None, run_after=None
[2026-02-25T06:55:56.063+0530] {processor.py:183} INFO - Processing /Users/neerajvyas/learning/airflow/learn_airflow/airflow_home/venv/lib/python3.9/site-packages/airflow/example_dags/example_sensor_decorator.py took 0.073 seconds
[2026-02-25T06:57:45.768+0530] {processor.py:161} INFO - Started process (PID=83105) to work on /Users/neerajvyas/learning/airflow/learn_airflow/airflow_home/venv/lib/python3.9/site-packages/airflow/example_dags/example_sensor_decorator.py
[2026-02-25T06:57:45.769+0530] {processor.py:830} INFO - Processing file /Users/neerajvyas/learning/airflow/learn_airflow/airflow_home/venv/lib/python3.9/site-packages/airflow/example_dags/example_sensor_decorator.py for tasks to queue
[2026-02-25T06:57:45.769+0530] {logging_mixin.py:188} INFO - [2026-02-25T06:57:45.769+0530] {dagbag.py:538} INFO - Filling up the DagBag from /Users/neerajvyas/learning/airflow/learn_airflow/airflow_home/venv/lib/python3.9/site-packages/airflow/example_dags/example_sensor_decorator.py
[2026-02-25T06:57:45.784+0530] {processor.py:840} INFO - DAG(s) 'example_sensor_decorator' retrieved from /Users/neerajvyas/learning/airflow/learn_airflow/airflow_home/venv/lib/python3.9/site-packages/airflow/example_dags/example_sensor_decorator.py
[2026-02-25T06:57:45.827+0530] {logging_mixin.py:188} INFO - [2026-02-25T06:57:45.827+0530] {dag.py:3036} INFO - Sync 1 DAGs
[2026-02-25T06:57:45.831+0530] {logging_mixin.py:188} INFO - [2026-02-25T06:57:45.831+0530] {dag.py:3823} INFO - Setting next_dagrun for example_sensor_decorator to None, run_after=None
[2026-02-25T06:57:45.838+0530] {processor.py:183} INFO - Processing /Users/neerajvyas/learning/airflow/learn_airflow/airflow_home/venv/lib/python3.9/site-packages/airflow/example_dags/example_sensor_decorator.py took 0.070 seconds
[2026-02-25T06:59:34.190+0530] {processor.py:161} INFO - Started process (PID=86797) to work on /Users/neerajvyas/learning/airflow/learn_airflow/airflow_home/venv/lib/python3.9/site-packages/airflow/example_dags/example_sensor_decorator.py
[2026-02-25T06:59:34.190+0530] {processor.py:830} INFO - Processing file /Users/neerajvyas/learning/airflow/learn_airflow/airflow_home/venv/lib/python3.9/site-packages/airflow/example_dags/example_sensor_decorator.py for tasks to queue
[2026-02-25T06:59:34.191+0530] {logging_mixin.py:188} INFO - [2026-02-25T06:59:34.191+0530] {dagbag.py:538} INFO - Filling up the DagBag from /Users/neerajvyas/learning/airflow/learn_airflow/airflow_home/venv/lib/python3.9/site-packages/airflow/example_dags/example_sensor_decorator.py
[2026-02-25T06:59:34.205+0530] {processor.py:840} INFO - DAG(s) 'example_sensor_decorator' retrieved from /Users/neerajvyas/learning/airflow/learn_airflow/airflow_home/venv/lib/python3.9/site-packages/airflow/example_dags/example_sensor_decorator.py
[2026-02-25T06:59:34.251+0530] {logging_mixin.py:188} INFO - [2026-02-25T06:59:34.251+0530] {dag.py:3036} INFO - Sync 1 DAGs
[2026-02-25T06:59:34.255+0530] {logging_mixin.py:188} INFO - [2026-02-25T06:59:34.255+0530] {dag.py:3823} INFO - Setting next_dagrun for example_sensor_decorator to None, run_after=None
[2026-02-25T06:59:34.262+0530] {processor.py:183} INFO - Processing /Users/neerajvyas/learning/airflow/learn_airflow/airflow_home/venv/lib/python3.9/site-packages/airflow/example_dags/example_sensor_decorator.py took 0.073 seconds
[2026-02-25T07:01:20.610+0530] {processor.py:161} INFO - Started process (PID=90612) to work on /Users/neerajvyas/learning/airflow/learn_airflow/airflow_home/venv/lib/python3.9/site-packages/airflow/example_dags/example_sensor_decorator.py
[2026-02-25T07:01:20.611+0530] {processor.py:830} INFO - Processing file /Users/neerajvyas/learning/airflow/learn_airflow/airflow_home/venv/lib/python3.9/site-packages/airflow/example_dags/example_sensor_decorator.py for tasks to queue
[2026-02-25T07:01:20.612+0530] {logging_mixin.py:188} INFO - [2026-02-25T07:01:20.612+0530] {dagbag.py:538} INFO - Filling up the DagBag from /Users/neerajvyas/learning/airflow/learn_airflow/airflow_home/venv/lib/python3.9/site-packages/airflow/example_dags/example_sensor_decorator.py
[2026-02-25T07:01:20.628+0530] {processor.py:840} INFO - DAG(s) 'example_sensor_decorator' retrieved from /Users/neerajvyas/learning/airflow/learn_airflow/airflow_home/venv/lib/python3.9/site-packages/airflow/example_dags/example_sensor_decorator.py
[2026-02-25T07:01:20.677+0530] {logging_mixin.py:188} INFO - [2026-02-25T07:01:20.677+0530] {dag.py:3036} INFO - Sync 1 DAGs
[2026-02-25T07:01:20.683+0530] {logging_mixin.py:188} INFO - [2026-02-25T07:01:20.683+0530] {dag.py:3823} INFO - Setting next_dagrun for example_sensor_decorator to None, run_after=None
[2026-02-25T07:01:20.693+0530] {processor.py:183} INFO - Processing /Users/neerajvyas/learning/airflow/learn_airflow/airflow_home/venv/lib/python3.9/site-packages/airflow/example_dags/example_sensor_decorator.py took 0.083 seconds
[2026-02-25T07:03:12.669+0530] {processor.py:161} INFO - Started process (PID=94571) to work on /Users/neerajvyas/learning/airflow/learn_airflow/airflow_home/venv/lib/python3.9/site-packages/airflow/example_dags/example_sensor_decorator.py
[2026-02-25T07:03:12.670+0530] {processor.py:830} INFO - Processing file /Users/neerajvyas/learning/airflow/learn_airflow/airflow_home/venv/lib/python3.9/site-packages/airflow/example_dags/example_sensor_decorator.py for tasks to queue
[2026-02-25T07:03:12.671+0530] {logging_mixin.py:188} INFO - [2026-02-25T07:03:12.671+0530] {dagbag.py:538} INFO - Filling up the DagBag from /Users/neerajvyas/learning/airflow/learn_airflow/airflow_home/venv/lib/python3.9/site-packages/airflow/example_dags/example_sensor_decorator.py
[2026-02-25T07:03:12.687+0530] {processor.py:840} INFO - DAG(s) 'example_sensor_decorator' retrieved from /Users/neerajvyas/learning/airflow/learn_airflow/airflow_home/venv/lib/python3.9/site-packages/airflow/example_dags/example_sensor_decorator.py
[2026-02-25T07:03:12.734+0530] {logging_mixin.py:188} INFO - [2026-02-25T07:03:12.734+0530] {dag.py:3036} INFO - Sync 1 DAGs
[2026-02-25T07:03:12.738+0530] {logging_mixin.py:188} INFO - [2026-02-25T07:03:12.738+0530] {dag.py:3823} INFO - Setting next_dagrun for example_sensor_decorator to None, run_after=None
[2026-02-25T07:03:12.745+0530] {processor.py:183} INFO - Processing /Users/neerajvyas/learning/airflow/learn_airflow/airflow_home/venv/lib/python3.9/site-packages/airflow/example_dags/example_sensor_decorator.py took 0.077 seconds
