[2026-02-25T06:47:30.178+0530] {processor.py:161} INFO - Started process (PID=61446) to work on /Users/neerajvyas/learning/airflow/learn_airflow/airflow_home/venv/lib/python3.9/site-packages/airflow/example_dags/example_python_decorator.py
[2026-02-25T06:47:30.179+0530] {processor.py:830} INFO - Processing file /Users/neerajvyas/learning/airflow/learn_airflow/airflow_home/venv/lib/python3.9/site-packages/airflow/example_dags/example_python_decorator.py for tasks to queue
[2026-02-25T06:47:30.179+0530] {logging_mixin.py:188} INFO - [2026-02-25T06:47:30.179+0530] {dagbag.py:538} INFO - Filling up the DagBag from /Users/neerajvyas/learning/airflow/learn_airflow/airflow_home/venv/lib/python3.9/site-packages/airflow/example_dags/example_python_decorator.py
[2026-02-25T06:47:30.196+0530] {logging_mixin.py:188} INFO - [2026-02-25T06:47:30.196+0530] {example_python_decorator.py:79} WARNING - The virtalenv_python example task requires virtualenv, please install it.
[2026-02-25T06:47:30.197+0530] {processor.py:840} INFO - DAG(s) 'example_python_decorator' retrieved from /Users/neerajvyas/learning/airflow/learn_airflow/airflow_home/venv/lib/python3.9/site-packages/airflow/example_dags/example_python_decorator.py
[2026-02-25T06:47:30.278+0530] {logging_mixin.py:188} INFO - [2026-02-25T06:47:30.278+0530] {override.py:1769} INFO - Created Permission View: can delete on DAG:example_python_decorator
[2026-02-25T06:47:30.282+0530] {logging_mixin.py:188} INFO - [2026-02-25T06:47:30.282+0530] {override.py:1769} INFO - Created Permission View: can read on DAG:example_python_decorator
[2026-02-25T06:47:30.284+0530] {logging_mixin.py:188} INFO - [2026-02-25T06:47:30.284+0530] {override.py:1769} INFO - Created Permission View: can edit on DAG:example_python_decorator
[2026-02-25T06:47:30.284+0530] {logging_mixin.py:188} INFO - [2026-02-25T06:47:30.284+0530] {dag.py:3036} INFO - Sync 1 DAGs
[2026-02-25T06:47:30.288+0530] {logging_mixin.py:188} INFO - [2026-02-25T06:47:30.288+0530] {dag.py:3058} INFO - Creating ORM DAG for example_python_decorator
[2026-02-25T06:47:30.288+0530] {logging_mixin.py:188} INFO - [2026-02-25T06:47:30.288+0530] {dag.py:3823} INFO - Setting next_dagrun for example_python_decorator to None, run_after=None
[2026-02-25T06:47:30.295+0530] {processor.py:183} INFO - Processing /Users/neerajvyas/learning/airflow/learn_airflow/airflow_home/venv/lib/python3.9/site-packages/airflow/example_dags/example_python_decorator.py took 0.117 seconds
[2026-02-25T06:48:54.590+0530] {processor.py:161} INFO - Started process (PID=64249) to work on /Users/neerajvyas/learning/airflow/learn_airflow/airflow_home/venv/lib/python3.9/site-packages/airflow/example_dags/example_python_decorator.py
[2026-02-25T06:48:54.591+0530] {processor.py:830} INFO - Processing file /Users/neerajvyas/learning/airflow/learn_airflow/airflow_home/venv/lib/python3.9/site-packages/airflow/example_dags/example_python_decorator.py for tasks to queue
[2026-02-25T06:48:54.592+0530] {logging_mixin.py:188} INFO - [2026-02-25T06:48:54.592+0530] {dagbag.py:538} INFO - Filling up the DagBag from /Users/neerajvyas/learning/airflow/learn_airflow/airflow_home/venv/lib/python3.9/site-packages/airflow/example_dags/example_python_decorator.py
[2026-02-25T06:48:54.610+0530] {logging_mixin.py:188} INFO - [2026-02-25T06:48:54.610+0530] {example_python_decorator.py:79} WARNING - The virtalenv_python example task requires virtualenv, please install it.
[2026-02-25T06:48:54.611+0530] {processor.py:840} INFO - DAG(s) 'example_python_decorator' retrieved from /Users/neerajvyas/learning/airflow/learn_airflow/airflow_home/venv/lib/python3.9/site-packages/airflow/example_dags/example_python_decorator.py
[2026-02-25T06:48:54.658+0530] {logging_mixin.py:188} INFO - [2026-02-25T06:48:54.658+0530] {dag.py:3036} INFO - Sync 1 DAGs
[2026-02-25T06:48:54.663+0530] {logging_mixin.py:188} INFO - [2026-02-25T06:48:54.663+0530] {dag.py:3823} INFO - Setting next_dagrun for example_python_decorator to None, run_after=None
[2026-02-25T06:48:54.672+0530] {processor.py:183} INFO - Processing /Users/neerajvyas/learning/airflow/learn_airflow/airflow_home/venv/lib/python3.9/site-packages/airflow/example_dags/example_python_decorator.py took 0.082 seconds
[2026-02-25T06:50:41.093+0530] {processor.py:161} INFO - Started process (PID=68119) to work on /Users/neerajvyas/learning/airflow/learn_airflow/airflow_home/venv/lib/python3.9/site-packages/airflow/example_dags/example_python_decorator.py
[2026-02-25T06:50:41.094+0530] {processor.py:830} INFO - Processing file /Users/neerajvyas/learning/airflow/learn_airflow/airflow_home/venv/lib/python3.9/site-packages/airflow/example_dags/example_python_decorator.py for tasks to queue
[2026-02-25T06:50:41.094+0530] {logging_mixin.py:188} INFO - [2026-02-25T06:50:41.094+0530] {dagbag.py:538} INFO - Filling up the DagBag from /Users/neerajvyas/learning/airflow/learn_airflow/airflow_home/venv/lib/python3.9/site-packages/airflow/example_dags/example_python_decorator.py
[2026-02-25T06:50:41.111+0530] {logging_mixin.py:188} INFO - [2026-02-25T06:50:41.111+0530] {example_python_decorator.py:79} WARNING - The virtalenv_python example task requires virtualenv, please install it.
[2026-02-25T06:50:41.112+0530] {processor.py:840} INFO - DAG(s) 'example_python_decorator' retrieved from /Users/neerajvyas/learning/airflow/learn_airflow/airflow_home/venv/lib/python3.9/site-packages/airflow/example_dags/example_python_decorator.py
[2026-02-25T06:50:41.159+0530] {logging_mixin.py:188} INFO - [2026-02-25T06:50:41.158+0530] {dag.py:3036} INFO - Sync 1 DAGs
[2026-02-25T06:50:41.163+0530] {logging_mixin.py:188} INFO - [2026-02-25T06:50:41.163+0530] {dag.py:3823} INFO - Setting next_dagrun for example_python_decorator to None, run_after=None
[2026-02-25T06:50:41.173+0530] {processor.py:183} INFO - Processing /Users/neerajvyas/learning/airflow/learn_airflow/airflow_home/venv/lib/python3.9/site-packages/airflow/example_dags/example_python_decorator.py took 0.080 seconds
[2026-02-25T06:52:27.741+0530] {processor.py:161} INFO - Started process (PID=71766) to work on /Users/neerajvyas/learning/airflow/learn_airflow/airflow_home/venv/lib/python3.9/site-packages/airflow/example_dags/example_python_decorator.py
[2026-02-25T06:52:27.743+0530] {processor.py:830} INFO - Processing file /Users/neerajvyas/learning/airflow/learn_airflow/airflow_home/venv/lib/python3.9/site-packages/airflow/example_dags/example_python_decorator.py for tasks to queue
[2026-02-25T06:52:27.743+0530] {logging_mixin.py:188} INFO - [2026-02-25T06:52:27.743+0530] {dagbag.py:538} INFO - Filling up the DagBag from /Users/neerajvyas/learning/airflow/learn_airflow/airflow_home/venv/lib/python3.9/site-packages/airflow/example_dags/example_python_decorator.py
[2026-02-25T06:52:27.758+0530] {logging_mixin.py:188} INFO - [2026-02-25T06:52:27.758+0530] {example_python_decorator.py:79} WARNING - The virtalenv_python example task requires virtualenv, please install it.
[2026-02-25T06:52:27.759+0530] {processor.py:840} INFO - DAG(s) 'example_python_decorator' retrieved from /Users/neerajvyas/learning/airflow/learn_airflow/airflow_home/venv/lib/python3.9/site-packages/airflow/example_dags/example_python_decorator.py
[2026-02-25T06:52:27.799+0530] {logging_mixin.py:188} INFO - [2026-02-25T06:52:27.799+0530] {dag.py:3036} INFO - Sync 1 DAGs
[2026-02-25T06:52:27.803+0530] {logging_mixin.py:188} INFO - [2026-02-25T06:52:27.803+0530] {dag.py:3823} INFO - Setting next_dagrun for example_python_decorator to None, run_after=None
[2026-02-25T06:52:27.810+0530] {processor.py:183} INFO - Processing /Users/neerajvyas/learning/airflow/learn_airflow/airflow_home/venv/lib/python3.9/site-packages/airflow/example_dags/example_python_decorator.py took 0.070 seconds
[2026-02-25T06:54:14.158+0530] {processor.py:161} INFO - Started process (PID=75337) to work on /Users/neerajvyas/learning/airflow/learn_airflow/airflow_home/venv/lib/python3.9/site-packages/airflow/example_dags/example_python_decorator.py
[2026-02-25T06:54:14.159+0530] {processor.py:830} INFO - Processing file /Users/neerajvyas/learning/airflow/learn_airflow/airflow_home/venv/lib/python3.9/site-packages/airflow/example_dags/example_python_decorator.py for tasks to queue
[2026-02-25T06:54:14.160+0530] {logging_mixin.py:188} INFO - [2026-02-25T06:54:14.160+0530] {dagbag.py:538} INFO - Filling up the DagBag from /Users/neerajvyas/learning/airflow/learn_airflow/airflow_home/venv/lib/python3.9/site-packages/airflow/example_dags/example_python_decorator.py
[2026-02-25T06:54:14.175+0530] {logging_mixin.py:188} INFO - [2026-02-25T06:54:14.175+0530] {example_python_decorator.py:79} WARNING - The virtalenv_python example task requires virtualenv, please install it.
[2026-02-25T06:54:14.176+0530] {processor.py:840} INFO - DAG(s) 'example_python_decorator' retrieved from /Users/neerajvyas/learning/airflow/learn_airflow/airflow_home/venv/lib/python3.9/site-packages/airflow/example_dags/example_python_decorator.py
[2026-02-25T06:54:14.219+0530] {logging_mixin.py:188} INFO - [2026-02-25T06:54:14.219+0530] {dag.py:3036} INFO - Sync 1 DAGs
[2026-02-25T06:54:14.224+0530] {logging_mixin.py:188} INFO - [2026-02-25T06:54:14.224+0530] {dag.py:3823} INFO - Setting next_dagrun for example_python_decorator to None, run_after=None
[2026-02-25T06:54:14.231+0530] {processor.py:183} INFO - Processing /Users/neerajvyas/learning/airflow/learn_airflow/airflow_home/venv/lib/python3.9/site-packages/airflow/example_dags/example_python_decorator.py took 0.074 seconds
[2026-02-25T06:55:59.763+0530] {processor.py:161} INFO - Started process (PID=79178) to work on /Users/neerajvyas/learning/airflow/learn_airflow/airflow_home/venv/lib/python3.9/site-packages/airflow/example_dags/example_python_decorator.py
[2026-02-25T06:55:59.764+0530] {processor.py:830} INFO - Processing file /Users/neerajvyas/learning/airflow/learn_airflow/airflow_home/venv/lib/python3.9/site-packages/airflow/example_dags/example_python_decorator.py for tasks to queue
[2026-02-25T06:55:59.764+0530] {logging_mixin.py:188} INFO - [2026-02-25T06:55:59.764+0530] {dagbag.py:538} INFO - Filling up the DagBag from /Users/neerajvyas/learning/airflow/learn_airflow/airflow_home/venv/lib/python3.9/site-packages/airflow/example_dags/example_python_decorator.py
[2026-02-25T06:55:59.779+0530] {logging_mixin.py:188} INFO - [2026-02-25T06:55:59.779+0530] {example_python_decorator.py:79} WARNING - The virtalenv_python example task requires virtualenv, please install it.
[2026-02-25T06:55:59.780+0530] {processor.py:840} INFO - DAG(s) 'example_python_decorator' retrieved from /Users/neerajvyas/learning/airflow/learn_airflow/airflow_home/venv/lib/python3.9/site-packages/airflow/example_dags/example_python_decorator.py
[2026-02-25T06:55:59.825+0530] {logging_mixin.py:188} INFO - [2026-02-25T06:55:59.825+0530] {dag.py:3036} INFO - Sync 1 DAGs
[2026-02-25T06:55:59.829+0530] {logging_mixin.py:188} INFO - [2026-02-25T06:55:59.829+0530] {dag.py:3823} INFO - Setting next_dagrun for example_python_decorator to None, run_after=None
[2026-02-25T06:55:59.836+0530] {processor.py:183} INFO - Processing /Users/neerajvyas/learning/airflow/learn_airflow/airflow_home/venv/lib/python3.9/site-packages/airflow/example_dags/example_python_decorator.py took 0.074 seconds
[2026-02-25T06:57:49.585+0530] {processor.py:161} INFO - Started process (PID=83192) to work on /Users/neerajvyas/learning/airflow/learn_airflow/airflow_home/venv/lib/python3.9/site-packages/airflow/example_dags/example_python_decorator.py
[2026-02-25T06:57:49.586+0530] {processor.py:830} INFO - Processing file /Users/neerajvyas/learning/airflow/learn_airflow/airflow_home/venv/lib/python3.9/site-packages/airflow/example_dags/example_python_decorator.py for tasks to queue
[2026-02-25T06:57:49.587+0530] {logging_mixin.py:188} INFO - [2026-02-25T06:57:49.586+0530] {dagbag.py:538} INFO - Filling up the DagBag from /Users/neerajvyas/learning/airflow/learn_airflow/airflow_home/venv/lib/python3.9/site-packages/airflow/example_dags/example_python_decorator.py
[2026-02-25T06:57:49.605+0530] {logging_mixin.py:188} INFO - [2026-02-25T06:57:49.604+0530] {example_python_decorator.py:79} WARNING - The virtalenv_python example task requires virtualenv, please install it.
[2026-02-25T06:57:49.606+0530] {processor.py:840} INFO - DAG(s) 'example_python_decorator' retrieved from /Users/neerajvyas/learning/airflow/learn_airflow/airflow_home/venv/lib/python3.9/site-packages/airflow/example_dags/example_python_decorator.py
[2026-02-25T06:57:49.647+0530] {logging_mixin.py:188} INFO - [2026-02-25T06:57:49.646+0530] {dag.py:3036} INFO - Sync 1 DAGs
[2026-02-25T06:57:49.651+0530] {logging_mixin.py:188} INFO - [2026-02-25T06:57:49.651+0530] {dag.py:3823} INFO - Setting next_dagrun for example_python_decorator to None, run_after=None
[2026-02-25T06:57:49.658+0530] {processor.py:183} INFO - Processing /Users/neerajvyas/learning/airflow/learn_airflow/airflow_home/venv/lib/python3.9/site-packages/airflow/example_dags/example_python_decorator.py took 0.074 seconds
[2026-02-25T06:59:36.987+0530] {processor.py:161} INFO - Started process (PID=86799) to work on /Users/neerajvyas/learning/airflow/learn_airflow/airflow_home/venv/lib/python3.9/site-packages/airflow/example_dags/example_python_decorator.py
[2026-02-25T06:59:36.987+0530] {processor.py:830} INFO - Processing file /Users/neerajvyas/learning/airflow/learn_airflow/airflow_home/venv/lib/python3.9/site-packages/airflow/example_dags/example_python_decorator.py for tasks to queue
[2026-02-25T06:59:36.988+0530] {logging_mixin.py:188} INFO - [2026-02-25T06:59:36.988+0530] {dagbag.py:538} INFO - Filling up the DagBag from /Users/neerajvyas/learning/airflow/learn_airflow/airflow_home/venv/lib/python3.9/site-packages/airflow/example_dags/example_python_decorator.py
[2026-02-25T06:59:37.002+0530] {logging_mixin.py:188} INFO - [2026-02-25T06:59:37.002+0530] {example_python_decorator.py:79} WARNING - The virtalenv_python example task requires virtualenv, please install it.
[2026-02-25T06:59:37.004+0530] {processor.py:840} INFO - DAG(s) 'example_python_decorator' retrieved from /Users/neerajvyas/learning/airflow/learn_airflow/airflow_home/venv/lib/python3.9/site-packages/airflow/example_dags/example_python_decorator.py
[2026-02-25T06:59:37.047+0530] {logging_mixin.py:188} INFO - [2026-02-25T06:59:37.047+0530] {dag.py:3036} INFO - Sync 1 DAGs
[2026-02-25T06:59:37.052+0530] {logging_mixin.py:188} INFO - [2026-02-25T06:59:37.052+0530] {dag.py:3823} INFO - Setting next_dagrun for example_python_decorator to None, run_after=None
[2026-02-25T06:59:37.060+0530] {processor.py:183} INFO - Processing /Users/neerajvyas/learning/airflow/learn_airflow/airflow_home/venv/lib/python3.9/site-packages/airflow/example_dags/example_python_decorator.py took 0.074 seconds
[2026-02-25T07:01:24.332+0530] {processor.py:161} INFO - Started process (PID=90804) to work on /Users/neerajvyas/learning/airflow/learn_airflow/airflow_home/venv/lib/python3.9/site-packages/airflow/example_dags/example_python_decorator.py
[2026-02-25T07:01:24.333+0530] {processor.py:830} INFO - Processing file /Users/neerajvyas/learning/airflow/learn_airflow/airflow_home/venv/lib/python3.9/site-packages/airflow/example_dags/example_python_decorator.py for tasks to queue
[2026-02-25T07:01:24.334+0530] {logging_mixin.py:188} INFO - [2026-02-25T07:01:24.334+0530] {dagbag.py:538} INFO - Filling up the DagBag from /Users/neerajvyas/learning/airflow/learn_airflow/airflow_home/venv/lib/python3.9/site-packages/airflow/example_dags/example_python_decorator.py
[2026-02-25T07:01:24.349+0530] {logging_mixin.py:188} INFO - [2026-02-25T07:01:24.348+0530] {example_python_decorator.py:79} WARNING - The virtalenv_python example task requires virtualenv, please install it.
[2026-02-25T07:01:24.349+0530] {processor.py:840} INFO - DAG(s) 'example_python_decorator' retrieved from /Users/neerajvyas/learning/airflow/learn_airflow/airflow_home/venv/lib/python3.9/site-packages/airflow/example_dags/example_python_decorator.py
[2026-02-25T07:01:24.391+0530] {logging_mixin.py:188} INFO - [2026-02-25T07:01:24.391+0530] {dag.py:3036} INFO - Sync 1 DAGs
[2026-02-25T07:01:24.396+0530] {logging_mixin.py:188} INFO - [2026-02-25T07:01:24.396+0530] {dag.py:3823} INFO - Setting next_dagrun for example_python_decorator to None, run_after=None
[2026-02-25T07:01:24.403+0530] {processor.py:183} INFO - Processing /Users/neerajvyas/learning/airflow/learn_airflow/airflow_home/venv/lib/python3.9/site-packages/airflow/example_dags/example_python_decorator.py took 0.072 seconds
[2026-02-25T07:03:15.946+0530] {processor.py:161} INFO - Started process (PID=94915) to work on /Users/neerajvyas/learning/airflow/learn_airflow/airflow_home/venv/lib/python3.9/site-packages/airflow/example_dags/example_python_decorator.py
[2026-02-25T07:03:15.947+0530] {processor.py:830} INFO - Processing file /Users/neerajvyas/learning/airflow/learn_airflow/airflow_home/venv/lib/python3.9/site-packages/airflow/example_dags/example_python_decorator.py for tasks to queue
[2026-02-25T07:03:15.948+0530] {logging_mixin.py:188} INFO - [2026-02-25T07:03:15.948+0530] {dagbag.py:538} INFO - Filling up the DagBag from /Users/neerajvyas/learning/airflow/learn_airflow/airflow_home/venv/lib/python3.9/site-packages/airflow/example_dags/example_python_decorator.py
[2026-02-25T07:03:15.962+0530] {logging_mixin.py:188} INFO - [2026-02-25T07:03:15.962+0530] {example_python_decorator.py:79} WARNING - The virtalenv_python example task requires virtualenv, please install it.
[2026-02-25T07:03:15.963+0530] {processor.py:840} INFO - DAG(s) 'example_python_decorator' retrieved from /Users/neerajvyas/learning/airflow/learn_airflow/airflow_home/venv/lib/python3.9/site-packages/airflow/example_dags/example_python_decorator.py
[2026-02-25T07:03:16.006+0530] {logging_mixin.py:188} INFO - [2026-02-25T07:03:16.006+0530] {dag.py:3036} INFO - Sync 1 DAGs
[2026-02-25T07:03:16.011+0530] {logging_mixin.py:188} INFO - [2026-02-25T07:03:16.011+0530] {dag.py:3823} INFO - Setting next_dagrun for example_python_decorator to None, run_after=None
[2026-02-25T07:03:16.019+0530] {processor.py:183} INFO - Processing /Users/neerajvyas/learning/airflow/learn_airflow/airflow_home/venv/lib/python3.9/site-packages/airflow/example_dags/example_python_decorator.py took 0.073 seconds
