[2026-02-25T06:47:17.382+0530] {processor.py:161} INFO - Started process (PID=61097) to work on /Users/neerajvyas/learning/airflow/learn_airflow/airflow_home/venv/lib/python3.9/site-packages/airflow/example_dags/example_short_circuit_operator.py
[2026-02-25T06:47:17.382+0530] {processor.py:830} INFO - Processing file /Users/neerajvyas/learning/airflow/learn_airflow/airflow_home/venv/lib/python3.9/site-packages/airflow/example_dags/example_short_circuit_operator.py for tasks to queue
[2026-02-25T06:47:17.382+0530] {logging_mixin.py:188} INFO - [2026-02-25T06:47:17.382+0530] {dagbag.py:538} INFO - Filling up the DagBag from /Users/neerajvyas/learning/airflow/learn_airflow/airflow_home/venv/lib/python3.9/site-packages/airflow/example_dags/example_short_circuit_operator.py
[2026-02-25T06:47:17.394+0530] {processor.py:840} INFO - DAG(s) 'example_short_circuit_operator' retrieved from /Users/neerajvyas/learning/airflow/learn_airflow/airflow_home/venv/lib/python3.9/site-packages/airflow/example_dags/example_short_circuit_operator.py
[2026-02-25T06:47:17.473+0530] {logging_mixin.py:188} INFO - [2026-02-25T06:47:17.473+0530] {override.py:1769} INFO - Created Permission View: can edit on DAG:example_short_circuit_operator
[2026-02-25T06:47:17.477+0530] {logging_mixin.py:188} INFO - [2026-02-25T06:47:17.477+0530] {override.py:1769} INFO - Created Permission View: can read on DAG:example_short_circuit_operator
[2026-02-25T06:47:17.479+0530] {logging_mixin.py:188} INFO - [2026-02-25T06:47:17.479+0530] {override.py:1769} INFO - Created Permission View: can delete on DAG:example_short_circuit_operator
[2026-02-25T06:47:17.479+0530] {logging_mixin.py:188} INFO - [2026-02-25T06:47:17.479+0530] {dag.py:3036} INFO - Sync 1 DAGs
[2026-02-25T06:47:17.483+0530] {logging_mixin.py:188} INFO - [2026-02-25T06:47:17.483+0530] {dag.py:3058} INFO - Creating ORM DAG for example_short_circuit_operator
[2026-02-25T06:47:17.486+0530] {logging_mixin.py:188} INFO - [2026-02-25T06:47:17.486+0530] {dag.py:3823} INFO - Setting next_dagrun for example_short_circuit_operator to 2026-02-24 00:00:00+00:00, run_after=2026-02-25 00:00:00+00:00
[2026-02-25T06:47:17.493+0530] {processor.py:183} INFO - Processing /Users/neerajvyas/learning/airflow/learn_airflow/airflow_home/venv/lib/python3.9/site-packages/airflow/example_dags/example_short_circuit_operator.py took 0.112 seconds
[2026-02-25T06:48:41.702+0530] {processor.py:161} INFO - Started process (PID=63900) to work on /Users/neerajvyas/learning/airflow/learn_airflow/airflow_home/venv/lib/python3.9/site-packages/airflow/example_dags/example_short_circuit_operator.py
[2026-02-25T06:48:41.704+0530] {processor.py:830} INFO - Processing file /Users/neerajvyas/learning/airflow/learn_airflow/airflow_home/venv/lib/python3.9/site-packages/airflow/example_dags/example_short_circuit_operator.py for tasks to queue
[2026-02-25T06:48:41.704+0530] {logging_mixin.py:188} INFO - [2026-02-25T06:48:41.704+0530] {dagbag.py:538} INFO - Filling up the DagBag from /Users/neerajvyas/learning/airflow/learn_airflow/airflow_home/venv/lib/python3.9/site-packages/airflow/example_dags/example_short_circuit_operator.py
[2026-02-25T06:48:41.715+0530] {processor.py:840} INFO - DAG(s) 'example_short_circuit_operator' retrieved from /Users/neerajvyas/learning/airflow/learn_airflow/airflow_home/venv/lib/python3.9/site-packages/airflow/example_dags/example_short_circuit_operator.py
[2026-02-25T06:48:41.762+0530] {logging_mixin.py:188} INFO - [2026-02-25T06:48:41.762+0530] {dag.py:3036} INFO - Sync 1 DAGs
[2026-02-25T06:48:41.770+0530] {logging_mixin.py:188} INFO - [2026-02-25T06:48:41.770+0530] {dag.py:3823} INFO - Setting next_dagrun for example_short_circuit_operator to 2026-02-24 00:00:00+00:00, run_after=2026-02-25 00:00:00+00:00
[2026-02-25T06:48:41.778+0530] {processor.py:183} INFO - Processing /Users/neerajvyas/learning/airflow/learn_airflow/airflow_home/venv/lib/python3.9/site-packages/airflow/example_dags/example_short_circuit_operator.py took 0.076 seconds
[2026-02-25T06:50:28.570+0530] {processor.py:161} INFO - Started process (PID=67506) to work on /Users/neerajvyas/learning/airflow/learn_airflow/airflow_home/venv/lib/python3.9/site-packages/airflow/example_dags/example_short_circuit_operator.py
[2026-02-25T06:50:28.571+0530] {processor.py:830} INFO - Processing file /Users/neerajvyas/learning/airflow/learn_airflow/airflow_home/venv/lib/python3.9/site-packages/airflow/example_dags/example_short_circuit_operator.py for tasks to queue
[2026-02-25T06:50:28.572+0530] {logging_mixin.py:188} INFO - [2026-02-25T06:50:28.572+0530] {dagbag.py:538} INFO - Filling up the DagBag from /Users/neerajvyas/learning/airflow/learn_airflow/airflow_home/venv/lib/python3.9/site-packages/airflow/example_dags/example_short_circuit_operator.py
[2026-02-25T06:50:28.583+0530] {processor.py:840} INFO - DAG(s) 'example_short_circuit_operator' retrieved from /Users/neerajvyas/learning/airflow/learn_airflow/airflow_home/venv/lib/python3.9/site-packages/airflow/example_dags/example_short_circuit_operator.py
[2026-02-25T06:50:28.633+0530] {logging_mixin.py:188} INFO - [2026-02-25T06:50:28.632+0530] {dag.py:3036} INFO - Sync 1 DAGs
[2026-02-25T06:50:28.641+0530] {logging_mixin.py:188} INFO - [2026-02-25T06:50:28.641+0530] {dag.py:3823} INFO - Setting next_dagrun for example_short_circuit_operator to 2026-02-24 00:00:00+00:00, run_after=2026-02-25 00:00:00+00:00
[2026-02-25T06:50:28.648+0530] {processor.py:183} INFO - Processing /Users/neerajvyas/learning/airflow/learn_airflow/airflow_home/venv/lib/python3.9/site-packages/airflow/example_dags/example_short_circuit_operator.py took 0.079 seconds
[2026-02-25T06:52:14.948+0530] {processor.py:161} INFO - Started process (PID=71380) to work on /Users/neerajvyas/learning/airflow/learn_airflow/airflow_home/venv/lib/python3.9/site-packages/airflow/example_dags/example_short_circuit_operator.py
[2026-02-25T06:52:14.950+0530] {processor.py:830} INFO - Processing file /Users/neerajvyas/learning/airflow/learn_airflow/airflow_home/venv/lib/python3.9/site-packages/airflow/example_dags/example_short_circuit_operator.py for tasks to queue
[2026-02-25T06:52:14.950+0530] {logging_mixin.py:188} INFO - [2026-02-25T06:52:14.950+0530] {dagbag.py:538} INFO - Filling up the DagBag from /Users/neerajvyas/learning/airflow/learn_airflow/airflow_home/venv/lib/python3.9/site-packages/airflow/example_dags/example_short_circuit_operator.py
[2026-02-25T06:52:14.962+0530] {processor.py:840} INFO - DAG(s) 'example_short_circuit_operator' retrieved from /Users/neerajvyas/learning/airflow/learn_airflow/airflow_home/venv/lib/python3.9/site-packages/airflow/example_dags/example_short_circuit_operator.py
[2026-02-25T06:52:15.007+0530] {logging_mixin.py:188} INFO - [2026-02-25T06:52:15.007+0530] {dag.py:3036} INFO - Sync 1 DAGs
[2026-02-25T06:52:15.015+0530] {logging_mixin.py:188} INFO - [2026-02-25T06:52:15.015+0530] {dag.py:3823} INFO - Setting next_dagrun for example_short_circuit_operator to 2026-02-24 00:00:00+00:00, run_after=2026-02-25 00:00:00+00:00
[2026-02-25T06:52:15.023+0530] {processor.py:183} INFO - Processing /Users/neerajvyas/learning/airflow/learn_airflow/airflow_home/venv/lib/python3.9/site-packages/airflow/example_dags/example_short_circuit_operator.py took 0.075 seconds
[2026-02-25T06:54:01.214+0530] {processor.py:161} INFO - Started process (PID=74982) to work on /Users/neerajvyas/learning/airflow/learn_airflow/airflow_home/venv/lib/python3.9/site-packages/airflow/example_dags/example_short_circuit_operator.py
[2026-02-25T06:54:01.214+0530] {processor.py:830} INFO - Processing file /Users/neerajvyas/learning/airflow/learn_airflow/airflow_home/venv/lib/python3.9/site-packages/airflow/example_dags/example_short_circuit_operator.py for tasks to queue
[2026-02-25T06:54:01.215+0530] {logging_mixin.py:188} INFO - [2026-02-25T06:54:01.215+0530] {dagbag.py:538} INFO - Filling up the DagBag from /Users/neerajvyas/learning/airflow/learn_airflow/airflow_home/venv/lib/python3.9/site-packages/airflow/example_dags/example_short_circuit_operator.py
[2026-02-25T06:54:01.226+0530] {processor.py:840} INFO - DAG(s) 'example_short_circuit_operator' retrieved from /Users/neerajvyas/learning/airflow/learn_airflow/airflow_home/venv/lib/python3.9/site-packages/airflow/example_dags/example_short_circuit_operator.py
[2026-02-25T06:54:01.270+0530] {logging_mixin.py:188} INFO - [2026-02-25T06:54:01.269+0530] {dag.py:3036} INFO - Sync 1 DAGs
[2026-02-25T06:54:01.277+0530] {logging_mixin.py:188} INFO - [2026-02-25T06:54:01.276+0530] {dag.py:3823} INFO - Setting next_dagrun for example_short_circuit_operator to 2026-02-24 00:00:00+00:00, run_after=2026-02-25 00:00:00+00:00
[2026-02-25T06:54:01.284+0530] {processor.py:183} INFO - Processing /Users/neerajvyas/learning/airflow/learn_airflow/airflow_home/venv/lib/python3.9/site-packages/airflow/example_dags/example_short_circuit_operator.py took 0.070 seconds
[2026-02-25T06:55:48.231+0530] {processor.py:161} INFO - Started process (PID=78487) to work on /Users/neerajvyas/learning/airflow/learn_airflow/airflow_home/venv/lib/python3.9/site-packages/airflow/example_dags/example_short_circuit_operator.py
[2026-02-25T06:55:48.232+0530] {processor.py:830} INFO - Processing file /Users/neerajvyas/learning/airflow/learn_airflow/airflow_home/venv/lib/python3.9/site-packages/airflow/example_dags/example_short_circuit_operator.py for tasks to queue
[2026-02-25T06:55:48.233+0530] {logging_mixin.py:188} INFO - [2026-02-25T06:55:48.233+0530] {dagbag.py:538} INFO - Filling up the DagBag from /Users/neerajvyas/learning/airflow/learn_airflow/airflow_home/venv/lib/python3.9/site-packages/airflow/example_dags/example_short_circuit_operator.py
[2026-02-25T06:55:48.247+0530] {processor.py:840} INFO - DAG(s) 'example_short_circuit_operator' retrieved from /Users/neerajvyas/learning/airflow/learn_airflow/airflow_home/venv/lib/python3.9/site-packages/airflow/example_dags/example_short_circuit_operator.py
[2026-02-25T06:55:48.294+0530] {logging_mixin.py:188} INFO - [2026-02-25T06:55:48.294+0530] {dag.py:3036} INFO - Sync 1 DAGs
[2026-02-25T06:55:48.301+0530] {logging_mixin.py:188} INFO - [2026-02-25T06:55:48.301+0530] {dag.py:3823} INFO - Setting next_dagrun for example_short_circuit_operator to 2026-02-24 00:00:00+00:00, run_after=2026-02-25 00:00:00+00:00
[2026-02-25T06:55:48.309+0530] {processor.py:183} INFO - Processing /Users/neerajvyas/learning/airflow/learn_airflow/airflow_home/venv/lib/python3.9/site-packages/airflow/example_dags/example_short_circuit_operator.py took 0.078 seconds
[2026-02-25T06:57:36.712+0530] {processor.py:161} INFO - Started process (PID=82759) to work on /Users/neerajvyas/learning/airflow/learn_airflow/airflow_home/venv/lib/python3.9/site-packages/airflow/example_dags/example_short_circuit_operator.py
[2026-02-25T06:57:36.714+0530] {processor.py:830} INFO - Processing file /Users/neerajvyas/learning/airflow/learn_airflow/airflow_home/venv/lib/python3.9/site-packages/airflow/example_dags/example_short_circuit_operator.py for tasks to queue
[2026-02-25T06:57:36.714+0530] {logging_mixin.py:188} INFO - [2026-02-25T06:57:36.714+0530] {dagbag.py:538} INFO - Filling up the DagBag from /Users/neerajvyas/learning/airflow/learn_airflow/airflow_home/venv/lib/python3.9/site-packages/airflow/example_dags/example_short_circuit_operator.py
[2026-02-25T06:57:36.726+0530] {processor.py:840} INFO - DAG(s) 'example_short_circuit_operator' retrieved from /Users/neerajvyas/learning/airflow/learn_airflow/airflow_home/venv/lib/python3.9/site-packages/airflow/example_dags/example_short_circuit_operator.py
[2026-02-25T06:57:36.771+0530] {logging_mixin.py:188} INFO - [2026-02-25T06:57:36.771+0530] {dag.py:3036} INFO - Sync 1 DAGs
[2026-02-25T06:57:36.778+0530] {logging_mixin.py:188} INFO - [2026-02-25T06:57:36.778+0530] {dag.py:3823} INFO - Setting next_dagrun for example_short_circuit_operator to 2026-02-24 00:00:00+00:00, run_after=2026-02-25 00:00:00+00:00
[2026-02-25T06:57:36.785+0530] {processor.py:183} INFO - Processing /Users/neerajvyas/learning/airflow/learn_airflow/airflow_home/venv/lib/python3.9/site-packages/airflow/example_dags/example_short_circuit_operator.py took 0.073 seconds
[2026-02-25T06:59:25.981+0530] {processor.py:161} INFO - Started process (PID=86450) to work on /Users/neerajvyas/learning/airflow/learn_airflow/airflow_home/venv/lib/python3.9/site-packages/airflow/example_dags/example_short_circuit_operator.py
[2026-02-25T06:59:25.982+0530] {processor.py:830} INFO - Processing file /Users/neerajvyas/learning/airflow/learn_airflow/airflow_home/venv/lib/python3.9/site-packages/airflow/example_dags/example_short_circuit_operator.py for tasks to queue
[2026-02-25T06:59:25.982+0530] {logging_mixin.py:188} INFO - [2026-02-25T06:59:25.982+0530] {dagbag.py:538} INFO - Filling up the DagBag from /Users/neerajvyas/learning/airflow/learn_airflow/airflow_home/venv/lib/python3.9/site-packages/airflow/example_dags/example_short_circuit_operator.py
[2026-02-25T06:59:25.993+0530] {processor.py:840} INFO - DAG(s) 'example_short_circuit_operator' retrieved from /Users/neerajvyas/learning/airflow/learn_airflow/airflow_home/venv/lib/python3.9/site-packages/airflow/example_dags/example_short_circuit_operator.py
[2026-02-25T06:59:26.038+0530] {logging_mixin.py:188} INFO - [2026-02-25T06:59:26.038+0530] {dag.py:3036} INFO - Sync 1 DAGs
[2026-02-25T06:59:26.045+0530] {logging_mixin.py:188} INFO - [2026-02-25T06:59:26.045+0530] {dag.py:3823} INFO - Setting next_dagrun for example_short_circuit_operator to 2026-02-24 00:00:00+00:00, run_after=2026-02-25 00:00:00+00:00
[2026-02-25T06:59:26.052+0530] {processor.py:183} INFO - Processing /Users/neerajvyas/learning/airflow/learn_airflow/airflow_home/venv/lib/python3.9/site-packages/airflow/example_dags/example_short_circuit_operator.py took 0.072 seconds
[2026-02-25T07:01:11.782+0530] {processor.py:161} INFO - Started process (PID=90367) to work on /Users/neerajvyas/learning/airflow/learn_airflow/airflow_home/venv/lib/python3.9/site-packages/airflow/example_dags/example_short_circuit_operator.py
[2026-02-25T07:01:11.782+0530] {processor.py:830} INFO - Processing file /Users/neerajvyas/learning/airflow/learn_airflow/airflow_home/venv/lib/python3.9/site-packages/airflow/example_dags/example_short_circuit_operator.py for tasks to queue
[2026-02-25T07:01:11.783+0530] {logging_mixin.py:188} INFO - [2026-02-25T07:01:11.783+0530] {dagbag.py:538} INFO - Filling up the DagBag from /Users/neerajvyas/learning/airflow/learn_airflow/airflow_home/venv/lib/python3.9/site-packages/airflow/example_dags/example_short_circuit_operator.py
[2026-02-25T07:01:11.795+0530] {processor.py:840} INFO - DAG(s) 'example_short_circuit_operator' retrieved from /Users/neerajvyas/learning/airflow/learn_airflow/airflow_home/venv/lib/python3.9/site-packages/airflow/example_dags/example_short_circuit_operator.py
[2026-02-25T07:01:11.838+0530] {logging_mixin.py:188} INFO - [2026-02-25T07:01:11.838+0530] {dag.py:3036} INFO - Sync 1 DAGs
[2026-02-25T07:01:11.845+0530] {logging_mixin.py:188} INFO - [2026-02-25T07:01:11.845+0530] {dag.py:3823} INFO - Setting next_dagrun for example_short_circuit_operator to 2026-02-24 00:00:00+00:00, run_after=2026-02-25 00:00:00+00:00
[2026-02-25T07:01:11.854+0530] {processor.py:183} INFO - Processing /Users/neerajvyas/learning/airflow/learn_airflow/airflow_home/venv/lib/python3.9/site-packages/airflow/example_dags/example_short_circuit_operator.py took 0.073 seconds
[2026-02-25T07:03:03.769+0530] {processor.py:161} INFO - Started process (PID=94223) to work on /Users/neerajvyas/learning/airflow/learn_airflow/airflow_home/venv/lib/python3.9/site-packages/airflow/example_dags/example_short_circuit_operator.py
[2026-02-25T07:03:03.771+0530] {processor.py:830} INFO - Processing file /Users/neerajvyas/learning/airflow/learn_airflow/airflow_home/venv/lib/python3.9/site-packages/airflow/example_dags/example_short_circuit_operator.py for tasks to queue
[2026-02-25T07:03:03.771+0530] {logging_mixin.py:188} INFO - [2026-02-25T07:03:03.771+0530] {dagbag.py:538} INFO - Filling up the DagBag from /Users/neerajvyas/learning/airflow/learn_airflow/airflow_home/venv/lib/python3.9/site-packages/airflow/example_dags/example_short_circuit_operator.py
[2026-02-25T07:03:03.783+0530] {processor.py:840} INFO - DAG(s) 'example_short_circuit_operator' retrieved from /Users/neerajvyas/learning/airflow/learn_airflow/airflow_home/venv/lib/python3.9/site-packages/airflow/example_dags/example_short_circuit_operator.py
[2026-02-25T07:03:03.831+0530] {logging_mixin.py:188} INFO - [2026-02-25T07:03:03.830+0530] {dag.py:3036} INFO - Sync 1 DAGs
[2026-02-25T07:03:03.839+0530] {logging_mixin.py:188} INFO - [2026-02-25T07:03:03.839+0530] {dag.py:3823} INFO - Setting next_dagrun for example_short_circuit_operator to 2026-02-24 00:00:00+00:00, run_after=2026-02-25 00:00:00+00:00
[2026-02-25T07:03:03.847+0530] {processor.py:183} INFO - Processing /Users/neerajvyas/learning/airflow/learn_airflow/airflow_home/venv/lib/python3.9/site-packages/airflow/example_dags/example_short_circuit_operator.py took 0.078 seconds
