[2026-02-25T06:47:47.198+0530] {processor.py:161} INFO - Started process (PID=62140) to work on /Users/neerajvyas/learning/airflow/learn_airflow/airflow_home/venv/lib/python3.9/site-packages/airflow/example_dags/example_external_task_marker_dag.py
[2026-02-25T06:47:47.198+0530] {processor.py:830} INFO - Processing file /Users/neerajvyas/learning/airflow/learn_airflow/airflow_home/venv/lib/python3.9/site-packages/airflow/example_dags/example_external_task_marker_dag.py for tasks to queue
[2026-02-25T06:47:47.199+0530] {logging_mixin.py:188} INFO - [2026-02-25T06:47:47.198+0530] {dagbag.py:538} INFO - Filling up the DagBag from /Users/neerajvyas/learning/airflow/learn_airflow/airflow_home/venv/lib/python3.9/site-packages/airflow/example_dags/example_external_task_marker_dag.py
[2026-02-25T06:47:47.205+0530] {processor.py:840} INFO - DAG(s) 'example_external_task_marker_parent', 'example_external_task_marker_child' retrieved from /Users/neerajvyas/learning/airflow/learn_airflow/airflow_home/venv/lib/python3.9/site-packages/airflow/example_dags/example_external_task_marker_dag.py
[2026-02-25T06:47:47.281+0530] {logging_mixin.py:188} INFO - [2026-02-25T06:47:47.281+0530] {override.py:1769} INFO - Created Permission View: can delete on DAG:example_external_task_marker_parent
[2026-02-25T06:47:47.285+0530] {logging_mixin.py:188} INFO - [2026-02-25T06:47:47.285+0530] {override.py:1769} INFO - Created Permission View: can edit on DAG:example_external_task_marker_parent
[2026-02-25T06:47:47.288+0530] {logging_mixin.py:188} INFO - [2026-02-25T06:47:47.288+0530] {override.py:1769} INFO - Created Permission View: can read on DAG:example_external_task_marker_parent
[2026-02-25T06:47:47.297+0530] {logging_mixin.py:188} INFO - [2026-02-25T06:47:47.297+0530] {override.py:1769} INFO - Created Permission View: can delete on DAG:example_external_task_marker_child
[2026-02-25T06:47:47.300+0530] {logging_mixin.py:188} INFO - [2026-02-25T06:47:47.299+0530] {override.py:1769} INFO - Created Permission View: can edit on DAG:example_external_task_marker_child
[2026-02-25T06:47:47.302+0530] {logging_mixin.py:188} INFO - [2026-02-25T06:47:47.302+0530] {override.py:1769} INFO - Created Permission View: can read on DAG:example_external_task_marker_child
[2026-02-25T06:47:47.302+0530] {logging_mixin.py:188} INFO - [2026-02-25T06:47:47.302+0530] {dag.py:3036} INFO - Sync 2 DAGs
[2026-02-25T06:47:47.306+0530] {logging_mixin.py:188} INFO - [2026-02-25T06:47:47.306+0530] {dag.py:3058} INFO - Creating ORM DAG for example_external_task_marker_child
[2026-02-25T06:47:47.307+0530] {logging_mixin.py:188} INFO - [2026-02-25T06:47:47.307+0530] {dag.py:3058} INFO - Creating ORM DAG for example_external_task_marker_parent
[2026-02-25T06:47:47.307+0530] {logging_mixin.py:188} INFO - [2026-02-25T06:47:47.307+0530] {dag.py:3823} INFO - Setting next_dagrun for example_external_task_marker_child to None, run_after=None
[2026-02-25T06:47:47.307+0530] {logging_mixin.py:188} INFO - [2026-02-25T06:47:47.307+0530] {dag.py:3823} INFO - Setting next_dagrun for example_external_task_marker_parent to None, run_after=None
[2026-02-25T06:47:47.314+0530] {processor.py:183} INFO - Processing /Users/neerajvyas/learning/airflow/learn_airflow/airflow_home/venv/lib/python3.9/site-packages/airflow/example_dags/example_external_task_marker_dag.py took 0.116 seconds
[2026-02-25T06:49:33.093+0530] {processor.py:161} INFO - Started process (PID=65716) to work on /Users/neerajvyas/learning/airflow/learn_airflow/airflow_home/venv/lib/python3.9/site-packages/airflow/example_dags/example_external_task_marker_dag.py
[2026-02-25T06:49:33.094+0530] {processor.py:830} INFO - Processing file /Users/neerajvyas/learning/airflow/learn_airflow/airflow_home/venv/lib/python3.9/site-packages/airflow/example_dags/example_external_task_marker_dag.py for tasks to queue
[2026-02-25T06:49:33.094+0530] {logging_mixin.py:188} INFO - [2026-02-25T06:49:33.094+0530] {dagbag.py:538} INFO - Filling up the DagBag from /Users/neerajvyas/learning/airflow/learn_airflow/airflow_home/venv/lib/python3.9/site-packages/airflow/example_dags/example_external_task_marker_dag.py
[2026-02-25T06:49:33.099+0530] {processor.py:840} INFO - DAG(s) 'example_external_task_marker_child', 'example_external_task_marker_parent' retrieved from /Users/neerajvyas/learning/airflow/learn_airflow/airflow_home/venv/lib/python3.9/site-packages/airflow/example_dags/example_external_task_marker_dag.py
[2026-02-25T06:49:33.145+0530] {logging_mixin.py:188} INFO - [2026-02-25T06:49:33.145+0530] {dag.py:3036} INFO - Sync 2 DAGs
[2026-02-25T06:49:33.149+0530] {logging_mixin.py:188} INFO - [2026-02-25T06:49:33.149+0530] {dag.py:3823} INFO - Setting next_dagrun for example_external_task_marker_child to None, run_after=None
[2026-02-25T06:49:33.150+0530] {logging_mixin.py:188} INFO - [2026-02-25T06:49:33.150+0530] {dag.py:3823} INFO - Setting next_dagrun for example_external_task_marker_parent to None, run_after=None
[2026-02-25T06:49:33.156+0530] {processor.py:183} INFO - Processing /Users/neerajvyas/learning/airflow/learn_airflow/airflow_home/venv/lib/python3.9/site-packages/airflow/example_dags/example_external_task_marker_dag.py took 0.064 seconds
[2026-02-25T06:51:19.192+0530] {processor.py:161} INFO - Started process (PID=69247) to work on /Users/neerajvyas/learning/airflow/learn_airflow/airflow_home/venv/lib/python3.9/site-packages/airflow/example_dags/example_external_task_marker_dag.py
[2026-02-25T06:51:19.193+0530] {processor.py:830} INFO - Processing file /Users/neerajvyas/learning/airflow/learn_airflow/airflow_home/venv/lib/python3.9/site-packages/airflow/example_dags/example_external_task_marker_dag.py for tasks to queue
[2026-02-25T06:51:19.194+0530] {logging_mixin.py:188} INFO - [2026-02-25T06:51:19.194+0530] {dagbag.py:538} INFO - Filling up the DagBag from /Users/neerajvyas/learning/airflow/learn_airflow/airflow_home/venv/lib/python3.9/site-packages/airflow/example_dags/example_external_task_marker_dag.py
[2026-02-25T06:51:19.199+0530] {processor.py:840} INFO - DAG(s) 'example_external_task_marker_child', 'example_external_task_marker_parent' retrieved from /Users/neerajvyas/learning/airflow/learn_airflow/airflow_home/venv/lib/python3.9/site-packages/airflow/example_dags/example_external_task_marker_dag.py
[2026-02-25T06:51:19.246+0530] {logging_mixin.py:188} INFO - [2026-02-25T06:51:19.246+0530] {dag.py:3036} INFO - Sync 2 DAGs
[2026-02-25T06:51:19.250+0530] {logging_mixin.py:188} INFO - [2026-02-25T06:51:19.250+0530] {dag.py:3823} INFO - Setting next_dagrun for example_external_task_marker_child to None, run_after=None
[2026-02-25T06:51:19.251+0530] {logging_mixin.py:188} INFO - [2026-02-25T06:51:19.251+0530] {dag.py:3823} INFO - Setting next_dagrun for example_external_task_marker_parent to None, run_after=None
[2026-02-25T06:51:19.257+0530] {processor.py:183} INFO - Processing /Users/neerajvyas/learning/airflow/learn_airflow/airflow_home/venv/lib/python3.9/site-packages/airflow/example_dags/example_external_task_marker_dag.py took 0.066 seconds
[2026-02-25T06:53:04.275+0530] {processor.py:161} INFO - Started process (PID=72873) to work on /Users/neerajvyas/learning/airflow/learn_airflow/airflow_home/venv/lib/python3.9/site-packages/airflow/example_dags/example_external_task_marker_dag.py
[2026-02-25T06:53:04.276+0530] {processor.py:830} INFO - Processing file /Users/neerajvyas/learning/airflow/learn_airflow/airflow_home/venv/lib/python3.9/site-packages/airflow/example_dags/example_external_task_marker_dag.py for tasks to queue
[2026-02-25T06:53:04.277+0530] {logging_mixin.py:188} INFO - [2026-02-25T06:53:04.276+0530] {dagbag.py:538} INFO - Filling up the DagBag from /Users/neerajvyas/learning/airflow/learn_airflow/airflow_home/venv/lib/python3.9/site-packages/airflow/example_dags/example_external_task_marker_dag.py
[2026-02-25T06:53:04.282+0530] {processor.py:840} INFO - DAG(s) 'example_external_task_marker_child', 'example_external_task_marker_parent' retrieved from /Users/neerajvyas/learning/airflow/learn_airflow/airflow_home/venv/lib/python3.9/site-packages/airflow/example_dags/example_external_task_marker_dag.py
[2026-02-25T06:53:04.329+0530] {logging_mixin.py:188} INFO - [2026-02-25T06:53:04.329+0530] {dag.py:3036} INFO - Sync 2 DAGs
[2026-02-25T06:53:04.333+0530] {logging_mixin.py:188} INFO - [2026-02-25T06:53:04.333+0530] {dag.py:3823} INFO - Setting next_dagrun for example_external_task_marker_child to None, run_after=None
[2026-02-25T06:53:04.334+0530] {logging_mixin.py:188} INFO - [2026-02-25T06:53:04.334+0530] {dag.py:3823} INFO - Setting next_dagrun for example_external_task_marker_parent to None, run_after=None
[2026-02-25T06:53:04.341+0530] {processor.py:183} INFO - Processing /Users/neerajvyas/learning/airflow/learn_airflow/airflow_home/venv/lib/python3.9/site-packages/airflow/example_dags/example_external_task_marker_dag.py took 0.067 seconds
[2026-02-25T06:54:54.092+0530] {processor.py:161} INFO - Started process (PID=76730) to work on /Users/neerajvyas/learning/airflow/learn_airflow/airflow_home/venv/lib/python3.9/site-packages/airflow/example_dags/example_external_task_marker_dag.py
[2026-02-25T06:54:54.094+0530] {processor.py:830} INFO - Processing file /Users/neerajvyas/learning/airflow/learn_airflow/airflow_home/venv/lib/python3.9/site-packages/airflow/example_dags/example_external_task_marker_dag.py for tasks to queue
[2026-02-25T06:54:54.094+0530] {logging_mixin.py:188} INFO - [2026-02-25T06:54:54.094+0530] {dagbag.py:538} INFO - Filling up the DagBag from /Users/neerajvyas/learning/airflow/learn_airflow/airflow_home/venv/lib/python3.9/site-packages/airflow/example_dags/example_external_task_marker_dag.py
[2026-02-25T06:54:54.099+0530] {processor.py:840} INFO - DAG(s) 'example_external_task_marker_parent', 'example_external_task_marker_child' retrieved from /Users/neerajvyas/learning/airflow/learn_airflow/airflow_home/venv/lib/python3.9/site-packages/airflow/example_dags/example_external_task_marker_dag.py
[2026-02-25T06:54:54.151+0530] {logging_mixin.py:188} INFO - [2026-02-25T06:54:54.151+0530] {dag.py:3036} INFO - Sync 2 DAGs
[2026-02-25T06:54:54.155+0530] {logging_mixin.py:188} INFO - [2026-02-25T06:54:54.155+0530] {dag.py:3823} INFO - Setting next_dagrun for example_external_task_marker_child to None, run_after=None
[2026-02-25T06:54:54.156+0530] {logging_mixin.py:188} INFO - [2026-02-25T06:54:54.156+0530] {dag.py:3823} INFO - Setting next_dagrun for example_external_task_marker_parent to None, run_after=None
[2026-02-25T06:54:54.165+0530] {processor.py:183} INFO - Processing /Users/neerajvyas/learning/airflow/learn_airflow/airflow_home/venv/lib/python3.9/site-packages/airflow/example_dags/example_external_task_marker_dag.py took 0.073 seconds
[2026-02-25T06:56:42.010+0530] {processor.py:161} INFO - Started process (PID=80578) to work on /Users/neerajvyas/learning/airflow/learn_airflow/airflow_home/venv/lib/python3.9/site-packages/airflow/example_dags/example_external_task_marker_dag.py
[2026-02-25T06:56:42.011+0530] {processor.py:830} INFO - Processing file /Users/neerajvyas/learning/airflow/learn_airflow/airflow_home/venv/lib/python3.9/site-packages/airflow/example_dags/example_external_task_marker_dag.py for tasks to queue
[2026-02-25T06:56:42.011+0530] {logging_mixin.py:188} INFO - [2026-02-25T06:56:42.011+0530] {dagbag.py:538} INFO - Filling up the DagBag from /Users/neerajvyas/learning/airflow/learn_airflow/airflow_home/venv/lib/python3.9/site-packages/airflow/example_dags/example_external_task_marker_dag.py
[2026-02-25T06:56:42.018+0530] {processor.py:840} INFO - DAG(s) 'example_external_task_marker_child', 'example_external_task_marker_parent' retrieved from /Users/neerajvyas/learning/airflow/learn_airflow/airflow_home/venv/lib/python3.9/site-packages/airflow/example_dags/example_external_task_marker_dag.py
[2026-02-25T06:56:42.066+0530] {logging_mixin.py:188} INFO - [2026-02-25T06:56:42.066+0530] {dag.py:3036} INFO - Sync 2 DAGs
[2026-02-25T06:56:42.070+0530] {logging_mixin.py:188} INFO - [2026-02-25T06:56:42.070+0530] {dag.py:3823} INFO - Setting next_dagrun for example_external_task_marker_child to None, run_after=None
[2026-02-25T06:56:42.072+0530] {logging_mixin.py:188} INFO - [2026-02-25T06:56:42.072+0530] {dag.py:3823} INFO - Setting next_dagrun for example_external_task_marker_parent to None, run_after=None
[2026-02-25T06:56:42.079+0530] {processor.py:183} INFO - Processing /Users/neerajvyas/learning/airflow/learn_airflow/airflow_home/venv/lib/python3.9/site-packages/airflow/example_dags/example_external_task_marker_dag.py took 0.069 seconds
[2026-02-25T06:58:30.964+0530] {processor.py:161} INFO - Started process (PID=84688) to work on /Users/neerajvyas/learning/airflow/learn_airflow/airflow_home/venv/lib/python3.9/site-packages/airflow/example_dags/example_external_task_marker_dag.py
[2026-02-25T06:58:30.966+0530] {processor.py:830} INFO - Processing file /Users/neerajvyas/learning/airflow/learn_airflow/airflow_home/venv/lib/python3.9/site-packages/airflow/example_dags/example_external_task_marker_dag.py for tasks to queue
[2026-02-25T06:58:30.966+0530] {logging_mixin.py:188} INFO - [2026-02-25T06:58:30.966+0530] {dagbag.py:538} INFO - Filling up the DagBag from /Users/neerajvyas/learning/airflow/learn_airflow/airflow_home/venv/lib/python3.9/site-packages/airflow/example_dags/example_external_task_marker_dag.py
[2026-02-25T06:58:30.972+0530] {processor.py:840} INFO - DAG(s) 'example_external_task_marker_parent', 'example_external_task_marker_child' retrieved from /Users/neerajvyas/learning/airflow/learn_airflow/airflow_home/venv/lib/python3.9/site-packages/airflow/example_dags/example_external_task_marker_dag.py
[2026-02-25T06:58:31.014+0530] {logging_mixin.py:188} INFO - [2026-02-25T06:58:31.014+0530] {dag.py:3036} INFO - Sync 2 DAGs
[2026-02-25T06:58:31.018+0530] {logging_mixin.py:188} INFO - [2026-02-25T06:58:31.018+0530] {dag.py:3823} INFO - Setting next_dagrun for example_external_task_marker_child to None, run_after=None
[2026-02-25T06:58:31.019+0530] {logging_mixin.py:188} INFO - [2026-02-25T06:58:31.019+0530] {dag.py:3823} INFO - Setting next_dagrun for example_external_task_marker_parent to None, run_after=None
[2026-02-25T06:58:31.025+0530] {processor.py:183} INFO - Processing /Users/neerajvyas/learning/airflow/learn_airflow/airflow_home/venv/lib/python3.9/site-packages/airflow/example_dags/example_external_task_marker_dag.py took 0.061 seconds
[2026-02-25T07:00:16.100+0530] {processor.py:161} INFO - Started process (PID=88280) to work on /Users/neerajvyas/learning/airflow/learn_airflow/airflow_home/venv/lib/python3.9/site-packages/airflow/example_dags/example_external_task_marker_dag.py
[2026-02-25T07:00:16.101+0530] {processor.py:830} INFO - Processing file /Users/neerajvyas/learning/airflow/learn_airflow/airflow_home/venv/lib/python3.9/site-packages/airflow/example_dags/example_external_task_marker_dag.py for tasks to queue
[2026-02-25T07:00:16.102+0530] {logging_mixin.py:188} INFO - [2026-02-25T07:00:16.102+0530] {dagbag.py:538} INFO - Filling up the DagBag from /Users/neerajvyas/learning/airflow/learn_airflow/airflow_home/venv/lib/python3.9/site-packages/airflow/example_dags/example_external_task_marker_dag.py
[2026-02-25T07:00:16.107+0530] {processor.py:840} INFO - DAG(s) 'example_external_task_marker_parent', 'example_external_task_marker_child' retrieved from /Users/neerajvyas/learning/airflow/learn_airflow/airflow_home/venv/lib/python3.9/site-packages/airflow/example_dags/example_external_task_marker_dag.py
[2026-02-25T07:00:16.154+0530] {logging_mixin.py:188} INFO - [2026-02-25T07:00:16.154+0530] {dag.py:3036} INFO - Sync 2 DAGs
[2026-02-25T07:00:16.158+0530] {logging_mixin.py:188} INFO - [2026-02-25T07:00:16.158+0530] {dag.py:3823} INFO - Setting next_dagrun for example_external_task_marker_child to None, run_after=None
[2026-02-25T07:00:16.159+0530] {logging_mixin.py:188} INFO - [2026-02-25T07:00:16.159+0530] {dag.py:3823} INFO - Setting next_dagrun for example_external_task_marker_parent to None, run_after=None
[2026-02-25T07:00:16.166+0530] {processor.py:183} INFO - Processing /Users/neerajvyas/learning/airflow/learn_airflow/airflow_home/venv/lib/python3.9/site-packages/airflow/example_dags/example_external_task_marker_dag.py took 0.067 seconds
[2026-02-25T07:02:05.696+0530] {processor.py:161} INFO - Started process (PID=92478) to work on /Users/neerajvyas/learning/airflow/learn_airflow/airflow_home/venv/lib/python3.9/site-packages/airflow/example_dags/example_external_task_marker_dag.py
[2026-02-25T07:02:05.697+0530] {processor.py:830} INFO - Processing file /Users/neerajvyas/learning/airflow/learn_airflow/airflow_home/venv/lib/python3.9/site-packages/airflow/example_dags/example_external_task_marker_dag.py for tasks to queue
[2026-02-25T07:02:05.697+0530] {logging_mixin.py:188} INFO - [2026-02-25T07:02:05.697+0530] {dagbag.py:538} INFO - Filling up the DagBag from /Users/neerajvyas/learning/airflow/learn_airflow/airflow_home/venv/lib/python3.9/site-packages/airflow/example_dags/example_external_task_marker_dag.py
[2026-02-25T07:02:05.703+0530] {processor.py:840} INFO - DAG(s) 'example_external_task_marker_child', 'example_external_task_marker_parent' retrieved from /Users/neerajvyas/learning/airflow/learn_airflow/airflow_home/venv/lib/python3.9/site-packages/airflow/example_dags/example_external_task_marker_dag.py
[2026-02-25T07:02:05.749+0530] {logging_mixin.py:188} INFO - [2026-02-25T07:02:05.749+0530] {dag.py:3036} INFO - Sync 2 DAGs
[2026-02-25T07:02:05.753+0530] {logging_mixin.py:188} INFO - [2026-02-25T07:02:05.753+0530] {dag.py:3823} INFO - Setting next_dagrun for example_external_task_marker_child to None, run_after=None
[2026-02-25T07:02:05.755+0530] {logging_mixin.py:188} INFO - [2026-02-25T07:02:05.755+0530] {dag.py:3823} INFO - Setting next_dagrun for example_external_task_marker_parent to None, run_after=None
[2026-02-25T07:02:05.762+0530] {processor.py:183} INFO - Processing /Users/neerajvyas/learning/airflow/learn_airflow/airflow_home/venv/lib/python3.9/site-packages/airflow/example_dags/example_external_task_marker_dag.py took 0.067 seconds
[2026-02-25T07:03:57.096+0530] {processor.py:161} INFO - Started process (PID=96730) to work on /Users/neerajvyas/learning/airflow/learn_airflow/airflow_home/venv/lib/python3.9/site-packages/airflow/example_dags/example_external_task_marker_dag.py
[2026-02-25T07:03:57.097+0530] {processor.py:830} INFO - Processing file /Users/neerajvyas/learning/airflow/learn_airflow/airflow_home/venv/lib/python3.9/site-packages/airflow/example_dags/example_external_task_marker_dag.py for tasks to queue
[2026-02-25T07:03:57.097+0530] {logging_mixin.py:188} INFO - [2026-02-25T07:03:57.097+0530] {dagbag.py:538} INFO - Filling up the DagBag from /Users/neerajvyas/learning/airflow/learn_airflow/airflow_home/venv/lib/python3.9/site-packages/airflow/example_dags/example_external_task_marker_dag.py
[2026-02-25T07:03:57.103+0530] {processor.py:840} INFO - DAG(s) 'example_external_task_marker_parent', 'example_external_task_marker_child' retrieved from /Users/neerajvyas/learning/airflow/learn_airflow/airflow_home/venv/lib/python3.9/site-packages/airflow/example_dags/example_external_task_marker_dag.py
[2026-02-25T07:03:57.153+0530] {logging_mixin.py:188} INFO - [2026-02-25T07:03:57.153+0530] {dag.py:3036} INFO - Sync 2 DAGs
[2026-02-25T07:03:57.157+0530] {logging_mixin.py:188} INFO - [2026-02-25T07:03:57.157+0530] {dag.py:3823} INFO - Setting next_dagrun for example_external_task_marker_child to None, run_after=None
[2026-02-25T07:03:57.159+0530] {logging_mixin.py:188} INFO - [2026-02-25T07:03:57.159+0530] {dag.py:3823} INFO - Setting next_dagrun for example_external_task_marker_parent to None, run_after=None
[2026-02-25T07:03:57.165+0530] {processor.py:183} INFO - Processing /Users/neerajvyas/learning/airflow/learn_airflow/airflow_home/venv/lib/python3.9/site-packages/airflow/example_dags/example_external_task_marker_dag.py took 0.070 seconds
