[2026-02-25T06:47:06.420+0530] {processor.py:161} INFO - Started process (PID=60747) to work on /Users/neerajvyas/learning/airflow/learn_airflow/airflow_home/venv/lib/python3.9/site-packages/airflow/example_dags/example_time_delta_sensor_async.py
[2026-02-25T06:47:06.420+0530] {processor.py:830} INFO - Processing file /Users/neerajvyas/learning/airflow/learn_airflow/airflow_home/venv/lib/python3.9/site-packages/airflow/example_dags/example_time_delta_sensor_async.py for tasks to queue
[2026-02-25T06:47:06.420+0530] {logging_mixin.py:188} INFO - [2026-02-25T06:47:06.420+0530] {dagbag.py:538} INFO - Filling up the DagBag from /Users/neerajvyas/learning/airflow/learn_airflow/airflow_home/venv/lib/python3.9/site-packages/airflow/example_dags/example_time_delta_sensor_async.py
[2026-02-25T06:47:06.425+0530] {processor.py:840} INFO - DAG(s) 'example_time_delta_sensor_async' retrieved from /Users/neerajvyas/learning/airflow/learn_airflow/airflow_home/venv/lib/python3.9/site-packages/airflow/example_dags/example_time_delta_sensor_async.py
[2026-02-25T06:47:06.507+0530] {logging_mixin.py:188} INFO - [2026-02-25T06:47:06.507+0530] {override.py:1769} INFO - Created Permission View: can read on DAG:example_time_delta_sensor_async
[2026-02-25T06:47:06.511+0530] {logging_mixin.py:188} INFO - [2026-02-25T06:47:06.511+0530] {override.py:1769} INFO - Created Permission View: can edit on DAG:example_time_delta_sensor_async
[2026-02-25T06:47:06.513+0530] {logging_mixin.py:188} INFO - [2026-02-25T06:47:06.513+0530] {override.py:1769} INFO - Created Permission View: can delete on DAG:example_time_delta_sensor_async
[2026-02-25T06:47:06.513+0530] {logging_mixin.py:188} INFO - [2026-02-25T06:47:06.513+0530] {dag.py:3036} INFO - Sync 1 DAGs
[2026-02-25T06:47:06.517+0530] {logging_mixin.py:188} INFO - [2026-02-25T06:47:06.517+0530] {dag.py:3058} INFO - Creating ORM DAG for example_time_delta_sensor_async
[2026-02-25T06:47:06.517+0530] {logging_mixin.py:188} INFO - [2026-02-25T06:47:06.517+0530] {dag.py:3823} INFO - Setting next_dagrun for example_time_delta_sensor_async to None, run_after=None
[2026-02-25T06:47:06.523+0530] {processor.py:183} INFO - Processing /Users/neerajvyas/learning/airflow/learn_airflow/airflow_home/venv/lib/python3.9/site-packages/airflow/example_dags/example_time_delta_sensor_async.py took 0.104 seconds
[2026-02-25T06:48:31.664+0530] {processor.py:161} INFO - Started process (PID=63553) to work on /Users/neerajvyas/learning/airflow/learn_airflow/airflow_home/venv/lib/python3.9/site-packages/airflow/example_dags/example_time_delta_sensor_async.py
[2026-02-25T06:48:31.665+0530] {processor.py:830} INFO - Processing file /Users/neerajvyas/learning/airflow/learn_airflow/airflow_home/venv/lib/python3.9/site-packages/airflow/example_dags/example_time_delta_sensor_async.py for tasks to queue
[2026-02-25T06:48:31.665+0530] {logging_mixin.py:188} INFO - [2026-02-25T06:48:31.665+0530] {dagbag.py:538} INFO - Filling up the DagBag from /Users/neerajvyas/learning/airflow/learn_airflow/airflow_home/venv/lib/python3.9/site-packages/airflow/example_dags/example_time_delta_sensor_async.py
[2026-02-25T06:48:31.669+0530] {processor.py:840} INFO - DAG(s) 'example_time_delta_sensor_async' retrieved from /Users/neerajvyas/learning/airflow/learn_airflow/airflow_home/venv/lib/python3.9/site-packages/airflow/example_dags/example_time_delta_sensor_async.py
[2026-02-25T06:48:31.718+0530] {logging_mixin.py:188} INFO - [2026-02-25T06:48:31.718+0530] {dag.py:3036} INFO - Sync 1 DAGs
[2026-02-25T06:48:31.722+0530] {logging_mixin.py:188} INFO - [2026-02-25T06:48:31.722+0530] {dag.py:3823} INFO - Setting next_dagrun for example_time_delta_sensor_async to None, run_after=None
[2026-02-25T06:48:31.728+0530] {processor.py:183} INFO - Processing /Users/neerajvyas/learning/airflow/learn_airflow/airflow_home/venv/lib/python3.9/site-packages/airflow/example_dags/example_time_delta_sensor_async.py took 0.065 seconds
[2026-02-25T06:50:17.642+0530] {processor.py:161} INFO - Started process (PID=67153) to work on /Users/neerajvyas/learning/airflow/learn_airflow/airflow_home/venv/lib/python3.9/site-packages/airflow/example_dags/example_time_delta_sensor_async.py
[2026-02-25T06:50:17.643+0530] {processor.py:830} INFO - Processing file /Users/neerajvyas/learning/airflow/learn_airflow/airflow_home/venv/lib/python3.9/site-packages/airflow/example_dags/example_time_delta_sensor_async.py for tasks to queue
[2026-02-25T06:50:17.643+0530] {logging_mixin.py:188} INFO - [2026-02-25T06:50:17.643+0530] {dagbag.py:538} INFO - Filling up the DagBag from /Users/neerajvyas/learning/airflow/learn_airflow/airflow_home/venv/lib/python3.9/site-packages/airflow/example_dags/example_time_delta_sensor_async.py
[2026-02-25T06:50:17.647+0530] {processor.py:840} INFO - DAG(s) 'example_time_delta_sensor_async' retrieved from /Users/neerajvyas/learning/airflow/learn_airflow/airflow_home/venv/lib/python3.9/site-packages/airflow/example_dags/example_time_delta_sensor_async.py
[2026-02-25T06:50:17.699+0530] {logging_mixin.py:188} INFO - [2026-02-25T06:50:17.699+0530] {dag.py:3036} INFO - Sync 1 DAGs
[2026-02-25T06:50:17.704+0530] {logging_mixin.py:188} INFO - [2026-02-25T06:50:17.703+0530] {dag.py:3823} INFO - Setting next_dagrun for example_time_delta_sensor_async to None, run_after=None
[2026-02-25T06:50:17.712+0530] {processor.py:183} INFO - Processing /Users/neerajvyas/learning/airflow/learn_airflow/airflow_home/venv/lib/python3.9/site-packages/airflow/example_dags/example_time_delta_sensor_async.py took 0.070 seconds
[2026-02-25T06:51:10.270+0530] {processor.py:161} INFO - Started process (PID=68899) to work on /Users/neerajvyas/learning/airflow/learn_airflow/airflow_home/venv/lib/python3.9/site-packages/airflow/example_dags/example_time_delta_sensor_async.py
[2026-02-25T06:51:10.271+0530] {processor.py:830} INFO - Processing file /Users/neerajvyas/learning/airflow/learn_airflow/airflow_home/venv/lib/python3.9/site-packages/airflow/example_dags/example_time_delta_sensor_async.py for tasks to queue
[2026-02-25T06:51:10.271+0530] {logging_mixin.py:188} INFO - [2026-02-25T06:51:10.271+0530] {dagbag.py:538} INFO - Filling up the DagBag from /Users/neerajvyas/learning/airflow/learn_airflow/airflow_home/venv/lib/python3.9/site-packages/airflow/example_dags/example_time_delta_sensor_async.py
[2026-02-25T06:51:10.275+0530] {processor.py:840} INFO - DAG(s) 'example_time_delta_sensor_async' retrieved from /Users/neerajvyas/learning/airflow/learn_airflow/airflow_home/venv/lib/python3.9/site-packages/airflow/example_dags/example_time_delta_sensor_async.py
[2026-02-25T06:51:10.326+0530] {logging_mixin.py:188} INFO - [2026-02-25T06:51:10.326+0530] {dag.py:3036} INFO - Sync 1 DAGs
[2026-02-25T06:51:10.330+0530] {logging_mixin.py:188} INFO - [2026-02-25T06:51:10.330+0530] {dag.py:3823} INFO - Setting next_dagrun for example_time_delta_sensor_async to None, run_after=None
[2026-02-25T06:51:10.337+0530] {processor.py:183} INFO - Processing /Users/neerajvyas/learning/airflow/learn_airflow/airflow_home/venv/lib/python3.9/site-packages/airflow/example_dags/example_time_delta_sensor_async.py took 0.068 seconds
[2026-02-25T06:52:04.676+0530] {processor.py:161} INFO - Started process (PID=70995) to work on /Users/neerajvyas/learning/airflow/learn_airflow/airflow_home/venv/lib/python3.9/site-packages/airflow/example_dags/example_time_delta_sensor_async.py
[2026-02-25T06:52:04.677+0530] {processor.py:830} INFO - Processing file /Users/neerajvyas/learning/airflow/learn_airflow/airflow_home/venv/lib/python3.9/site-packages/airflow/example_dags/example_time_delta_sensor_async.py for tasks to queue
[2026-02-25T06:52:04.678+0530] {logging_mixin.py:188} INFO - [2026-02-25T06:52:04.678+0530] {dagbag.py:538} INFO - Filling up the DagBag from /Users/neerajvyas/learning/airflow/learn_airflow/airflow_home/venv/lib/python3.9/site-packages/airflow/example_dags/example_time_delta_sensor_async.py
[2026-02-25T06:52:04.682+0530] {processor.py:840} INFO - DAG(s) 'example_time_delta_sensor_async' retrieved from /Users/neerajvyas/learning/airflow/learn_airflow/airflow_home/venv/lib/python3.9/site-packages/airflow/example_dags/example_time_delta_sensor_async.py
[2026-02-25T06:52:04.728+0530] {logging_mixin.py:188} INFO - [2026-02-25T06:52:04.728+0530] {dag.py:3036} INFO - Sync 1 DAGs
[2026-02-25T06:52:04.732+0530] {logging_mixin.py:188} INFO - [2026-02-25T06:52:04.732+0530] {dag.py:3823} INFO - Setting next_dagrun for example_time_delta_sensor_async to None, run_after=None
[2026-02-25T06:52:04.739+0530] {processor.py:183} INFO - Processing /Users/neerajvyas/learning/airflow/learn_airflow/airflow_home/venv/lib/python3.9/site-packages/airflow/example_dags/example_time_delta_sensor_async.py took 0.063 seconds
[2026-02-25T06:53:51.367+0530] {processor.py:161} INFO - Started process (PID=74634) to work on /Users/neerajvyas/learning/airflow/learn_airflow/airflow_home/venv/lib/python3.9/site-packages/airflow/example_dags/example_time_delta_sensor_async.py
[2026-02-25T06:53:51.367+0530] {processor.py:830} INFO - Processing file /Users/neerajvyas/learning/airflow/learn_airflow/airflow_home/venv/lib/python3.9/site-packages/airflow/example_dags/example_time_delta_sensor_async.py for tasks to queue
[2026-02-25T06:53:51.368+0530] {logging_mixin.py:188} INFO - [2026-02-25T06:53:51.368+0530] {dagbag.py:538} INFO - Filling up the DagBag from /Users/neerajvyas/learning/airflow/learn_airflow/airflow_home/venv/lib/python3.9/site-packages/airflow/example_dags/example_time_delta_sensor_async.py
[2026-02-25T06:53:51.372+0530] {processor.py:840} INFO - DAG(s) 'example_time_delta_sensor_async' retrieved from /Users/neerajvyas/learning/airflow/learn_airflow/airflow_home/venv/lib/python3.9/site-packages/airflow/example_dags/example_time_delta_sensor_async.py
[2026-02-25T06:53:51.420+0530] {logging_mixin.py:188} INFO - [2026-02-25T06:53:51.420+0530] {dag.py:3036} INFO - Sync 1 DAGs
[2026-02-25T06:53:51.424+0530] {logging_mixin.py:188} INFO - [2026-02-25T06:53:51.424+0530] {dag.py:3823} INFO - Setting next_dagrun for example_time_delta_sensor_async to None, run_after=None
[2026-02-25T06:53:51.431+0530] {processor.py:183} INFO - Processing /Users/neerajvyas/learning/airflow/learn_airflow/airflow_home/venv/lib/python3.9/site-packages/airflow/example_dags/example_time_delta_sensor_async.py took 0.065 seconds
[2026-02-25T06:54:44.975+0530] {processor.py:161} INFO - Started process (PID=76382) to work on /Users/neerajvyas/learning/airflow/learn_airflow/airflow_home/venv/lib/python3.9/site-packages/airflow/example_dags/example_time_delta_sensor_async.py
[2026-02-25T06:54:44.977+0530] {processor.py:830} INFO - Processing file /Users/neerajvyas/learning/airflow/learn_airflow/airflow_home/venv/lib/python3.9/site-packages/airflow/example_dags/example_time_delta_sensor_async.py for tasks to queue
[2026-02-25T06:54:44.977+0530] {logging_mixin.py:188} INFO - [2026-02-25T06:54:44.977+0530] {dagbag.py:538} INFO - Filling up the DagBag from /Users/neerajvyas/learning/airflow/learn_airflow/airflow_home/venv/lib/python3.9/site-packages/airflow/example_dags/example_time_delta_sensor_async.py
[2026-02-25T06:54:44.981+0530] {processor.py:840} INFO - DAG(s) 'example_time_delta_sensor_async' retrieved from /Users/neerajvyas/learning/airflow/learn_airflow/airflow_home/venv/lib/python3.9/site-packages/airflow/example_dags/example_time_delta_sensor_async.py
[2026-02-25T06:54:45.026+0530] {logging_mixin.py:188} INFO - [2026-02-25T06:54:45.026+0530] {dag.py:3036} INFO - Sync 1 DAGs
[2026-02-25T06:54:45.030+0530] {logging_mixin.py:188} INFO - [2026-02-25T06:54:45.030+0530] {dag.py:3823} INFO - Setting next_dagrun for example_time_delta_sensor_async to None, run_after=None
[2026-02-25T06:54:45.037+0530] {processor.py:183} INFO - Processing /Users/neerajvyas/learning/airflow/learn_airflow/airflow_home/venv/lib/python3.9/site-packages/airflow/example_dags/example_time_delta_sensor_async.py took 0.062 seconds
[2026-02-25T06:56:33.076+0530] {processor.py:161} INFO - Started process (PID=80573) to work on /Users/neerajvyas/learning/airflow/learn_airflow/airflow_home/venv/lib/python3.9/site-packages/airflow/example_dags/example_time_delta_sensor_async.py
[2026-02-25T06:56:33.079+0530] {processor.py:830} INFO - Processing file /Users/neerajvyas/learning/airflow/learn_airflow/airflow_home/venv/lib/python3.9/site-packages/airflow/example_dags/example_time_delta_sensor_async.py for tasks to queue
[2026-02-25T06:56:33.080+0530] {logging_mixin.py:188} INFO - [2026-02-25T06:56:33.079+0530] {dagbag.py:538} INFO - Filling up the DagBag from /Users/neerajvyas/learning/airflow/learn_airflow/airflow_home/venv/lib/python3.9/site-packages/airflow/example_dags/example_time_delta_sensor_async.py
[2026-02-25T06:56:33.086+0530] {processor.py:840} INFO - DAG(s) 'example_time_delta_sensor_async' retrieved from /Users/neerajvyas/learning/airflow/learn_airflow/airflow_home/venv/lib/python3.9/site-packages/airflow/example_dags/example_time_delta_sensor_async.py
[2026-02-25T06:56:33.133+0530] {logging_mixin.py:188} INFO - [2026-02-25T06:56:33.132+0530] {dag.py:3036} INFO - Sync 1 DAGs
[2026-02-25T06:56:33.136+0530] {logging_mixin.py:188} INFO - [2026-02-25T06:56:33.136+0530] {dag.py:3823} INFO - Setting next_dagrun for example_time_delta_sensor_async to None, run_after=None
[2026-02-25T06:56:33.144+0530] {processor.py:183} INFO - Processing /Users/neerajvyas/learning/airflow/learn_airflow/airflow_home/venv/lib/python3.9/site-packages/airflow/example_dags/example_time_delta_sensor_async.py took 0.068 seconds
[2026-02-25T06:57:27.962+0530] {processor.py:161} INFO - Started process (PID=82411) to work on /Users/neerajvyas/learning/airflow/learn_airflow/airflow_home/venv/lib/python3.9/site-packages/airflow/example_dags/example_time_delta_sensor_async.py
[2026-02-25T06:57:27.963+0530] {processor.py:830} INFO - Processing file /Users/neerajvyas/learning/airflow/learn_airflow/airflow_home/venv/lib/python3.9/site-packages/airflow/example_dags/example_time_delta_sensor_async.py for tasks to queue
[2026-02-25T06:57:27.964+0530] {logging_mixin.py:188} INFO - [2026-02-25T06:57:27.964+0530] {dagbag.py:538} INFO - Filling up the DagBag from /Users/neerajvyas/learning/airflow/learn_airflow/airflow_home/venv/lib/python3.9/site-packages/airflow/example_dags/example_time_delta_sensor_async.py
[2026-02-25T06:57:27.968+0530] {processor.py:840} INFO - DAG(s) 'example_time_delta_sensor_async' retrieved from /Users/neerajvyas/learning/airflow/learn_airflow/airflow_home/venv/lib/python3.9/site-packages/airflow/example_dags/example_time_delta_sensor_async.py
[2026-02-25T06:57:28.014+0530] {logging_mixin.py:188} INFO - [2026-02-25T06:57:28.013+0530] {dag.py:3036} INFO - Sync 1 DAGs
[2026-02-25T06:57:28.017+0530] {logging_mixin.py:188} INFO - [2026-02-25T06:57:28.017+0530] {dag.py:3823} INFO - Setting next_dagrun for example_time_delta_sensor_async to None, run_after=None
[2026-02-25T06:57:28.024+0530] {processor.py:183} INFO - Processing /Users/neerajvyas/learning/airflow/learn_airflow/airflow_home/venv/lib/python3.9/site-packages/airflow/example_dags/example_time_delta_sensor_async.py took 0.063 seconds
[2026-02-25T06:58:22.718+0530] {processor.py:161} INFO - Started process (PID=84341) to work on /Users/neerajvyas/learning/airflow/learn_airflow/airflow_home/venv/lib/python3.9/site-packages/airflow/example_dags/example_time_delta_sensor_async.py
[2026-02-25T06:58:22.719+0530] {processor.py:830} INFO - Processing file /Users/neerajvyas/learning/airflow/learn_airflow/airflow_home/venv/lib/python3.9/site-packages/airflow/example_dags/example_time_delta_sensor_async.py for tasks to queue
[2026-02-25T06:58:22.720+0530] {logging_mixin.py:188} INFO - [2026-02-25T06:58:22.719+0530] {dagbag.py:538} INFO - Filling up the DagBag from /Users/neerajvyas/learning/airflow/learn_airflow/airflow_home/venv/lib/python3.9/site-packages/airflow/example_dags/example_time_delta_sensor_async.py
[2026-02-25T06:58:22.725+0530] {processor.py:840} INFO - DAG(s) 'example_time_delta_sensor_async' retrieved from /Users/neerajvyas/learning/airflow/learn_airflow/airflow_home/venv/lib/python3.9/site-packages/airflow/example_dags/example_time_delta_sensor_async.py
[2026-02-25T06:58:22.773+0530] {logging_mixin.py:188} INFO - [2026-02-25T06:58:22.773+0530] {dag.py:3036} INFO - Sync 1 DAGs
[2026-02-25T06:58:22.777+0530] {logging_mixin.py:188} INFO - [2026-02-25T06:58:22.777+0530] {dag.py:3823} INFO - Setting next_dagrun for example_time_delta_sensor_async to None, run_after=None
[2026-02-25T06:58:22.786+0530] {processor.py:183} INFO - Processing /Users/neerajvyas/learning/airflow/learn_airflow/airflow_home/venv/lib/python3.9/site-packages/airflow/example_dags/example_time_delta_sensor_async.py took 0.068 seconds
[2026-02-25T06:59:15.144+0530] {processor.py:161} INFO - Started process (PID=86101) to work on /Users/neerajvyas/learning/airflow/learn_airflow/airflow_home/venv/lib/python3.9/site-packages/airflow/example_dags/example_time_delta_sensor_async.py
[2026-02-25T06:59:15.146+0530] {processor.py:830} INFO - Processing file /Users/neerajvyas/learning/airflow/learn_airflow/airflow_home/venv/lib/python3.9/site-packages/airflow/example_dags/example_time_delta_sensor_async.py for tasks to queue
[2026-02-25T06:59:15.146+0530] {logging_mixin.py:188} INFO - [2026-02-25T06:59:15.146+0530] {dagbag.py:538} INFO - Filling up the DagBag from /Users/neerajvyas/learning/airflow/learn_airflow/airflow_home/venv/lib/python3.9/site-packages/airflow/example_dags/example_time_delta_sensor_async.py
[2026-02-25T06:59:15.150+0530] {processor.py:840} INFO - DAG(s) 'example_time_delta_sensor_async' retrieved from /Users/neerajvyas/learning/airflow/learn_airflow/airflow_home/venv/lib/python3.9/site-packages/airflow/example_dags/example_time_delta_sensor_async.py
[2026-02-25T06:59:15.198+0530] {logging_mixin.py:188} INFO - [2026-02-25T06:59:15.198+0530] {dag.py:3036} INFO - Sync 1 DAGs
[2026-02-25T06:59:15.202+0530] {logging_mixin.py:188} INFO - [2026-02-25T06:59:15.202+0530] {dag.py:3823} INFO - Setting next_dagrun for example_time_delta_sensor_async to None, run_after=None
[2026-02-25T06:59:15.210+0530] {processor.py:183} INFO - Processing /Users/neerajvyas/learning/airflow/learn_airflow/airflow_home/venv/lib/python3.9/site-packages/airflow/example_dags/example_time_delta_sensor_async.py took 0.067 seconds
[2026-02-25T07:01:02.547+0530] {processor.py:161} INFO - Started process (PID=90018) to work on /Users/neerajvyas/learning/airflow/learn_airflow/airflow_home/venv/lib/python3.9/site-packages/airflow/example_dags/example_time_delta_sensor_async.py
[2026-02-25T07:01:02.547+0530] {processor.py:830} INFO - Processing file /Users/neerajvyas/learning/airflow/learn_airflow/airflow_home/venv/lib/python3.9/site-packages/airflow/example_dags/example_time_delta_sensor_async.py for tasks to queue
[2026-02-25T07:01:02.548+0530] {logging_mixin.py:188} INFO - [2026-02-25T07:01:02.548+0530] {dagbag.py:538} INFO - Filling up the DagBag from /Users/neerajvyas/learning/airflow/learn_airflow/airflow_home/venv/lib/python3.9/site-packages/airflow/example_dags/example_time_delta_sensor_async.py
[2026-02-25T07:01:02.551+0530] {processor.py:840} INFO - DAG(s) 'example_time_delta_sensor_async' retrieved from /Users/neerajvyas/learning/airflow/learn_airflow/airflow_home/venv/lib/python3.9/site-packages/airflow/example_dags/example_time_delta_sensor_async.py
[2026-02-25T07:01:02.598+0530] {logging_mixin.py:188} INFO - [2026-02-25T07:01:02.598+0530] {dag.py:3036} INFO - Sync 1 DAGs
[2026-02-25T07:01:02.602+0530] {logging_mixin.py:188} INFO - [2026-02-25T07:01:02.602+0530] {dag.py:3823} INFO - Setting next_dagrun for example_time_delta_sensor_async to None, run_after=None
[2026-02-25T07:01:02.610+0530] {processor.py:183} INFO - Processing /Users/neerajvyas/learning/airflow/learn_airflow/airflow_home/venv/lib/python3.9/site-packages/airflow/example_dags/example_time_delta_sensor_async.py took 0.063 seconds
[2026-02-25T07:02:54.161+0530] {processor.py:161} INFO - Started process (PID=94166) to work on /Users/neerajvyas/learning/airflow/learn_airflow/airflow_home/venv/lib/python3.9/site-packages/airflow/example_dags/example_time_delta_sensor_async.py
[2026-02-25T07:02:54.161+0530] {processor.py:830} INFO - Processing file /Users/neerajvyas/learning/airflow/learn_airflow/airflow_home/venv/lib/python3.9/site-packages/airflow/example_dags/example_time_delta_sensor_async.py for tasks to queue
[2026-02-25T07:02:54.162+0530] {logging_mixin.py:188} INFO - [2026-02-25T07:02:54.162+0530] {dagbag.py:538} INFO - Filling up the DagBag from /Users/neerajvyas/learning/airflow/learn_airflow/airflow_home/venv/lib/python3.9/site-packages/airflow/example_dags/example_time_delta_sensor_async.py
[2026-02-25T07:02:54.165+0530] {processor.py:840} INFO - DAG(s) 'example_time_delta_sensor_async' retrieved from /Users/neerajvyas/learning/airflow/learn_airflow/airflow_home/venv/lib/python3.9/site-packages/airflow/example_dags/example_time_delta_sensor_async.py
[2026-02-25T07:02:54.213+0530] {logging_mixin.py:188} INFO - [2026-02-25T07:02:54.213+0530] {dag.py:3036} INFO - Sync 1 DAGs
[2026-02-25T07:02:54.218+0530] {logging_mixin.py:188} INFO - [2026-02-25T07:02:54.217+0530] {dag.py:3823} INFO - Setting next_dagrun for example_time_delta_sensor_async to None, run_after=None
[2026-02-25T07:02:54.226+0530] {processor.py:183} INFO - Processing /Users/neerajvyas/learning/airflow/learn_airflow/airflow_home/venv/lib/python3.9/site-packages/airflow/example_dags/example_time_delta_sensor_async.py took 0.066 seconds
[2026-02-25T07:03:50.188+0530] {processor.py:161} INFO - Started process (PID=96384) to work on /Users/neerajvyas/learning/airflow/learn_airflow/airflow_home/venv/lib/python3.9/site-packages/airflow/example_dags/example_time_delta_sensor_async.py
[2026-02-25T07:03:50.189+0530] {processor.py:830} INFO - Processing file /Users/neerajvyas/learning/airflow/learn_airflow/airflow_home/venv/lib/python3.9/site-packages/airflow/example_dags/example_time_delta_sensor_async.py for tasks to queue
[2026-02-25T07:03:50.189+0530] {logging_mixin.py:188} INFO - [2026-02-25T07:03:50.189+0530] {dagbag.py:538} INFO - Filling up the DagBag from /Users/neerajvyas/learning/airflow/learn_airflow/airflow_home/venv/lib/python3.9/site-packages/airflow/example_dags/example_time_delta_sensor_async.py
[2026-02-25T07:03:50.193+0530] {processor.py:840} INFO - DAG(s) 'example_time_delta_sensor_async' retrieved from /Users/neerajvyas/learning/airflow/learn_airflow/airflow_home/venv/lib/python3.9/site-packages/airflow/example_dags/example_time_delta_sensor_async.py
[2026-02-25T07:03:50.242+0530] {logging_mixin.py:188} INFO - [2026-02-25T07:03:50.242+0530] {dag.py:3036} INFO - Sync 1 DAGs
[2026-02-25T07:03:50.246+0530] {logging_mixin.py:188} INFO - [2026-02-25T07:03:50.246+0530] {dag.py:3823} INFO - Setting next_dagrun for example_time_delta_sensor_async to None, run_after=None
[2026-02-25T07:03:50.253+0530] {processor.py:183} INFO - Processing /Users/neerajvyas/learning/airflow/learn_airflow/airflow_home/venv/lib/python3.9/site-packages/airflow/example_dags/example_time_delta_sensor_async.py took 0.066 seconds
