[2026-02-25T06:47:50.261+0530] {processor.py:161} INFO - Started process (PID=62143) to work on /Users/neerajvyas/learning/airflow/learn_airflow/airflow_home/venv/lib/python3.9/site-packages/airflow/example_dags/example_dynamic_task_mapping.py
[2026-02-25T06:47:50.261+0530] {processor.py:830} INFO - Processing file /Users/neerajvyas/learning/airflow/learn_airflow/airflow_home/venv/lib/python3.9/site-packages/airflow/example_dags/example_dynamic_task_mapping.py for tasks to queue
[2026-02-25T06:47:50.262+0530] {logging_mixin.py:188} INFO - [2026-02-25T06:47:50.262+0530] {dagbag.py:538} INFO - Filling up the DagBag from /Users/neerajvyas/learning/airflow/learn_airflow/airflow_home/venv/lib/python3.9/site-packages/airflow/example_dags/example_dynamic_task_mapping.py
[2026-02-25T06:47:50.277+0530] {processor.py:840} INFO - DAG(s) 'example_dynamic_task_mapping' retrieved from /Users/neerajvyas/learning/airflow/learn_airflow/airflow_home/venv/lib/python3.9/site-packages/airflow/example_dags/example_dynamic_task_mapping.py
[2026-02-25T06:47:50.356+0530] {logging_mixin.py:188} INFO - [2026-02-25T06:47:50.356+0530] {override.py:1769} INFO - Created Permission View: can delete on DAG:example_dynamic_task_mapping
[2026-02-25T06:47:50.360+0530] {logging_mixin.py:188} INFO - [2026-02-25T06:47:50.360+0530] {override.py:1769} INFO - Created Permission View: can read on DAG:example_dynamic_task_mapping
[2026-02-25T06:47:50.362+0530] {logging_mixin.py:188} INFO - [2026-02-25T06:47:50.362+0530] {override.py:1769} INFO - Created Permission View: can edit on DAG:example_dynamic_task_mapping
[2026-02-25T06:47:50.362+0530] {logging_mixin.py:188} INFO - [2026-02-25T06:47:50.362+0530] {dag.py:3036} INFO - Sync 1 DAGs
[2026-02-25T06:47:50.366+0530] {logging_mixin.py:188} INFO - [2026-02-25T06:47:50.366+0530] {dag.py:3058} INFO - Creating ORM DAG for example_dynamic_task_mapping
[2026-02-25T06:47:50.370+0530] {logging_mixin.py:188} INFO - [2026-02-25T06:47:50.370+0530] {dag.py:3823} INFO - Setting next_dagrun for example_dynamic_task_mapping to 2022-03-04 00:00:00+00:00, run_after=2022-03-05 00:00:00+00:00
[2026-02-25T06:47:50.377+0530] {processor.py:183} INFO - Processing /Users/neerajvyas/learning/airflow/learn_airflow/airflow_home/venv/lib/python3.9/site-packages/airflow/example_dags/example_dynamic_task_mapping.py took 0.117 seconds
[2026-02-25T06:49:36.616+0530] {processor.py:161} INFO - Started process (PID=65720) to work on /Users/neerajvyas/learning/airflow/learn_airflow/airflow_home/venv/lib/python3.9/site-packages/airflow/example_dags/example_dynamic_task_mapping.py
[2026-02-25T06:49:36.618+0530] {processor.py:830} INFO - Processing file /Users/neerajvyas/learning/airflow/learn_airflow/airflow_home/venv/lib/python3.9/site-packages/airflow/example_dags/example_dynamic_task_mapping.py for tasks to queue
[2026-02-25T06:49:36.618+0530] {logging_mixin.py:188} INFO - [2026-02-25T06:49:36.618+0530] {dagbag.py:538} INFO - Filling up the DagBag from /Users/neerajvyas/learning/airflow/learn_airflow/airflow_home/venv/lib/python3.9/site-packages/airflow/example_dags/example_dynamic_task_mapping.py
[2026-02-25T06:49:36.633+0530] {processor.py:840} INFO - DAG(s) 'example_dynamic_task_mapping' retrieved from /Users/neerajvyas/learning/airflow/learn_airflow/airflow_home/venv/lib/python3.9/site-packages/airflow/example_dags/example_dynamic_task_mapping.py
[2026-02-25T06:49:36.675+0530] {logging_mixin.py:188} INFO - [2026-02-25T06:49:36.675+0530] {dag.py:3036} INFO - Sync 1 DAGs
[2026-02-25T06:49:36.682+0530] {logging_mixin.py:188} INFO - [2026-02-25T06:49:36.682+0530] {dag.py:3823} INFO - Setting next_dagrun for example_dynamic_task_mapping to 2022-03-04 00:00:00+00:00, run_after=2022-03-05 00:00:00+00:00
[2026-02-25T06:49:36.689+0530] {processor.py:183} INFO - Processing /Users/neerajvyas/learning/airflow/learn_airflow/airflow_home/venv/lib/python3.9/site-packages/airflow/example_dags/example_dynamic_task_mapping.py took 0.073 seconds
[2026-02-25T06:51:22.667+0530] {processor.py:161} INFO - Started process (PID=69590) to work on /Users/neerajvyas/learning/airflow/learn_airflow/airflow_home/venv/lib/python3.9/site-packages/airflow/example_dags/example_dynamic_task_mapping.py
[2026-02-25T06:51:22.668+0530] {processor.py:830} INFO - Processing file /Users/neerajvyas/learning/airflow/learn_airflow/airflow_home/venv/lib/python3.9/site-packages/airflow/example_dags/example_dynamic_task_mapping.py for tasks to queue
[2026-02-25T06:51:22.668+0530] {logging_mixin.py:188} INFO - [2026-02-25T06:51:22.668+0530] {dagbag.py:538} INFO - Filling up the DagBag from /Users/neerajvyas/learning/airflow/learn_airflow/airflow_home/venv/lib/python3.9/site-packages/airflow/example_dags/example_dynamic_task_mapping.py
[2026-02-25T06:51:22.682+0530] {processor.py:840} INFO - DAG(s) 'example_dynamic_task_mapping' retrieved from /Users/neerajvyas/learning/airflow/learn_airflow/airflow_home/venv/lib/python3.9/site-packages/airflow/example_dags/example_dynamic_task_mapping.py
[2026-02-25T06:51:22.726+0530] {logging_mixin.py:188} INFO - [2026-02-25T06:51:22.726+0530] {dag.py:3036} INFO - Sync 1 DAGs
[2026-02-25T06:51:22.734+0530] {logging_mixin.py:188} INFO - [2026-02-25T06:51:22.734+0530] {dag.py:3823} INFO - Setting next_dagrun for example_dynamic_task_mapping to 2022-03-04 00:00:00+00:00, run_after=2022-03-05 00:00:00+00:00
[2026-02-25T06:51:22.742+0530] {processor.py:183} INFO - Processing /Users/neerajvyas/learning/airflow/learn_airflow/airflow_home/venv/lib/python3.9/site-packages/airflow/example_dags/example_dynamic_task_mapping.py took 0.075 seconds
[2026-02-25T06:53:08.067+0530] {processor.py:161} INFO - Started process (PID=73218) to work on /Users/neerajvyas/learning/airflow/learn_airflow/airflow_home/venv/lib/python3.9/site-packages/airflow/example_dags/example_dynamic_task_mapping.py
[2026-02-25T06:53:08.068+0530] {processor.py:830} INFO - Processing file /Users/neerajvyas/learning/airflow/learn_airflow/airflow_home/venv/lib/python3.9/site-packages/airflow/example_dags/example_dynamic_task_mapping.py for tasks to queue
[2026-02-25T06:53:08.069+0530] {logging_mixin.py:188} INFO - [2026-02-25T06:53:08.069+0530] {dagbag.py:538} INFO - Filling up the DagBag from /Users/neerajvyas/learning/airflow/learn_airflow/airflow_home/venv/lib/python3.9/site-packages/airflow/example_dags/example_dynamic_task_mapping.py
[2026-02-25T06:53:08.084+0530] {processor.py:840} INFO - DAG(s) 'example_dynamic_task_mapping' retrieved from /Users/neerajvyas/learning/airflow/learn_airflow/airflow_home/venv/lib/python3.9/site-packages/airflow/example_dags/example_dynamic_task_mapping.py
[2026-02-25T06:53:08.124+0530] {logging_mixin.py:188} INFO - [2026-02-25T06:53:08.124+0530] {dag.py:3036} INFO - Sync 1 DAGs
[2026-02-25T06:53:08.132+0530] {logging_mixin.py:188} INFO - [2026-02-25T06:53:08.131+0530] {dag.py:3823} INFO - Setting next_dagrun for example_dynamic_task_mapping to 2022-03-04 00:00:00+00:00, run_after=2022-03-05 00:00:00+00:00
[2026-02-25T06:53:08.139+0530] {processor.py:183} INFO - Processing /Users/neerajvyas/learning/airflow/learn_airflow/airflow_home/venv/lib/python3.9/site-packages/airflow/example_dags/example_dynamic_task_mapping.py took 0.073 seconds
[2026-02-25T06:54:57.891+0530] {processor.py:161} INFO - Started process (PID=76732) to work on /Users/neerajvyas/learning/airflow/learn_airflow/airflow_home/venv/lib/python3.9/site-packages/airflow/example_dags/example_dynamic_task_mapping.py
[2026-02-25T06:54:57.892+0530] {processor.py:830} INFO - Processing file /Users/neerajvyas/learning/airflow/learn_airflow/airflow_home/venv/lib/python3.9/site-packages/airflow/example_dags/example_dynamic_task_mapping.py for tasks to queue
[2026-02-25T06:54:57.892+0530] {logging_mixin.py:188} INFO - [2026-02-25T06:54:57.892+0530] {dagbag.py:538} INFO - Filling up the DagBag from /Users/neerajvyas/learning/airflow/learn_airflow/airflow_home/venv/lib/python3.9/site-packages/airflow/example_dags/example_dynamic_task_mapping.py
[2026-02-25T06:54:57.906+0530] {processor.py:840} INFO - DAG(s) 'example_dynamic_task_mapping' retrieved from /Users/neerajvyas/learning/airflow/learn_airflow/airflow_home/venv/lib/python3.9/site-packages/airflow/example_dags/example_dynamic_task_mapping.py
[2026-02-25T06:54:57.949+0530] {logging_mixin.py:188} INFO - [2026-02-25T06:54:57.949+0530] {dag.py:3036} INFO - Sync 1 DAGs
[2026-02-25T06:54:57.956+0530] {logging_mixin.py:188} INFO - [2026-02-25T06:54:57.956+0530] {dag.py:3823} INFO - Setting next_dagrun for example_dynamic_task_mapping to 2022-03-04 00:00:00+00:00, run_after=2022-03-05 00:00:00+00:00
[2026-02-25T06:54:57.963+0530] {processor.py:183} INFO - Processing /Users/neerajvyas/learning/airflow/learn_airflow/airflow_home/venv/lib/python3.9/site-packages/airflow/example_dags/example_dynamic_task_mapping.py took 0.072 seconds
[2026-02-25T06:56:45.855+0530] {processor.py:161} INFO - Started process (PID=80922) to work on /Users/neerajvyas/learning/airflow/learn_airflow/airflow_home/venv/lib/python3.9/site-packages/airflow/example_dags/example_dynamic_task_mapping.py
[2026-02-25T06:56:45.856+0530] {processor.py:830} INFO - Processing file /Users/neerajvyas/learning/airflow/learn_airflow/airflow_home/venv/lib/python3.9/site-packages/airflow/example_dags/example_dynamic_task_mapping.py for tasks to queue
[2026-02-25T06:56:45.856+0530] {logging_mixin.py:188} INFO - [2026-02-25T06:56:45.856+0530] {dagbag.py:538} INFO - Filling up the DagBag from /Users/neerajvyas/learning/airflow/learn_airflow/airflow_home/venv/lib/python3.9/site-packages/airflow/example_dags/example_dynamic_task_mapping.py
[2026-02-25T06:56:45.872+0530] {processor.py:840} INFO - DAG(s) 'example_dynamic_task_mapping' retrieved from /Users/neerajvyas/learning/airflow/learn_airflow/airflow_home/venv/lib/python3.9/site-packages/airflow/example_dags/example_dynamic_task_mapping.py
[2026-02-25T06:56:45.916+0530] {logging_mixin.py:188} INFO - [2026-02-25T06:56:45.915+0530] {dag.py:3036} INFO - Sync 1 DAGs
[2026-02-25T06:56:45.923+0530] {logging_mixin.py:188} INFO - [2026-02-25T06:56:45.923+0530] {dag.py:3823} INFO - Setting next_dagrun for example_dynamic_task_mapping to 2022-03-04 00:00:00+00:00, run_after=2022-03-05 00:00:00+00:00
[2026-02-25T06:56:45.930+0530] {processor.py:183} INFO - Processing /Users/neerajvyas/learning/airflow/learn_airflow/airflow_home/venv/lib/python3.9/site-packages/airflow/example_dags/example_dynamic_task_mapping.py took 0.075 seconds
[2026-02-25T06:58:34.804+0530] {processor.py:161} INFO - Started process (PID=84690) to work on /Users/neerajvyas/learning/airflow/learn_airflow/airflow_home/venv/lib/python3.9/site-packages/airflow/example_dags/example_dynamic_task_mapping.py
[2026-02-25T06:58:34.805+0530] {processor.py:830} INFO - Processing file /Users/neerajvyas/learning/airflow/learn_airflow/airflow_home/venv/lib/python3.9/site-packages/airflow/example_dags/example_dynamic_task_mapping.py for tasks to queue
[2026-02-25T06:58:34.806+0530] {logging_mixin.py:188} INFO - [2026-02-25T06:58:34.806+0530] {dagbag.py:538} INFO - Filling up the DagBag from /Users/neerajvyas/learning/airflow/learn_airflow/airflow_home/venv/lib/python3.9/site-packages/airflow/example_dags/example_dynamic_task_mapping.py
[2026-02-25T06:58:34.820+0530] {processor.py:840} INFO - DAG(s) 'example_dynamic_task_mapping' retrieved from /Users/neerajvyas/learning/airflow/learn_airflow/airflow_home/venv/lib/python3.9/site-packages/airflow/example_dags/example_dynamic_task_mapping.py
[2026-02-25T06:58:34.862+0530] {logging_mixin.py:188} INFO - [2026-02-25T06:58:34.861+0530] {dag.py:3036} INFO - Sync 1 DAGs
[2026-02-25T06:58:34.869+0530] {logging_mixin.py:188} INFO - [2026-02-25T06:58:34.869+0530] {dag.py:3823} INFO - Setting next_dagrun for example_dynamic_task_mapping to 2022-03-04 00:00:00+00:00, run_after=2022-03-05 00:00:00+00:00
[2026-02-25T06:58:34.876+0530] {processor.py:183} INFO - Processing /Users/neerajvyas/learning/airflow/learn_airflow/airflow_home/venv/lib/python3.9/site-packages/airflow/example_dags/example_dynamic_task_mapping.py took 0.073 seconds
[2026-02-25T07:00:19.627+0530] {processor.py:161} INFO - Started process (PID=88625) to work on /Users/neerajvyas/learning/airflow/learn_airflow/airflow_home/venv/lib/python3.9/site-packages/airflow/example_dags/example_dynamic_task_mapping.py
[2026-02-25T07:00:19.629+0530] {processor.py:830} INFO - Processing file /Users/neerajvyas/learning/airflow/learn_airflow/airflow_home/venv/lib/python3.9/site-packages/airflow/example_dags/example_dynamic_task_mapping.py for tasks to queue
[2026-02-25T07:00:19.629+0530] {logging_mixin.py:188} INFO - [2026-02-25T07:00:19.629+0530] {dagbag.py:538} INFO - Filling up the DagBag from /Users/neerajvyas/learning/airflow/learn_airflow/airflow_home/venv/lib/python3.9/site-packages/airflow/example_dags/example_dynamic_task_mapping.py
[2026-02-25T07:00:19.644+0530] {processor.py:840} INFO - DAG(s) 'example_dynamic_task_mapping' retrieved from /Users/neerajvyas/learning/airflow/learn_airflow/airflow_home/venv/lib/python3.9/site-packages/airflow/example_dags/example_dynamic_task_mapping.py
[2026-02-25T07:00:19.686+0530] {logging_mixin.py:188} INFO - [2026-02-25T07:00:19.686+0530] {dag.py:3036} INFO - Sync 1 DAGs
[2026-02-25T07:00:19.693+0530] {logging_mixin.py:188} INFO - [2026-02-25T07:00:19.693+0530] {dag.py:3823} INFO - Setting next_dagrun for example_dynamic_task_mapping to 2022-03-04 00:00:00+00:00, run_after=2022-03-05 00:00:00+00:00
[2026-02-25T07:00:19.700+0530] {processor.py:183} INFO - Processing /Users/neerajvyas/learning/airflow/learn_airflow/airflow_home/venv/lib/python3.9/site-packages/airflow/example_dags/example_dynamic_task_mapping.py took 0.073 seconds
[2026-02-25T07:02:09.534+0530] {processor.py:161} INFO - Started process (PID=92481) to work on /Users/neerajvyas/learning/airflow/learn_airflow/airflow_home/venv/lib/python3.9/site-packages/airflow/example_dags/example_dynamic_task_mapping.py
[2026-02-25T07:02:09.535+0530] {processor.py:830} INFO - Processing file /Users/neerajvyas/learning/airflow/learn_airflow/airflow_home/venv/lib/python3.9/site-packages/airflow/example_dags/example_dynamic_task_mapping.py for tasks to queue
[2026-02-25T07:02:09.536+0530] {logging_mixin.py:188} INFO - [2026-02-25T07:02:09.536+0530] {dagbag.py:538} INFO - Filling up the DagBag from /Users/neerajvyas/learning/airflow/learn_airflow/airflow_home/venv/lib/python3.9/site-packages/airflow/example_dags/example_dynamic_task_mapping.py
[2026-02-25T07:02:09.551+0530] {processor.py:840} INFO - DAG(s) 'example_dynamic_task_mapping' retrieved from /Users/neerajvyas/learning/airflow/learn_airflow/airflow_home/venv/lib/python3.9/site-packages/airflow/example_dags/example_dynamic_task_mapping.py
[2026-02-25T07:02:09.594+0530] {logging_mixin.py:188} INFO - [2026-02-25T07:02:09.594+0530] {dag.py:3036} INFO - Sync 1 DAGs
[2026-02-25T07:02:09.602+0530] {logging_mixin.py:188} INFO - [2026-02-25T07:02:09.601+0530] {dag.py:3823} INFO - Setting next_dagrun for example_dynamic_task_mapping to 2022-03-04 00:00:00+00:00, run_after=2022-03-05 00:00:00+00:00
[2026-02-25T07:02:09.609+0530] {processor.py:183} INFO - Processing /Users/neerajvyas/learning/airflow/learn_airflow/airflow_home/venv/lib/python3.9/site-packages/airflow/example_dags/example_dynamic_task_mapping.py took 0.075 seconds
[2026-02-25T07:03:59.164+0530] {processor.py:161} INFO - Started process (PID=96732) to work on /Users/neerajvyas/learning/airflow/learn_airflow/airflow_home/venv/lib/python3.9/site-packages/airflow/example_dags/example_dynamic_task_mapping.py
[2026-02-25T07:03:59.166+0530] {processor.py:830} INFO - Processing file /Users/neerajvyas/learning/airflow/learn_airflow/airflow_home/venv/lib/python3.9/site-packages/airflow/example_dags/example_dynamic_task_mapping.py for tasks to queue
[2026-02-25T07:03:59.166+0530] {logging_mixin.py:188} INFO - [2026-02-25T07:03:59.166+0530] {dagbag.py:538} INFO - Filling up the DagBag from /Users/neerajvyas/learning/airflow/learn_airflow/airflow_home/venv/lib/python3.9/site-packages/airflow/example_dags/example_dynamic_task_mapping.py
[2026-02-25T07:03:59.181+0530] {processor.py:840} INFO - DAG(s) 'example_dynamic_task_mapping' retrieved from /Users/neerajvyas/learning/airflow/learn_airflow/airflow_home/venv/lib/python3.9/site-packages/airflow/example_dags/example_dynamic_task_mapping.py
[2026-02-25T07:03:59.223+0530] {logging_mixin.py:188} INFO - [2026-02-25T07:03:59.223+0530] {dag.py:3036} INFO - Sync 1 DAGs
[2026-02-25T07:03:59.230+0530] {logging_mixin.py:188} INFO - [2026-02-25T07:03:59.230+0530] {dag.py:3823} INFO - Setting next_dagrun for example_dynamic_task_mapping to 2022-03-04 00:00:00+00:00, run_after=2022-03-05 00:00:00+00:00
[2026-02-25T07:03:59.237+0530] {processor.py:183} INFO - Processing /Users/neerajvyas/learning/airflow/learn_airflow/airflow_home/venv/lib/python3.9/site-packages/airflow/example_dags/example_dynamic_task_mapping.py took 0.073 seconds
