[2026-02-25T06:46:59.464+0530] {processor.py:161} INFO - Started process (PID=60397) to work on /Users/neerajvyas/learning/airflow/learn_airflow/airflow_home/venv/lib/python3.9/site-packages/airflow/example_dags/example_xcomargs.py
[2026-02-25T06:46:59.464+0530] {processor.py:830} INFO - Processing file /Users/neerajvyas/learning/airflow/learn_airflow/airflow_home/venv/lib/python3.9/site-packages/airflow/example_dags/example_xcomargs.py for tasks to queue
[2026-02-25T06:46:59.465+0530] {logging_mixin.py:188} INFO - [2026-02-25T06:46:59.465+0530] {dagbag.py:538} INFO - Filling up the DagBag from /Users/neerajvyas/learning/airflow/learn_airflow/airflow_home/venv/lib/python3.9/site-packages/airflow/example_dags/example_xcomargs.py
[2026-02-25T06:46:59.481+0530] {processor.py:840} INFO - DAG(s) 'example_xcom_args_with_operators', 'example_xcom_args' retrieved from /Users/neerajvyas/learning/airflow/learn_airflow/airflow_home/venv/lib/python3.9/site-packages/airflow/example_dags/example_xcomargs.py
[2026-02-25T06:46:59.559+0530] {logging_mixin.py:188} INFO - [2026-02-25T06:46:59.559+0530] {override.py:1769} INFO - Created Permission View: can read on DAG:example_xcom_args_with_operators
[2026-02-25T06:46:59.563+0530] {logging_mixin.py:188} INFO - [2026-02-25T06:46:59.563+0530] {override.py:1769} INFO - Created Permission View: can delete on DAG:example_xcom_args_with_operators
[2026-02-25T06:46:59.565+0530] {logging_mixin.py:188} INFO - [2026-02-25T06:46:59.565+0530] {override.py:1769} INFO - Created Permission View: can edit on DAG:example_xcom_args_with_operators
[2026-02-25T06:46:59.569+0530] {logging_mixin.py:188} INFO - [2026-02-25T06:46:59.569+0530] {override.py:1769} INFO - Created Permission View: can read on DAG:example_xcom_args
[2026-02-25T06:46:59.571+0530] {logging_mixin.py:188} INFO - [2026-02-25T06:46:59.571+0530] {override.py:1769} INFO - Created Permission View: can delete on DAG:example_xcom_args
[2026-02-25T06:46:59.573+0530] {logging_mixin.py:188} INFO - [2026-02-25T06:46:59.573+0530] {override.py:1769} INFO - Created Permission View: can edit on DAG:example_xcom_args
[2026-02-25T06:46:59.573+0530] {logging_mixin.py:188} INFO - [2026-02-25T06:46:59.573+0530] {dag.py:3036} INFO - Sync 2 DAGs
[2026-02-25T06:46:59.577+0530] {logging_mixin.py:188} INFO - [2026-02-25T06:46:59.577+0530] {dag.py:3058} INFO - Creating ORM DAG for example_xcom_args_with_operators
[2026-02-25T06:46:59.577+0530] {logging_mixin.py:188} INFO - [2026-02-25T06:46:59.577+0530] {dag.py:3058} INFO - Creating ORM DAG for example_xcom_args
[2026-02-25T06:46:59.577+0530] {logging_mixin.py:188} INFO - [2026-02-25T06:46:59.577+0530] {dag.py:3823} INFO - Setting next_dagrun for example_xcom_args to None, run_after=None
[2026-02-25T06:46:59.577+0530] {logging_mixin.py:188} INFO - [2026-02-25T06:46:59.577+0530] {dag.py:3823} INFO - Setting next_dagrun for example_xcom_args_with_operators to None, run_after=None
[2026-02-25T06:46:59.584+0530] {processor.py:183} INFO - Processing /Users/neerajvyas/learning/airflow/learn_airflow/airflow_home/venv/lib/python3.9/site-packages/airflow/example_dags/example_xcomargs.py took 0.121 seconds
[2026-02-25T06:48:24.529+0530] {processor.py:161} INFO - Started process (PID=63207) to work on /Users/neerajvyas/learning/airflow/learn_airflow/airflow_home/venv/lib/python3.9/site-packages/airflow/example_dags/example_xcomargs.py
[2026-02-25T06:48:24.529+0530] {processor.py:830} INFO - Processing file /Users/neerajvyas/learning/airflow/learn_airflow/airflow_home/venv/lib/python3.9/site-packages/airflow/example_dags/example_xcomargs.py for tasks to queue
[2026-02-25T06:48:24.530+0530] {logging_mixin.py:188} INFO - [2026-02-25T06:48:24.530+0530] {dagbag.py:538} INFO - Filling up the DagBag from /Users/neerajvyas/learning/airflow/learn_airflow/airflow_home/venv/lib/python3.9/site-packages/airflow/example_dags/example_xcomargs.py
[2026-02-25T06:48:24.545+0530] {processor.py:840} INFO - DAG(s) 'example_xcom_args', 'example_xcom_args_with_operators' retrieved from /Users/neerajvyas/learning/airflow/learn_airflow/airflow_home/venv/lib/python3.9/site-packages/airflow/example_dags/example_xcomargs.py
[2026-02-25T06:48:24.589+0530] {logging_mixin.py:188} INFO - [2026-02-25T06:48:24.589+0530] {dag.py:3036} INFO - Sync 2 DAGs
[2026-02-25T06:48:24.594+0530] {logging_mixin.py:188} INFO - [2026-02-25T06:48:24.594+0530] {dag.py:3823} INFO - Setting next_dagrun for example_xcom_args to None, run_after=None
[2026-02-25T06:48:24.595+0530] {logging_mixin.py:188} INFO - [2026-02-25T06:48:24.595+0530] {dag.py:3823} INFO - Setting next_dagrun for example_xcom_args_with_operators to None, run_after=None
[2026-02-25T06:48:24.602+0530] {processor.py:183} INFO - Processing /Users/neerajvyas/learning/airflow/learn_airflow/airflow_home/venv/lib/python3.9/site-packages/airflow/example_dags/example_xcomargs.py took 0.073 seconds
[2026-02-25T06:49:17.814+0530] {processor.py:161} INFO - Started process (PID=64948) to work on /Users/neerajvyas/learning/airflow/learn_airflow/airflow_home/venv/lib/python3.9/site-packages/airflow/example_dags/example_xcomargs.py
[2026-02-25T06:49:17.814+0530] {processor.py:830} INFO - Processing file /Users/neerajvyas/learning/airflow/learn_airflow/airflow_home/venv/lib/python3.9/site-packages/airflow/example_dags/example_xcomargs.py for tasks to queue
[2026-02-25T06:49:17.815+0530] {logging_mixin.py:188} INFO - [2026-02-25T06:49:17.815+0530] {dagbag.py:538} INFO - Filling up the DagBag from /Users/neerajvyas/learning/airflow/learn_airflow/airflow_home/venv/lib/python3.9/site-packages/airflow/example_dags/example_xcomargs.py
[2026-02-25T06:49:17.832+0530] {processor.py:840} INFO - DAG(s) 'example_xcom_args', 'example_xcom_args_with_operators' retrieved from /Users/neerajvyas/learning/airflow/learn_airflow/airflow_home/venv/lib/python3.9/site-packages/airflow/example_dags/example_xcomargs.py
[2026-02-25T06:49:17.877+0530] {logging_mixin.py:188} INFO - [2026-02-25T06:49:17.877+0530] {dag.py:3036} INFO - Sync 2 DAGs
[2026-02-25T06:49:17.882+0530] {logging_mixin.py:188} INFO - [2026-02-25T06:49:17.882+0530] {dag.py:3823} INFO - Setting next_dagrun for example_xcom_args to None, run_after=None
[2026-02-25T06:49:17.883+0530] {logging_mixin.py:188} INFO - [2026-02-25T06:49:17.883+0530] {dag.py:3823} INFO - Setting next_dagrun for example_xcom_args_with_operators to None, run_after=None
[2026-02-25T06:49:17.890+0530] {processor.py:183} INFO - Processing /Users/neerajvyas/learning/airflow/learn_airflow/airflow_home/venv/lib/python3.9/site-packages/airflow/example_dags/example_xcomargs.py took 0.077 seconds
[2026-02-25T06:50:10.172+0530] {processor.py:161} INFO - Started process (PID=67147) to work on /Users/neerajvyas/learning/airflow/learn_airflow/airflow_home/venv/lib/python3.9/site-packages/airflow/example_dags/example_xcomargs.py
[2026-02-25T06:50:10.173+0530] {processor.py:830} INFO - Processing file /Users/neerajvyas/learning/airflow/learn_airflow/airflow_home/venv/lib/python3.9/site-packages/airflow/example_dags/example_xcomargs.py for tasks to queue
[2026-02-25T06:50:10.173+0530] {logging_mixin.py:188} INFO - [2026-02-25T06:50:10.173+0530] {dagbag.py:538} INFO - Filling up the DagBag from /Users/neerajvyas/learning/airflow/learn_airflow/airflow_home/venv/lib/python3.9/site-packages/airflow/example_dags/example_xcomargs.py
[2026-02-25T06:50:10.190+0530] {processor.py:840} INFO - DAG(s) 'example_xcom_args', 'example_xcom_args_with_operators' retrieved from /Users/neerajvyas/learning/airflow/learn_airflow/airflow_home/venv/lib/python3.9/site-packages/airflow/example_dags/example_xcomargs.py
[2026-02-25T06:50:10.234+0530] {logging_mixin.py:188} INFO - [2026-02-25T06:50:10.233+0530] {dag.py:3036} INFO - Sync 2 DAGs
[2026-02-25T06:50:10.238+0530] {logging_mixin.py:188} INFO - [2026-02-25T06:50:10.238+0530] {dag.py:3823} INFO - Setting next_dagrun for example_xcom_args to None, run_after=None
[2026-02-25T06:50:10.239+0530] {logging_mixin.py:188} INFO - [2026-02-25T06:50:10.239+0530] {dag.py:3823} INFO - Setting next_dagrun for example_xcom_args_with_operators to None, run_after=None
[2026-02-25T06:50:10.246+0530] {processor.py:183} INFO - Processing /Users/neerajvyas/learning/airflow/learn_airflow/airflow_home/venv/lib/python3.9/site-packages/airflow/example_dags/example_xcomargs.py took 0.074 seconds
[2026-02-25T06:51:02.819+0530] {processor.py:161} INFO - Started process (PID=68894) to work on /Users/neerajvyas/learning/airflow/learn_airflow/airflow_home/venv/lib/python3.9/site-packages/airflow/example_dags/example_xcomargs.py
[2026-02-25T06:51:02.820+0530] {processor.py:830} INFO - Processing file /Users/neerajvyas/learning/airflow/learn_airflow/airflow_home/venv/lib/python3.9/site-packages/airflow/example_dags/example_xcomargs.py for tasks to queue
[2026-02-25T06:51:02.820+0530] {logging_mixin.py:188} INFO - [2026-02-25T06:51:02.820+0530] {dagbag.py:538} INFO - Filling up the DagBag from /Users/neerajvyas/learning/airflow/learn_airflow/airflow_home/venv/lib/python3.9/site-packages/airflow/example_dags/example_xcomargs.py
[2026-02-25T06:51:02.836+0530] {processor.py:840} INFO - DAG(s) 'example_xcom_args_with_operators', 'example_xcom_args' retrieved from /Users/neerajvyas/learning/airflow/learn_airflow/airflow_home/venv/lib/python3.9/site-packages/airflow/example_dags/example_xcomargs.py
[2026-02-25T06:51:02.879+0530] {logging_mixin.py:188} INFO - [2026-02-25T06:51:02.879+0530] {dag.py:3036} INFO - Sync 2 DAGs
[2026-02-25T06:51:02.884+0530] {logging_mixin.py:188} INFO - [2026-02-25T06:51:02.883+0530] {dag.py:3823} INFO - Setting next_dagrun for example_xcom_args to None, run_after=None
[2026-02-25T06:51:02.886+0530] {logging_mixin.py:188} INFO - [2026-02-25T06:51:02.886+0530] {dag.py:3823} INFO - Setting next_dagrun for example_xcom_args_with_operators to None, run_after=None
[2026-02-25T06:51:02.892+0530] {processor.py:183} INFO - Processing /Users/neerajvyas/learning/airflow/learn_airflow/airflow_home/venv/lib/python3.9/site-packages/airflow/example_dags/example_xcomargs.py took 0.074 seconds
[2026-02-25T06:51:57.137+0530] {processor.py:161} INFO - Started process (PID=70641) to work on /Users/neerajvyas/learning/airflow/learn_airflow/airflow_home/venv/lib/python3.9/site-packages/airflow/example_dags/example_xcomargs.py
[2026-02-25T06:51:57.138+0530] {processor.py:830} INFO - Processing file /Users/neerajvyas/learning/airflow/learn_airflow/airflow_home/venv/lib/python3.9/site-packages/airflow/example_dags/example_xcomargs.py for tasks to queue
[2026-02-25T06:51:57.138+0530] {logging_mixin.py:188} INFO - [2026-02-25T06:51:57.138+0530] {dagbag.py:538} INFO - Filling up the DagBag from /Users/neerajvyas/learning/airflow/learn_airflow/airflow_home/venv/lib/python3.9/site-packages/airflow/example_dags/example_xcomargs.py
[2026-02-25T06:51:57.154+0530] {processor.py:840} INFO - DAG(s) 'example_xcom_args_with_operators', 'example_xcom_args' retrieved from /Users/neerajvyas/learning/airflow/learn_airflow/airflow_home/venv/lib/python3.9/site-packages/airflow/example_dags/example_xcomargs.py
[2026-02-25T06:51:57.197+0530] {logging_mixin.py:188} INFO - [2026-02-25T06:51:57.196+0530] {dag.py:3036} INFO - Sync 2 DAGs
[2026-02-25T06:51:57.201+0530] {logging_mixin.py:188} INFO - [2026-02-25T06:51:57.201+0530] {dag.py:3823} INFO - Setting next_dagrun for example_xcom_args to None, run_after=None
[2026-02-25T06:51:57.202+0530] {logging_mixin.py:188} INFO - [2026-02-25T06:51:57.202+0530] {dag.py:3823} INFO - Setting next_dagrun for example_xcom_args_with_operators to None, run_after=None
[2026-02-25T06:51:57.208+0530] {processor.py:183} INFO - Processing /Users/neerajvyas/learning/airflow/learn_airflow/airflow_home/venv/lib/python3.9/site-packages/airflow/example_dags/example_xcomargs.py took 0.071 seconds
[2026-02-25T06:52:50.649+0530] {processor.py:161} INFO - Started process (PID=72522) to work on /Users/neerajvyas/learning/airflow/learn_airflow/airflow_home/venv/lib/python3.9/site-packages/airflow/example_dags/example_xcomargs.py
[2026-02-25T06:52:50.650+0530] {processor.py:830} INFO - Processing file /Users/neerajvyas/learning/airflow/learn_airflow/airflow_home/venv/lib/python3.9/site-packages/airflow/example_dags/example_xcomargs.py for tasks to queue
[2026-02-25T06:52:50.651+0530] {logging_mixin.py:188} INFO - [2026-02-25T06:52:50.650+0530] {dagbag.py:538} INFO - Filling up the DagBag from /Users/neerajvyas/learning/airflow/learn_airflow/airflow_home/venv/lib/python3.9/site-packages/airflow/example_dags/example_xcomargs.py
[2026-02-25T06:52:50.667+0530] {processor.py:840} INFO - DAG(s) 'example_xcom_args', 'example_xcom_args_with_operators' retrieved from /Users/neerajvyas/learning/airflow/learn_airflow/airflow_home/venv/lib/python3.9/site-packages/airflow/example_dags/example_xcomargs.py
[2026-02-25T06:52:50.713+0530] {logging_mixin.py:188} INFO - [2026-02-25T06:52:50.713+0530] {dag.py:3036} INFO - Sync 2 DAGs
[2026-02-25T06:52:50.717+0530] {logging_mixin.py:188} INFO - [2026-02-25T06:52:50.717+0530] {dag.py:3823} INFO - Setting next_dagrun for example_xcom_args to None, run_after=None
[2026-02-25T06:52:50.719+0530] {logging_mixin.py:188} INFO - [2026-02-25T06:52:50.719+0530] {dag.py:3823} INFO - Setting next_dagrun for example_xcom_args_with_operators to None, run_after=None
[2026-02-25T06:52:50.727+0530] {processor.py:183} INFO - Processing /Users/neerajvyas/learning/airflow/learn_airflow/airflow_home/venv/lib/python3.9/site-packages/airflow/example_dags/example_xcomargs.py took 0.078 seconds
[2026-02-25T06:53:44.539+0530] {processor.py:161} INFO - Started process (PID=74287) to work on /Users/neerajvyas/learning/airflow/learn_airflow/airflow_home/venv/lib/python3.9/site-packages/airflow/example_dags/example_xcomargs.py
[2026-02-25T06:53:44.539+0530] {processor.py:830} INFO - Processing file /Users/neerajvyas/learning/airflow/learn_airflow/airflow_home/venv/lib/python3.9/site-packages/airflow/example_dags/example_xcomargs.py for tasks to queue
[2026-02-25T06:53:44.540+0530] {logging_mixin.py:188} INFO - [2026-02-25T06:53:44.540+0530] {dagbag.py:538} INFO - Filling up the DagBag from /Users/neerajvyas/learning/airflow/learn_airflow/airflow_home/venv/lib/python3.9/site-packages/airflow/example_dags/example_xcomargs.py
[2026-02-25T06:53:44.555+0530] {processor.py:840} INFO - DAG(s) 'example_xcom_args', 'example_xcom_args_with_operators' retrieved from /Users/neerajvyas/learning/airflow/learn_airflow/airflow_home/venv/lib/python3.9/site-packages/airflow/example_dags/example_xcomargs.py
[2026-02-25T06:53:44.601+0530] {logging_mixin.py:188} INFO - [2026-02-25T06:53:44.601+0530] {dag.py:3036} INFO - Sync 2 DAGs
[2026-02-25T06:53:44.606+0530] {logging_mixin.py:188} INFO - [2026-02-25T06:53:44.606+0530] {dag.py:3823} INFO - Setting next_dagrun for example_xcom_args to None, run_after=None
[2026-02-25T06:53:44.608+0530] {logging_mixin.py:188} INFO - [2026-02-25T06:53:44.608+0530] {dag.py:3823} INFO - Setting next_dagrun for example_xcom_args_with_operators to None, run_after=None
[2026-02-25T06:53:44.615+0530] {processor.py:183} INFO - Processing /Users/neerajvyas/learning/airflow/learn_airflow/airflow_home/venv/lib/python3.9/site-packages/airflow/example_dags/example_xcomargs.py took 0.076 seconds
[2026-02-25T06:54:37.282+0530] {processor.py:161} INFO - Started process (PID=76035) to work on /Users/neerajvyas/learning/airflow/learn_airflow/airflow_home/venv/lib/python3.9/site-packages/airflow/example_dags/example_xcomargs.py
[2026-02-25T06:54:37.282+0530] {processor.py:830} INFO - Processing file /Users/neerajvyas/learning/airflow/learn_airflow/airflow_home/venv/lib/python3.9/site-packages/airflow/example_dags/example_xcomargs.py for tasks to queue
[2026-02-25T06:54:37.283+0530] {logging_mixin.py:188} INFO - [2026-02-25T06:54:37.283+0530] {dagbag.py:538} INFO - Filling up the DagBag from /Users/neerajvyas/learning/airflow/learn_airflow/airflow_home/venv/lib/python3.9/site-packages/airflow/example_dags/example_xcomargs.py
[2026-02-25T06:54:37.298+0530] {processor.py:840} INFO - DAG(s) 'example_xcom_args_with_operators', 'example_xcom_args' retrieved from /Users/neerajvyas/learning/airflow/learn_airflow/airflow_home/venv/lib/python3.9/site-packages/airflow/example_dags/example_xcomargs.py
[2026-02-25T06:54:37.342+0530] {logging_mixin.py:188} INFO - [2026-02-25T06:54:37.342+0530] {dag.py:3036} INFO - Sync 2 DAGs
[2026-02-25T06:54:37.346+0530] {logging_mixin.py:188} INFO - [2026-02-25T06:54:37.346+0530] {dag.py:3823} INFO - Setting next_dagrun for example_xcom_args to None, run_after=None
[2026-02-25T06:54:37.347+0530] {logging_mixin.py:188} INFO - [2026-02-25T06:54:37.347+0530] {dag.py:3823} INFO - Setting next_dagrun for example_xcom_args_with_operators to None, run_after=None
[2026-02-25T06:54:37.355+0530] {processor.py:183} INFO - Processing /Users/neerajvyas/learning/airflow/learn_airflow/airflow_home/venv/lib/python3.9/site-packages/airflow/example_dags/example_xcomargs.py took 0.073 seconds
[2026-02-25T06:55:31.666+0530] {processor.py:161} INFO - Started process (PID=78121) to work on /Users/neerajvyas/learning/airflow/learn_airflow/airflow_home/venv/lib/python3.9/site-packages/airflow/example_dags/example_xcomargs.py
[2026-02-25T06:55:31.667+0530] {processor.py:830} INFO - Processing file /Users/neerajvyas/learning/airflow/learn_airflow/airflow_home/venv/lib/python3.9/site-packages/airflow/example_dags/example_xcomargs.py for tasks to queue
[2026-02-25T06:55:31.667+0530] {logging_mixin.py:188} INFO - [2026-02-25T06:55:31.667+0530] {dagbag.py:538} INFO - Filling up the DagBag from /Users/neerajvyas/learning/airflow/learn_airflow/airflow_home/venv/lib/python3.9/site-packages/airflow/example_dags/example_xcomargs.py
[2026-02-25T06:55:31.686+0530] {processor.py:840} INFO - DAG(s) 'example_xcom_args', 'example_xcom_args_with_operators' retrieved from /Users/neerajvyas/learning/airflow/learn_airflow/airflow_home/venv/lib/python3.9/site-packages/airflow/example_dags/example_xcomargs.py
[2026-02-25T06:55:31.730+0530] {logging_mixin.py:188} INFO - [2026-02-25T06:55:31.730+0530] {dag.py:3036} INFO - Sync 2 DAGs
[2026-02-25T06:55:31.734+0530] {logging_mixin.py:188} INFO - [2026-02-25T06:55:31.734+0530] {dag.py:3823} INFO - Setting next_dagrun for example_xcom_args to None, run_after=None
[2026-02-25T06:55:31.735+0530] {logging_mixin.py:188} INFO - [2026-02-25T06:55:31.735+0530] {dag.py:3823} INFO - Setting next_dagrun for example_xcom_args_with_operators to None, run_after=None
[2026-02-25T06:55:31.742+0530] {processor.py:183} INFO - Processing /Users/neerajvyas/learning/airflow/learn_airflow/airflow_home/venv/lib/python3.9/site-packages/airflow/example_dags/example_xcomargs.py took 0.076 seconds
[2026-02-25T06:56:25.342+0530] {processor.py:161} INFO - Started process (PID=80224) to work on /Users/neerajvyas/learning/airflow/learn_airflow/airflow_home/venv/lib/python3.9/site-packages/airflow/example_dags/example_xcomargs.py
[2026-02-25T06:56:25.344+0530] {processor.py:830} INFO - Processing file /Users/neerajvyas/learning/airflow/learn_airflow/airflow_home/venv/lib/python3.9/site-packages/airflow/example_dags/example_xcomargs.py for tasks to queue
[2026-02-25T06:56:25.344+0530] {logging_mixin.py:188} INFO - [2026-02-25T06:56:25.344+0530] {dagbag.py:538} INFO - Filling up the DagBag from /Users/neerajvyas/learning/airflow/learn_airflow/airflow_home/venv/lib/python3.9/site-packages/airflow/example_dags/example_xcomargs.py
[2026-02-25T06:56:25.361+0530] {processor.py:840} INFO - DAG(s) 'example_xcom_args_with_operators', 'example_xcom_args' retrieved from /Users/neerajvyas/learning/airflow/learn_airflow/airflow_home/venv/lib/python3.9/site-packages/airflow/example_dags/example_xcomargs.py
[2026-02-25T06:56:25.402+0530] {logging_mixin.py:188} INFO - [2026-02-25T06:56:25.402+0530] {dag.py:3036} INFO - Sync 2 DAGs
[2026-02-25T06:56:25.407+0530] {logging_mixin.py:188} INFO - [2026-02-25T06:56:25.406+0530] {dag.py:3823} INFO - Setting next_dagrun for example_xcom_args to None, run_after=None
[2026-02-25T06:56:25.408+0530] {logging_mixin.py:188} INFO - [2026-02-25T06:56:25.408+0530] {dag.py:3823} INFO - Setting next_dagrun for example_xcom_args_with_operators to None, run_after=None
[2026-02-25T06:56:25.414+0530] {processor.py:183} INFO - Processing /Users/neerajvyas/learning/airflow/learn_airflow/airflow_home/venv/lib/python3.9/site-packages/airflow/example_dags/example_xcomargs.py took 0.072 seconds
[2026-02-25T06:57:21.119+0530] {processor.py:161} INFO - Started process (PID=82065) to work on /Users/neerajvyas/learning/airflow/learn_airflow/airflow_home/venv/lib/python3.9/site-packages/airflow/example_dags/example_xcomargs.py
[2026-02-25T06:57:21.121+0530] {processor.py:830} INFO - Processing file /Users/neerajvyas/learning/airflow/learn_airflow/airflow_home/venv/lib/python3.9/site-packages/airflow/example_dags/example_xcomargs.py for tasks to queue
[2026-02-25T06:57:21.121+0530] {logging_mixin.py:188} INFO - [2026-02-25T06:57:21.121+0530] {dagbag.py:538} INFO - Filling up the DagBag from /Users/neerajvyas/learning/airflow/learn_airflow/airflow_home/venv/lib/python3.9/site-packages/airflow/example_dags/example_xcomargs.py
[2026-02-25T06:57:21.137+0530] {processor.py:840} INFO - DAG(s) 'example_xcom_args_with_operators', 'example_xcom_args' retrieved from /Users/neerajvyas/learning/airflow/learn_airflow/airflow_home/venv/lib/python3.9/site-packages/airflow/example_dags/example_xcomargs.py
[2026-02-25T06:57:21.179+0530] {logging_mixin.py:188} INFO - [2026-02-25T06:57:21.179+0530] {dag.py:3036} INFO - Sync 2 DAGs
[2026-02-25T06:57:21.183+0530] {logging_mixin.py:188} INFO - [2026-02-25T06:57:21.183+0530] {dag.py:3823} INFO - Setting next_dagrun for example_xcom_args to None, run_after=None
[2026-02-25T06:57:21.185+0530] {logging_mixin.py:188} INFO - [2026-02-25T06:57:21.184+0530] {dag.py:3823} INFO - Setting next_dagrun for example_xcom_args_with_operators to None, run_after=None
[2026-02-25T06:57:21.191+0530] {processor.py:183} INFO - Processing /Users/neerajvyas/learning/airflow/learn_airflow/airflow_home/venv/lib/python3.9/site-packages/airflow/example_dags/example_xcomargs.py took 0.072 seconds
[2026-02-25T06:58:15.061+0530] {processor.py:161} INFO - Started process (PID=83996) to work on /Users/neerajvyas/learning/airflow/learn_airflow/airflow_home/venv/lib/python3.9/site-packages/airflow/example_dags/example_xcomargs.py
[2026-02-25T06:58:15.064+0530] {processor.py:830} INFO - Processing file /Users/neerajvyas/learning/airflow/learn_airflow/airflow_home/venv/lib/python3.9/site-packages/airflow/example_dags/example_xcomargs.py for tasks to queue
[2026-02-25T06:58:15.064+0530] {logging_mixin.py:188} INFO - [2026-02-25T06:58:15.064+0530] {dagbag.py:538} INFO - Filling up the DagBag from /Users/neerajvyas/learning/airflow/learn_airflow/airflow_home/venv/lib/python3.9/site-packages/airflow/example_dags/example_xcomargs.py
[2026-02-25T06:58:15.082+0530] {processor.py:840} INFO - DAG(s) 'example_xcom_args_with_operators', 'example_xcom_args' retrieved from /Users/neerajvyas/learning/airflow/learn_airflow/airflow_home/venv/lib/python3.9/site-packages/airflow/example_dags/example_xcomargs.py
[2026-02-25T06:58:15.126+0530] {logging_mixin.py:188} INFO - [2026-02-25T06:58:15.126+0530] {dag.py:3036} INFO - Sync 2 DAGs
[2026-02-25T06:58:15.132+0530] {logging_mixin.py:188} INFO - [2026-02-25T06:58:15.131+0530] {dag.py:3823} INFO - Setting next_dagrun for example_xcom_args to None, run_after=None
[2026-02-25T06:58:15.133+0530] {logging_mixin.py:188} INFO - [2026-02-25T06:58:15.133+0530] {dag.py:3823} INFO - Setting next_dagrun for example_xcom_args_with_operators to None, run_after=None
[2026-02-25T06:58:15.141+0530] {processor.py:183} INFO - Processing /Users/neerajvyas/learning/airflow/learn_airflow/airflow_home/venv/lib/python3.9/site-packages/airflow/example_dags/example_xcomargs.py took 0.080 seconds
[2026-02-25T06:59:07.501+0530] {processor.py:161} INFO - Started process (PID=86095) to work on /Users/neerajvyas/learning/airflow/learn_airflow/airflow_home/venv/lib/python3.9/site-packages/airflow/example_dags/example_xcomargs.py
[2026-02-25T06:59:07.505+0530] {processor.py:830} INFO - Processing file /Users/neerajvyas/learning/airflow/learn_airflow/airflow_home/venv/lib/python3.9/site-packages/airflow/example_dags/example_xcomargs.py for tasks to queue
[2026-02-25T06:59:07.505+0530] {logging_mixin.py:188} INFO - [2026-02-25T06:59:07.505+0530] {dagbag.py:538} INFO - Filling up the DagBag from /Users/neerajvyas/learning/airflow/learn_airflow/airflow_home/venv/lib/python3.9/site-packages/airflow/example_dags/example_xcomargs.py
[2026-02-25T06:59:07.524+0530] {processor.py:840} INFO - DAG(s) 'example_xcom_args_with_operators', 'example_xcom_args' retrieved from /Users/neerajvyas/learning/airflow/learn_airflow/airflow_home/venv/lib/python3.9/site-packages/airflow/example_dags/example_xcomargs.py
[2026-02-25T06:59:07.569+0530] {logging_mixin.py:188} INFO - [2026-02-25T06:59:07.569+0530] {dag.py:3036} INFO - Sync 2 DAGs
[2026-02-25T06:59:07.574+0530] {logging_mixin.py:188} INFO - [2026-02-25T06:59:07.573+0530] {dag.py:3823} INFO - Setting next_dagrun for example_xcom_args to None, run_after=None
[2026-02-25T06:59:07.575+0530] {logging_mixin.py:188} INFO - [2026-02-25T06:59:07.575+0530] {dag.py:3823} INFO - Setting next_dagrun for example_xcom_args_with_operators to None, run_after=None
[2026-02-25T06:59:07.581+0530] {processor.py:183} INFO - Processing /Users/neerajvyas/learning/airflow/learn_airflow/airflow_home/venv/lib/python3.9/site-packages/airflow/example_dags/example_xcomargs.py took 0.081 seconds
[2026-02-25T07:00:02.024+0530] {processor.py:161} INFO - Started process (PID=87928) to work on /Users/neerajvyas/learning/airflow/learn_airflow/airflow_home/venv/lib/python3.9/site-packages/airflow/example_dags/example_xcomargs.py
[2026-02-25T07:00:02.025+0530] {processor.py:830} INFO - Processing file /Users/neerajvyas/learning/airflow/learn_airflow/airflow_home/venv/lib/python3.9/site-packages/airflow/example_dags/example_xcomargs.py for tasks to queue
[2026-02-25T07:00:02.025+0530] {logging_mixin.py:188} INFO - [2026-02-25T07:00:02.025+0530] {dagbag.py:538} INFO - Filling up the DagBag from /Users/neerajvyas/learning/airflow/learn_airflow/airflow_home/venv/lib/python3.9/site-packages/airflow/example_dags/example_xcomargs.py
[2026-02-25T07:00:02.043+0530] {processor.py:840} INFO - DAG(s) 'example_xcom_args_with_operators', 'example_xcom_args' retrieved from /Users/neerajvyas/learning/airflow/learn_airflow/airflow_home/venv/lib/python3.9/site-packages/airflow/example_dags/example_xcomargs.py
[2026-02-25T07:00:02.087+0530] {logging_mixin.py:188} INFO - [2026-02-25T07:00:02.087+0530] {dag.py:3036} INFO - Sync 2 DAGs
[2026-02-25T07:00:02.092+0530] {logging_mixin.py:188} INFO - [2026-02-25T07:00:02.092+0530] {dag.py:3823} INFO - Setting next_dagrun for example_xcom_args to None, run_after=None
[2026-02-25T07:00:02.093+0530] {logging_mixin.py:188} INFO - [2026-02-25T07:00:02.093+0530] {dag.py:3823} INFO - Setting next_dagrun for example_xcom_args_with_operators to None, run_after=None
[2026-02-25T07:00:02.100+0530] {processor.py:183} INFO - Processing /Users/neerajvyas/learning/airflow/learn_airflow/airflow_home/venv/lib/python3.9/site-packages/airflow/example_dags/example_xcomargs.py took 0.077 seconds
[2026-02-25T07:00:55.078+0530] {processor.py:161} INFO - Started process (PID=89672) to work on /Users/neerajvyas/learning/airflow/learn_airflow/airflow_home/venv/lib/python3.9/site-packages/airflow/example_dags/example_xcomargs.py
[2026-02-25T07:00:55.080+0530] {processor.py:830} INFO - Processing file /Users/neerajvyas/learning/airflow/learn_airflow/airflow_home/venv/lib/python3.9/site-packages/airflow/example_dags/example_xcomargs.py for tasks to queue
[2026-02-25T07:00:55.080+0530] {logging_mixin.py:188} INFO - [2026-02-25T07:00:55.080+0530] {dagbag.py:538} INFO - Filling up the DagBag from /Users/neerajvyas/learning/airflow/learn_airflow/airflow_home/venv/lib/python3.9/site-packages/airflow/example_dags/example_xcomargs.py
[2026-02-25T07:00:55.096+0530] {processor.py:840} INFO - DAG(s) 'example_xcom_args_with_operators', 'example_xcom_args' retrieved from /Users/neerajvyas/learning/airflow/learn_airflow/airflow_home/venv/lib/python3.9/site-packages/airflow/example_dags/example_xcomargs.py
[2026-02-25T07:00:55.139+0530] {logging_mixin.py:188} INFO - [2026-02-25T07:00:55.139+0530] {dag.py:3036} INFO - Sync 2 DAGs
[2026-02-25T07:00:55.143+0530] {logging_mixin.py:188} INFO - [2026-02-25T07:00:55.143+0530] {dag.py:3823} INFO - Setting next_dagrun for example_xcom_args to None, run_after=None
[2026-02-25T07:00:55.144+0530] {logging_mixin.py:188} INFO - [2026-02-25T07:00:55.144+0530] {dag.py:3823} INFO - Setting next_dagrun for example_xcom_args_with_operators to None, run_after=None
[2026-02-25T07:00:55.151+0530] {processor.py:183} INFO - Processing /Users/neerajvyas/learning/airflow/learn_airflow/airflow_home/venv/lib/python3.9/site-packages/airflow/example_dags/example_xcomargs.py took 0.073 seconds
[2026-02-25T07:01:50.888+0530] {processor.py:161} INFO - Started process (PID=91786) to work on /Users/neerajvyas/learning/airflow/learn_airflow/airflow_home/venv/lib/python3.9/site-packages/airflow/example_dags/example_xcomargs.py
[2026-02-25T07:01:50.890+0530] {processor.py:830} INFO - Processing file /Users/neerajvyas/learning/airflow/learn_airflow/airflow_home/venv/lib/python3.9/site-packages/airflow/example_dags/example_xcomargs.py for tasks to queue
[2026-02-25T07:01:50.890+0530] {logging_mixin.py:188} INFO - [2026-02-25T07:01:50.890+0530] {dagbag.py:538} INFO - Filling up the DagBag from /Users/neerajvyas/learning/airflow/learn_airflow/airflow_home/venv/lib/python3.9/site-packages/airflow/example_dags/example_xcomargs.py
[2026-02-25T07:01:50.912+0530] {processor.py:840} INFO - DAG(s) 'example_xcom_args', 'example_xcom_args_with_operators' retrieved from /Users/neerajvyas/learning/airflow/learn_airflow/airflow_home/venv/lib/python3.9/site-packages/airflow/example_dags/example_xcomargs.py
[2026-02-25T07:01:50.964+0530] {logging_mixin.py:188} INFO - [2026-02-25T07:01:50.964+0530] {dag.py:3036} INFO - Sync 2 DAGs
[2026-02-25T07:01:50.968+0530] {logging_mixin.py:188} INFO - [2026-02-25T07:01:50.968+0530] {dag.py:3823} INFO - Setting next_dagrun for example_xcom_args to None, run_after=None
[2026-02-25T07:01:50.970+0530] {logging_mixin.py:188} INFO - [2026-02-25T07:01:50.970+0530] {dag.py:3823} INFO - Setting next_dagrun for example_xcom_args_with_operators to None, run_after=None
[2026-02-25T07:01:50.977+0530] {processor.py:183} INFO - Processing /Users/neerajvyas/learning/airflow/learn_airflow/airflow_home/venv/lib/python3.9/site-packages/airflow/example_dags/example_xcomargs.py took 0.090 seconds
[2026-02-25T07:02:47.065+0530] {processor.py:161} INFO - Started process (PID=93869) to work on /Users/neerajvyas/learning/airflow/learn_airflow/airflow_home/venv/lib/python3.9/site-packages/airflow/example_dags/example_xcomargs.py
[2026-02-25T07:02:47.066+0530] {processor.py:830} INFO - Processing file /Users/neerajvyas/learning/airflow/learn_airflow/airflow_home/venv/lib/python3.9/site-packages/airflow/example_dags/example_xcomargs.py for tasks to queue
[2026-02-25T07:02:47.066+0530] {logging_mixin.py:188} INFO - [2026-02-25T07:02:47.066+0530] {dagbag.py:538} INFO - Filling up the DagBag from /Users/neerajvyas/learning/airflow/learn_airflow/airflow_home/venv/lib/python3.9/site-packages/airflow/example_dags/example_xcomargs.py
[2026-02-25T07:02:47.084+0530] {processor.py:840} INFO - DAG(s) 'example_xcom_args', 'example_xcom_args_with_operators' retrieved from /Users/neerajvyas/learning/airflow/learn_airflow/airflow_home/venv/lib/python3.9/site-packages/airflow/example_dags/example_xcomargs.py
[2026-02-25T07:02:47.130+0530] {logging_mixin.py:188} INFO - [2026-02-25T07:02:47.130+0530] {dag.py:3036} INFO - Sync 2 DAGs
[2026-02-25T07:02:47.134+0530] {logging_mixin.py:188} INFO - [2026-02-25T07:02:47.134+0530] {dag.py:3823} INFO - Setting next_dagrun for example_xcom_args to None, run_after=None
[2026-02-25T07:02:47.136+0530] {logging_mixin.py:188} INFO - [2026-02-25T07:02:47.136+0530] {dag.py:3823} INFO - Setting next_dagrun for example_xcom_args_with_operators to None, run_after=None
[2026-02-25T07:02:47.143+0530] {processor.py:183} INFO - Processing /Users/neerajvyas/learning/airflow/learn_airflow/airflow_home/venv/lib/python3.9/site-packages/airflow/example_dags/example_xcomargs.py took 0.079 seconds
[2026-02-25T07:03:42.628+0530] {processor.py:161} INFO - Started process (PID=96037) to work on /Users/neerajvyas/learning/airflow/learn_airflow/airflow_home/venv/lib/python3.9/site-packages/airflow/example_dags/example_xcomargs.py
[2026-02-25T07:03:42.629+0530] {processor.py:830} INFO - Processing file /Users/neerajvyas/learning/airflow/learn_airflow/airflow_home/venv/lib/python3.9/site-packages/airflow/example_dags/example_xcomargs.py for tasks to queue
[2026-02-25T07:03:42.629+0530] {logging_mixin.py:188} INFO - [2026-02-25T07:03:42.629+0530] {dagbag.py:538} INFO - Filling up the DagBag from /Users/neerajvyas/learning/airflow/learn_airflow/airflow_home/venv/lib/python3.9/site-packages/airflow/example_dags/example_xcomargs.py
[2026-02-25T07:03:42.646+0530] {processor.py:840} INFO - DAG(s) 'example_xcom_args_with_operators', 'example_xcom_args' retrieved from /Users/neerajvyas/learning/airflow/learn_airflow/airflow_home/venv/lib/python3.9/site-packages/airflow/example_dags/example_xcomargs.py
[2026-02-25T07:03:42.690+0530] {logging_mixin.py:188} INFO - [2026-02-25T07:03:42.689+0530] {dag.py:3036} INFO - Sync 2 DAGs
[2026-02-25T07:03:42.694+0530] {logging_mixin.py:188} INFO - [2026-02-25T07:03:42.694+0530] {dag.py:3823} INFO - Setting next_dagrun for example_xcom_args to None, run_after=None
[2026-02-25T07:03:42.695+0530] {logging_mixin.py:188} INFO - [2026-02-25T07:03:42.695+0530] {dag.py:3823} INFO - Setting next_dagrun for example_xcom_args_with_operators to None, run_after=None
[2026-02-25T07:03:42.702+0530] {processor.py:183} INFO - Processing /Users/neerajvyas/learning/airflow/learn_airflow/airflow_home/venv/lib/python3.9/site-packages/airflow/example_dags/example_xcomargs.py took 0.074 seconds
