[2026-02-25T06:47:43.268+0530] {processor.py:161} INFO - Started process (PID=61796) to work on /Users/neerajvyas/learning/airflow/learn_airflow/airflow_home/venv/lib/python3.9/site-packages/airflow/example_dags/example_latest_only.py
[2026-02-25T06:47:43.269+0530] {processor.py:830} INFO - Processing file /Users/neerajvyas/learning/airflow/learn_airflow/airflow_home/venv/lib/python3.9/site-packages/airflow/example_dags/example_latest_only.py for tasks to queue
[2026-02-25T06:47:43.269+0530] {logging_mixin.py:188} INFO - [2026-02-25T06:47:43.269+0530] {dagbag.py:538} INFO - Filling up the DagBag from /Users/neerajvyas/learning/airflow/learn_airflow/airflow_home/venv/lib/python3.9/site-packages/airflow/example_dags/example_latest_only.py
[2026-02-25T06:47:43.273+0530] {processor.py:840} INFO - DAG(s) 'latest_only' retrieved from /Users/neerajvyas/learning/airflow/learn_airflow/airflow_home/venv/lib/python3.9/site-packages/airflow/example_dags/example_latest_only.py
[2026-02-25T06:47:43.355+0530] {logging_mixin.py:188} INFO - [2026-02-25T06:47:43.354+0530] {override.py:1769} INFO - Created Permission View: can edit on DAG:latest_only
[2026-02-25T06:47:43.359+0530] {logging_mixin.py:188} INFO - [2026-02-25T06:47:43.359+0530] {override.py:1769} INFO - Created Permission View: can delete on DAG:latest_only
[2026-02-25T06:47:43.361+0530] {logging_mixin.py:188} INFO - [2026-02-25T06:47:43.361+0530] {override.py:1769} INFO - Created Permission View: can read on DAG:latest_only
[2026-02-25T06:47:43.361+0530] {logging_mixin.py:188} INFO - [2026-02-25T06:47:43.361+0530] {dag.py:3036} INFO - Sync 1 DAGs
[2026-02-25T06:47:43.366+0530] {logging_mixin.py:188} INFO - [2026-02-25T06:47:43.365+0530] {dag.py:3058} INFO - Creating ORM DAG for latest_only
[2026-02-25T06:47:43.369+0530] {logging_mixin.py:188} INFO - [2026-02-25T06:47:43.369+0530] {dag.py:3823} INFO - Setting next_dagrun for latest_only to 2026-02-24 20:00:00+00:00, run_after=2026-02-25 00:00:00+00:00
[2026-02-25T06:47:43.376+0530] {processor.py:183} INFO - Processing /Users/neerajvyas/learning/airflow/learn_airflow/airflow_home/venv/lib/python3.9/site-packages/airflow/example_dags/example_latest_only.py took 0.109 seconds
[2026-02-25T06:49:29.384+0530] {processor.py:161} INFO - Started process (PID=65677) to work on /Users/neerajvyas/learning/airflow/learn_airflow/airflow_home/venv/lib/python3.9/site-packages/airflow/example_dags/example_latest_only.py
[2026-02-25T06:49:29.385+0530] {processor.py:830} INFO - Processing file /Users/neerajvyas/learning/airflow/learn_airflow/airflow_home/venv/lib/python3.9/site-packages/airflow/example_dags/example_latest_only.py for tasks to queue
[2026-02-25T06:49:29.386+0530] {logging_mixin.py:188} INFO - [2026-02-25T06:49:29.385+0530] {dagbag.py:538} INFO - Filling up the DagBag from /Users/neerajvyas/learning/airflow/learn_airflow/airflow_home/venv/lib/python3.9/site-packages/airflow/example_dags/example_latest_only.py
[2026-02-25T06:49:29.389+0530] {processor.py:840} INFO - DAG(s) 'latest_only' retrieved from /Users/neerajvyas/learning/airflow/learn_airflow/airflow_home/venv/lib/python3.9/site-packages/airflow/example_dags/example_latest_only.py
[2026-02-25T06:49:29.433+0530] {logging_mixin.py:188} INFO - [2026-02-25T06:49:29.433+0530] {dag.py:3036} INFO - Sync 1 DAGs
[2026-02-25T06:49:29.440+0530] {logging_mixin.py:188} INFO - [2026-02-25T06:49:29.440+0530] {dag.py:3823} INFO - Setting next_dagrun for latest_only to 2026-02-24 20:00:00+00:00, run_after=2026-02-25 00:00:00+00:00
[2026-02-25T06:49:29.448+0530] {processor.py:183} INFO - Processing /Users/neerajvyas/learning/airflow/learn_airflow/airflow_home/venv/lib/python3.9/site-packages/airflow/example_dags/example_latest_only.py took 0.066 seconds
[2026-02-25T06:51:15.508+0530] {processor.py:161} INFO - Started process (PID=69245) to work on /Users/neerajvyas/learning/airflow/learn_airflow/airflow_home/venv/lib/python3.9/site-packages/airflow/example_dags/example_latest_only.py
[2026-02-25T06:51:15.509+0530] {processor.py:830} INFO - Processing file /Users/neerajvyas/learning/airflow/learn_airflow/airflow_home/venv/lib/python3.9/site-packages/airflow/example_dags/example_latest_only.py for tasks to queue
[2026-02-25T06:51:15.510+0530] {logging_mixin.py:188} INFO - [2026-02-25T06:51:15.510+0530] {dagbag.py:538} INFO - Filling up the DagBag from /Users/neerajvyas/learning/airflow/learn_airflow/airflow_home/venv/lib/python3.9/site-packages/airflow/example_dags/example_latest_only.py
[2026-02-25T06:51:15.513+0530] {processor.py:840} INFO - DAG(s) 'latest_only' retrieved from /Users/neerajvyas/learning/airflow/learn_airflow/airflow_home/venv/lib/python3.9/site-packages/airflow/example_dags/example_latest_only.py
[2026-02-25T06:51:15.559+0530] {logging_mixin.py:188} INFO - [2026-02-25T06:51:15.558+0530] {dag.py:3036} INFO - Sync 1 DAGs
[2026-02-25T06:51:15.566+0530] {logging_mixin.py:188} INFO - [2026-02-25T06:51:15.566+0530] {dag.py:3823} INFO - Setting next_dagrun for latest_only to 2026-02-24 20:00:00+00:00, run_after=2026-02-25 00:00:00+00:00
[2026-02-25T06:51:15.573+0530] {processor.py:183} INFO - Processing /Users/neerajvyas/learning/airflow/learn_airflow/airflow_home/venv/lib/python3.9/site-packages/airflow/example_dags/example_latest_only.py took 0.065 seconds
[2026-02-25T06:53:00.785+0530] {processor.py:161} INFO - Started process (PID=72871) to work on /Users/neerajvyas/learning/airflow/learn_airflow/airflow_home/venv/lib/python3.9/site-packages/airflow/example_dags/example_latest_only.py
[2026-02-25T06:53:00.787+0530] {processor.py:830} INFO - Processing file /Users/neerajvyas/learning/airflow/learn_airflow/airflow_home/venv/lib/python3.9/site-packages/airflow/example_dags/example_latest_only.py for tasks to queue
[2026-02-25T06:53:00.787+0530] {logging_mixin.py:188} INFO - [2026-02-25T06:53:00.787+0530] {dagbag.py:538} INFO - Filling up the DagBag from /Users/neerajvyas/learning/airflow/learn_airflow/airflow_home/venv/lib/python3.9/site-packages/airflow/example_dags/example_latest_only.py
[2026-02-25T06:53:00.790+0530] {processor.py:840} INFO - DAG(s) 'latest_only' retrieved from /Users/neerajvyas/learning/airflow/learn_airflow/airflow_home/venv/lib/python3.9/site-packages/airflow/example_dags/example_latest_only.py
[2026-02-25T06:53:00.837+0530] {logging_mixin.py:188} INFO - [2026-02-25T06:53:00.837+0530] {dag.py:3036} INFO - Sync 1 DAGs
[2026-02-25T06:53:00.844+0530] {logging_mixin.py:188} INFO - [2026-02-25T06:53:00.844+0530] {dag.py:3823} INFO - Setting next_dagrun for latest_only to 2026-02-24 20:00:00+00:00, run_after=2026-02-25 00:00:00+00:00
[2026-02-25T06:53:00.854+0530] {processor.py:183} INFO - Processing /Users/neerajvyas/learning/airflow/learn_airflow/airflow_home/venv/lib/python3.9/site-packages/airflow/example_dags/example_latest_only.py took 0.069 seconds
[2026-02-25T06:54:50.237+0530] {processor.py:161} INFO - Started process (PID=76728) to work on /Users/neerajvyas/learning/airflow/learn_airflow/airflow_home/venv/lib/python3.9/site-packages/airflow/example_dags/example_latest_only.py
[2026-02-25T06:54:50.239+0530] {processor.py:830} INFO - Processing file /Users/neerajvyas/learning/airflow/learn_airflow/airflow_home/venv/lib/python3.9/site-packages/airflow/example_dags/example_latest_only.py for tasks to queue
[2026-02-25T06:54:50.239+0530] {logging_mixin.py:188} INFO - [2026-02-25T06:54:50.239+0530] {dagbag.py:538} INFO - Filling up the DagBag from /Users/neerajvyas/learning/airflow/learn_airflow/airflow_home/venv/lib/python3.9/site-packages/airflow/example_dags/example_latest_only.py
[2026-02-25T06:54:50.243+0530] {processor.py:840} INFO - DAG(s) 'latest_only' retrieved from /Users/neerajvyas/learning/airflow/learn_airflow/airflow_home/venv/lib/python3.9/site-packages/airflow/example_dags/example_latest_only.py
[2026-02-25T06:54:50.289+0530] {logging_mixin.py:188} INFO - [2026-02-25T06:54:50.289+0530] {dag.py:3036} INFO - Sync 1 DAGs
[2026-02-25T06:54:50.297+0530] {logging_mixin.py:188} INFO - [2026-02-25T06:54:50.297+0530] {dag.py:3823} INFO - Setting next_dagrun for latest_only to 2026-02-24 20:00:00+00:00, run_after=2026-02-25 00:00:00+00:00
[2026-02-25T06:54:50.306+0530] {processor.py:183} INFO - Processing /Users/neerajvyas/learning/airflow/learn_airflow/airflow_home/venv/lib/python3.9/site-packages/airflow/example_dags/example_latest_only.py took 0.069 seconds
[2026-02-25T06:56:38.165+0530] {processor.py:161} INFO - Started process (PID=80576) to work on /Users/neerajvyas/learning/airflow/learn_airflow/airflow_home/venv/lib/python3.9/site-packages/airflow/example_dags/example_latest_only.py
[2026-02-25T06:56:38.167+0530] {processor.py:830} INFO - Processing file /Users/neerajvyas/learning/airflow/learn_airflow/airflow_home/venv/lib/python3.9/site-packages/airflow/example_dags/example_latest_only.py for tasks to queue
[2026-02-25T06:56:38.167+0530] {logging_mixin.py:188} INFO - [2026-02-25T06:56:38.167+0530] {dagbag.py:538} INFO - Filling up the DagBag from /Users/neerajvyas/learning/airflow/learn_airflow/airflow_home/venv/lib/python3.9/site-packages/airflow/example_dags/example_latest_only.py
[2026-02-25T06:56:38.170+0530] {processor.py:840} INFO - DAG(s) 'latest_only' retrieved from /Users/neerajvyas/learning/airflow/learn_airflow/airflow_home/venv/lib/python3.9/site-packages/airflow/example_dags/example_latest_only.py
[2026-02-25T06:56:38.217+0530] {logging_mixin.py:188} INFO - [2026-02-25T06:56:38.216+0530] {dag.py:3036} INFO - Sync 1 DAGs
[2026-02-25T06:56:38.224+0530] {logging_mixin.py:188} INFO - [2026-02-25T06:56:38.224+0530] {dag.py:3823} INFO - Setting next_dagrun for latest_only to 2026-02-24 20:00:00+00:00, run_after=2026-02-25 00:00:00+00:00
[2026-02-25T06:56:38.231+0530] {processor.py:183} INFO - Processing /Users/neerajvyas/learning/airflow/learn_airflow/airflow_home/venv/lib/python3.9/site-packages/airflow/example_dags/example_latest_only.py took 0.066 seconds
[2026-02-25T06:58:27.940+0530] {processor.py:161} INFO - Started process (PID=84685) to work on /Users/neerajvyas/learning/airflow/learn_airflow/airflow_home/venv/lib/python3.9/site-packages/airflow/example_dags/example_latest_only.py
[2026-02-25T06:58:27.942+0530] {processor.py:830} INFO - Processing file /Users/neerajvyas/learning/airflow/learn_airflow/airflow_home/venv/lib/python3.9/site-packages/airflow/example_dags/example_latest_only.py for tasks to queue
[2026-02-25T06:58:27.942+0530] {logging_mixin.py:188} INFO - [2026-02-25T06:58:27.942+0530] {dagbag.py:538} INFO - Filling up the DagBag from /Users/neerajvyas/learning/airflow/learn_airflow/airflow_home/venv/lib/python3.9/site-packages/airflow/example_dags/example_latest_only.py
[2026-02-25T06:58:27.946+0530] {processor.py:840} INFO - DAG(s) 'latest_only' retrieved from /Users/neerajvyas/learning/airflow/learn_airflow/airflow_home/venv/lib/python3.9/site-packages/airflow/example_dags/example_latest_only.py
[2026-02-25T06:58:27.991+0530] {logging_mixin.py:188} INFO - [2026-02-25T06:58:27.991+0530] {dag.py:3036} INFO - Sync 1 DAGs
[2026-02-25T06:58:27.998+0530] {logging_mixin.py:188} INFO - [2026-02-25T06:58:27.998+0530] {dag.py:3823} INFO - Setting next_dagrun for latest_only to 2026-02-24 20:00:00+00:00, run_after=2026-02-25 00:00:00+00:00
[2026-02-25T06:58:28.006+0530] {processor.py:183} INFO - Processing /Users/neerajvyas/learning/airflow/learn_airflow/airflow_home/venv/lib/python3.9/site-packages/airflow/example_dags/example_latest_only.py took 0.066 seconds
[2026-02-25T07:00:12.318+0530] {processor.py:161} INFO - Started process (PID=88277) to work on /Users/neerajvyas/learning/airflow/learn_airflow/airflow_home/venv/lib/python3.9/site-packages/airflow/example_dags/example_latest_only.py
[2026-02-25T07:00:12.319+0530] {processor.py:830} INFO - Processing file /Users/neerajvyas/learning/airflow/learn_airflow/airflow_home/venv/lib/python3.9/site-packages/airflow/example_dags/example_latest_only.py for tasks to queue
[2026-02-25T07:00:12.319+0530] {logging_mixin.py:188} INFO - [2026-02-25T07:00:12.319+0530] {dagbag.py:538} INFO - Filling up the DagBag from /Users/neerajvyas/learning/airflow/learn_airflow/airflow_home/venv/lib/python3.9/site-packages/airflow/example_dags/example_latest_only.py
[2026-02-25T07:00:12.323+0530] {processor.py:840} INFO - DAG(s) 'latest_only' retrieved from /Users/neerajvyas/learning/airflow/learn_airflow/airflow_home/venv/lib/python3.9/site-packages/airflow/example_dags/example_latest_only.py
[2026-02-25T07:00:12.366+0530] {logging_mixin.py:188} INFO - [2026-02-25T07:00:12.366+0530] {dag.py:3036} INFO - Sync 1 DAGs
[2026-02-25T07:00:12.373+0530] {logging_mixin.py:188} INFO - [2026-02-25T07:00:12.373+0530] {dag.py:3823} INFO - Setting next_dagrun for latest_only to 2026-02-24 20:00:00+00:00, run_after=2026-02-25 00:00:00+00:00
[2026-02-25T07:00:12.381+0530] {processor.py:183} INFO - Processing /Users/neerajvyas/learning/airflow/learn_airflow/airflow_home/venv/lib/python3.9/site-packages/airflow/example_dags/example_latest_only.py took 0.063 seconds
[2026-02-25T07:02:01.862+0530] {processor.py:161} INFO - Started process (PID=92134) to work on /Users/neerajvyas/learning/airflow/learn_airflow/airflow_home/venv/lib/python3.9/site-packages/airflow/example_dags/example_latest_only.py
[2026-02-25T07:02:01.863+0530] {processor.py:830} INFO - Processing file /Users/neerajvyas/learning/airflow/learn_airflow/airflow_home/venv/lib/python3.9/site-packages/airflow/example_dags/example_latest_only.py for tasks to queue
[2026-02-25T07:02:01.863+0530] {logging_mixin.py:188} INFO - [2026-02-25T07:02:01.863+0530] {dagbag.py:538} INFO - Filling up the DagBag from /Users/neerajvyas/learning/airflow/learn_airflow/airflow_home/venv/lib/python3.9/site-packages/airflow/example_dags/example_latest_only.py
[2026-02-25T07:02:01.867+0530] {processor.py:840} INFO - DAG(s) 'latest_only' retrieved from /Users/neerajvyas/learning/airflow/learn_airflow/airflow_home/venv/lib/python3.9/site-packages/airflow/example_dags/example_latest_only.py
[2026-02-25T07:02:01.912+0530] {logging_mixin.py:188} INFO - [2026-02-25T07:02:01.912+0530] {dag.py:3036} INFO - Sync 1 DAGs
[2026-02-25T07:02:01.920+0530] {logging_mixin.py:188} INFO - [2026-02-25T07:02:01.919+0530] {dag.py:3823} INFO - Setting next_dagrun for latest_only to 2026-02-24 20:00:00+00:00, run_after=2026-02-25 00:00:00+00:00
[2026-02-25T07:02:01.928+0530] {processor.py:183} INFO - Processing /Users/neerajvyas/learning/airflow/learn_airflow/airflow_home/venv/lib/python3.9/site-packages/airflow/example_dags/example_latest_only.py took 0.066 seconds
[2026-02-25T07:03:53.280+0530] {processor.py:161} INFO - Started process (PID=96386) to work on /Users/neerajvyas/learning/airflow/learn_airflow/airflow_home/venv/lib/python3.9/site-packages/airflow/example_dags/example_latest_only.py
[2026-02-25T07:03:53.281+0530] {processor.py:830} INFO - Processing file /Users/neerajvyas/learning/airflow/learn_airflow/airflow_home/venv/lib/python3.9/site-packages/airflow/example_dags/example_latest_only.py for tasks to queue
[2026-02-25T07:03:53.282+0530] {logging_mixin.py:188} INFO - [2026-02-25T07:03:53.282+0530] {dagbag.py:538} INFO - Filling up the DagBag from /Users/neerajvyas/learning/airflow/learn_airflow/airflow_home/venv/lib/python3.9/site-packages/airflow/example_dags/example_latest_only.py
[2026-02-25T07:03:53.285+0530] {processor.py:840} INFO - DAG(s) 'latest_only' retrieved from /Users/neerajvyas/learning/airflow/learn_airflow/airflow_home/venv/lib/python3.9/site-packages/airflow/example_dags/example_latest_only.py
[2026-02-25T07:03:53.331+0530] {logging_mixin.py:188} INFO - [2026-02-25T07:03:53.331+0530] {dag.py:3036} INFO - Sync 1 DAGs
[2026-02-25T07:03:53.337+0530] {logging_mixin.py:188} INFO - [2026-02-25T07:03:53.337+0530] {dag.py:3823} INFO - Setting next_dagrun for latest_only to 2026-02-24 20:00:00+00:00, run_after=2026-02-25 00:00:00+00:00
[2026-02-25T07:03:53.344+0530] {processor.py:183} INFO - Processing /Users/neerajvyas/learning/airflow/learn_airflow/airflow_home/venv/lib/python3.9/site-packages/airflow/example_dags/example_latest_only.py took 0.065 seconds
