[2026-02-25T06:47:10.230+0530] {processor.py:161} INFO - Started process (PID=60750) to work on /Users/neerajvyas/learning/airflow/learn_airflow/airflow_home/venv/lib/python3.9/site-packages/airflow/example_dags/example_task_group.py
[2026-02-25T06:47:10.230+0530] {processor.py:830} INFO - Processing file /Users/neerajvyas/learning/airflow/learn_airflow/airflow_home/venv/lib/python3.9/site-packages/airflow/example_dags/example_task_group.py for tasks to queue
[2026-02-25T06:47:10.230+0530] {logging_mixin.py:188} INFO - [2026-02-25T06:47:10.230+0530] {dagbag.py:538} INFO - Filling up the DagBag from /Users/neerajvyas/learning/airflow/learn_airflow/airflow_home/venv/lib/python3.9/site-packages/airflow/example_dags/example_task_group.py
[2026-02-25T06:47:10.234+0530] {processor.py:840} INFO - DAG(s) 'example_task_group' retrieved from /Users/neerajvyas/learning/airflow/learn_airflow/airflow_home/venv/lib/python3.9/site-packages/airflow/example_dags/example_task_group.py
[2026-02-25T06:47:10.326+0530] {logging_mixin.py:188} INFO - [2026-02-25T06:47:10.326+0530] {override.py:1769} INFO - Created Permission View: can read on DAG:example_task_group
[2026-02-25T06:47:10.330+0530] {logging_mixin.py:188} INFO - [2026-02-25T06:47:10.330+0530] {override.py:1769} INFO - Created Permission View: can edit on DAG:example_task_group
[2026-02-25T06:47:10.332+0530] {logging_mixin.py:188} INFO - [2026-02-25T06:47:10.332+0530] {override.py:1769} INFO - Created Permission View: can delete on DAG:example_task_group
[2026-02-25T06:47:10.332+0530] {logging_mixin.py:188} INFO - [2026-02-25T06:47:10.332+0530] {dag.py:3036} INFO - Sync 1 DAGs
[2026-02-25T06:47:10.336+0530] {logging_mixin.py:188} INFO - [2026-02-25T06:47:10.336+0530] {dag.py:3058} INFO - Creating ORM DAG for example_task_group
[2026-02-25T06:47:10.340+0530] {logging_mixin.py:188} INFO - [2026-02-25T06:47:10.339+0530] {dag.py:3823} INFO - Setting next_dagrun for example_task_group to 2026-02-24 00:00:00+00:00, run_after=2026-02-25 00:00:00+00:00
[2026-02-25T06:47:10.346+0530] {processor.py:183} INFO - Processing /Users/neerajvyas/learning/airflow/learn_airflow/airflow_home/venv/lib/python3.9/site-packages/airflow/example_dags/example_task_group.py took 0.117 seconds
[2026-02-25T06:48:34.195+0530] {processor.py:161} INFO - Started process (PID=63555) to work on /Users/neerajvyas/learning/airflow/learn_airflow/airflow_home/venv/lib/python3.9/site-packages/airflow/example_dags/example_task_group.py
[2026-02-25T06:48:34.195+0530] {processor.py:830} INFO - Processing file /Users/neerajvyas/learning/airflow/learn_airflow/airflow_home/venv/lib/python3.9/site-packages/airflow/example_dags/example_task_group.py for tasks to queue
[2026-02-25T06:48:34.196+0530] {logging_mixin.py:188} INFO - [2026-02-25T06:48:34.196+0530] {dagbag.py:538} INFO - Filling up the DagBag from /Users/neerajvyas/learning/airflow/learn_airflow/airflow_home/venv/lib/python3.9/site-packages/airflow/example_dags/example_task_group.py
[2026-02-25T06:48:34.199+0530] {processor.py:840} INFO - DAG(s) 'example_task_group' retrieved from /Users/neerajvyas/learning/airflow/learn_airflow/airflow_home/venv/lib/python3.9/site-packages/airflow/example_dags/example_task_group.py
[2026-02-25T06:48:34.247+0530] {logging_mixin.py:188} INFO - [2026-02-25T06:48:34.247+0530] {dag.py:3036} INFO - Sync 1 DAGs
[2026-02-25T06:48:34.254+0530] {logging_mixin.py:188} INFO - [2026-02-25T06:48:34.254+0530] {dag.py:3823} INFO - Setting next_dagrun for example_task_group to 2026-02-24 00:00:00+00:00, run_after=2026-02-25 00:00:00+00:00
[2026-02-25T06:48:34.262+0530] {processor.py:183} INFO - Processing /Users/neerajvyas/learning/airflow/learn_airflow/airflow_home/venv/lib/python3.9/site-packages/airflow/example_dags/example_task_group.py took 0.068 seconds
[2026-02-25T06:50:21.449+0530] {processor.py:161} INFO - Started process (PID=67501) to work on /Users/neerajvyas/learning/airflow/learn_airflow/airflow_home/venv/lib/python3.9/site-packages/airflow/example_dags/example_task_group.py
[2026-02-25T06:50:21.449+0530] {processor.py:830} INFO - Processing file /Users/neerajvyas/learning/airflow/learn_airflow/airflow_home/venv/lib/python3.9/site-packages/airflow/example_dags/example_task_group.py for tasks to queue
[2026-02-25T06:50:21.450+0530] {logging_mixin.py:188} INFO - [2026-02-25T06:50:21.450+0530] {dagbag.py:538} INFO - Filling up the DagBag from /Users/neerajvyas/learning/airflow/learn_airflow/airflow_home/venv/lib/python3.9/site-packages/airflow/example_dags/example_task_group.py
[2026-02-25T06:50:21.454+0530] {processor.py:840} INFO - DAG(s) 'example_task_group' retrieved from /Users/neerajvyas/learning/airflow/learn_airflow/airflow_home/venv/lib/python3.9/site-packages/airflow/example_dags/example_task_group.py
[2026-02-25T06:50:21.502+0530] {logging_mixin.py:188} INFO - [2026-02-25T06:50:21.502+0530] {dag.py:3036} INFO - Sync 1 DAGs
[2026-02-25T06:50:21.508+0530] {logging_mixin.py:188} INFO - [2026-02-25T06:50:21.508+0530] {dag.py:3823} INFO - Setting next_dagrun for example_task_group to 2026-02-24 00:00:00+00:00, run_after=2026-02-25 00:00:00+00:00
[2026-02-25T06:50:21.515+0530] {processor.py:183} INFO - Processing /Users/neerajvyas/learning/airflow/learn_airflow/airflow_home/venv/lib/python3.9/site-packages/airflow/example_dags/example_task_group.py took 0.067 seconds
[2026-02-25T06:52:08.054+0530] {processor.py:161} INFO - Started process (PID=71034) to work on /Users/neerajvyas/learning/airflow/learn_airflow/airflow_home/venv/lib/python3.9/site-packages/airflow/example_dags/example_task_group.py
[2026-02-25T06:52:08.056+0530] {processor.py:830} INFO - Processing file /Users/neerajvyas/learning/airflow/learn_airflow/airflow_home/venv/lib/python3.9/site-packages/airflow/example_dags/example_task_group.py for tasks to queue
[2026-02-25T06:52:08.056+0530] {logging_mixin.py:188} INFO - [2026-02-25T06:52:08.056+0530] {dagbag.py:538} INFO - Filling up the DagBag from /Users/neerajvyas/learning/airflow/learn_airflow/airflow_home/venv/lib/python3.9/site-packages/airflow/example_dags/example_task_group.py
[2026-02-25T06:52:08.060+0530] {processor.py:840} INFO - DAG(s) 'example_task_group' retrieved from /Users/neerajvyas/learning/airflow/learn_airflow/airflow_home/venv/lib/python3.9/site-packages/airflow/example_dags/example_task_group.py
[2026-02-25T06:52:08.104+0530] {logging_mixin.py:188} INFO - [2026-02-25T06:52:08.104+0530] {dag.py:3036} INFO - Sync 1 DAGs
[2026-02-25T06:52:08.110+0530] {logging_mixin.py:188} INFO - [2026-02-25T06:52:08.110+0530] {dag.py:3823} INFO - Setting next_dagrun for example_task_group to 2026-02-24 00:00:00+00:00, run_after=2026-02-25 00:00:00+00:00
[2026-02-25T06:52:08.117+0530] {processor.py:183} INFO - Processing /Users/neerajvyas/learning/airflow/learn_airflow/airflow_home/venv/lib/python3.9/site-packages/airflow/example_dags/example_task_group.py took 0.063 seconds
[2026-02-25T06:53:53.566+0530] {processor.py:161} INFO - Started process (PID=74636) to work on /Users/neerajvyas/learning/airflow/learn_airflow/airflow_home/venv/lib/python3.9/site-packages/airflow/example_dags/example_task_group.py
[2026-02-25T06:53:53.567+0530] {processor.py:830} INFO - Processing file /Users/neerajvyas/learning/airflow/learn_airflow/airflow_home/venv/lib/python3.9/site-packages/airflow/example_dags/example_task_group.py for tasks to queue
[2026-02-25T06:53:53.567+0530] {logging_mixin.py:188} INFO - [2026-02-25T06:53:53.567+0530] {dagbag.py:538} INFO - Filling up the DagBag from /Users/neerajvyas/learning/airflow/learn_airflow/airflow_home/venv/lib/python3.9/site-packages/airflow/example_dags/example_task_group.py
[2026-02-25T06:53:53.571+0530] {processor.py:840} INFO - DAG(s) 'example_task_group' retrieved from /Users/neerajvyas/learning/airflow/learn_airflow/airflow_home/venv/lib/python3.9/site-packages/airflow/example_dags/example_task_group.py
[2026-02-25T06:53:53.616+0530] {logging_mixin.py:188} INFO - [2026-02-25T06:53:53.616+0530] {dag.py:3036} INFO - Sync 1 DAGs
[2026-02-25T06:53:53.622+0530] {logging_mixin.py:188} INFO - [2026-02-25T06:53:53.622+0530] {dag.py:3823} INFO - Setting next_dagrun for example_task_group to 2026-02-24 00:00:00+00:00, run_after=2026-02-25 00:00:00+00:00
[2026-02-25T06:53:53.629+0530] {processor.py:183} INFO - Processing /Users/neerajvyas/learning/airflow/learn_airflow/airflow_home/venv/lib/python3.9/site-packages/airflow/example_dags/example_task_group.py took 0.064 seconds
[2026-02-25T06:55:41.233+0530] {processor.py:161} INFO - Started process (PID=78474) to work on /Users/neerajvyas/learning/airflow/learn_airflow/airflow_home/venv/lib/python3.9/site-packages/airflow/example_dags/example_task_group.py
[2026-02-25T06:55:41.234+0530] {processor.py:830} INFO - Processing file /Users/neerajvyas/learning/airflow/learn_airflow/airflow_home/venv/lib/python3.9/site-packages/airflow/example_dags/example_task_group.py for tasks to queue
[2026-02-25T06:55:41.234+0530] {logging_mixin.py:188} INFO - [2026-02-25T06:55:41.234+0530] {dagbag.py:538} INFO - Filling up the DagBag from /Users/neerajvyas/learning/airflow/learn_airflow/airflow_home/venv/lib/python3.9/site-packages/airflow/example_dags/example_task_group.py
[2026-02-25T06:55:41.239+0530] {processor.py:840} INFO - DAG(s) 'example_task_group' retrieved from /Users/neerajvyas/learning/airflow/learn_airflow/airflow_home/venv/lib/python3.9/site-packages/airflow/example_dags/example_task_group.py
[2026-02-25T06:55:41.284+0530] {logging_mixin.py:188} INFO - [2026-02-25T06:55:41.284+0530] {dag.py:3036} INFO - Sync 1 DAGs
[2026-02-25T06:55:41.290+0530] {logging_mixin.py:188} INFO - [2026-02-25T06:55:41.290+0530] {dag.py:3823} INFO - Setting next_dagrun for example_task_group to 2026-02-24 00:00:00+00:00, run_after=2026-02-25 00:00:00+00:00
[2026-02-25T06:55:41.297+0530] {processor.py:183} INFO - Processing /Users/neerajvyas/learning/airflow/learn_airflow/airflow_home/venv/lib/python3.9/site-packages/airflow/example_dags/example_task_group.py took 0.064 seconds
[2026-02-25T06:57:30.120+0530] {processor.py:161} INFO - Started process (PID=82413) to work on /Users/neerajvyas/learning/airflow/learn_airflow/airflow_home/venv/lib/python3.9/site-packages/airflow/example_dags/example_task_group.py
[2026-02-25T06:57:30.121+0530] {processor.py:830} INFO - Processing file /Users/neerajvyas/learning/airflow/learn_airflow/airflow_home/venv/lib/python3.9/site-packages/airflow/example_dags/example_task_group.py for tasks to queue
[2026-02-25T06:57:30.121+0530] {logging_mixin.py:188} INFO - [2026-02-25T06:57:30.121+0530] {dagbag.py:538} INFO - Filling up the DagBag from /Users/neerajvyas/learning/airflow/learn_airflow/airflow_home/venv/lib/python3.9/site-packages/airflow/example_dags/example_task_group.py
[2026-02-25T06:57:30.125+0530] {processor.py:840} INFO - DAG(s) 'example_task_group' retrieved from /Users/neerajvyas/learning/airflow/learn_airflow/airflow_home/venv/lib/python3.9/site-packages/airflow/example_dags/example_task_group.py
[2026-02-25T06:57:30.171+0530] {logging_mixin.py:188} INFO - [2026-02-25T06:57:30.170+0530] {dag.py:3036} INFO - Sync 1 DAGs
[2026-02-25T06:57:30.178+0530] {logging_mixin.py:188} INFO - [2026-02-25T06:57:30.178+0530] {dag.py:3823} INFO - Setting next_dagrun for example_task_group to 2026-02-24 00:00:00+00:00, run_after=2026-02-25 00:00:00+00:00
[2026-02-25T06:57:30.187+0530] {processor.py:183} INFO - Processing /Users/neerajvyas/learning/airflow/learn_airflow/airflow_home/venv/lib/python3.9/site-packages/airflow/example_dags/example_task_group.py took 0.068 seconds
[2026-02-25T06:59:18.371+0530] {processor.py:161} INFO - Started process (PID=86446) to work on /Users/neerajvyas/learning/airflow/learn_airflow/airflow_home/venv/lib/python3.9/site-packages/airflow/example_dags/example_task_group.py
[2026-02-25T06:59:18.371+0530] {processor.py:830} INFO - Processing file /Users/neerajvyas/learning/airflow/learn_airflow/airflow_home/venv/lib/python3.9/site-packages/airflow/example_dags/example_task_group.py for tasks to queue
[2026-02-25T06:59:18.372+0530] {logging_mixin.py:188} INFO - [2026-02-25T06:59:18.371+0530] {dagbag.py:538} INFO - Filling up the DagBag from /Users/neerajvyas/learning/airflow/learn_airflow/airflow_home/venv/lib/python3.9/site-packages/airflow/example_dags/example_task_group.py
[2026-02-25T06:59:18.375+0530] {processor.py:840} INFO - DAG(s) 'example_task_group' retrieved from /Users/neerajvyas/learning/airflow/learn_airflow/airflow_home/venv/lib/python3.9/site-packages/airflow/example_dags/example_task_group.py
[2026-02-25T06:59:18.423+0530] {logging_mixin.py:188} INFO - [2026-02-25T06:59:18.422+0530] {dag.py:3036} INFO - Sync 1 DAGs
[2026-02-25T06:59:18.430+0530] {logging_mixin.py:188} INFO - [2026-02-25T06:59:18.430+0530] {dag.py:3823} INFO - Setting next_dagrun for example_task_group to 2026-02-24 00:00:00+00:00, run_after=2026-02-25 00:00:00+00:00
[2026-02-25T06:59:18.438+0530] {processor.py:183} INFO - Processing /Users/neerajvyas/learning/airflow/learn_airflow/airflow_home/venv/lib/python3.9/site-packages/airflow/example_dags/example_task_group.py took 0.068 seconds
[2026-02-25T07:01:05.956+0530] {processor.py:161} INFO - Started process (PID=90020) to work on /Users/neerajvyas/learning/airflow/learn_airflow/airflow_home/venv/lib/python3.9/site-packages/airflow/example_dags/example_task_group.py
[2026-02-25T07:01:05.957+0530] {processor.py:830} INFO - Processing file /Users/neerajvyas/learning/airflow/learn_airflow/airflow_home/venv/lib/python3.9/site-packages/airflow/example_dags/example_task_group.py for tasks to queue
[2026-02-25T07:01:05.957+0530] {logging_mixin.py:188} INFO - [2026-02-25T07:01:05.957+0530] {dagbag.py:538} INFO - Filling up the DagBag from /Users/neerajvyas/learning/airflow/learn_airflow/airflow_home/venv/lib/python3.9/site-packages/airflow/example_dags/example_task_group.py
[2026-02-25T07:01:05.962+0530] {processor.py:840} INFO - DAG(s) 'example_task_group' retrieved from /Users/neerajvyas/learning/airflow/learn_airflow/airflow_home/venv/lib/python3.9/site-packages/airflow/example_dags/example_task_group.py
[2026-02-25T07:01:06.016+0530] {logging_mixin.py:188} INFO - [2026-02-25T07:01:06.016+0530] {dag.py:3036} INFO - Sync 1 DAGs
[2026-02-25T07:01:06.022+0530] {logging_mixin.py:188} INFO - [2026-02-25T07:01:06.022+0530] {dag.py:3823} INFO - Setting next_dagrun for example_task_group to 2026-02-24 00:00:00+00:00, run_after=2026-02-25 00:00:00+00:00
[2026-02-25T07:01:06.030+0530] {processor.py:183} INFO - Processing /Users/neerajvyas/learning/airflow/learn_airflow/airflow_home/venv/lib/python3.9/site-packages/airflow/example_dags/example_task_group.py took 0.075 seconds
[2026-02-25T07:02:57.254+0530] {processor.py:161} INFO - Started process (PID=94219) to work on /Users/neerajvyas/learning/airflow/learn_airflow/airflow_home/venv/lib/python3.9/site-packages/airflow/example_dags/example_task_group.py
[2026-02-25T07:02:57.255+0530] {processor.py:830} INFO - Processing file /Users/neerajvyas/learning/airflow/learn_airflow/airflow_home/venv/lib/python3.9/site-packages/airflow/example_dags/example_task_group.py for tasks to queue
[2026-02-25T07:02:57.256+0530] {logging_mixin.py:188} INFO - [2026-02-25T07:02:57.255+0530] {dagbag.py:538} INFO - Filling up the DagBag from /Users/neerajvyas/learning/airflow/learn_airflow/airflow_home/venv/lib/python3.9/site-packages/airflow/example_dags/example_task_group.py
[2026-02-25T07:02:57.259+0530] {processor.py:840} INFO - DAG(s) 'example_task_group' retrieved from /Users/neerajvyas/learning/airflow/learn_airflow/airflow_home/venv/lib/python3.9/site-packages/airflow/example_dags/example_task_group.py
[2026-02-25T07:02:57.303+0530] {logging_mixin.py:188} INFO - [2026-02-25T07:02:57.303+0530] {dag.py:3036} INFO - Sync 1 DAGs
[2026-02-25T07:02:57.310+0530] {logging_mixin.py:188} INFO - [2026-02-25T07:02:57.310+0530] {dag.py:3823} INFO - Setting next_dagrun for example_task_group to 2026-02-24 00:00:00+00:00, run_after=2026-02-25 00:00:00+00:00
[2026-02-25T07:02:57.317+0530] {processor.py:183} INFO - Processing /Users/neerajvyas/learning/airflow/learn_airflow/airflow_home/venv/lib/python3.9/site-packages/airflow/example_dags/example_task_group.py took 0.064 seconds
