[2026-02-25T06:47:54.238+0530] {processor.py:161} INFO - Started process (PID=62145) to work on /Users/neerajvyas/learning/airflow/learn_airflow/airflow_home/venv/lib/python3.9/site-packages/airflow/example_dags/example_dag_decorator.py
[2026-02-25T06:47:54.238+0530] {processor.py:830} INFO - Processing file /Users/neerajvyas/learning/airflow/learn_airflow/airflow_home/venv/lib/python3.9/site-packages/airflow/example_dags/example_dag_decorator.py for tasks to queue
[2026-02-25T06:47:54.239+0530] {logging_mixin.py:188} INFO - [2026-02-25T06:47:54.238+0530] {dagbag.py:538} INFO - Filling up the DagBag from /Users/neerajvyas/learning/airflow/learn_airflow/airflow_home/venv/lib/python3.9/site-packages/airflow/example_dags/example_dag_decorator.py
[2026-02-25T06:47:54.342+0530] {processor.py:840} INFO - DAG(s) 'example_dag_decorator' retrieved from /Users/neerajvyas/learning/airflow/learn_airflow/airflow_home/venv/lib/python3.9/site-packages/airflow/example_dags/example_dag_decorator.py
[2026-02-25T06:47:54.420+0530] {logging_mixin.py:188} INFO - [2026-02-25T06:47:54.420+0530] {override.py:1769} INFO - Created Permission View: can edit on DAG:example_dag_decorator
[2026-02-25T06:47:54.424+0530] {logging_mixin.py:188} INFO - [2026-02-25T06:47:54.424+0530] {override.py:1769} INFO - Created Permission View: can read on DAG:example_dag_decorator
[2026-02-25T06:47:54.426+0530] {logging_mixin.py:188} INFO - [2026-02-25T06:47:54.426+0530] {override.py:1769} INFO - Created Permission View: can delete on DAG:example_dag_decorator
[2026-02-25T06:47:54.426+0530] {logging_mixin.py:188} INFO - [2026-02-25T06:47:54.426+0530] {dag.py:3036} INFO - Sync 1 DAGs
[2026-02-25T06:47:54.430+0530] {logging_mixin.py:188} INFO - [2026-02-25T06:47:54.430+0530] {dag.py:3058} INFO - Creating ORM DAG for example_dag_decorator
[2026-02-25T06:47:54.430+0530] {logging_mixin.py:188} INFO - [2026-02-25T06:47:54.430+0530] {dag.py:3823} INFO - Setting next_dagrun for example_dag_decorator to None, run_after=None
[2026-02-25T06:47:54.438+0530] {processor.py:183} INFO - Processing /Users/neerajvyas/learning/airflow/learn_airflow/airflow_home/venv/lib/python3.9/site-packages/airflow/example_dags/example_dag_decorator.py took 0.200 seconds
[2026-02-25T06:49:40.519+0530] {processor.py:161} INFO - Started process (PID=66063) to work on /Users/neerajvyas/learning/airflow/learn_airflow/airflow_home/venv/lib/python3.9/site-packages/airflow/example_dags/example_dag_decorator.py
[2026-02-25T06:49:40.523+0530] {processor.py:830} INFO - Processing file /Users/neerajvyas/learning/airflow/learn_airflow/airflow_home/venv/lib/python3.9/site-packages/airflow/example_dags/example_dag_decorator.py for tasks to queue
[2026-02-25T06:49:40.528+0530] {logging_mixin.py:188} INFO - [2026-02-25T06:49:40.528+0530] {dagbag.py:538} INFO - Filling up the DagBag from /Users/neerajvyas/learning/airflow/learn_airflow/airflow_home/venv/lib/python3.9/site-packages/airflow/example_dags/example_dag_decorator.py
[2026-02-25T06:49:40.619+0530] {processor.py:840} INFO - DAG(s) 'example_dag_decorator' retrieved from /Users/neerajvyas/learning/airflow/learn_airflow/airflow_home/venv/lib/python3.9/site-packages/airflow/example_dags/example_dag_decorator.py
[2026-02-25T06:49:40.706+0530] {logging_mixin.py:188} INFO - [2026-02-25T06:49:40.705+0530] {dag.py:3036} INFO - Sync 1 DAGs
[2026-02-25T06:49:40.709+0530] {logging_mixin.py:188} INFO - [2026-02-25T06:49:40.709+0530] {dag.py:3823} INFO - Setting next_dagrun for example_dag_decorator to None, run_after=None
[2026-02-25T06:49:40.718+0530] {processor.py:183} INFO - Processing /Users/neerajvyas/learning/airflow/learn_airflow/airflow_home/venv/lib/python3.9/site-packages/airflow/example_dags/example_dag_decorator.py took 0.199 seconds
[2026-02-25T06:51:26.122+0530] {processor.py:161} INFO - Started process (PID=69592) to work on /Users/neerajvyas/learning/airflow/learn_airflow/airflow_home/venv/lib/python3.9/site-packages/airflow/example_dags/example_dag_decorator.py
[2026-02-25T06:51:26.123+0530] {processor.py:830} INFO - Processing file /Users/neerajvyas/learning/airflow/learn_airflow/airflow_home/venv/lib/python3.9/site-packages/airflow/example_dags/example_dag_decorator.py for tasks to queue
[2026-02-25T06:51:26.123+0530] {logging_mixin.py:188} INFO - [2026-02-25T06:51:26.123+0530] {dagbag.py:538} INFO - Filling up the DagBag from /Users/neerajvyas/learning/airflow/learn_airflow/airflow_home/venv/lib/python3.9/site-packages/airflow/example_dags/example_dag_decorator.py
[2026-02-25T06:51:26.213+0530] {processor.py:840} INFO - DAG(s) 'example_dag_decorator' retrieved from /Users/neerajvyas/learning/airflow/learn_airflow/airflow_home/venv/lib/python3.9/site-packages/airflow/example_dags/example_dag_decorator.py
[2026-02-25T06:51:26.296+0530] {logging_mixin.py:188} INFO - [2026-02-25T06:51:26.296+0530] {dag.py:3036} INFO - Sync 1 DAGs
[2026-02-25T06:51:26.300+0530] {logging_mixin.py:188} INFO - [2026-02-25T06:51:26.300+0530] {dag.py:3823} INFO - Setting next_dagrun for example_dag_decorator to None, run_after=None
[2026-02-25T06:51:26.307+0530] {processor.py:183} INFO - Processing /Users/neerajvyas/learning/airflow/learn_airflow/airflow_home/venv/lib/python3.9/site-packages/airflow/example_dags/example_dag_decorator.py took 0.186 seconds
[2026-02-25T06:53:11.937+0530] {processor.py:161} INFO - Started process (PID=73223) to work on /Users/neerajvyas/learning/airflow/learn_airflow/airflow_home/venv/lib/python3.9/site-packages/airflow/example_dags/example_dag_decorator.py
[2026-02-25T06:53:11.938+0530] {processor.py:830} INFO - Processing file /Users/neerajvyas/learning/airflow/learn_airflow/airflow_home/venv/lib/python3.9/site-packages/airflow/example_dags/example_dag_decorator.py for tasks to queue
[2026-02-25T06:53:11.938+0530] {logging_mixin.py:188} INFO - [2026-02-25T06:53:11.938+0530] {dagbag.py:538} INFO - Filling up the DagBag from /Users/neerajvyas/learning/airflow/learn_airflow/airflow_home/venv/lib/python3.9/site-packages/airflow/example_dags/example_dag_decorator.py
[2026-02-25T06:53:12.028+0530] {processor.py:840} INFO - DAG(s) 'example_dag_decorator' retrieved from /Users/neerajvyas/learning/airflow/learn_airflow/airflow_home/venv/lib/python3.9/site-packages/airflow/example_dags/example_dag_decorator.py
[2026-02-25T06:53:12.117+0530] {logging_mixin.py:188} INFO - [2026-02-25T06:53:12.117+0530] {dag.py:3036} INFO - Sync 1 DAGs
[2026-02-25T06:53:12.121+0530] {logging_mixin.py:188} INFO - [2026-02-25T06:53:12.121+0530] {dag.py:3823} INFO - Setting next_dagrun for example_dag_decorator to None, run_after=None
[2026-02-25T06:53:12.129+0530] {processor.py:183} INFO - Processing /Users/neerajvyas/learning/airflow/learn_airflow/airflow_home/venv/lib/python3.9/site-packages/airflow/example_dags/example_dag_decorator.py took 0.192 seconds
[2026-02-25T06:55:01.182+0530] {processor.py:161} INFO - Started process (PID=77075) to work on /Users/neerajvyas/learning/airflow/learn_airflow/airflow_home/venv/lib/python3.9/site-packages/airflow/example_dags/example_dag_decorator.py
[2026-02-25T06:55:01.183+0530] {processor.py:830} INFO - Processing file /Users/neerajvyas/learning/airflow/learn_airflow/airflow_home/venv/lib/python3.9/site-packages/airflow/example_dags/example_dag_decorator.py for tasks to queue
[2026-02-25T06:55:01.184+0530] {logging_mixin.py:188} INFO - [2026-02-25T06:55:01.183+0530] {dagbag.py:538} INFO - Filling up the DagBag from /Users/neerajvyas/learning/airflow/learn_airflow/airflow_home/venv/lib/python3.9/site-packages/airflow/example_dags/example_dag_decorator.py
[2026-02-25T06:55:01.267+0530] {processor.py:840} INFO - DAG(s) 'example_dag_decorator' retrieved from /Users/neerajvyas/learning/airflow/learn_airflow/airflow_home/venv/lib/python3.9/site-packages/airflow/example_dags/example_dag_decorator.py
[2026-02-25T06:55:01.351+0530] {logging_mixin.py:188} INFO - [2026-02-25T06:55:01.351+0530] {dag.py:3036} INFO - Sync 1 DAGs
[2026-02-25T06:55:01.355+0530] {logging_mixin.py:188} INFO - [2026-02-25T06:55:01.355+0530] {dag.py:3823} INFO - Setting next_dagrun for example_dag_decorator to None, run_after=None
[2026-02-25T06:55:01.364+0530] {processor.py:183} INFO - Processing /Users/neerajvyas/learning/airflow/learn_airflow/airflow_home/venv/lib/python3.9/site-packages/airflow/example_dags/example_dag_decorator.py took 0.183 seconds
[2026-02-25T06:56:49.148+0530] {processor.py:161} INFO - Started process (PID=80925) to work on /Users/neerajvyas/learning/airflow/learn_airflow/airflow_home/venv/lib/python3.9/site-packages/airflow/example_dags/example_dag_decorator.py
[2026-02-25T06:56:49.149+0530] {processor.py:830} INFO - Processing file /Users/neerajvyas/learning/airflow/learn_airflow/airflow_home/venv/lib/python3.9/site-packages/airflow/example_dags/example_dag_decorator.py for tasks to queue
[2026-02-25T06:56:49.150+0530] {logging_mixin.py:188} INFO - [2026-02-25T06:56:49.149+0530] {dagbag.py:538} INFO - Filling up the DagBag from /Users/neerajvyas/learning/airflow/learn_airflow/airflow_home/venv/lib/python3.9/site-packages/airflow/example_dags/example_dag_decorator.py
[2026-02-25T06:56:49.244+0530] {processor.py:840} INFO - DAG(s) 'example_dag_decorator' retrieved from /Users/neerajvyas/learning/airflow/learn_airflow/airflow_home/venv/lib/python3.9/site-packages/airflow/example_dags/example_dag_decorator.py
[2026-02-25T06:56:49.335+0530] {logging_mixin.py:188} INFO - [2026-02-25T06:56:49.334+0530] {dag.py:3036} INFO - Sync 1 DAGs
[2026-02-25T06:56:49.338+0530] {logging_mixin.py:188} INFO - [2026-02-25T06:56:49.338+0530] {dag.py:3823} INFO - Setting next_dagrun for example_dag_decorator to None, run_after=None
[2026-02-25T06:56:49.347+0530] {processor.py:183} INFO - Processing /Users/neerajvyas/learning/airflow/learn_airflow/airflow_home/venv/lib/python3.9/site-packages/airflow/example_dags/example_dag_decorator.py took 0.200 seconds
[2026-02-25T06:58:38.561+0530] {processor.py:161} INFO - Started process (PID=85034) to work on /Users/neerajvyas/learning/airflow/learn_airflow/airflow_home/venv/lib/python3.9/site-packages/airflow/example_dags/example_dag_decorator.py
[2026-02-25T06:58:38.562+0530] {processor.py:830} INFO - Processing file /Users/neerajvyas/learning/airflow/learn_airflow/airflow_home/venv/lib/python3.9/site-packages/airflow/example_dags/example_dag_decorator.py for tasks to queue
[2026-02-25T06:58:38.562+0530] {logging_mixin.py:188} INFO - [2026-02-25T06:58:38.562+0530] {dagbag.py:538} INFO - Filling up the DagBag from /Users/neerajvyas/learning/airflow/learn_airflow/airflow_home/venv/lib/python3.9/site-packages/airflow/example_dags/example_dag_decorator.py
[2026-02-25T06:58:38.647+0530] {processor.py:840} INFO - DAG(s) 'example_dag_decorator' retrieved from /Users/neerajvyas/learning/airflow/learn_airflow/airflow_home/venv/lib/python3.9/site-packages/airflow/example_dags/example_dag_decorator.py
[2026-02-25T06:58:38.728+0530] {logging_mixin.py:188} INFO - [2026-02-25T06:58:38.728+0530] {dag.py:3036} INFO - Sync 1 DAGs
[2026-02-25T06:58:38.732+0530] {logging_mixin.py:188} INFO - [2026-02-25T06:58:38.732+0530] {dag.py:3823} INFO - Setting next_dagrun for example_dag_decorator to None, run_after=None
[2026-02-25T06:58:38.740+0530] {processor.py:183} INFO - Processing /Users/neerajvyas/learning/airflow/learn_airflow/airflow_home/venv/lib/python3.9/site-packages/airflow/example_dags/example_dag_decorator.py took 0.179 seconds
[2026-02-25T07:00:23.220+0530] {processor.py:161} INFO - Started process (PID=88627) to work on /Users/neerajvyas/learning/airflow/learn_airflow/airflow_home/venv/lib/python3.9/site-packages/airflow/example_dags/example_dag_decorator.py
[2026-02-25T07:00:23.221+0530] {processor.py:830} INFO - Processing file /Users/neerajvyas/learning/airflow/learn_airflow/airflow_home/venv/lib/python3.9/site-packages/airflow/example_dags/example_dag_decorator.py for tasks to queue
[2026-02-25T07:00:23.221+0530] {logging_mixin.py:188} INFO - [2026-02-25T07:00:23.221+0530] {dagbag.py:538} INFO - Filling up the DagBag from /Users/neerajvyas/learning/airflow/learn_airflow/airflow_home/venv/lib/python3.9/site-packages/airflow/example_dags/example_dag_decorator.py
[2026-02-25T07:00:23.305+0530] {processor.py:840} INFO - DAG(s) 'example_dag_decorator' retrieved from /Users/neerajvyas/learning/airflow/learn_airflow/airflow_home/venv/lib/python3.9/site-packages/airflow/example_dags/example_dag_decorator.py
[2026-02-25T07:00:23.392+0530] {logging_mixin.py:188} INFO - [2026-02-25T07:00:23.392+0530] {dag.py:3036} INFO - Sync 1 DAGs
[2026-02-25T07:00:23.396+0530] {logging_mixin.py:188} INFO - [2026-02-25T07:00:23.396+0530] {dag.py:3823} INFO - Setting next_dagrun for example_dag_decorator to None, run_after=None
[2026-02-25T07:00:23.403+0530] {processor.py:183} INFO - Processing /Users/neerajvyas/learning/airflow/learn_airflow/airflow_home/venv/lib/python3.9/site-packages/airflow/example_dags/example_dag_decorator.py took 0.184 seconds
[2026-02-25T07:02:12.797+0530] {processor.py:161} INFO - Started process (PID=92825) to work on /Users/neerajvyas/learning/airflow/learn_airflow/airflow_home/venv/lib/python3.9/site-packages/airflow/example_dags/example_dag_decorator.py
[2026-02-25T07:02:12.798+0530] {processor.py:830} INFO - Processing file /Users/neerajvyas/learning/airflow/learn_airflow/airflow_home/venv/lib/python3.9/site-packages/airflow/example_dags/example_dag_decorator.py for tasks to queue
[2026-02-25T07:02:12.798+0530] {logging_mixin.py:188} INFO - [2026-02-25T07:02:12.798+0530] {dagbag.py:538} INFO - Filling up the DagBag from /Users/neerajvyas/learning/airflow/learn_airflow/airflow_home/venv/lib/python3.9/site-packages/airflow/example_dags/example_dag_decorator.py
[2026-02-25T07:02:12.884+0530] {processor.py:840} INFO - DAG(s) 'example_dag_decorator' retrieved from /Users/neerajvyas/learning/airflow/learn_airflow/airflow_home/venv/lib/python3.9/site-packages/airflow/example_dags/example_dag_decorator.py
[2026-02-25T07:02:12.970+0530] {logging_mixin.py:188} INFO - [2026-02-25T07:02:12.969+0530] {dag.py:3036} INFO - Sync 1 DAGs
[2026-02-25T07:02:12.973+0530] {logging_mixin.py:188} INFO - [2026-02-25T07:02:12.973+0530] {dag.py:3823} INFO - Setting next_dagrun for example_dag_decorator to None, run_after=None
[2026-02-25T07:02:12.982+0530] {processor.py:183} INFO - Processing /Users/neerajvyas/learning/airflow/learn_airflow/airflow_home/venv/lib/python3.9/site-packages/airflow/example_dags/example_dag_decorator.py took 0.186 seconds
[2026-02-25T07:04:02.130+0530] {processor.py:161} INFO - Started process (PID=96819) to work on /Users/neerajvyas/learning/airflow/learn_airflow/airflow_home/venv/lib/python3.9/site-packages/airflow/example_dags/example_dag_decorator.py
[2026-02-25T07:04:02.131+0530] {processor.py:830} INFO - Processing file /Users/neerajvyas/learning/airflow/learn_airflow/airflow_home/venv/lib/python3.9/site-packages/airflow/example_dags/example_dag_decorator.py for tasks to queue
[2026-02-25T07:04:02.132+0530] {logging_mixin.py:188} INFO - [2026-02-25T07:04:02.132+0530] {dagbag.py:538} INFO - Filling up the DagBag from /Users/neerajvyas/learning/airflow/learn_airflow/airflow_home/venv/lib/python3.9/site-packages/airflow/example_dags/example_dag_decorator.py
[2026-02-25T07:04:02.217+0530] {processor.py:840} INFO - DAG(s) 'example_dag_decorator' retrieved from /Users/neerajvyas/learning/airflow/learn_airflow/airflow_home/venv/lib/python3.9/site-packages/airflow/example_dags/example_dag_decorator.py
[2026-02-25T07:04:02.299+0530] {logging_mixin.py:188} INFO - [2026-02-25T07:04:02.298+0530] {dag.py:3036} INFO - Sync 1 DAGs
[2026-02-25T07:04:02.302+0530] {logging_mixin.py:188} INFO - [2026-02-25T07:04:02.302+0530] {dag.py:3823} INFO - Setting next_dagrun for example_dag_decorator to None, run_after=None
[2026-02-25T07:04:02.309+0530] {processor.py:183} INFO - Processing /Users/neerajvyas/learning/airflow/learn_airflow/airflow_home/venv/lib/python3.9/site-packages/airflow/example_dags/example_dag_decorator.py took 0.180 seconds
