[2026-02-25T06:47:01.403+0530] {processor.py:161} INFO - Started process (PID=60398) to work on /Users/neerajvyas/learning/airflow/learn_airflow/airflow_home/venv/lib/python3.9/site-packages/airflow/example_dags/example_xcom.py
[2026-02-25T06:47:01.404+0530] {processor.py:830} INFO - Processing file /Users/neerajvyas/learning/airflow/learn_airflow/airflow_home/venv/lib/python3.9/site-packages/airflow/example_dags/example_xcom.py for tasks to queue
[2026-02-25T06:47:01.404+0530] {logging_mixin.py:188} INFO - [2026-02-25T06:47:01.404+0530] {dagbag.py:538} INFO - Filling up the DagBag from /Users/neerajvyas/learning/airflow/learn_airflow/airflow_home/venv/lib/python3.9/site-packages/airflow/example_dags/example_xcom.py
[2026-02-25T06:47:01.420+0530] {processor.py:840} INFO - DAG(s) 'example_xcom' retrieved from /Users/neerajvyas/learning/airflow/learn_airflow/airflow_home/venv/lib/python3.9/site-packages/airflow/example_dags/example_xcom.py
[2026-02-25T06:47:01.501+0530] {logging_mixin.py:188} INFO - [2026-02-25T06:47:01.501+0530] {override.py:1769} INFO - Created Permission View: can edit on DAG:example_xcom
[2026-02-25T06:47:01.504+0530] {logging_mixin.py:188} INFO - [2026-02-25T06:47:01.504+0530] {override.py:1769} INFO - Created Permission View: can read on DAG:example_xcom
[2026-02-25T06:47:01.506+0530] {logging_mixin.py:188} INFO - [2026-02-25T06:47:01.506+0530] {override.py:1769} INFO - Created Permission View: can delete on DAG:example_xcom
[2026-02-25T06:47:01.507+0530] {logging_mixin.py:188} INFO - [2026-02-25T06:47:01.507+0530] {dag.py:3036} INFO - Sync 1 DAGs
[2026-02-25T06:47:01.510+0530] {logging_mixin.py:188} INFO - [2026-02-25T06:47:01.510+0530] {dag.py:3058} INFO - Creating ORM DAG for example_xcom
[2026-02-25T06:47:01.514+0530] {logging_mixin.py:188} INFO - [2026-02-25T06:47:01.514+0530] {dag.py:3823} INFO - Setting next_dagrun for example_xcom to 2021-01-01 00:00:00+00:00, run_after=2021-01-01 00:00:00+00:00
[2026-02-25T06:47:01.520+0530] {processor.py:183} INFO - Processing /Users/neerajvyas/learning/airflow/learn_airflow/airflow_home/venv/lib/python3.9/site-packages/airflow/example_dags/example_xcom.py took 0.118 seconds
[2026-02-25T06:48:26.413+0530] {processor.py:161} INFO - Started process (PID=63208) to work on /Users/neerajvyas/learning/airflow/learn_airflow/airflow_home/venv/lib/python3.9/site-packages/airflow/example_dags/example_xcom.py
[2026-02-25T06:48:26.415+0530] {processor.py:830} INFO - Processing file /Users/neerajvyas/learning/airflow/learn_airflow/airflow_home/venv/lib/python3.9/site-packages/airflow/example_dags/example_xcom.py for tasks to queue
[2026-02-25T06:48:26.415+0530] {logging_mixin.py:188} INFO - [2026-02-25T06:48:26.415+0530] {dagbag.py:538} INFO - Filling up the DagBag from /Users/neerajvyas/learning/airflow/learn_airflow/airflow_home/venv/lib/python3.9/site-packages/airflow/example_dags/example_xcom.py
[2026-02-25T06:48:26.431+0530] {processor.py:840} INFO - DAG(s) 'example_xcom' retrieved from /Users/neerajvyas/learning/airflow/learn_airflow/airflow_home/venv/lib/python3.9/site-packages/airflow/example_dags/example_xcom.py
[2026-02-25T06:48:26.475+0530] {logging_mixin.py:188} INFO - [2026-02-25T06:48:26.475+0530] {dag.py:3036} INFO - Sync 1 DAGs
[2026-02-25T06:48:26.483+0530] {logging_mixin.py:188} INFO - [2026-02-25T06:48:26.483+0530] {dag.py:3823} INFO - Setting next_dagrun for example_xcom to 2021-01-01 00:00:00+00:00, run_after=2021-01-01 00:00:00+00:00
[2026-02-25T06:48:26.491+0530] {processor.py:183} INFO - Processing /Users/neerajvyas/learning/airflow/learn_airflow/airflow_home/venv/lib/python3.9/site-packages/airflow/example_dags/example_xcom.py took 0.078 seconds
[2026-02-25T06:49:19.753+0530] {processor.py:161} INFO - Started process (PID=65291) to work on /Users/neerajvyas/learning/airflow/learn_airflow/airflow_home/venv/lib/python3.9/site-packages/airflow/example_dags/example_xcom.py
[2026-02-25T06:49:19.753+0530] {processor.py:830} INFO - Processing file /Users/neerajvyas/learning/airflow/learn_airflow/airflow_home/venv/lib/python3.9/site-packages/airflow/example_dags/example_xcom.py for tasks to queue
[2026-02-25T06:49:19.754+0530] {logging_mixin.py:188} INFO - [2026-02-25T06:49:19.754+0530] {dagbag.py:538} INFO - Filling up the DagBag from /Users/neerajvyas/learning/airflow/learn_airflow/airflow_home/venv/lib/python3.9/site-packages/airflow/example_dags/example_xcom.py
[2026-02-25T06:49:19.771+0530] {processor.py:840} INFO - DAG(s) 'example_xcom' retrieved from /Users/neerajvyas/learning/airflow/learn_airflow/airflow_home/venv/lib/python3.9/site-packages/airflow/example_dags/example_xcom.py
[2026-02-25T06:49:19.816+0530] {logging_mixin.py:188} INFO - [2026-02-25T06:49:19.816+0530] {dag.py:3036} INFO - Sync 1 DAGs
[2026-02-25T06:49:19.824+0530] {logging_mixin.py:188} INFO - [2026-02-25T06:49:19.824+0530] {dag.py:3823} INFO - Setting next_dagrun for example_xcom to 2021-01-01 00:00:00+00:00, run_after=2021-01-01 00:00:00+00:00
[2026-02-25T06:49:19.833+0530] {processor.py:183} INFO - Processing /Users/neerajvyas/learning/airflow/learn_airflow/airflow_home/venv/lib/python3.9/site-packages/airflow/example_dags/example_xcom.py took 0.081 seconds
[2026-02-25T06:50:12.029+0530] {processor.py:161} INFO - Started process (PID=67149) to work on /Users/neerajvyas/learning/airflow/learn_airflow/airflow_home/venv/lib/python3.9/site-packages/airflow/example_dags/example_xcom.py
[2026-02-25T06:50:12.030+0530] {processor.py:830} INFO - Processing file /Users/neerajvyas/learning/airflow/learn_airflow/airflow_home/venv/lib/python3.9/site-packages/airflow/example_dags/example_xcom.py for tasks to queue
[2026-02-25T06:50:12.031+0530] {logging_mixin.py:188} INFO - [2026-02-25T06:50:12.030+0530] {dagbag.py:538} INFO - Filling up the DagBag from /Users/neerajvyas/learning/airflow/learn_airflow/airflow_home/venv/lib/python3.9/site-packages/airflow/example_dags/example_xcom.py
[2026-02-25T06:50:12.045+0530] {processor.py:840} INFO - DAG(s) 'example_xcom' retrieved from /Users/neerajvyas/learning/airflow/learn_airflow/airflow_home/venv/lib/python3.9/site-packages/airflow/example_dags/example_xcom.py
[2026-02-25T06:50:12.088+0530] {logging_mixin.py:188} INFO - [2026-02-25T06:50:12.088+0530] {dag.py:3036} INFO - Sync 1 DAGs
[2026-02-25T06:50:12.095+0530] {logging_mixin.py:188} INFO - [2026-02-25T06:50:12.095+0530] {dag.py:3823} INFO - Setting next_dagrun for example_xcom to 2021-01-01 00:00:00+00:00, run_after=2021-01-01 00:00:00+00:00
[2026-02-25T06:50:12.102+0530] {processor.py:183} INFO - Processing /Users/neerajvyas/learning/airflow/learn_airflow/airflow_home/venv/lib/python3.9/site-packages/airflow/example_dags/example_xcom.py took 0.074 seconds
[2026-02-25T06:51:04.704+0530] {processor.py:161} INFO - Started process (PID=68895) to work on /Users/neerajvyas/learning/airflow/learn_airflow/airflow_home/venv/lib/python3.9/site-packages/airflow/example_dags/example_xcom.py
[2026-02-25T06:51:04.705+0530] {processor.py:830} INFO - Processing file /Users/neerajvyas/learning/airflow/learn_airflow/airflow_home/venv/lib/python3.9/site-packages/airflow/example_dags/example_xcom.py for tasks to queue
[2026-02-25T06:51:04.705+0530] {logging_mixin.py:188} INFO - [2026-02-25T06:51:04.705+0530] {dagbag.py:538} INFO - Filling up the DagBag from /Users/neerajvyas/learning/airflow/learn_airflow/airflow_home/venv/lib/python3.9/site-packages/airflow/example_dags/example_xcom.py
[2026-02-25T06:51:04.721+0530] {processor.py:840} INFO - DAG(s) 'example_xcom' retrieved from /Users/neerajvyas/learning/airflow/learn_airflow/airflow_home/venv/lib/python3.9/site-packages/airflow/example_dags/example_xcom.py
[2026-02-25T06:51:04.765+0530] {logging_mixin.py:188} INFO - [2026-02-25T06:51:04.765+0530] {dag.py:3036} INFO - Sync 1 DAGs
[2026-02-25T06:51:04.772+0530] {logging_mixin.py:188} INFO - [2026-02-25T06:51:04.772+0530] {dag.py:3823} INFO - Setting next_dagrun for example_xcom to 2021-01-01 00:00:00+00:00, run_after=2021-01-01 00:00:00+00:00
[2026-02-25T06:51:04.780+0530] {processor.py:183} INFO - Processing /Users/neerajvyas/learning/airflow/learn_airflow/airflow_home/venv/lib/python3.9/site-packages/airflow/example_dags/example_xcom.py took 0.077 seconds
[2026-02-25T06:51:58.998+0530] {processor.py:161} INFO - Started process (PID=70643) to work on /Users/neerajvyas/learning/airflow/learn_airflow/airflow_home/venv/lib/python3.9/site-packages/airflow/example_dags/example_xcom.py
[2026-02-25T06:51:58.998+0530] {processor.py:830} INFO - Processing file /Users/neerajvyas/learning/airflow/learn_airflow/airflow_home/venv/lib/python3.9/site-packages/airflow/example_dags/example_xcom.py for tasks to queue
[2026-02-25T06:51:58.999+0530] {logging_mixin.py:188} INFO - [2026-02-25T06:51:58.998+0530] {dagbag.py:538} INFO - Filling up the DagBag from /Users/neerajvyas/learning/airflow/learn_airflow/airflow_home/venv/lib/python3.9/site-packages/airflow/example_dags/example_xcom.py
[2026-02-25T06:51:59.014+0530] {processor.py:840} INFO - DAG(s) 'example_xcom' retrieved from /Users/neerajvyas/learning/airflow/learn_airflow/airflow_home/venv/lib/python3.9/site-packages/airflow/example_dags/example_xcom.py
[2026-02-25T06:51:59.058+0530] {logging_mixin.py:188} INFO - [2026-02-25T06:51:59.057+0530] {dag.py:3036} INFO - Sync 1 DAGs
[2026-02-25T06:51:59.065+0530] {logging_mixin.py:188} INFO - [2026-02-25T06:51:59.065+0530] {dag.py:3823} INFO - Setting next_dagrun for example_xcom to 2021-01-01 00:00:00+00:00, run_after=2021-01-01 00:00:00+00:00
[2026-02-25T06:51:59.071+0530] {processor.py:183} INFO - Processing /Users/neerajvyas/learning/airflow/learn_airflow/airflow_home/venv/lib/python3.9/site-packages/airflow/example_dags/example_xcom.py took 0.074 seconds
[2026-02-25T06:52:52.592+0530] {processor.py:161} INFO - Started process (PID=72523) to work on /Users/neerajvyas/learning/airflow/learn_airflow/airflow_home/venv/lib/python3.9/site-packages/airflow/example_dags/example_xcom.py
[2026-02-25T06:52:52.593+0530] {processor.py:830} INFO - Processing file /Users/neerajvyas/learning/airflow/learn_airflow/airflow_home/venv/lib/python3.9/site-packages/airflow/example_dags/example_xcom.py for tasks to queue
[2026-02-25T06:52:52.594+0530] {logging_mixin.py:188} INFO - [2026-02-25T06:52:52.594+0530] {dagbag.py:538} INFO - Filling up the DagBag from /Users/neerajvyas/learning/airflow/learn_airflow/airflow_home/venv/lib/python3.9/site-packages/airflow/example_dags/example_xcom.py
[2026-02-25T06:52:52.609+0530] {processor.py:840} INFO - DAG(s) 'example_xcom' retrieved from /Users/neerajvyas/learning/airflow/learn_airflow/airflow_home/venv/lib/python3.9/site-packages/airflow/example_dags/example_xcom.py
[2026-02-25T06:52:52.653+0530] {logging_mixin.py:188} INFO - [2026-02-25T06:52:52.652+0530] {dag.py:3036} INFO - Sync 1 DAGs
[2026-02-25T06:52:52.660+0530] {logging_mixin.py:188} INFO - [2026-02-25T06:52:52.660+0530] {dag.py:3823} INFO - Setting next_dagrun for example_xcom to 2021-01-01 00:00:00+00:00, run_after=2021-01-01 00:00:00+00:00
[2026-02-25T06:52:52.670+0530] {processor.py:183} INFO - Processing /Users/neerajvyas/learning/airflow/learn_airflow/airflow_home/venv/lib/python3.9/site-packages/airflow/example_dags/example_xcom.py took 0.078 seconds
[2026-02-25T06:53:46.484+0530] {processor.py:161} INFO - Started process (PID=74288) to work on /Users/neerajvyas/learning/airflow/learn_airflow/airflow_home/venv/lib/python3.9/site-packages/airflow/example_dags/example_xcom.py
[2026-02-25T06:53:46.485+0530] {processor.py:830} INFO - Processing file /Users/neerajvyas/learning/airflow/learn_airflow/airflow_home/venv/lib/python3.9/site-packages/airflow/example_dags/example_xcom.py for tasks to queue
[2026-02-25T06:53:46.486+0530] {logging_mixin.py:188} INFO - [2026-02-25T06:53:46.485+0530] {dagbag.py:538} INFO - Filling up the DagBag from /Users/neerajvyas/learning/airflow/learn_airflow/airflow_home/venv/lib/python3.9/site-packages/airflow/example_dags/example_xcom.py
[2026-02-25T06:53:46.503+0530] {processor.py:840} INFO - DAG(s) 'example_xcom' retrieved from /Users/neerajvyas/learning/airflow/learn_airflow/airflow_home/venv/lib/python3.9/site-packages/airflow/example_dags/example_xcom.py
[2026-02-25T06:53:46.548+0530] {logging_mixin.py:188} INFO - [2026-02-25T06:53:46.548+0530] {dag.py:3036} INFO - Sync 1 DAGs
[2026-02-25T06:53:46.556+0530] {logging_mixin.py:188} INFO - [2026-02-25T06:53:46.556+0530] {dag.py:3823} INFO - Setting next_dagrun for example_xcom to 2021-01-01 00:00:00+00:00, run_after=2021-01-01 00:00:00+00:00
[2026-02-25T06:53:46.565+0530] {processor.py:183} INFO - Processing /Users/neerajvyas/learning/airflow/learn_airflow/airflow_home/venv/lib/python3.9/site-packages/airflow/example_dags/example_xcom.py took 0.081 seconds
[2026-02-25T06:54:39.211+0530] {processor.py:161} INFO - Started process (PID=76379) to work on /Users/neerajvyas/learning/airflow/learn_airflow/airflow_home/venv/lib/python3.9/site-packages/airflow/example_dags/example_xcom.py
[2026-02-25T06:54:39.211+0530] {processor.py:830} INFO - Processing file /Users/neerajvyas/learning/airflow/learn_airflow/airflow_home/venv/lib/python3.9/site-packages/airflow/example_dags/example_xcom.py for tasks to queue
[2026-02-25T06:54:39.212+0530] {logging_mixin.py:188} INFO - [2026-02-25T06:54:39.212+0530] {dagbag.py:538} INFO - Filling up the DagBag from /Users/neerajvyas/learning/airflow/learn_airflow/airflow_home/venv/lib/python3.9/site-packages/airflow/example_dags/example_xcom.py
[2026-02-25T06:54:39.229+0530] {processor.py:840} INFO - DAG(s) 'example_xcom' retrieved from /Users/neerajvyas/learning/airflow/learn_airflow/airflow_home/venv/lib/python3.9/site-packages/airflow/example_dags/example_xcom.py
[2026-02-25T06:54:39.272+0530] {logging_mixin.py:188} INFO - [2026-02-25T06:54:39.272+0530] {dag.py:3036} INFO - Sync 1 DAGs
[2026-02-25T06:54:39.280+0530] {logging_mixin.py:188} INFO - [2026-02-25T06:54:39.280+0530] {dag.py:3823} INFO - Setting next_dagrun for example_xcom to 2021-01-01 00:00:00+00:00, run_after=2021-01-01 00:00:00+00:00
[2026-02-25T06:54:39.288+0530] {processor.py:183} INFO - Processing /Users/neerajvyas/learning/airflow/learn_airflow/airflow_home/venv/lib/python3.9/site-packages/airflow/example_dags/example_xcom.py took 0.078 seconds
[2026-02-25T06:55:33.566+0530] {processor.py:161} INFO - Started process (PID=78122) to work on /Users/neerajvyas/learning/airflow/learn_airflow/airflow_home/venv/lib/python3.9/site-packages/airflow/example_dags/example_xcom.py
[2026-02-25T06:55:33.567+0530] {processor.py:830} INFO - Processing file /Users/neerajvyas/learning/airflow/learn_airflow/airflow_home/venv/lib/python3.9/site-packages/airflow/example_dags/example_xcom.py for tasks to queue
[2026-02-25T06:55:33.568+0530] {logging_mixin.py:188} INFO - [2026-02-25T06:55:33.568+0530] {dagbag.py:538} INFO - Filling up the DagBag from /Users/neerajvyas/learning/airflow/learn_airflow/airflow_home/venv/lib/python3.9/site-packages/airflow/example_dags/example_xcom.py
[2026-02-25T06:55:33.583+0530] {processor.py:840} INFO - DAG(s) 'example_xcom' retrieved from /Users/neerajvyas/learning/airflow/learn_airflow/airflow_home/venv/lib/python3.9/site-packages/airflow/example_dags/example_xcom.py
[2026-02-25T06:55:33.627+0530] {logging_mixin.py:188} INFO - [2026-02-25T06:55:33.627+0530] {dag.py:3036} INFO - Sync 1 DAGs
[2026-02-25T06:55:33.634+0530] {logging_mixin.py:188} INFO - [2026-02-25T06:55:33.634+0530] {dag.py:3823} INFO - Setting next_dagrun for example_xcom to 2021-01-01 00:00:00+00:00, run_after=2021-01-01 00:00:00+00:00
[2026-02-25T06:55:33.641+0530] {processor.py:183} INFO - Processing /Users/neerajvyas/learning/airflow/learn_airflow/airflow_home/venv/lib/python3.9/site-packages/airflow/example_dags/example_xcom.py took 0.076 seconds
[2026-02-25T06:56:27.287+0530] {processor.py:161} INFO - Started process (PID=80225) to work on /Users/neerajvyas/learning/airflow/learn_airflow/airflow_home/venv/lib/python3.9/site-packages/airflow/example_dags/example_xcom.py
[2026-02-25T06:56:27.289+0530] {processor.py:830} INFO - Processing file /Users/neerajvyas/learning/airflow/learn_airflow/airflow_home/venv/lib/python3.9/site-packages/airflow/example_dags/example_xcom.py for tasks to queue
[2026-02-25T06:56:27.289+0530] {logging_mixin.py:188} INFO - [2026-02-25T06:56:27.289+0530] {dagbag.py:538} INFO - Filling up the DagBag from /Users/neerajvyas/learning/airflow/learn_airflow/airflow_home/venv/lib/python3.9/site-packages/airflow/example_dags/example_xcom.py
[2026-02-25T06:56:27.305+0530] {processor.py:840} INFO - DAG(s) 'example_xcom' retrieved from /Users/neerajvyas/learning/airflow/learn_airflow/airflow_home/venv/lib/python3.9/site-packages/airflow/example_dags/example_xcom.py
[2026-02-25T06:56:27.345+0530] {logging_mixin.py:188} INFO - [2026-02-25T06:56:27.345+0530] {dag.py:3036} INFO - Sync 1 DAGs
[2026-02-25T06:56:27.352+0530] {logging_mixin.py:188} INFO - [2026-02-25T06:56:27.352+0530] {dag.py:3823} INFO - Setting next_dagrun for example_xcom to 2021-01-01 00:00:00+00:00, run_after=2021-01-01 00:00:00+00:00
[2026-02-25T06:56:27.360+0530] {processor.py:183} INFO - Processing /Users/neerajvyas/learning/airflow/learn_airflow/airflow_home/venv/lib/python3.9/site-packages/airflow/example_dags/example_xcom.py took 0.073 seconds
[2026-02-25T06:57:23.015+0530] {processor.py:161} INFO - Started process (PID=82066) to work on /Users/neerajvyas/learning/airflow/learn_airflow/airflow_home/venv/lib/python3.9/site-packages/airflow/example_dags/example_xcom.py
[2026-02-25T06:57:23.016+0530] {processor.py:830} INFO - Processing file /Users/neerajvyas/learning/airflow/learn_airflow/airflow_home/venv/lib/python3.9/site-packages/airflow/example_dags/example_xcom.py for tasks to queue
[2026-02-25T06:57:23.017+0530] {logging_mixin.py:188} INFO - [2026-02-25T06:57:23.017+0530] {dagbag.py:538} INFO - Filling up the DagBag from /Users/neerajvyas/learning/airflow/learn_airflow/airflow_home/venv/lib/python3.9/site-packages/airflow/example_dags/example_xcom.py
[2026-02-25T06:57:23.032+0530] {processor.py:840} INFO - DAG(s) 'example_xcom' retrieved from /Users/neerajvyas/learning/airflow/learn_airflow/airflow_home/venv/lib/python3.9/site-packages/airflow/example_dags/example_xcom.py
[2026-02-25T06:57:23.080+0530] {logging_mixin.py:188} INFO - [2026-02-25T06:57:23.080+0530] {dag.py:3036} INFO - Sync 1 DAGs
[2026-02-25T06:57:23.088+0530] {logging_mixin.py:188} INFO - [2026-02-25T06:57:23.088+0530] {dag.py:3823} INFO - Setting next_dagrun for example_xcom to 2021-01-01 00:00:00+00:00, run_after=2021-01-01 00:00:00+00:00
[2026-02-25T06:57:23.097+0530] {processor.py:183} INFO - Processing /Users/neerajvyas/learning/airflow/learn_airflow/airflow_home/venv/lib/python3.9/site-packages/airflow/example_dags/example_xcom.py took 0.083 seconds
[2026-02-25T06:58:16.973+0530] {processor.py:161} INFO - Started process (PID=84338) to work on /Users/neerajvyas/learning/airflow/learn_airflow/airflow_home/venv/lib/python3.9/site-packages/airflow/example_dags/example_xcom.py
[2026-02-25T06:58:16.974+0530] {processor.py:830} INFO - Processing file /Users/neerajvyas/learning/airflow/learn_airflow/airflow_home/venv/lib/python3.9/site-packages/airflow/example_dags/example_xcom.py for tasks to queue
[2026-02-25T06:58:16.975+0530] {logging_mixin.py:188} INFO - [2026-02-25T06:58:16.975+0530] {dagbag.py:538} INFO - Filling up the DagBag from /Users/neerajvyas/learning/airflow/learn_airflow/airflow_home/venv/lib/python3.9/site-packages/airflow/example_dags/example_xcom.py
[2026-02-25T06:58:16.991+0530] {processor.py:840} INFO - DAG(s) 'example_xcom' retrieved from /Users/neerajvyas/learning/airflow/learn_airflow/airflow_home/venv/lib/python3.9/site-packages/airflow/example_dags/example_xcom.py
[2026-02-25T06:58:17.033+0530] {logging_mixin.py:188} INFO - [2026-02-25T06:58:17.033+0530] {dag.py:3036} INFO - Sync 1 DAGs
[2026-02-25T06:58:17.040+0530] {logging_mixin.py:188} INFO - [2026-02-25T06:58:17.040+0530] {dag.py:3823} INFO - Setting next_dagrun for example_xcom to 2021-01-01 00:00:00+00:00, run_after=2021-01-01 00:00:00+00:00
[2026-02-25T06:58:17.049+0530] {processor.py:183} INFO - Processing /Users/neerajvyas/learning/airflow/learn_airflow/airflow_home/venv/lib/python3.9/site-packages/airflow/example_dags/example_xcom.py took 0.076 seconds
[2026-02-25T06:59:09.438+0530] {processor.py:161} INFO - Started process (PID=86097) to work on /Users/neerajvyas/learning/airflow/learn_airflow/airflow_home/venv/lib/python3.9/site-packages/airflow/example_dags/example_xcom.py
[2026-02-25T06:59:09.440+0530] {processor.py:830} INFO - Processing file /Users/neerajvyas/learning/airflow/learn_airflow/airflow_home/venv/lib/python3.9/site-packages/airflow/example_dags/example_xcom.py for tasks to queue
[2026-02-25T06:59:09.440+0530] {logging_mixin.py:188} INFO - [2026-02-25T06:59:09.440+0530] {dagbag.py:538} INFO - Filling up the DagBag from /Users/neerajvyas/learning/airflow/learn_airflow/airflow_home/venv/lib/python3.9/site-packages/airflow/example_dags/example_xcom.py
[2026-02-25T06:59:09.455+0530] {processor.py:840} INFO - DAG(s) 'example_xcom' retrieved from /Users/neerajvyas/learning/airflow/learn_airflow/airflow_home/venv/lib/python3.9/site-packages/airflow/example_dags/example_xcom.py
[2026-02-25T06:59:09.505+0530] {logging_mixin.py:188} INFO - [2026-02-25T06:59:09.505+0530] {dag.py:3036} INFO - Sync 1 DAGs
[2026-02-25T06:59:09.513+0530] {logging_mixin.py:188} INFO - [2026-02-25T06:59:09.513+0530] {dag.py:3823} INFO - Setting next_dagrun for example_xcom to 2021-01-01 00:00:00+00:00, run_after=2021-01-01 00:00:00+00:00
[2026-02-25T06:59:09.521+0530] {processor.py:183} INFO - Processing /Users/neerajvyas/learning/airflow/learn_airflow/airflow_home/venv/lib/python3.9/site-packages/airflow/example_dags/example_xcom.py took 0.084 seconds
[2026-02-25T07:00:03.702+0530] {processor.py:161} INFO - Started process (PID=87929) to work on /Users/neerajvyas/learning/airflow/learn_airflow/airflow_home/venv/lib/python3.9/site-packages/airflow/example_dags/example_xcom.py
[2026-02-25T07:00:03.703+0530] {processor.py:830} INFO - Processing file /Users/neerajvyas/learning/airflow/learn_airflow/airflow_home/venv/lib/python3.9/site-packages/airflow/example_dags/example_xcom.py for tasks to queue
[2026-02-25T07:00:03.703+0530] {logging_mixin.py:188} INFO - [2026-02-25T07:00:03.703+0530] {dagbag.py:538} INFO - Filling up the DagBag from /Users/neerajvyas/learning/airflow/learn_airflow/airflow_home/venv/lib/python3.9/site-packages/airflow/example_dags/example_xcom.py
[2026-02-25T07:00:03.719+0530] {processor.py:840} INFO - DAG(s) 'example_xcom' retrieved from /Users/neerajvyas/learning/airflow/learn_airflow/airflow_home/venv/lib/python3.9/site-packages/airflow/example_dags/example_xcom.py
[2026-02-25T07:00:03.761+0530] {logging_mixin.py:188} INFO - [2026-02-25T07:00:03.761+0530] {dag.py:3036} INFO - Sync 1 DAGs
[2026-02-25T07:00:03.768+0530] {logging_mixin.py:188} INFO - [2026-02-25T07:00:03.768+0530] {dag.py:3823} INFO - Setting next_dagrun for example_xcom to 2021-01-01 00:00:00+00:00, run_after=2021-01-01 00:00:00+00:00
[2026-02-25T07:00:03.775+0530] {processor.py:183} INFO - Processing /Users/neerajvyas/learning/airflow/learn_airflow/airflow_home/venv/lib/python3.9/site-packages/airflow/example_dags/example_xcom.py took 0.074 seconds
[2026-02-25T07:00:56.935+0530] {processor.py:161} INFO - Started process (PID=89673) to work on /Users/neerajvyas/learning/airflow/learn_airflow/airflow_home/venv/lib/python3.9/site-packages/airflow/example_dags/example_xcom.py
[2026-02-25T07:00:56.936+0530] {processor.py:830} INFO - Processing file /Users/neerajvyas/learning/airflow/learn_airflow/airflow_home/venv/lib/python3.9/site-packages/airflow/example_dags/example_xcom.py for tasks to queue
[2026-02-25T07:00:56.937+0530] {logging_mixin.py:188} INFO - [2026-02-25T07:00:56.937+0530] {dagbag.py:538} INFO - Filling up the DagBag from /Users/neerajvyas/learning/airflow/learn_airflow/airflow_home/venv/lib/python3.9/site-packages/airflow/example_dags/example_xcom.py
[2026-02-25T07:00:56.952+0530] {processor.py:840} INFO - DAG(s) 'example_xcom' retrieved from /Users/neerajvyas/learning/airflow/learn_airflow/airflow_home/venv/lib/python3.9/site-packages/airflow/example_dags/example_xcom.py
[2026-02-25T07:00:56.994+0530] {logging_mixin.py:188} INFO - [2026-02-25T07:00:56.994+0530] {dag.py:3036} INFO - Sync 1 DAGs
[2026-02-25T07:00:57.001+0530] {logging_mixin.py:188} INFO - [2026-02-25T07:00:57.001+0530] {dag.py:3823} INFO - Setting next_dagrun for example_xcom to 2021-01-01 00:00:00+00:00, run_after=2021-01-01 00:00:00+00:00
[2026-02-25T07:00:57.009+0530] {processor.py:183} INFO - Processing /Users/neerajvyas/learning/airflow/learn_airflow/airflow_home/venv/lib/python3.9/site-packages/airflow/example_dags/example_xcom.py took 0.075 seconds
[2026-02-25T07:01:52.316+0530] {processor.py:161} INFO - Started process (PID=92128) to work on /Users/neerajvyas/learning/airflow/learn_airflow/airflow_home/venv/lib/python3.9/site-packages/airflow/example_dags/example_xcom.py
[2026-02-25T07:01:52.317+0530] {processor.py:830} INFO - Processing file /Users/neerajvyas/learning/airflow/learn_airflow/airflow_home/venv/lib/python3.9/site-packages/airflow/example_dags/example_xcom.py for tasks to queue
[2026-02-25T07:01:52.317+0530] {logging_mixin.py:188} INFO - [2026-02-25T07:01:52.317+0530] {dagbag.py:538} INFO - Filling up the DagBag from /Users/neerajvyas/learning/airflow/learn_airflow/airflow_home/venv/lib/python3.9/site-packages/airflow/example_dags/example_xcom.py
[2026-02-25T07:01:52.334+0530] {processor.py:840} INFO - DAG(s) 'example_xcom' retrieved from /Users/neerajvyas/learning/airflow/learn_airflow/airflow_home/venv/lib/python3.9/site-packages/airflow/example_dags/example_xcom.py
[2026-02-25T07:01:52.380+0530] {logging_mixin.py:188} INFO - [2026-02-25T07:01:52.380+0530] {dag.py:3036} INFO - Sync 1 DAGs
[2026-02-25T07:01:52.387+0530] {logging_mixin.py:188} INFO - [2026-02-25T07:01:52.386+0530] {dag.py:3823} INFO - Setting next_dagrun for example_xcom to 2021-01-01 00:00:00+00:00, run_after=2021-01-01 00:00:00+00:00
[2026-02-25T07:01:52.395+0530] {processor.py:183} INFO - Processing /Users/neerajvyas/learning/airflow/learn_airflow/airflow_home/venv/lib/python3.9/site-packages/airflow/example_dags/example_xcom.py took 0.079 seconds
[2026-02-25T07:02:48.530+0530] {processor.py:161} INFO - Started process (PID=93871) to work on /Users/neerajvyas/learning/airflow/learn_airflow/airflow_home/venv/lib/python3.9/site-packages/airflow/example_dags/example_xcom.py
[2026-02-25T07:02:48.530+0530] {processor.py:830} INFO - Processing file /Users/neerajvyas/learning/airflow/learn_airflow/airflow_home/venv/lib/python3.9/site-packages/airflow/example_dags/example_xcom.py for tasks to queue
[2026-02-25T07:02:48.531+0530] {logging_mixin.py:188} INFO - [2026-02-25T07:02:48.531+0530] {dagbag.py:538} INFO - Filling up the DagBag from /Users/neerajvyas/learning/airflow/learn_airflow/airflow_home/venv/lib/python3.9/site-packages/airflow/example_dags/example_xcom.py
[2026-02-25T07:02:48.548+0530] {processor.py:840} INFO - DAG(s) 'example_xcom' retrieved from /Users/neerajvyas/learning/airflow/learn_airflow/airflow_home/venv/lib/python3.9/site-packages/airflow/example_dags/example_xcom.py
[2026-02-25T07:02:48.592+0530] {logging_mixin.py:188} INFO - [2026-02-25T07:02:48.592+0530] {dag.py:3036} INFO - Sync 1 DAGs
[2026-02-25T07:02:48.601+0530] {logging_mixin.py:188} INFO - [2026-02-25T07:02:48.600+0530] {dag.py:3823} INFO - Setting next_dagrun for example_xcom to 2021-01-01 00:00:00+00:00, run_after=2021-01-01 00:00:00+00:00
[2026-02-25T07:02:48.609+0530] {processor.py:183} INFO - Processing /Users/neerajvyas/learning/airflow/learn_airflow/airflow_home/venv/lib/python3.9/site-packages/airflow/example_dags/example_xcom.py took 0.080 seconds
[2026-02-25T07:03:44.403+0530] {processor.py:161} INFO - Started process (PID=96039) to work on /Users/neerajvyas/learning/airflow/learn_airflow/airflow_home/venv/lib/python3.9/site-packages/airflow/example_dags/example_xcom.py
[2026-02-25T07:03:44.405+0530] {processor.py:830} INFO - Processing file /Users/neerajvyas/learning/airflow/learn_airflow/airflow_home/venv/lib/python3.9/site-packages/airflow/example_dags/example_xcom.py for tasks to queue
[2026-02-25T07:03:44.405+0530] {logging_mixin.py:188} INFO - [2026-02-25T07:03:44.405+0530] {dagbag.py:538} INFO - Filling up the DagBag from /Users/neerajvyas/learning/airflow/learn_airflow/airflow_home/venv/lib/python3.9/site-packages/airflow/example_dags/example_xcom.py
[2026-02-25T07:03:44.421+0530] {processor.py:840} INFO - DAG(s) 'example_xcom' retrieved from /Users/neerajvyas/learning/airflow/learn_airflow/airflow_home/venv/lib/python3.9/site-packages/airflow/example_dags/example_xcom.py
[2026-02-25T07:03:44.464+0530] {logging_mixin.py:188} INFO - [2026-02-25T07:03:44.464+0530] {dag.py:3036} INFO - Sync 1 DAGs
[2026-02-25T07:03:44.471+0530] {logging_mixin.py:188} INFO - [2026-02-25T07:03:44.471+0530] {dag.py:3823} INFO - Setting next_dagrun for example_xcom to 2021-01-01 00:00:00+00:00, run_after=2021-01-01 00:00:00+00:00
[2026-02-25T07:03:44.478+0530] {processor.py:183} INFO - Processing /Users/neerajvyas/learning/airflow/learn_airflow/airflow_home/venv/lib/python3.9/site-packages/airflow/example_dags/example_xcom.py took 0.075 seconds
