[2026-02-25T06:47:12.184+0530] {processor.py:161} INFO - Started process (PID=60752) to work on /Users/neerajvyas/learning/airflow/learn_airflow/airflow_home/venv/lib/python3.9/site-packages/airflow/example_dags/example_subdag_operator.py
[2026-02-25T06:47:12.184+0530] {processor.py:830} INFO - Processing file /Users/neerajvyas/learning/airflow/learn_airflow/airflow_home/venv/lib/python3.9/site-packages/airflow/example_dags/example_subdag_operator.py for tasks to queue
[2026-02-25T06:47:12.185+0530] {logging_mixin.py:188} INFO - [2026-02-25T06:47:12.185+0530] {dagbag.py:538} INFO - Filling up the DagBag from /Users/neerajvyas/learning/airflow/learn_airflow/airflow_home/venv/lib/python3.9/site-packages/airflow/example_dags/example_subdag_operator.py
[2026-02-25T06:47:12.235+0530] {processor.py:840} INFO - DAG(s) 'example_subdag_operator.section-1', 'example_subdag_operator.section-2', 'example_subdag_operator' retrieved from /Users/neerajvyas/learning/airflow/learn_airflow/airflow_home/venv/lib/python3.9/site-packages/airflow/example_dags/example_subdag_operator.py
[2026-02-25T06:47:12.283+0530] {logging_mixin.py:188} INFO - [2026-02-25T06:47:12.283+0530] {override.py:1769} INFO - Created Permission View: can edit on DAG:example_subdag_operator
[2026-02-25T06:47:12.286+0530] {logging_mixin.py:188} INFO - [2026-02-25T06:47:12.286+0530] {override.py:1769} INFO - Created Permission View: can read on DAG:example_subdag_operator
[2026-02-25T06:47:12.289+0530] {logging_mixin.py:188} INFO - [2026-02-25T06:47:12.289+0530] {override.py:1769} INFO - Created Permission View: can delete on DAG:example_subdag_operator
[2026-02-25T06:47:12.290+0530] {logging_mixin.py:188} INFO - [2026-02-25T06:47:12.289+0530] {dag.py:3036} INFO - Sync 3 DAGs
[2026-02-25T06:47:12.294+0530] {logging_mixin.py:188} INFO - [2026-02-25T06:47:12.294+0530] {dag.py:3058} INFO - Creating ORM DAG for example_subdag_operator
[2026-02-25T06:47:12.294+0530] {logging_mixin.py:188} INFO - [2026-02-25T06:47:12.294+0530] {dag.py:3058} INFO - Creating ORM DAG for example_subdag_operator.section-1
[2026-02-25T06:47:12.294+0530] {logging_mixin.py:188} INFO - [2026-02-25T06:47:12.294+0530] {dag.py:3058} INFO - Creating ORM DAG for example_subdag_operator.section-2
[2026-02-25T06:47:12.297+0530] {logging_mixin.py:188} INFO - [2026-02-25T06:47:12.297+0530] {dag.py:3823} INFO - Setting next_dagrun for example_subdag_operator to 2022-01-01 00:00:00+00:00, run_after=2022-01-01 00:00:00+00:00
[2026-02-25T06:47:12.297+0530] {logging_mixin.py:188} INFO - [2026-02-25T06:47:12.297+0530] {dag.py:3823} INFO - Setting next_dagrun for example_subdag_operator.section-1 to None, run_after=None
[2026-02-25T06:47:12.297+0530] {logging_mixin.py:188} INFO - [2026-02-25T06:47:12.297+0530] {dag.py:3823} INFO - Setting next_dagrun for example_subdag_operator.section-2 to None, run_after=None
[2026-02-25T06:47:12.300+0530] {logging_mixin.py:188} INFO - [2026-02-25T06:47:12.300+0530] {dag.py:3036} INFO - Sync 2 DAGs
[2026-02-25T06:47:12.302+0530] {logging_mixin.py:188} INFO - [2026-02-25T06:47:12.302+0530] {dag.py:3823} INFO - Setting next_dagrun for example_subdag_operator.section-1 to None, run_after=None
[2026-02-25T06:47:12.303+0530] {logging_mixin.py:188} INFO - [2026-02-25T06:47:12.303+0530] {dag.py:3823} INFO - Setting next_dagrun for example_subdag_operator.section-2 to None, run_after=None
[2026-02-25T06:47:12.308+0530] {processor.py:183} INFO - Processing /Users/neerajvyas/learning/airflow/learn_airflow/airflow_home/venv/lib/python3.9/site-packages/airflow/example_dags/example_subdag_operator.py took 0.125 seconds
[2026-02-25T06:48:36.070+0530] {processor.py:161} INFO - Started process (PID=63556) to work on /Users/neerajvyas/learning/airflow/learn_airflow/airflow_home/venv/lib/python3.9/site-packages/airflow/example_dags/example_subdag_operator.py
[2026-02-25T06:48:36.071+0530] {processor.py:830} INFO - Processing file /Users/neerajvyas/learning/airflow/learn_airflow/airflow_home/venv/lib/python3.9/site-packages/airflow/example_dags/example_subdag_operator.py for tasks to queue
[2026-02-25T06:48:36.071+0530] {logging_mixin.py:188} INFO - [2026-02-25T06:48:36.071+0530] {dagbag.py:538} INFO - Filling up the DagBag from /Users/neerajvyas/learning/airflow/learn_airflow/airflow_home/venv/lib/python3.9/site-packages/airflow/example_dags/example_subdag_operator.py
[2026-02-25T06:48:36.123+0530] {processor.py:840} INFO - DAG(s) 'example_subdag_operator.section-1', 'example_subdag_operator.section-2', 'example_subdag_operator' retrieved from /Users/neerajvyas/learning/airflow/learn_airflow/airflow_home/venv/lib/python3.9/site-packages/airflow/example_dags/example_subdag_operator.py
[2026-02-25T06:48:36.136+0530] {logging_mixin.py:188} INFO - [2026-02-25T06:48:36.136+0530] {dag.py:3036} INFO - Sync 3 DAGs
[2026-02-25T06:48:36.143+0530] {logging_mixin.py:188} INFO - [2026-02-25T06:48:36.143+0530] {dag.py:3823} INFO - Setting next_dagrun for example_subdag_operator to 2022-01-01 00:00:00+00:00, run_after=2022-01-01 00:00:00+00:00
[2026-02-25T06:48:36.144+0530] {logging_mixin.py:188} INFO - [2026-02-25T06:48:36.144+0530] {dag.py:3823} INFO - Setting next_dagrun for example_subdag_operator.section-1 to None, run_after=None
[2026-02-25T06:48:36.144+0530] {logging_mixin.py:188} INFO - [2026-02-25T06:48:36.144+0530] {dag.py:3823} INFO - Setting next_dagrun for example_subdag_operator.section-2 to None, run_after=None
[2026-02-25T06:48:36.147+0530] {logging_mixin.py:188} INFO - [2026-02-25T06:48:36.147+0530] {dag.py:3036} INFO - Sync 2 DAGs
[2026-02-25T06:48:36.148+0530] {logging_mixin.py:188} INFO - [2026-02-25T06:48:36.148+0530] {dag.py:3823} INFO - Setting next_dagrun for example_subdag_operator.section-1 to None, run_after=None
[2026-02-25T06:48:36.149+0530] {logging_mixin.py:188} INFO - [2026-02-25T06:48:36.149+0530] {dag.py:3823} INFO - Setting next_dagrun for example_subdag_operator.section-2 to None, run_after=None
[2026-02-25T06:48:36.153+0530] {processor.py:183} INFO - Processing /Users/neerajvyas/learning/airflow/learn_airflow/airflow_home/venv/lib/python3.9/site-packages/airflow/example_dags/example_subdag_operator.py took 0.083 seconds
[2026-02-25T06:50:23.319+0530] {processor.py:161} INFO - Started process (PID=67502) to work on /Users/neerajvyas/learning/airflow/learn_airflow/airflow_home/venv/lib/python3.9/site-packages/airflow/example_dags/example_subdag_operator.py
[2026-02-25T06:50:23.320+0530] {processor.py:830} INFO - Processing file /Users/neerajvyas/learning/airflow/learn_airflow/airflow_home/venv/lib/python3.9/site-packages/airflow/example_dags/example_subdag_operator.py for tasks to queue
[2026-02-25T06:50:23.320+0530] {logging_mixin.py:188} INFO - [2026-02-25T06:50:23.320+0530] {dagbag.py:538} INFO - Filling up the DagBag from /Users/neerajvyas/learning/airflow/learn_airflow/airflow_home/venv/lib/python3.9/site-packages/airflow/example_dags/example_subdag_operator.py
[2026-02-25T06:50:23.361+0530] {processor.py:840} INFO - DAG(s) 'example_subdag_operator.section-1', 'example_subdag_operator.section-2', 'example_subdag_operator' retrieved from /Users/neerajvyas/learning/airflow/learn_airflow/airflow_home/venv/lib/python3.9/site-packages/airflow/example_dags/example_subdag_operator.py
[2026-02-25T06:50:23.376+0530] {logging_mixin.py:188} INFO - [2026-02-25T06:50:23.376+0530] {dag.py:3036} INFO - Sync 3 DAGs
[2026-02-25T06:50:23.383+0530] {logging_mixin.py:188} INFO - [2026-02-25T06:50:23.383+0530] {dag.py:3823} INFO - Setting next_dagrun for example_subdag_operator to 2022-01-01 00:00:00+00:00, run_after=2022-01-01 00:00:00+00:00
[2026-02-25T06:50:23.384+0530] {logging_mixin.py:188} INFO - [2026-02-25T06:50:23.384+0530] {dag.py:3823} INFO - Setting next_dagrun for example_subdag_operator.section-1 to None, run_after=None
[2026-02-25T06:50:23.384+0530] {logging_mixin.py:188} INFO - [2026-02-25T06:50:23.384+0530] {dag.py:3823} INFO - Setting next_dagrun for example_subdag_operator.section-2 to None, run_after=None
[2026-02-25T06:50:23.387+0530] {logging_mixin.py:188} INFO - [2026-02-25T06:50:23.387+0530] {dag.py:3036} INFO - Sync 2 DAGs
[2026-02-25T06:50:23.388+0530] {logging_mixin.py:188} INFO - [2026-02-25T06:50:23.388+0530] {dag.py:3823} INFO - Setting next_dagrun for example_subdag_operator.section-1 to None, run_after=None
[2026-02-25T06:50:23.388+0530] {logging_mixin.py:188} INFO - [2026-02-25T06:50:23.388+0530] {dag.py:3823} INFO - Setting next_dagrun for example_subdag_operator.section-2 to None, run_after=None
[2026-02-25T06:50:23.393+0530] {processor.py:183} INFO - Processing /Users/neerajvyas/learning/airflow/learn_airflow/airflow_home/venv/lib/python3.9/site-packages/airflow/example_dags/example_subdag_operator.py took 0.075 seconds
[2026-02-25T06:52:09.940+0530] {processor.py:161} INFO - Started process (PID=71035) to work on /Users/neerajvyas/learning/airflow/learn_airflow/airflow_home/venv/lib/python3.9/site-packages/airflow/example_dags/example_subdag_operator.py
[2026-02-25T06:52:09.942+0530] {processor.py:830} INFO - Processing file /Users/neerajvyas/learning/airflow/learn_airflow/airflow_home/venv/lib/python3.9/site-packages/airflow/example_dags/example_subdag_operator.py for tasks to queue
[2026-02-25T06:52:09.942+0530] {logging_mixin.py:188} INFO - [2026-02-25T06:52:09.942+0530] {dagbag.py:538} INFO - Filling up the DagBag from /Users/neerajvyas/learning/airflow/learn_airflow/airflow_home/venv/lib/python3.9/site-packages/airflow/example_dags/example_subdag_operator.py
[2026-02-25T06:52:09.990+0530] {processor.py:840} INFO - DAG(s) 'example_subdag_operator.section-1', 'example_subdag_operator.section-2', 'example_subdag_operator' retrieved from /Users/neerajvyas/learning/airflow/learn_airflow/airflow_home/venv/lib/python3.9/site-packages/airflow/example_dags/example_subdag_operator.py
[2026-02-25T06:52:10.004+0530] {logging_mixin.py:188} INFO - [2026-02-25T06:52:10.004+0530] {dag.py:3036} INFO - Sync 3 DAGs
[2026-02-25T06:52:10.010+0530] {logging_mixin.py:188} INFO - [2026-02-25T06:52:10.010+0530] {dag.py:3823} INFO - Setting next_dagrun for example_subdag_operator to 2022-01-01 00:00:00+00:00, run_after=2022-01-01 00:00:00+00:00
[2026-02-25T06:52:10.012+0530] {logging_mixin.py:188} INFO - [2026-02-25T06:52:10.012+0530] {dag.py:3823} INFO - Setting next_dagrun for example_subdag_operator.section-1 to None, run_after=None
[2026-02-25T06:52:10.012+0530] {logging_mixin.py:188} INFO - [2026-02-25T06:52:10.012+0530] {dag.py:3823} INFO - Setting next_dagrun for example_subdag_operator.section-2 to None, run_after=None
[2026-02-25T06:52:10.015+0530] {logging_mixin.py:188} INFO - [2026-02-25T06:52:10.015+0530] {dag.py:3036} INFO - Sync 2 DAGs
[2026-02-25T06:52:10.017+0530] {logging_mixin.py:188} INFO - [2026-02-25T06:52:10.017+0530] {dag.py:3823} INFO - Setting next_dagrun for example_subdag_operator.section-1 to None, run_after=None
[2026-02-25T06:52:10.017+0530] {logging_mixin.py:188} INFO - [2026-02-25T06:52:10.017+0530] {dag.py:3823} INFO - Setting next_dagrun for example_subdag_operator.section-2 to None, run_after=None
[2026-02-25T06:52:10.022+0530] {processor.py:183} INFO - Processing /Users/neerajvyas/learning/airflow/learn_airflow/airflow_home/venv/lib/python3.9/site-packages/airflow/example_dags/example_subdag_operator.py took 0.083 seconds
[2026-02-25T06:53:55.441+0530] {processor.py:161} INFO - Started process (PID=74637) to work on /Users/neerajvyas/learning/airflow/learn_airflow/airflow_home/venv/lib/python3.9/site-packages/airflow/example_dags/example_subdag_operator.py
[2026-02-25T06:53:55.442+0530] {processor.py:830} INFO - Processing file /Users/neerajvyas/learning/airflow/learn_airflow/airflow_home/venv/lib/python3.9/site-packages/airflow/example_dags/example_subdag_operator.py for tasks to queue
[2026-02-25T06:53:55.442+0530] {logging_mixin.py:188} INFO - [2026-02-25T06:53:55.442+0530] {dagbag.py:538} INFO - Filling up the DagBag from /Users/neerajvyas/learning/airflow/learn_airflow/airflow_home/venv/lib/python3.9/site-packages/airflow/example_dags/example_subdag_operator.py
[2026-02-25T06:53:55.486+0530] {processor.py:840} INFO - DAG(s) 'example_subdag_operator.section-1', 'example_subdag_operator.section-2', 'example_subdag_operator' retrieved from /Users/neerajvyas/learning/airflow/learn_airflow/airflow_home/venv/lib/python3.9/site-packages/airflow/example_dags/example_subdag_operator.py
[2026-02-25T06:53:55.500+0530] {logging_mixin.py:188} INFO - [2026-02-25T06:53:55.500+0530] {dag.py:3036} INFO - Sync 3 DAGs
[2026-02-25T06:53:55.506+0530] {logging_mixin.py:188} INFO - [2026-02-25T06:53:55.506+0530] {dag.py:3823} INFO - Setting next_dagrun for example_subdag_operator to 2022-01-01 00:00:00+00:00, run_after=2022-01-01 00:00:00+00:00
[2026-02-25T06:53:55.507+0530] {logging_mixin.py:188} INFO - [2026-02-25T06:53:55.507+0530] {dag.py:3823} INFO - Setting next_dagrun for example_subdag_operator.section-1 to None, run_after=None
[2026-02-25T06:53:55.508+0530] {logging_mixin.py:188} INFO - [2026-02-25T06:53:55.508+0530] {dag.py:3823} INFO - Setting next_dagrun for example_subdag_operator.section-2 to None, run_after=None
[2026-02-25T06:53:55.510+0530] {logging_mixin.py:188} INFO - [2026-02-25T06:53:55.510+0530] {dag.py:3036} INFO - Sync 2 DAGs
[2026-02-25T06:53:55.512+0530] {logging_mixin.py:188} INFO - [2026-02-25T06:53:55.512+0530] {dag.py:3823} INFO - Setting next_dagrun for example_subdag_operator.section-1 to None, run_after=None
[2026-02-25T06:53:55.512+0530] {logging_mixin.py:188} INFO - [2026-02-25T06:53:55.512+0530] {dag.py:3823} INFO - Setting next_dagrun for example_subdag_operator.section-2 to None, run_after=None
[2026-02-25T06:53:55.516+0530] {processor.py:183} INFO - Processing /Users/neerajvyas/learning/airflow/learn_airflow/airflow_home/venv/lib/python3.9/site-packages/airflow/example_dags/example_subdag_operator.py took 0.076 seconds
[2026-02-25T06:55:42.596+0530] {processor.py:161} INFO - Started process (PID=78475) to work on /Users/neerajvyas/learning/airflow/learn_airflow/airflow_home/venv/lib/python3.9/site-packages/airflow/example_dags/example_subdag_operator.py
[2026-02-25T06:55:42.597+0530] {processor.py:830} INFO - Processing file /Users/neerajvyas/learning/airflow/learn_airflow/airflow_home/venv/lib/python3.9/site-packages/airflow/example_dags/example_subdag_operator.py for tasks to queue
[2026-02-25T06:55:42.598+0530] {logging_mixin.py:188} INFO - [2026-02-25T06:55:42.598+0530] {dagbag.py:538} INFO - Filling up the DagBag from /Users/neerajvyas/learning/airflow/learn_airflow/airflow_home/venv/lib/python3.9/site-packages/airflow/example_dags/example_subdag_operator.py
[2026-02-25T06:55:42.644+0530] {processor.py:840} INFO - DAG(s) 'example_subdag_operator.section-1', 'example_subdag_operator.section-2', 'example_subdag_operator' retrieved from /Users/neerajvyas/learning/airflow/learn_airflow/airflow_home/venv/lib/python3.9/site-packages/airflow/example_dags/example_subdag_operator.py
[2026-02-25T06:55:42.658+0530] {logging_mixin.py:188} INFO - [2026-02-25T06:55:42.658+0530] {dag.py:3036} INFO - Sync 3 DAGs
[2026-02-25T06:55:42.665+0530] {logging_mixin.py:188} INFO - [2026-02-25T06:55:42.665+0530] {dag.py:3823} INFO - Setting next_dagrun for example_subdag_operator to 2022-01-01 00:00:00+00:00, run_after=2022-01-01 00:00:00+00:00
[2026-02-25T06:55:42.666+0530] {logging_mixin.py:188} INFO - [2026-02-25T06:55:42.666+0530] {dag.py:3823} INFO - Setting next_dagrun for example_subdag_operator.section-1 to None, run_after=None
[2026-02-25T06:55:42.666+0530] {logging_mixin.py:188} INFO - [2026-02-25T06:55:42.666+0530] {dag.py:3823} INFO - Setting next_dagrun for example_subdag_operator.section-2 to None, run_after=None
[2026-02-25T06:55:42.669+0530] {logging_mixin.py:188} INFO - [2026-02-25T06:55:42.669+0530] {dag.py:3036} INFO - Sync 2 DAGs
[2026-02-25T06:55:42.670+0530] {logging_mixin.py:188} INFO - [2026-02-25T06:55:42.670+0530] {dag.py:3823} INFO - Setting next_dagrun for example_subdag_operator.section-1 to None, run_after=None
[2026-02-25T06:55:42.670+0530] {logging_mixin.py:188} INFO - [2026-02-25T06:55:42.670+0530] {dag.py:3823} INFO - Setting next_dagrun for example_subdag_operator.section-2 to None, run_after=None
[2026-02-25T06:55:42.675+0530] {processor.py:183} INFO - Processing /Users/neerajvyas/learning/airflow/learn_airflow/airflow_home/venv/lib/python3.9/site-packages/airflow/example_dags/example_subdag_operator.py took 0.080 seconds
[2026-02-25T06:57:31.976+0530] {processor.py:161} INFO - Started process (PID=82414) to work on /Users/neerajvyas/learning/airflow/learn_airflow/airflow_home/venv/lib/python3.9/site-packages/airflow/example_dags/example_subdag_operator.py
[2026-02-25T06:57:31.977+0530] {processor.py:830} INFO - Processing file /Users/neerajvyas/learning/airflow/learn_airflow/airflow_home/venv/lib/python3.9/site-packages/airflow/example_dags/example_subdag_operator.py for tasks to queue
[2026-02-25T06:57:31.978+0530] {logging_mixin.py:188} INFO - [2026-02-25T06:57:31.977+0530] {dagbag.py:538} INFO - Filling up the DagBag from /Users/neerajvyas/learning/airflow/learn_airflow/airflow_home/venv/lib/python3.9/site-packages/airflow/example_dags/example_subdag_operator.py
[2026-02-25T06:57:32.024+0530] {processor.py:840} INFO - DAG(s) 'example_subdag_operator.section-1', 'example_subdag_operator.section-2', 'example_subdag_operator' retrieved from /Users/neerajvyas/learning/airflow/learn_airflow/airflow_home/venv/lib/python3.9/site-packages/airflow/example_dags/example_subdag_operator.py
[2026-02-25T06:57:32.039+0530] {logging_mixin.py:188} INFO - [2026-02-25T06:57:32.039+0530] {dag.py:3036} INFO - Sync 3 DAGs
[2026-02-25T06:57:32.047+0530] {logging_mixin.py:188} INFO - [2026-02-25T06:57:32.047+0530] {dag.py:3823} INFO - Setting next_dagrun for example_subdag_operator to 2022-01-01 00:00:00+00:00, run_after=2022-01-01 00:00:00+00:00
[2026-02-25T06:57:32.049+0530] {logging_mixin.py:188} INFO - [2026-02-25T06:57:32.049+0530] {dag.py:3823} INFO - Setting next_dagrun for example_subdag_operator.section-1 to None, run_after=None
[2026-02-25T06:57:32.051+0530] {logging_mixin.py:188} INFO - [2026-02-25T06:57:32.050+0530] {dag.py:3823} INFO - Setting next_dagrun for example_subdag_operator.section-2 to None, run_after=None
[2026-02-25T06:57:32.055+0530] {logging_mixin.py:188} INFO - [2026-02-25T06:57:32.055+0530] {dag.py:3036} INFO - Sync 2 DAGs
[2026-02-25T06:57:32.058+0530] {logging_mixin.py:188} INFO - [2026-02-25T06:57:32.058+0530] {dag.py:3823} INFO - Setting next_dagrun for example_subdag_operator.section-1 to None, run_after=None
[2026-02-25T06:57:32.058+0530] {logging_mixin.py:188} INFO - [2026-02-25T06:57:32.058+0530] {dag.py:3823} INFO - Setting next_dagrun for example_subdag_operator.section-2 to None, run_after=None
[2026-02-25T06:57:32.068+0530] {processor.py:183} INFO - Processing /Users/neerajvyas/learning/airflow/learn_airflow/airflow_home/venv/lib/python3.9/site-packages/airflow/example_dags/example_subdag_operator.py took 0.093 seconds
[2026-02-25T06:59:20.300+0530] {processor.py:161} INFO - Started process (PID=86447) to work on /Users/neerajvyas/learning/airflow/learn_airflow/airflow_home/venv/lib/python3.9/site-packages/airflow/example_dags/example_subdag_operator.py
[2026-02-25T06:59:20.301+0530] {processor.py:830} INFO - Processing file /Users/neerajvyas/learning/airflow/learn_airflow/airflow_home/venv/lib/python3.9/site-packages/airflow/example_dags/example_subdag_operator.py for tasks to queue
[2026-02-25T06:59:20.302+0530] {logging_mixin.py:188} INFO - [2026-02-25T06:59:20.302+0530] {dagbag.py:538} INFO - Filling up the DagBag from /Users/neerajvyas/learning/airflow/learn_airflow/airflow_home/venv/lib/python3.9/site-packages/airflow/example_dags/example_subdag_operator.py
[2026-02-25T06:59:20.346+0530] {processor.py:840} INFO - DAG(s) 'example_subdag_operator.section-1', 'example_subdag_operator.section-2', 'example_subdag_operator' retrieved from /Users/neerajvyas/learning/airflow/learn_airflow/airflow_home/venv/lib/python3.9/site-packages/airflow/example_dags/example_subdag_operator.py
[2026-02-25T06:59:20.362+0530] {logging_mixin.py:188} INFO - [2026-02-25T06:59:20.362+0530] {dag.py:3036} INFO - Sync 3 DAGs
[2026-02-25T06:59:20.369+0530] {logging_mixin.py:188} INFO - [2026-02-25T06:59:20.369+0530] {dag.py:3823} INFO - Setting next_dagrun for example_subdag_operator to 2022-01-01 00:00:00+00:00, run_after=2022-01-01 00:00:00+00:00
[2026-02-25T06:59:20.370+0530] {logging_mixin.py:188} INFO - [2026-02-25T06:59:20.370+0530] {dag.py:3823} INFO - Setting next_dagrun for example_subdag_operator.section-1 to None, run_after=None
[2026-02-25T06:59:20.370+0530] {logging_mixin.py:188} INFO - [2026-02-25T06:59:20.370+0530] {dag.py:3823} INFO - Setting next_dagrun for example_subdag_operator.section-2 to None, run_after=None
[2026-02-25T06:59:20.374+0530] {logging_mixin.py:188} INFO - [2026-02-25T06:59:20.374+0530] {dag.py:3036} INFO - Sync 2 DAGs
[2026-02-25T06:59:20.375+0530] {logging_mixin.py:188} INFO - [2026-02-25T06:59:20.375+0530] {dag.py:3823} INFO - Setting next_dagrun for example_subdag_operator.section-1 to None, run_after=None
[2026-02-25T06:59:20.376+0530] {logging_mixin.py:188} INFO - [2026-02-25T06:59:20.376+0530] {dag.py:3823} INFO - Setting next_dagrun for example_subdag_operator.section-2 to None, run_after=None
[2026-02-25T06:59:20.380+0530] {processor.py:183} INFO - Processing /Users/neerajvyas/learning/airflow/learn_airflow/airflow_home/venv/lib/python3.9/site-packages/airflow/example_dags/example_subdag_operator.py took 0.081 seconds
[2026-02-25T07:01:07.234+0530] {processor.py:161} INFO - Started process (PID=90021) to work on /Users/neerajvyas/learning/airflow/learn_airflow/airflow_home/venv/lib/python3.9/site-packages/airflow/example_dags/example_subdag_operator.py
[2026-02-25T07:01:07.234+0530] {processor.py:830} INFO - Processing file /Users/neerajvyas/learning/airflow/learn_airflow/airflow_home/venv/lib/python3.9/site-packages/airflow/example_dags/example_subdag_operator.py for tasks to queue
[2026-02-25T07:01:07.235+0530] {logging_mixin.py:188} INFO - [2026-02-25T07:01:07.234+0530] {dagbag.py:538} INFO - Filling up the DagBag from /Users/neerajvyas/learning/airflow/learn_airflow/airflow_home/venv/lib/python3.9/site-packages/airflow/example_dags/example_subdag_operator.py
[2026-02-25T07:01:07.278+0530] {processor.py:840} INFO - DAG(s) 'example_subdag_operator.section-1', 'example_subdag_operator.section-2', 'example_subdag_operator' retrieved from /Users/neerajvyas/learning/airflow/learn_airflow/airflow_home/venv/lib/python3.9/site-packages/airflow/example_dags/example_subdag_operator.py
[2026-02-25T07:01:07.292+0530] {logging_mixin.py:188} INFO - [2026-02-25T07:01:07.292+0530] {dag.py:3036} INFO - Sync 3 DAGs
[2026-02-25T07:01:07.298+0530] {logging_mixin.py:188} INFO - [2026-02-25T07:01:07.298+0530] {dag.py:3823} INFO - Setting next_dagrun for example_subdag_operator to 2022-01-01 00:00:00+00:00, run_after=2022-01-01 00:00:00+00:00
[2026-02-25T07:01:07.299+0530] {logging_mixin.py:188} INFO - [2026-02-25T07:01:07.299+0530] {dag.py:3823} INFO - Setting next_dagrun for example_subdag_operator.section-1 to None, run_after=None
[2026-02-25T07:01:07.300+0530] {logging_mixin.py:188} INFO - [2026-02-25T07:01:07.300+0530] {dag.py:3823} INFO - Setting next_dagrun for example_subdag_operator.section-2 to None, run_after=None
[2026-02-25T07:01:07.302+0530] {logging_mixin.py:188} INFO - [2026-02-25T07:01:07.302+0530] {dag.py:3036} INFO - Sync 2 DAGs
[2026-02-25T07:01:07.304+0530] {logging_mixin.py:188} INFO - [2026-02-25T07:01:07.304+0530] {dag.py:3823} INFO - Setting next_dagrun for example_subdag_operator.section-1 to None, run_after=None
[2026-02-25T07:01:07.304+0530] {logging_mixin.py:188} INFO - [2026-02-25T07:01:07.304+0530] {dag.py:3823} INFO - Setting next_dagrun for example_subdag_operator.section-2 to None, run_after=None
[2026-02-25T07:01:07.309+0530] {processor.py:183} INFO - Processing /Users/neerajvyas/learning/airflow/learn_airflow/airflow_home/venv/lib/python3.9/site-packages/airflow/example_dags/example_subdag_operator.py took 0.075 seconds
[2026-02-25T07:02:59.139+0530] {processor.py:161} INFO - Started process (PID=94220) to work on /Users/neerajvyas/learning/airflow/learn_airflow/airflow_home/venv/lib/python3.9/site-packages/airflow/example_dags/example_subdag_operator.py
[2026-02-25T07:02:59.140+0530] {processor.py:830} INFO - Processing file /Users/neerajvyas/learning/airflow/learn_airflow/airflow_home/venv/lib/python3.9/site-packages/airflow/example_dags/example_subdag_operator.py for tasks to queue
[2026-02-25T07:02:59.140+0530] {logging_mixin.py:188} INFO - [2026-02-25T07:02:59.140+0530] {dagbag.py:538} INFO - Filling up the DagBag from /Users/neerajvyas/learning/airflow/learn_airflow/airflow_home/venv/lib/python3.9/site-packages/airflow/example_dags/example_subdag_operator.py
[2026-02-25T07:02:59.184+0530] {processor.py:840} INFO - DAG(s) 'example_subdag_operator.section-1', 'example_subdag_operator.section-2', 'example_subdag_operator' retrieved from /Users/neerajvyas/learning/airflow/learn_airflow/airflow_home/venv/lib/python3.9/site-packages/airflow/example_dags/example_subdag_operator.py
[2026-02-25T07:02:59.199+0530] {logging_mixin.py:188} INFO - [2026-02-25T07:02:59.198+0530] {dag.py:3036} INFO - Sync 3 DAGs
[2026-02-25T07:02:59.205+0530] {logging_mixin.py:188} INFO - [2026-02-25T07:02:59.205+0530] {dag.py:3823} INFO - Setting next_dagrun for example_subdag_operator to 2022-01-01 00:00:00+00:00, run_after=2022-01-01 00:00:00+00:00
[2026-02-25T07:02:59.207+0530] {logging_mixin.py:188} INFO - [2026-02-25T07:02:59.207+0530] {dag.py:3823} INFO - Setting next_dagrun for example_subdag_operator.section-1 to None, run_after=None
[2026-02-25T07:02:59.207+0530] {logging_mixin.py:188} INFO - [2026-02-25T07:02:59.207+0530] {dag.py:3823} INFO - Setting next_dagrun for example_subdag_operator.section-2 to None, run_after=None
[2026-02-25T07:02:59.210+0530] {logging_mixin.py:188} INFO - [2026-02-25T07:02:59.209+0530] {dag.py:3036} INFO - Sync 2 DAGs
[2026-02-25T07:02:59.211+0530] {logging_mixin.py:188} INFO - [2026-02-25T07:02:59.211+0530] {dag.py:3823} INFO - Setting next_dagrun for example_subdag_operator.section-1 to None, run_after=None
[2026-02-25T07:02:59.211+0530] {logging_mixin.py:188} INFO - [2026-02-25T07:02:59.211+0530] {dag.py:3823} INFO - Setting next_dagrun for example_subdag_operator.section-2 to None, run_after=None
[2026-02-25T07:02:59.216+0530] {processor.py:183} INFO - Processing /Users/neerajvyas/learning/airflow/learn_airflow/airflow_home/venv/lib/python3.9/site-packages/airflow/example_dags/example_subdag_operator.py took 0.078 seconds
