[2026-02-25T06:48:03.055+0530] {processor.py:161} INFO - Started process (PID=62493) to work on /Users/neerajvyas/learning/airflow/learn_airflow/airflow_home/venv/lib/python3.9/site-packages/airflow/example_dags/example_branch_day_of_week_operator.py
[2026-02-25T06:48:03.056+0530] {processor.py:830} INFO - Processing file /Users/neerajvyas/learning/airflow/learn_airflow/airflow_home/venv/lib/python3.9/site-packages/airflow/example_dags/example_branch_day_of_week_operator.py for tasks to queue
[2026-02-25T06:48:03.056+0530] {logging_mixin.py:188} INFO - [2026-02-25T06:48:03.056+0530] {dagbag.py:538} INFO - Filling up the DagBag from /Users/neerajvyas/learning/airflow/learn_airflow/airflow_home/venv/lib/python3.9/site-packages/airflow/example_dags/example_branch_day_of_week_operator.py
[2026-02-25T06:48:03.061+0530] {processor.py:840} INFO - DAG(s) 'example_weekday_branch_operator' retrieved from /Users/neerajvyas/learning/airflow/learn_airflow/airflow_home/venv/lib/python3.9/site-packages/airflow/example_dags/example_branch_day_of_week_operator.py
[2026-02-25T06:48:03.141+0530] {logging_mixin.py:188} INFO - [2026-02-25T06:48:03.141+0530] {override.py:1769} INFO - Created Permission View: can delete on DAG:example_weekday_branch_operator
[2026-02-25T06:48:03.145+0530] {logging_mixin.py:188} INFO - [2026-02-25T06:48:03.145+0530] {override.py:1769} INFO - Created Permission View: can edit on DAG:example_weekday_branch_operator
[2026-02-25T06:48:03.147+0530] {logging_mixin.py:188} INFO - [2026-02-25T06:48:03.147+0530] {override.py:1769} INFO - Created Permission View: can read on DAG:example_weekday_branch_operator
[2026-02-25T06:48:03.147+0530] {logging_mixin.py:188} INFO - [2026-02-25T06:48:03.147+0530] {dag.py:3036} INFO - Sync 1 DAGs
[2026-02-25T06:48:03.152+0530] {logging_mixin.py:188} INFO - [2026-02-25T06:48:03.151+0530] {dag.py:3058} INFO - Creating ORM DAG for example_weekday_branch_operator
[2026-02-25T06:48:03.155+0530] {logging_mixin.py:188} INFO - [2026-02-25T06:48:03.155+0530] {dag.py:3823} INFO - Setting next_dagrun for example_weekday_branch_operator to 2026-02-24 00:00:00+00:00, run_after=2026-02-25 00:00:00+00:00
[2026-02-25T06:48:03.162+0530] {processor.py:183} INFO - Processing /Users/neerajvyas/learning/airflow/learn_airflow/airflow_home/venv/lib/python3.9/site-packages/airflow/example_dags/example_branch_day_of_week_operator.py took 0.107 seconds
[2026-02-25T06:49:51.529+0530] {processor.py:161} INFO - Started process (PID=66412) to work on /Users/neerajvyas/learning/airflow/learn_airflow/airflow_home/venv/lib/python3.9/site-packages/airflow/example_dags/example_branch_day_of_week_operator.py
[2026-02-25T06:49:51.530+0530] {processor.py:830} INFO - Processing file /Users/neerajvyas/learning/airflow/learn_airflow/airflow_home/venv/lib/python3.9/site-packages/airflow/example_dags/example_branch_day_of_week_operator.py for tasks to queue
[2026-02-25T06:49:51.530+0530] {logging_mixin.py:188} INFO - [2026-02-25T06:49:51.530+0530] {dagbag.py:538} INFO - Filling up the DagBag from /Users/neerajvyas/learning/airflow/learn_airflow/airflow_home/venv/lib/python3.9/site-packages/airflow/example_dags/example_branch_day_of_week_operator.py
[2026-02-25T06:49:51.535+0530] {processor.py:840} INFO - DAG(s) 'example_weekday_branch_operator' retrieved from /Users/neerajvyas/learning/airflow/learn_airflow/airflow_home/venv/lib/python3.9/site-packages/airflow/example_dags/example_branch_day_of_week_operator.py
[2026-02-25T06:49:51.580+0530] {logging_mixin.py:188} INFO - [2026-02-25T06:49:51.580+0530] {dag.py:3036} INFO - Sync 1 DAGs
[2026-02-25T06:49:51.587+0530] {logging_mixin.py:188} INFO - [2026-02-25T06:49:51.587+0530] {dag.py:3823} INFO - Setting next_dagrun for example_weekday_branch_operator to 2026-02-24 00:00:00+00:00, run_after=2026-02-25 00:00:00+00:00
[2026-02-25T06:49:51.594+0530] {processor.py:183} INFO - Processing /Users/neerajvyas/learning/airflow/learn_airflow/airflow_home/venv/lib/python3.9/site-packages/airflow/example_dags/example_branch_day_of_week_operator.py took 0.065 seconds
[2026-02-25T06:51:37.289+0530] {processor.py:161} INFO - Started process (PID=69941) to work on /Users/neerajvyas/learning/airflow/learn_airflow/airflow_home/venv/lib/python3.9/site-packages/airflow/example_dags/example_branch_day_of_week_operator.py
[2026-02-25T06:51:37.290+0530] {processor.py:830} INFO - Processing file /Users/neerajvyas/learning/airflow/learn_airflow/airflow_home/venv/lib/python3.9/site-packages/airflow/example_dags/example_branch_day_of_week_operator.py for tasks to queue
[2026-02-25T06:51:37.290+0530] {logging_mixin.py:188} INFO - [2026-02-25T06:51:37.290+0530] {dagbag.py:538} INFO - Filling up the DagBag from /Users/neerajvyas/learning/airflow/learn_airflow/airflow_home/venv/lib/python3.9/site-packages/airflow/example_dags/example_branch_day_of_week_operator.py
[2026-02-25T06:51:37.295+0530] {processor.py:840} INFO - DAG(s) 'example_weekday_branch_operator' retrieved from /Users/neerajvyas/learning/airflow/learn_airflow/airflow_home/venv/lib/python3.9/site-packages/airflow/example_dags/example_branch_day_of_week_operator.py
[2026-02-25T06:51:37.341+0530] {logging_mixin.py:188} INFO - [2026-02-25T06:51:37.340+0530] {dag.py:3036} INFO - Sync 1 DAGs
[2026-02-25T06:51:37.348+0530] {logging_mixin.py:188} INFO - [2026-02-25T06:51:37.348+0530] {dag.py:3823} INFO - Setting next_dagrun for example_weekday_branch_operator to 2026-02-24 00:00:00+00:00, run_after=2026-02-25 00:00:00+00:00
[2026-02-25T06:51:37.356+0530] {processor.py:183} INFO - Processing /Users/neerajvyas/learning/airflow/learn_airflow/airflow_home/venv/lib/python3.9/site-packages/airflow/example_dags/example_branch_day_of_week_operator.py took 0.067 seconds
[2026-02-25T06:53:22.837+0530] {processor.py:161} INFO - Started process (PID=73584) to work on /Users/neerajvyas/learning/airflow/learn_airflow/airflow_home/venv/lib/python3.9/site-packages/airflow/example_dags/example_branch_day_of_week_operator.py
[2026-02-25T06:53:22.838+0530] {processor.py:830} INFO - Processing file /Users/neerajvyas/learning/airflow/learn_airflow/airflow_home/venv/lib/python3.9/site-packages/airflow/example_dags/example_branch_day_of_week_operator.py for tasks to queue
[2026-02-25T06:53:22.838+0530] {logging_mixin.py:188} INFO - [2026-02-25T06:53:22.838+0530] {dagbag.py:538} INFO - Filling up the DagBag from /Users/neerajvyas/learning/airflow/learn_airflow/airflow_home/venv/lib/python3.9/site-packages/airflow/example_dags/example_branch_day_of_week_operator.py
[2026-02-25T06:53:22.843+0530] {processor.py:840} INFO - DAG(s) 'example_weekday_branch_operator' retrieved from /Users/neerajvyas/learning/airflow/learn_airflow/airflow_home/venv/lib/python3.9/site-packages/airflow/example_dags/example_branch_day_of_week_operator.py
[2026-02-25T06:53:22.889+0530] {logging_mixin.py:188} INFO - [2026-02-25T06:53:22.889+0530] {dag.py:3036} INFO - Sync 1 DAGs
[2026-02-25T06:53:22.897+0530] {logging_mixin.py:188} INFO - [2026-02-25T06:53:22.897+0530] {dag.py:3823} INFO - Setting next_dagrun for example_weekday_branch_operator to 2026-02-24 00:00:00+00:00, run_after=2026-02-25 00:00:00+00:00
[2026-02-25T06:53:22.906+0530] {processor.py:183} INFO - Processing /Users/neerajvyas/learning/airflow/learn_airflow/airflow_home/venv/lib/python3.9/site-packages/airflow/example_dags/example_branch_day_of_week_operator.py took 0.069 seconds
[2026-02-25T06:55:10.172+0530] {processor.py:161} INFO - Started process (PID=77423) to work on /Users/neerajvyas/learning/airflow/learn_airflow/airflow_home/venv/lib/python3.9/site-packages/airflow/example_dags/example_branch_day_of_week_operator.py
[2026-02-25T06:55:10.172+0530] {processor.py:830} INFO - Processing file /Users/neerajvyas/learning/airflow/learn_airflow/airflow_home/venv/lib/python3.9/site-packages/airflow/example_dags/example_branch_day_of_week_operator.py for tasks to queue
[2026-02-25T06:55:10.173+0530] {logging_mixin.py:188} INFO - [2026-02-25T06:55:10.173+0530] {dagbag.py:538} INFO - Filling up the DagBag from /Users/neerajvyas/learning/airflow/learn_airflow/airflow_home/venv/lib/python3.9/site-packages/airflow/example_dags/example_branch_day_of_week_operator.py
[2026-02-25T06:55:10.178+0530] {processor.py:840} INFO - DAG(s) 'example_weekday_branch_operator' retrieved from /Users/neerajvyas/learning/airflow/learn_airflow/airflow_home/venv/lib/python3.9/site-packages/airflow/example_dags/example_branch_day_of_week_operator.py
[2026-02-25T06:55:10.220+0530] {logging_mixin.py:188} INFO - [2026-02-25T06:55:10.220+0530] {dag.py:3036} INFO - Sync 1 DAGs
[2026-02-25T06:55:10.227+0530] {logging_mixin.py:188} INFO - [2026-02-25T06:55:10.227+0530] {dag.py:3823} INFO - Setting next_dagrun for example_weekday_branch_operator to 2026-02-24 00:00:00+00:00, run_after=2026-02-25 00:00:00+00:00
[2026-02-25T06:55:10.235+0530] {processor.py:183} INFO - Processing /Users/neerajvyas/learning/airflow/learn_airflow/airflow_home/venv/lib/python3.9/site-packages/airflow/example_dags/example_branch_day_of_week_operator.py took 0.064 seconds
[2026-02-25T06:56:59.891+0530] {processor.py:161} INFO - Started process (PID=81279) to work on /Users/neerajvyas/learning/airflow/learn_airflow/airflow_home/venv/lib/python3.9/site-packages/airflow/example_dags/example_branch_day_of_week_operator.py
[2026-02-25T06:56:59.892+0530] {processor.py:830} INFO - Processing file /Users/neerajvyas/learning/airflow/learn_airflow/airflow_home/venv/lib/python3.9/site-packages/airflow/example_dags/example_branch_day_of_week_operator.py for tasks to queue
[2026-02-25T06:56:59.892+0530] {logging_mixin.py:188} INFO - [2026-02-25T06:56:59.892+0530] {dagbag.py:538} INFO - Filling up the DagBag from /Users/neerajvyas/learning/airflow/learn_airflow/airflow_home/venv/lib/python3.9/site-packages/airflow/example_dags/example_branch_day_of_week_operator.py
[2026-02-25T06:56:59.897+0530] {processor.py:840} INFO - DAG(s) 'example_weekday_branch_operator' retrieved from /Users/neerajvyas/learning/airflow/learn_airflow/airflow_home/venv/lib/python3.9/site-packages/airflow/example_dags/example_branch_day_of_week_operator.py
[2026-02-25T06:56:59.941+0530] {logging_mixin.py:188} INFO - [2026-02-25T06:56:59.941+0530] {dag.py:3036} INFO - Sync 1 DAGs
[2026-02-25T06:56:59.948+0530] {logging_mixin.py:188} INFO - [2026-02-25T06:56:59.948+0530] {dag.py:3823} INFO - Setting next_dagrun for example_weekday_branch_operator to 2026-02-24 00:00:00+00:00, run_after=2026-02-25 00:00:00+00:00
[2026-02-25T06:56:59.955+0530] {processor.py:183} INFO - Processing /Users/neerajvyas/learning/airflow/learn_airflow/airflow_home/venv/lib/python3.9/site-packages/airflow/example_dags/example_branch_day_of_week_operator.py took 0.065 seconds
[2026-02-25T06:58:48.632+0530] {processor.py:161} INFO - Started process (PID=85398) to work on /Users/neerajvyas/learning/airflow/learn_airflow/airflow_home/venv/lib/python3.9/site-packages/airflow/example_dags/example_branch_day_of_week_operator.py
[2026-02-25T06:58:48.632+0530] {processor.py:830} INFO - Processing file /Users/neerajvyas/learning/airflow/learn_airflow/airflow_home/venv/lib/python3.9/site-packages/airflow/example_dags/example_branch_day_of_week_operator.py for tasks to queue
[2026-02-25T06:58:48.632+0530] {logging_mixin.py:188} INFO - [2026-02-25T06:58:48.632+0530] {dagbag.py:538} INFO - Filling up the DagBag from /Users/neerajvyas/learning/airflow/learn_airflow/airflow_home/venv/lib/python3.9/site-packages/airflow/example_dags/example_branch_day_of_week_operator.py
[2026-02-25T06:58:48.637+0530] {processor.py:840} INFO - DAG(s) 'example_weekday_branch_operator' retrieved from /Users/neerajvyas/learning/airflow/learn_airflow/airflow_home/venv/lib/python3.9/site-packages/airflow/example_dags/example_branch_day_of_week_operator.py
[2026-02-25T06:58:48.682+0530] {logging_mixin.py:188} INFO - [2026-02-25T06:58:48.682+0530] {dag.py:3036} INFO - Sync 1 DAGs
[2026-02-25T06:58:48.689+0530] {logging_mixin.py:188} INFO - [2026-02-25T06:58:48.689+0530] {dag.py:3823} INFO - Setting next_dagrun for example_weekday_branch_operator to 2026-02-24 00:00:00+00:00, run_after=2026-02-25 00:00:00+00:00
[2026-02-25T06:58:48.696+0530] {processor.py:183} INFO - Processing /Users/neerajvyas/learning/airflow/learn_airflow/airflow_home/venv/lib/python3.9/site-packages/airflow/example_dags/example_branch_day_of_week_operator.py took 0.065 seconds
[2026-02-25T07:00:34.227+0530] {processor.py:161} INFO - Started process (PID=88975) to work on /Users/neerajvyas/learning/airflow/learn_airflow/airflow_home/venv/lib/python3.9/site-packages/airflow/example_dags/example_branch_day_of_week_operator.py
[2026-02-25T07:00:34.227+0530] {processor.py:830} INFO - Processing file /Users/neerajvyas/learning/airflow/learn_airflow/airflow_home/venv/lib/python3.9/site-packages/airflow/example_dags/example_branch_day_of_week_operator.py for tasks to queue
[2026-02-25T07:00:34.228+0530] {logging_mixin.py:188} INFO - [2026-02-25T07:00:34.228+0530] {dagbag.py:538} INFO - Filling up the DagBag from /Users/neerajvyas/learning/airflow/learn_airflow/airflow_home/venv/lib/python3.9/site-packages/airflow/example_dags/example_branch_day_of_week_operator.py
[2026-02-25T07:00:34.233+0530] {processor.py:840} INFO - DAG(s) 'example_weekday_branch_operator' retrieved from /Users/neerajvyas/learning/airflow/learn_airflow/airflow_home/venv/lib/python3.9/site-packages/airflow/example_dags/example_branch_day_of_week_operator.py
[2026-02-25T07:00:34.273+0530] {logging_mixin.py:188} INFO - [2026-02-25T07:00:34.273+0530] {dag.py:3036} INFO - Sync 1 DAGs
[2026-02-25T07:00:34.280+0530] {logging_mixin.py:188} INFO - [2026-02-25T07:00:34.280+0530] {dag.py:3823} INFO - Setting next_dagrun for example_weekday_branch_operator to 2026-02-24 00:00:00+00:00, run_after=2026-02-25 00:00:00+00:00
[2026-02-25T07:00:34.287+0530] {processor.py:183} INFO - Processing /Users/neerajvyas/learning/airflow/learn_airflow/airflow_home/venv/lib/python3.9/site-packages/airflow/example_dags/example_branch_day_of_week_operator.py took 0.061 seconds
[2026-02-25T07:02:23.730+0530] {processor.py:161} INFO - Started process (PID=93173) to work on /Users/neerajvyas/learning/airflow/learn_airflow/airflow_home/venv/lib/python3.9/site-packages/airflow/example_dags/example_branch_day_of_week_operator.py
[2026-02-25T07:02:23.732+0530] {processor.py:830} INFO - Processing file /Users/neerajvyas/learning/airflow/learn_airflow/airflow_home/venv/lib/python3.9/site-packages/airflow/example_dags/example_branch_day_of_week_operator.py for tasks to queue
[2026-02-25T07:02:23.732+0530] {logging_mixin.py:188} INFO - [2026-02-25T07:02:23.732+0530] {dagbag.py:538} INFO - Filling up the DagBag from /Users/neerajvyas/learning/airflow/learn_airflow/airflow_home/venv/lib/python3.9/site-packages/airflow/example_dags/example_branch_day_of_week_operator.py
[2026-02-25T07:02:23.737+0530] {processor.py:840} INFO - DAG(s) 'example_weekday_branch_operator' retrieved from /Users/neerajvyas/learning/airflow/learn_airflow/airflow_home/venv/lib/python3.9/site-packages/airflow/example_dags/example_branch_day_of_week_operator.py
[2026-02-25T07:02:23.785+0530] {logging_mixin.py:188} INFO - [2026-02-25T07:02:23.784+0530] {dag.py:3036} INFO - Sync 1 DAGs
[2026-02-25T07:02:23.792+0530] {logging_mixin.py:188} INFO - [2026-02-25T07:02:23.792+0530] {dag.py:3823} INFO - Setting next_dagrun for example_weekday_branch_operator to 2026-02-24 00:00:00+00:00, run_after=2026-02-25 00:00:00+00:00
[2026-02-25T07:02:23.800+0530] {processor.py:183} INFO - Processing /Users/neerajvyas/learning/airflow/learn_airflow/airflow_home/venv/lib/python3.9/site-packages/airflow/example_dags/example_branch_day_of_week_operator.py took 0.070 seconds
[2026-02-25T07:04:13.318+0530] {processor.py:161} INFO - Started process (PID=97251) to work on /Users/neerajvyas/learning/airflow/learn_airflow/airflow_home/venv/lib/python3.9/site-packages/airflow/example_dags/example_branch_day_of_week_operator.py
[2026-02-25T07:04:13.320+0530] {processor.py:830} INFO - Processing file /Users/neerajvyas/learning/airflow/learn_airflow/airflow_home/venv/lib/python3.9/site-packages/airflow/example_dags/example_branch_day_of_week_operator.py for tasks to queue
[2026-02-25T07:04:13.320+0530] {logging_mixin.py:188} INFO - [2026-02-25T07:04:13.320+0530] {dagbag.py:538} INFO - Filling up the DagBag from /Users/neerajvyas/learning/airflow/learn_airflow/airflow_home/venv/lib/python3.9/site-packages/airflow/example_dags/example_branch_day_of_week_operator.py
[2026-02-25T07:04:13.325+0530] {processor.py:840} INFO - DAG(s) 'example_weekday_branch_operator' retrieved from /Users/neerajvyas/learning/airflow/learn_airflow/airflow_home/venv/lib/python3.9/site-packages/airflow/example_dags/example_branch_day_of_week_operator.py
[2026-02-25T07:04:13.371+0530] {logging_mixin.py:188} INFO - [2026-02-25T07:04:13.371+0530] {dag.py:3036} INFO - Sync 1 DAGs
[2026-02-25T07:04:13.378+0530] {logging_mixin.py:188} INFO - [2026-02-25T07:04:13.378+0530] {dag.py:3823} INFO - Setting next_dagrun for example_weekday_branch_operator to 2026-02-24 00:00:00+00:00, run_after=2026-02-25 00:00:00+00:00
[2026-02-25T07:04:13.385+0530] {processor.py:183} INFO - Processing /Users/neerajvyas/learning/airflow/learn_airflow/airflow_home/venv/lib/python3.9/site-packages/airflow/example_dags/example_branch_day_of_week_operator.py took 0.067 seconds
