[2026-02-25T06:47:58.279+0530] {processor.py:161} INFO - Started process (PID=62488) to work on /Users/neerajvyas/learning/airflow/learn_airflow/airflow_home/venv/lib/python3.9/site-packages/airflow/example_dags/example_branch_python_dop_operator_3.py
[2026-02-25T06:47:58.279+0530] {processor.py:830} INFO - Processing file /Users/neerajvyas/learning/airflow/learn_airflow/airflow_home/venv/lib/python3.9/site-packages/airflow/example_dags/example_branch_python_dop_operator_3.py for tasks to queue
[2026-02-25T06:47:58.279+0530] {logging_mixin.py:188} INFO - [2026-02-25T06:47:58.279+0530] {dagbag.py:538} INFO - Filling up the DagBag from /Users/neerajvyas/learning/airflow/learn_airflow/airflow_home/venv/lib/python3.9/site-packages/airflow/example_dags/example_branch_python_dop_operator_3.py
[2026-02-25T06:47:58.298+0530] {processor.py:840} INFO - DAG(s) 'example_branch_dop_operator_v3' retrieved from /Users/neerajvyas/learning/airflow/learn_airflow/airflow_home/venv/lib/python3.9/site-packages/airflow/example_dags/example_branch_python_dop_operator_3.py
[2026-02-25T06:47:58.378+0530] {logging_mixin.py:188} INFO - [2026-02-25T06:47:58.378+0530] {override.py:1769} INFO - Created Permission View: can read on DAG:example_branch_dop_operator_v3
[2026-02-25T06:47:58.382+0530] {logging_mixin.py:188} INFO - [2026-02-25T06:47:58.382+0530] {override.py:1769} INFO - Created Permission View: can edit on DAG:example_branch_dop_operator_v3
[2026-02-25T06:47:58.384+0530] {logging_mixin.py:188} INFO - [2026-02-25T06:47:58.384+0530] {override.py:1769} INFO - Created Permission View: can delete on DAG:example_branch_dop_operator_v3
[2026-02-25T06:47:58.384+0530] {logging_mixin.py:188} INFO - [2026-02-25T06:47:58.384+0530] {dag.py:3036} INFO - Sync 1 DAGs
[2026-02-25T06:47:58.389+0530] {logging_mixin.py:188} INFO - [2026-02-25T06:47:58.389+0530] {dag.py:3058} INFO - Creating ORM DAG for example_branch_dop_operator_v3
[2026-02-25T06:47:58.395+0530] {logging_mixin.py:188} INFO - [2026-02-25T06:47:58.395+0530] {dag.py:3823} INFO - Setting next_dagrun for example_branch_dop_operator_v3 to 2026-02-25 01:16:00+00:00, run_after=2026-02-25 01:17:00+00:00
[2026-02-25T06:47:58.402+0530] {processor.py:183} INFO - Processing /Users/neerajvyas/learning/airflow/learn_airflow/airflow_home/venv/lib/python3.9/site-packages/airflow/example_dags/example_branch_python_dop_operator_3.py took 0.123 seconds
[2026-02-25T06:49:44.353+0530] {processor.py:161} INFO - Started process (PID=66066) to work on /Users/neerajvyas/learning/airflow/learn_airflow/airflow_home/venv/lib/python3.9/site-packages/airflow/example_dags/example_branch_python_dop_operator_3.py
[2026-02-25T06:49:44.354+0530] {processor.py:830} INFO - Processing file /Users/neerajvyas/learning/airflow/learn_airflow/airflow_home/venv/lib/python3.9/site-packages/airflow/example_dags/example_branch_python_dop_operator_3.py for tasks to queue
[2026-02-25T06:49:44.354+0530] {logging_mixin.py:188} INFO - [2026-02-25T06:49:44.354+0530] {dagbag.py:538} INFO - Filling up the DagBag from /Users/neerajvyas/learning/airflow/learn_airflow/airflow_home/venv/lib/python3.9/site-packages/airflow/example_dags/example_branch_python_dop_operator_3.py
[2026-02-25T06:49:44.369+0530] {processor.py:840} INFO - DAG(s) 'example_branch_dop_operator_v3' retrieved from /Users/neerajvyas/learning/airflow/learn_airflow/airflow_home/venv/lib/python3.9/site-packages/airflow/example_dags/example_branch_python_dop_operator_3.py
[2026-02-25T06:49:44.412+0530] {logging_mixin.py:188} INFO - [2026-02-25T06:49:44.412+0530] {dag.py:3036} INFO - Sync 1 DAGs
[2026-02-25T06:49:44.423+0530] {logging_mixin.py:188} INFO - [2026-02-25T06:49:44.423+0530] {dag.py:3823} INFO - Setting next_dagrun for example_branch_dop_operator_v3 to 2026-02-25 01:18:00+00:00, run_after=2026-02-25 01:19:00+00:00
[2026-02-25T06:49:44.430+0530] {processor.py:183} INFO - Processing /Users/neerajvyas/learning/airflow/learn_airflow/airflow_home/venv/lib/python3.9/site-packages/airflow/example_dags/example_branch_python_dop_operator_3.py took 0.078 seconds
[2026-02-25T06:51:29.990+0530] {processor.py:161} INFO - Started process (PID=69595) to work on /Users/neerajvyas/learning/airflow/learn_airflow/airflow_home/venv/lib/python3.9/site-packages/airflow/example_dags/example_branch_python_dop_operator_3.py
[2026-02-25T06:51:29.990+0530] {processor.py:830} INFO - Processing file /Users/neerajvyas/learning/airflow/learn_airflow/airflow_home/venv/lib/python3.9/site-packages/airflow/example_dags/example_branch_python_dop_operator_3.py for tasks to queue
[2026-02-25T06:51:29.991+0530] {logging_mixin.py:188} INFO - [2026-02-25T06:51:29.990+0530] {dagbag.py:538} INFO - Filling up the DagBag from /Users/neerajvyas/learning/airflow/learn_airflow/airflow_home/venv/lib/python3.9/site-packages/airflow/example_dags/example_branch_python_dop_operator_3.py
[2026-02-25T06:51:30.006+0530] {processor.py:840} INFO - DAG(s) 'example_branch_dop_operator_v3' retrieved from /Users/neerajvyas/learning/airflow/learn_airflow/airflow_home/venv/lib/python3.9/site-packages/airflow/example_dags/example_branch_python_dop_operator_3.py
[2026-02-25T06:51:30.047+0530] {logging_mixin.py:188} INFO - [2026-02-25T06:51:30.047+0530] {dag.py:3036} INFO - Sync 1 DAGs
[2026-02-25T06:51:30.057+0530] {logging_mixin.py:188} INFO - [2026-02-25T06:51:30.057+0530] {dag.py:3823} INFO - Setting next_dagrun for example_branch_dop_operator_v3 to 2026-02-25 01:20:00+00:00, run_after=2026-02-25 01:21:00+00:00
[2026-02-25T06:51:30.064+0530] {processor.py:183} INFO - Processing /Users/neerajvyas/learning/airflow/learn_airflow/airflow_home/venv/lib/python3.9/site-packages/airflow/example_dags/example_branch_python_dop_operator_3.py took 0.074 seconds
[2026-02-25T06:53:15.909+0530] {processor.py:161} INFO - Started process (PID=73430) to work on /Users/neerajvyas/learning/airflow/learn_airflow/airflow_home/venv/lib/python3.9/site-packages/airflow/example_dags/example_branch_python_dop_operator_3.py
[2026-02-25T06:53:15.912+0530] {processor.py:830} INFO - Processing file /Users/neerajvyas/learning/airflow/learn_airflow/airflow_home/venv/lib/python3.9/site-packages/airflow/example_dags/example_branch_python_dop_operator_3.py for tasks to queue
[2026-02-25T06:53:15.912+0530] {logging_mixin.py:188} INFO - [2026-02-25T06:53:15.912+0530] {dagbag.py:538} INFO - Filling up the DagBag from /Users/neerajvyas/learning/airflow/learn_airflow/airflow_home/venv/lib/python3.9/site-packages/airflow/example_dags/example_branch_python_dop_operator_3.py
[2026-02-25T06:53:15.935+0530] {processor.py:840} INFO - DAG(s) 'example_branch_dop_operator_v3' retrieved from /Users/neerajvyas/learning/airflow/learn_airflow/airflow_home/venv/lib/python3.9/site-packages/airflow/example_dags/example_branch_python_dop_operator_3.py
[2026-02-25T06:53:15.981+0530] {logging_mixin.py:188} INFO - [2026-02-25T06:53:15.980+0530] {dag.py:3036} INFO - Sync 1 DAGs
[2026-02-25T06:53:15.991+0530] {logging_mixin.py:188} INFO - [2026-02-25T06:53:15.991+0530] {dag.py:3823} INFO - Setting next_dagrun for example_branch_dop_operator_v3 to 2026-02-25 01:22:00+00:00, run_after=2026-02-25 01:23:00+00:00
[2026-02-25T06:53:16.000+0530] {processor.py:183} INFO - Processing /Users/neerajvyas/learning/airflow/learn_airflow/airflow_home/venv/lib/python3.9/site-packages/airflow/example_dags/example_branch_python_dop_operator_3.py took 0.091 seconds
[2026-02-25T06:55:05.162+0530] {processor.py:161} INFO - Started process (PID=77077) to work on /Users/neerajvyas/learning/airflow/learn_airflow/airflow_home/venv/lib/python3.9/site-packages/airflow/example_dags/example_branch_python_dop_operator_3.py
[2026-02-25T06:55:05.163+0530] {processor.py:830} INFO - Processing file /Users/neerajvyas/learning/airflow/learn_airflow/airflow_home/venv/lib/python3.9/site-packages/airflow/example_dags/example_branch_python_dop_operator_3.py for tasks to queue
[2026-02-25T06:55:05.163+0530] {logging_mixin.py:188} INFO - [2026-02-25T06:55:05.163+0530] {dagbag.py:538} INFO - Filling up the DagBag from /Users/neerajvyas/learning/airflow/learn_airflow/airflow_home/venv/lib/python3.9/site-packages/airflow/example_dags/example_branch_python_dop_operator_3.py
[2026-02-25T06:55:05.179+0530] {processor.py:840} INFO - DAG(s) 'example_branch_dop_operator_v3' retrieved from /Users/neerajvyas/learning/airflow/learn_airflow/airflow_home/venv/lib/python3.9/site-packages/airflow/example_dags/example_branch_python_dop_operator_3.py
[2026-02-25T06:55:05.220+0530] {logging_mixin.py:188} INFO - [2026-02-25T06:55:05.220+0530] {dag.py:3036} INFO - Sync 1 DAGs
[2026-02-25T06:55:05.231+0530] {logging_mixin.py:188} INFO - [2026-02-25T06:55:05.230+0530] {dag.py:3823} INFO - Setting next_dagrun for example_branch_dop_operator_v3 to 2026-02-25 01:24:00+00:00, run_after=2026-02-25 01:25:00+00:00
[2026-02-25T06:55:05.238+0530] {processor.py:183} INFO - Processing /Users/neerajvyas/learning/airflow/learn_airflow/airflow_home/venv/lib/python3.9/site-packages/airflow/example_dags/example_branch_python_dop_operator_3.py took 0.077 seconds
[2026-02-25T06:56:53.148+0530] {processor.py:161} INFO - Started process (PID=81274) to work on /Users/neerajvyas/learning/airflow/learn_airflow/airflow_home/venv/lib/python3.9/site-packages/airflow/example_dags/example_branch_python_dop_operator_3.py
[2026-02-25T06:56:53.149+0530] {processor.py:830} INFO - Processing file /Users/neerajvyas/learning/airflow/learn_airflow/airflow_home/venv/lib/python3.9/site-packages/airflow/example_dags/example_branch_python_dop_operator_3.py for tasks to queue
[2026-02-25T06:56:53.149+0530] {logging_mixin.py:188} INFO - [2026-02-25T06:56:53.149+0530] {dagbag.py:538} INFO - Filling up the DagBag from /Users/neerajvyas/learning/airflow/learn_airflow/airflow_home/venv/lib/python3.9/site-packages/airflow/example_dags/example_branch_python_dop_operator_3.py
[2026-02-25T06:56:53.166+0530] {processor.py:840} INFO - DAG(s) 'example_branch_dop_operator_v3' retrieved from /Users/neerajvyas/learning/airflow/learn_airflow/airflow_home/venv/lib/python3.9/site-packages/airflow/example_dags/example_branch_python_dop_operator_3.py
[2026-02-25T06:56:53.209+0530] {logging_mixin.py:188} INFO - [2026-02-25T06:56:53.208+0530] {dag.py:3036} INFO - Sync 1 DAGs
[2026-02-25T06:56:53.217+0530] {logging_mixin.py:188} INFO - [2026-02-25T06:56:53.217+0530] {dag.py:3823} INFO - Setting next_dagrun for example_branch_dop_operator_v3 to 2026-02-25 01:25:00+00:00, run_after=2026-02-25 01:26:00+00:00
[2026-02-25T06:56:53.224+0530] {processor.py:183} INFO - Processing /Users/neerajvyas/learning/airflow/learn_airflow/airflow_home/venv/lib/python3.9/site-packages/airflow/example_dags/example_branch_python_dop_operator_3.py took 0.077 seconds
[2026-02-25T06:58:42.537+0530] {processor.py:161} INFO - Started process (PID=85050) to work on /Users/neerajvyas/learning/airflow/learn_airflow/airflow_home/venv/lib/python3.9/site-packages/airflow/example_dags/example_branch_python_dop_operator_3.py
[2026-02-25T06:58:42.538+0530] {processor.py:830} INFO - Processing file /Users/neerajvyas/learning/airflow/learn_airflow/airflow_home/venv/lib/python3.9/site-packages/airflow/example_dags/example_branch_python_dop_operator_3.py for tasks to queue
[2026-02-25T06:58:42.538+0530] {logging_mixin.py:188} INFO - [2026-02-25T06:58:42.538+0530] {dagbag.py:538} INFO - Filling up the DagBag from /Users/neerajvyas/learning/airflow/learn_airflow/airflow_home/venv/lib/python3.9/site-packages/airflow/example_dags/example_branch_python_dop_operator_3.py
[2026-02-25T06:58:42.556+0530] {processor.py:840} INFO - DAG(s) 'example_branch_dop_operator_v3' retrieved from /Users/neerajvyas/learning/airflow/learn_airflow/airflow_home/venv/lib/python3.9/site-packages/airflow/example_dags/example_branch_python_dop_operator_3.py
[2026-02-25T06:58:42.600+0530] {logging_mixin.py:188} INFO - [2026-02-25T06:58:42.600+0530] {dag.py:3036} INFO - Sync 1 DAGs
[2026-02-25T06:58:42.610+0530] {logging_mixin.py:188} INFO - [2026-02-25T06:58:42.610+0530] {dag.py:3823} INFO - Setting next_dagrun for example_branch_dop_operator_v3 to 2026-02-25 01:27:00+00:00, run_after=2026-02-25 01:28:00+00:00
[2026-02-25T06:58:42.618+0530] {processor.py:183} INFO - Processing /Users/neerajvyas/learning/airflow/learn_airflow/airflow_home/venv/lib/python3.9/site-packages/airflow/example_dags/example_branch_python_dop_operator_3.py took 0.081 seconds
[2026-02-25T07:00:27.105+0530] {processor.py:161} INFO - Started process (PID=88629) to work on /Users/neerajvyas/learning/airflow/learn_airflow/airflow_home/venv/lib/python3.9/site-packages/airflow/example_dags/example_branch_python_dop_operator_3.py
[2026-02-25T07:00:27.106+0530] {processor.py:830} INFO - Processing file /Users/neerajvyas/learning/airflow/learn_airflow/airflow_home/venv/lib/python3.9/site-packages/airflow/example_dags/example_branch_python_dop_operator_3.py for tasks to queue
[2026-02-25T07:00:27.106+0530] {logging_mixin.py:188} INFO - [2026-02-25T07:00:27.106+0530] {dagbag.py:538} INFO - Filling up the DagBag from /Users/neerajvyas/learning/airflow/learn_airflow/airflow_home/venv/lib/python3.9/site-packages/airflow/example_dags/example_branch_python_dop_operator_3.py
[2026-02-25T07:00:27.121+0530] {processor.py:840} INFO - DAG(s) 'example_branch_dop_operator_v3' retrieved from /Users/neerajvyas/learning/airflow/learn_airflow/airflow_home/venv/lib/python3.9/site-packages/airflow/example_dags/example_branch_python_dop_operator_3.py
[2026-02-25T07:00:27.163+0530] {logging_mixin.py:188} INFO - [2026-02-25T07:00:27.162+0530] {dag.py:3036} INFO - Sync 1 DAGs
[2026-02-25T07:00:27.172+0530] {logging_mixin.py:188} INFO - [2026-02-25T07:00:27.172+0530] {dag.py:3823} INFO - Setting next_dagrun for example_branch_dop_operator_v3 to 2026-02-25 01:29:00+00:00, run_after=2026-02-25 01:30:00+00:00
[2026-02-25T07:00:27.179+0530] {processor.py:183} INFO - Processing /Users/neerajvyas/learning/airflow/learn_airflow/airflow_home/venv/lib/python3.9/site-packages/airflow/example_dags/example_branch_python_dop_operator_3.py took 0.075 seconds
[2026-02-25T07:02:16.756+0530] {processor.py:161} INFO - Started process (PID=92828) to work on /Users/neerajvyas/learning/airflow/learn_airflow/airflow_home/venv/lib/python3.9/site-packages/airflow/example_dags/example_branch_python_dop_operator_3.py
[2026-02-25T07:02:16.757+0530] {processor.py:830} INFO - Processing file /Users/neerajvyas/learning/airflow/learn_airflow/airflow_home/venv/lib/python3.9/site-packages/airflow/example_dags/example_branch_python_dop_operator_3.py for tasks to queue
[2026-02-25T07:02:16.758+0530] {logging_mixin.py:188} INFO - [2026-02-25T07:02:16.758+0530] {dagbag.py:538} INFO - Filling up the DagBag from /Users/neerajvyas/learning/airflow/learn_airflow/airflow_home/venv/lib/python3.9/site-packages/airflow/example_dags/example_branch_python_dop_operator_3.py
[2026-02-25T07:02:16.773+0530] {processor.py:840} INFO - DAG(s) 'example_branch_dop_operator_v3' retrieved from /Users/neerajvyas/learning/airflow/learn_airflow/airflow_home/venv/lib/python3.9/site-packages/airflow/example_dags/example_branch_python_dop_operator_3.py
[2026-02-25T07:02:16.815+0530] {logging_mixin.py:188} INFO - [2026-02-25T07:02:16.815+0530] {dag.py:3036} INFO - Sync 1 DAGs
[2026-02-25T07:02:16.825+0530] {logging_mixin.py:188} INFO - [2026-02-25T07:02:16.825+0530] {dag.py:3823} INFO - Setting next_dagrun for example_branch_dop_operator_v3 to 2026-02-25 01:31:00+00:00, run_after=2026-02-25 01:32:00+00:00
[2026-02-25T07:02:16.832+0530] {processor.py:183} INFO - Processing /Users/neerajvyas/learning/airflow/learn_airflow/airflow_home/venv/lib/python3.9/site-packages/airflow/example_dags/example_branch_python_dop_operator_3.py took 0.077 seconds
[2026-02-25T07:04:05.773+0530] {processor.py:161} INFO - Started process (PID=96822) to work on /Users/neerajvyas/learning/airflow/learn_airflow/airflow_home/venv/lib/python3.9/site-packages/airflow/example_dags/example_branch_python_dop_operator_3.py
[2026-02-25T07:04:05.774+0530] {processor.py:830} INFO - Processing file /Users/neerajvyas/learning/airflow/learn_airflow/airflow_home/venv/lib/python3.9/site-packages/airflow/example_dags/example_branch_python_dop_operator_3.py for tasks to queue
[2026-02-25T07:04:05.774+0530] {logging_mixin.py:188} INFO - [2026-02-25T07:04:05.774+0530] {dagbag.py:538} INFO - Filling up the DagBag from /Users/neerajvyas/learning/airflow/learn_airflow/airflow_home/venv/lib/python3.9/site-packages/airflow/example_dags/example_branch_python_dop_operator_3.py
[2026-02-25T07:04:05.795+0530] {processor.py:840} INFO - DAG(s) 'example_branch_dop_operator_v3' retrieved from /Users/neerajvyas/learning/airflow/learn_airflow/airflow_home/venv/lib/python3.9/site-packages/airflow/example_dags/example_branch_python_dop_operator_3.py
[2026-02-25T07:04:05.843+0530] {logging_mixin.py:188} INFO - [2026-02-25T07:04:05.843+0530] {dag.py:3036} INFO - Sync 1 DAGs
[2026-02-25T07:04:05.854+0530] {logging_mixin.py:188} INFO - [2026-02-25T07:04:05.854+0530] {dag.py:3823} INFO - Setting next_dagrun for example_branch_dop_operator_v3 to 2026-02-25 01:33:00+00:00, run_after=2026-02-25 01:34:00+00:00
[2026-02-25T07:04:05.865+0530] {processor.py:183} INFO - Processing /Users/neerajvyas/learning/airflow/learn_airflow/airflow_home/venv/lib/python3.9/site-packages/airflow/example_dags/example_branch_python_dop_operator_3.py took 0.093 seconds
