[2026-02-25T06:47:15.452+0530] {processor.py:161} INFO - Started process (PID=61096) to work on /Users/neerajvyas/learning/airflow/learn_airflow/airflow_home/venv/lib/python3.9/site-packages/airflow/example_dags/example_skip_dag.py
[2026-02-25T06:47:15.452+0530] {processor.py:830} INFO - Processing file /Users/neerajvyas/learning/airflow/learn_airflow/airflow_home/venv/lib/python3.9/site-packages/airflow/example_dags/example_skip_dag.py for tasks to queue
[2026-02-25T06:47:15.453+0530] {logging_mixin.py:188} INFO - [2026-02-25T06:47:15.453+0530] {dagbag.py:538} INFO - Filling up the DagBag from /Users/neerajvyas/learning/airflow/learn_airflow/airflow_home/venv/lib/python3.9/site-packages/airflow/example_dags/example_skip_dag.py
[2026-02-25T06:47:15.457+0530] {processor.py:840} INFO - DAG(s) 'example_skip_dag' retrieved from /Users/neerajvyas/learning/airflow/learn_airflow/airflow_home/venv/lib/python3.9/site-packages/airflow/example_dags/example_skip_dag.py
[2026-02-25T06:47:15.537+0530] {logging_mixin.py:188} INFO - [2026-02-25T06:47:15.537+0530] {override.py:1769} INFO - Created Permission View: can edit on DAG:example_skip_dag
[2026-02-25T06:47:15.541+0530] {logging_mixin.py:188} INFO - [2026-02-25T06:47:15.541+0530] {override.py:1769} INFO - Created Permission View: can delete on DAG:example_skip_dag
[2026-02-25T06:47:15.543+0530] {logging_mixin.py:188} INFO - [2026-02-25T06:47:15.543+0530] {override.py:1769} INFO - Created Permission View: can read on DAG:example_skip_dag
[2026-02-25T06:47:15.544+0530] {logging_mixin.py:188} INFO - [2026-02-25T06:47:15.544+0530] {dag.py:3036} INFO - Sync 1 DAGs
[2026-02-25T06:47:15.548+0530] {logging_mixin.py:188} INFO - [2026-02-25T06:47:15.548+0530] {dag.py:3058} INFO - Creating ORM DAG for example_skip_dag
[2026-02-25T06:47:15.551+0530] {logging_mixin.py:188} INFO - [2026-02-25T06:47:15.551+0530] {dag.py:3823} INFO - Setting next_dagrun for example_skip_dag to 2026-02-24 00:00:00+00:00, run_after=2026-02-25 00:00:00+00:00
[2026-02-25T06:47:15.558+0530] {processor.py:183} INFO - Processing /Users/neerajvyas/learning/airflow/learn_airflow/airflow_home/venv/lib/python3.9/site-packages/airflow/example_dags/example_skip_dag.py took 0.106 seconds
[2026-02-25T06:48:39.827+0530] {processor.py:161} INFO - Started process (PID=63899) to work on /Users/neerajvyas/learning/airflow/learn_airflow/airflow_home/venv/lib/python3.9/site-packages/airflow/example_dags/example_skip_dag.py
[2026-02-25T06:48:39.828+0530] {processor.py:830} INFO - Processing file /Users/neerajvyas/learning/airflow/learn_airflow/airflow_home/venv/lib/python3.9/site-packages/airflow/example_dags/example_skip_dag.py for tasks to queue
[2026-02-25T06:48:39.829+0530] {logging_mixin.py:188} INFO - [2026-02-25T06:48:39.829+0530] {dagbag.py:538} INFO - Filling up the DagBag from /Users/neerajvyas/learning/airflow/learn_airflow/airflow_home/venv/lib/python3.9/site-packages/airflow/example_dags/example_skip_dag.py
[2026-02-25T06:48:39.833+0530] {processor.py:840} INFO - DAG(s) 'example_skip_dag' retrieved from /Users/neerajvyas/learning/airflow/learn_airflow/airflow_home/venv/lib/python3.9/site-packages/airflow/example_dags/example_skip_dag.py
[2026-02-25T06:48:39.878+0530] {logging_mixin.py:188} INFO - [2026-02-25T06:48:39.878+0530] {dag.py:3036} INFO - Sync 1 DAGs
[2026-02-25T06:48:39.884+0530] {logging_mixin.py:188} INFO - [2026-02-25T06:48:39.884+0530] {dag.py:3823} INFO - Setting next_dagrun for example_skip_dag to 2026-02-24 00:00:00+00:00, run_after=2026-02-25 00:00:00+00:00
[2026-02-25T06:48:39.891+0530] {processor.py:183} INFO - Processing /Users/neerajvyas/learning/airflow/learn_airflow/airflow_home/venv/lib/python3.9/site-packages/airflow/example_dags/example_skip_dag.py took 0.065 seconds
[2026-02-25T06:50:27.114+0530] {processor.py:161} INFO - Started process (PID=67504) to work on /Users/neerajvyas/learning/airflow/learn_airflow/airflow_home/venv/lib/python3.9/site-packages/airflow/example_dags/example_skip_dag.py
[2026-02-25T06:50:27.115+0530] {processor.py:830} INFO - Processing file /Users/neerajvyas/learning/airflow/learn_airflow/airflow_home/venv/lib/python3.9/site-packages/airflow/example_dags/example_skip_dag.py for tasks to queue
[2026-02-25T06:50:27.116+0530] {logging_mixin.py:188} INFO - [2026-02-25T06:50:27.116+0530] {dagbag.py:538} INFO - Filling up the DagBag from /Users/neerajvyas/learning/airflow/learn_airflow/airflow_home/venv/lib/python3.9/site-packages/airflow/example_dags/example_skip_dag.py
[2026-02-25T06:50:27.119+0530] {processor.py:840} INFO - DAG(s) 'example_skip_dag' retrieved from /Users/neerajvyas/learning/airflow/learn_airflow/airflow_home/venv/lib/python3.9/site-packages/airflow/example_dags/example_skip_dag.py
[2026-02-25T06:50:27.175+0530] {logging_mixin.py:188} INFO - [2026-02-25T06:50:27.175+0530] {dag.py:3036} INFO - Sync 1 DAGs
[2026-02-25T06:50:27.182+0530] {logging_mixin.py:188} INFO - [2026-02-25T06:50:27.182+0530] {dag.py:3823} INFO - Setting next_dagrun for example_skip_dag to 2026-02-24 00:00:00+00:00, run_after=2026-02-25 00:00:00+00:00
[2026-02-25T06:50:27.189+0530] {processor.py:183} INFO - Processing /Users/neerajvyas/learning/airflow/learn_airflow/airflow_home/venv/lib/python3.9/site-packages/airflow/example_dags/example_skip_dag.py took 0.076 seconds
[2026-02-25T06:52:13.037+0530] {processor.py:161} INFO - Started process (PID=71038) to work on /Users/neerajvyas/learning/airflow/learn_airflow/airflow_home/venv/lib/python3.9/site-packages/airflow/example_dags/example_skip_dag.py
[2026-02-25T06:52:13.038+0530] {processor.py:830} INFO - Processing file /Users/neerajvyas/learning/airflow/learn_airflow/airflow_home/venv/lib/python3.9/site-packages/airflow/example_dags/example_skip_dag.py for tasks to queue
[2026-02-25T06:52:13.039+0530] {logging_mixin.py:188} INFO - [2026-02-25T06:52:13.038+0530] {dagbag.py:538} INFO - Filling up the DagBag from /Users/neerajvyas/learning/airflow/learn_airflow/airflow_home/venv/lib/python3.9/site-packages/airflow/example_dags/example_skip_dag.py
[2026-02-25T06:52:13.042+0530] {processor.py:840} INFO - DAG(s) 'example_skip_dag' retrieved from /Users/neerajvyas/learning/airflow/learn_airflow/airflow_home/venv/lib/python3.9/site-packages/airflow/example_dags/example_skip_dag.py
[2026-02-25T06:52:13.088+0530] {logging_mixin.py:188} INFO - [2026-02-25T06:52:13.088+0530] {dag.py:3036} INFO - Sync 1 DAGs
[2026-02-25T06:52:13.095+0530] {logging_mixin.py:188} INFO - [2026-02-25T06:52:13.095+0530] {dag.py:3823} INFO - Setting next_dagrun for example_skip_dag to 2026-02-24 00:00:00+00:00, run_after=2026-02-25 00:00:00+00:00
[2026-02-25T06:52:13.103+0530] {processor.py:183} INFO - Processing /Users/neerajvyas/learning/airflow/learn_airflow/airflow_home/venv/lib/python3.9/site-packages/airflow/example_dags/example_skip_dag.py took 0.067 seconds
[2026-02-25T06:53:59.306+0530] {processor.py:161} INFO - Started process (PID=74981) to work on /Users/neerajvyas/learning/airflow/learn_airflow/airflow_home/venv/lib/python3.9/site-packages/airflow/example_dags/example_skip_dag.py
[2026-02-25T06:53:59.308+0530] {processor.py:830} INFO - Processing file /Users/neerajvyas/learning/airflow/learn_airflow/airflow_home/venv/lib/python3.9/site-packages/airflow/example_dags/example_skip_dag.py for tasks to queue
[2026-02-25T06:53:59.308+0530] {logging_mixin.py:188} INFO - [2026-02-25T06:53:59.308+0530] {dagbag.py:538} INFO - Filling up the DagBag from /Users/neerajvyas/learning/airflow/learn_airflow/airflow_home/venv/lib/python3.9/site-packages/airflow/example_dags/example_skip_dag.py
[2026-02-25T06:53:59.312+0530] {processor.py:840} INFO - DAG(s) 'example_skip_dag' retrieved from /Users/neerajvyas/learning/airflow/learn_airflow/airflow_home/venv/lib/python3.9/site-packages/airflow/example_dags/example_skip_dag.py
[2026-02-25T06:53:59.360+0530] {logging_mixin.py:188} INFO - [2026-02-25T06:53:59.360+0530] {dag.py:3036} INFO - Sync 1 DAGs
[2026-02-25T06:53:59.367+0530] {logging_mixin.py:188} INFO - [2026-02-25T06:53:59.367+0530] {dag.py:3823} INFO - Setting next_dagrun for example_skip_dag to 2026-02-24 00:00:00+00:00, run_after=2026-02-25 00:00:00+00:00
[2026-02-25T06:53:59.374+0530] {processor.py:183} INFO - Processing /Users/neerajvyas/learning/airflow/learn_airflow/airflow_home/venv/lib/python3.9/site-packages/airflow/example_dags/example_skip_dag.py took 0.068 seconds
[2026-02-25T06:55:46.376+0530] {processor.py:161} INFO - Started process (PID=78483) to work on /Users/neerajvyas/learning/airflow/learn_airflow/airflow_home/venv/lib/python3.9/site-packages/airflow/example_dags/example_skip_dag.py
[2026-02-25T06:55:46.378+0530] {processor.py:830} INFO - Processing file /Users/neerajvyas/learning/airflow/learn_airflow/airflow_home/venv/lib/python3.9/site-packages/airflow/example_dags/example_skip_dag.py for tasks to queue
[2026-02-25T06:55:46.378+0530] {logging_mixin.py:188} INFO - [2026-02-25T06:55:46.378+0530] {dagbag.py:538} INFO - Filling up the DagBag from /Users/neerajvyas/learning/airflow/learn_airflow/airflow_home/venv/lib/python3.9/site-packages/airflow/example_dags/example_skip_dag.py
[2026-02-25T06:55:46.381+0530] {processor.py:840} INFO - DAG(s) 'example_skip_dag' retrieved from /Users/neerajvyas/learning/airflow/learn_airflow/airflow_home/venv/lib/python3.9/site-packages/airflow/example_dags/example_skip_dag.py
[2026-02-25T06:55:46.424+0530] {logging_mixin.py:188} INFO - [2026-02-25T06:55:46.424+0530] {dag.py:3036} INFO - Sync 1 DAGs
[2026-02-25T06:55:46.430+0530] {logging_mixin.py:188} INFO - [2026-02-25T06:55:46.430+0530] {dag.py:3823} INFO - Setting next_dagrun for example_skip_dag to 2026-02-24 00:00:00+00:00, run_after=2026-02-25 00:00:00+00:00
[2026-02-25T06:55:46.437+0530] {processor.py:183} INFO - Processing /Users/neerajvyas/learning/airflow/learn_airflow/airflow_home/venv/lib/python3.9/site-packages/airflow/example_dags/example_skip_dag.py took 0.061 seconds
[2026-02-25T06:57:34.835+0530] {processor.py:161} INFO - Started process (PID=82757) to work on /Users/neerajvyas/learning/airflow/learn_airflow/airflow_home/venv/lib/python3.9/site-packages/airflow/example_dags/example_skip_dag.py
[2026-02-25T06:57:34.839+0530] {processor.py:830} INFO - Processing file /Users/neerajvyas/learning/airflow/learn_airflow/airflow_home/venv/lib/python3.9/site-packages/airflow/example_dags/example_skip_dag.py for tasks to queue
[2026-02-25T06:57:34.839+0530] {logging_mixin.py:188} INFO - [2026-02-25T06:57:34.839+0530] {dagbag.py:538} INFO - Filling up the DagBag from /Users/neerajvyas/learning/airflow/learn_airflow/airflow_home/venv/lib/python3.9/site-packages/airflow/example_dags/example_skip_dag.py
[2026-02-25T06:57:34.843+0530] {processor.py:840} INFO - DAG(s) 'example_skip_dag' retrieved from /Users/neerajvyas/learning/airflow/learn_airflow/airflow_home/venv/lib/python3.9/site-packages/airflow/example_dags/example_skip_dag.py
[2026-02-25T06:57:34.887+0530] {logging_mixin.py:188} INFO - [2026-02-25T06:57:34.887+0530] {dag.py:3036} INFO - Sync 1 DAGs
[2026-02-25T06:57:34.895+0530] {logging_mixin.py:188} INFO - [2026-02-25T06:57:34.895+0530] {dag.py:3823} INFO - Setting next_dagrun for example_skip_dag to 2026-02-24 00:00:00+00:00, run_after=2026-02-25 00:00:00+00:00
[2026-02-25T06:57:34.903+0530] {processor.py:183} INFO - Processing /Users/neerajvyas/learning/airflow/learn_airflow/airflow_home/venv/lib/python3.9/site-packages/airflow/example_dags/example_skip_dag.py took 0.069 seconds
[2026-02-25T06:59:24.105+0530] {processor.py:161} INFO - Started process (PID=86449) to work on /Users/neerajvyas/learning/airflow/learn_airflow/airflow_home/venv/lib/python3.9/site-packages/airflow/example_dags/example_skip_dag.py
[2026-02-25T06:59:24.106+0530] {processor.py:830} INFO - Processing file /Users/neerajvyas/learning/airflow/learn_airflow/airflow_home/venv/lib/python3.9/site-packages/airflow/example_dags/example_skip_dag.py for tasks to queue
[2026-02-25T06:59:24.107+0530] {logging_mixin.py:188} INFO - [2026-02-25T06:59:24.107+0530] {dagbag.py:538} INFO - Filling up the DagBag from /Users/neerajvyas/learning/airflow/learn_airflow/airflow_home/venv/lib/python3.9/site-packages/airflow/example_dags/example_skip_dag.py
[2026-02-25T06:59:24.110+0530] {processor.py:840} INFO - DAG(s) 'example_skip_dag' retrieved from /Users/neerajvyas/learning/airflow/learn_airflow/airflow_home/venv/lib/python3.9/site-packages/airflow/example_dags/example_skip_dag.py
[2026-02-25T06:59:24.157+0530] {logging_mixin.py:188} INFO - [2026-02-25T06:59:24.157+0530] {dag.py:3036} INFO - Sync 1 DAGs
[2026-02-25T06:59:24.164+0530] {logging_mixin.py:188} INFO - [2026-02-25T06:59:24.164+0530] {dag.py:3823} INFO - Setting next_dagrun for example_skip_dag to 2026-02-24 00:00:00+00:00, run_after=2026-02-25 00:00:00+00:00
[2026-02-25T06:59:24.172+0530] {processor.py:183} INFO - Processing /Users/neerajvyas/learning/airflow/learn_airflow/airflow_home/venv/lib/python3.9/site-packages/airflow/example_dags/example_skip_dag.py took 0.067 seconds
[2026-02-25T07:01:10.934+0530] {processor.py:161} INFO - Started process (PID=90366) to work on /Users/neerajvyas/learning/airflow/learn_airflow/airflow_home/venv/lib/python3.9/site-packages/airflow/example_dags/example_skip_dag.py
[2026-02-25T07:01:10.936+0530] {processor.py:830} INFO - Processing file /Users/neerajvyas/learning/airflow/learn_airflow/airflow_home/venv/lib/python3.9/site-packages/airflow/example_dags/example_skip_dag.py for tasks to queue
[2026-02-25T07:01:10.937+0530] {logging_mixin.py:188} INFO - [2026-02-25T07:01:10.936+0530] {dagbag.py:538} INFO - Filling up the DagBag from /Users/neerajvyas/learning/airflow/learn_airflow/airflow_home/venv/lib/python3.9/site-packages/airflow/example_dags/example_skip_dag.py
[2026-02-25T07:01:10.940+0530] {processor.py:840} INFO - DAG(s) 'example_skip_dag' retrieved from /Users/neerajvyas/learning/airflow/learn_airflow/airflow_home/venv/lib/python3.9/site-packages/airflow/example_dags/example_skip_dag.py
[2026-02-25T07:01:10.982+0530] {logging_mixin.py:188} INFO - [2026-02-25T07:01:10.981+0530] {dag.py:3036} INFO - Sync 1 DAGs
[2026-02-25T07:01:10.988+0530] {logging_mixin.py:188} INFO - [2026-02-25T07:01:10.988+0530] {dag.py:3823} INFO - Setting next_dagrun for example_skip_dag to 2026-02-24 00:00:00+00:00, run_after=2026-02-25 00:00:00+00:00
[2026-02-25T07:01:10.995+0530] {processor.py:183} INFO - Processing /Users/neerajvyas/learning/airflow/learn_airflow/airflow_home/venv/lib/python3.9/site-packages/airflow/example_dags/example_skip_dag.py took 0.061 seconds
[2026-02-25T07:03:01.898+0530] {processor.py:161} INFO - Started process (PID=94222) to work on /Users/neerajvyas/learning/airflow/learn_airflow/airflow_home/venv/lib/python3.9/site-packages/airflow/example_dags/example_skip_dag.py
[2026-02-25T07:03:01.900+0530] {processor.py:830} INFO - Processing file /Users/neerajvyas/learning/airflow/learn_airflow/airflow_home/venv/lib/python3.9/site-packages/airflow/example_dags/example_skip_dag.py for tasks to queue
[2026-02-25T07:03:01.900+0530] {logging_mixin.py:188} INFO - [2026-02-25T07:03:01.900+0530] {dagbag.py:538} INFO - Filling up the DagBag from /Users/neerajvyas/learning/airflow/learn_airflow/airflow_home/venv/lib/python3.9/site-packages/airflow/example_dags/example_skip_dag.py
[2026-02-25T07:03:01.904+0530] {processor.py:840} INFO - DAG(s) 'example_skip_dag' retrieved from /Users/neerajvyas/learning/airflow/learn_airflow/airflow_home/venv/lib/python3.9/site-packages/airflow/example_dags/example_skip_dag.py
[2026-02-25T07:03:01.947+0530] {logging_mixin.py:188} INFO - [2026-02-25T07:03:01.946+0530] {dag.py:3036} INFO - Sync 1 DAGs
[2026-02-25T07:03:01.954+0530] {logging_mixin.py:188} INFO - [2026-02-25T07:03:01.953+0530] {dag.py:3823} INFO - Setting next_dagrun for example_skip_dag to 2026-02-24 00:00:00+00:00, run_after=2026-02-25 00:00:00+00:00
[2026-02-25T07:03:01.962+0530] {processor.py:183} INFO - Processing /Users/neerajvyas/learning/airflow/learn_airflow/airflow_home/venv/lib/python3.9/site-packages/airflow/example_dags/example_skip_dag.py took 0.064 seconds
