[2026-02-25T06:47:08.316+0530] {processor.py:161} INFO - Started process (PID=60749) to work on /Users/neerajvyas/learning/airflow/learn_airflow/airflow_home/venv/lib/python3.9/site-packages/airflow/example_dags/example_task_group_decorator.py
[2026-02-25T06:47:08.317+0530] {processor.py:830} INFO - Processing file /Users/neerajvyas/learning/airflow/learn_airflow/airflow_home/venv/lib/python3.9/site-packages/airflow/example_dags/example_task_group_decorator.py for tasks to queue
[2026-02-25T06:47:08.317+0530] {logging_mixin.py:188} INFO - [2026-02-25T06:47:08.317+0530] {dagbag.py:538} INFO - Filling up the DagBag from /Users/neerajvyas/learning/airflow/learn_airflow/airflow_home/venv/lib/python3.9/site-packages/airflow/example_dags/example_task_group_decorator.py
[2026-02-25T06:47:08.336+0530] {processor.py:840} INFO - DAG(s) 'example_task_group_decorator' retrieved from /Users/neerajvyas/learning/airflow/learn_airflow/airflow_home/venv/lib/python3.9/site-packages/airflow/example_dags/example_task_group_decorator.py
[2026-02-25T06:47:08.415+0530] {logging_mixin.py:188} INFO - [2026-02-25T06:47:08.414+0530] {override.py:1769} INFO - Created Permission View: can delete on DAG:example_task_group_decorator
[2026-02-25T06:47:08.418+0530] {logging_mixin.py:188} INFO - [2026-02-25T06:47:08.418+0530] {override.py:1769} INFO - Created Permission View: can edit on DAG:example_task_group_decorator
[2026-02-25T06:47:08.420+0530] {logging_mixin.py:188} INFO - [2026-02-25T06:47:08.420+0530] {override.py:1769} INFO - Created Permission View: can read on DAG:example_task_group_decorator
[2026-02-25T06:47:08.420+0530] {logging_mixin.py:188} INFO - [2026-02-25T06:47:08.420+0530] {dag.py:3036} INFO - Sync 1 DAGs
[2026-02-25T06:47:08.425+0530] {logging_mixin.py:188} INFO - [2026-02-25T06:47:08.424+0530] {dag.py:3058} INFO - Creating ORM DAG for example_task_group_decorator
[2026-02-25T06:47:08.429+0530] {logging_mixin.py:188} INFO - [2026-02-25T06:47:08.429+0530] {dag.py:3823} INFO - Setting next_dagrun for example_task_group_decorator to 2026-02-24 00:00:00+00:00, run_after=2026-02-25 00:00:00+00:00
[2026-02-25T06:47:08.436+0530] {processor.py:183} INFO - Processing /Users/neerajvyas/learning/airflow/learn_airflow/airflow_home/venv/lib/python3.9/site-packages/airflow/example_dags/example_task_group_decorator.py took 0.121 seconds
[2026-02-25T06:48:32.966+0530] {processor.py:161} INFO - Started process (PID=63554) to work on /Users/neerajvyas/learning/airflow/learn_airflow/airflow_home/venv/lib/python3.9/site-packages/airflow/example_dags/example_task_group_decorator.py
[2026-02-25T06:48:32.967+0530] {processor.py:830} INFO - Processing file /Users/neerajvyas/learning/airflow/learn_airflow/airflow_home/venv/lib/python3.9/site-packages/airflow/example_dags/example_task_group_decorator.py for tasks to queue
[2026-02-25T06:48:32.967+0530] {logging_mixin.py:188} INFO - [2026-02-25T06:48:32.967+0530] {dagbag.py:538} INFO - Filling up the DagBag from /Users/neerajvyas/learning/airflow/learn_airflow/airflow_home/venv/lib/python3.9/site-packages/airflow/example_dags/example_task_group_decorator.py
[2026-02-25T06:48:32.986+0530] {processor.py:840} INFO - DAG(s) 'example_task_group_decorator' retrieved from /Users/neerajvyas/learning/airflow/learn_airflow/airflow_home/venv/lib/python3.9/site-packages/airflow/example_dags/example_task_group_decorator.py
[2026-02-25T06:48:33.032+0530] {logging_mixin.py:188} INFO - [2026-02-25T06:48:33.032+0530] {dag.py:3036} INFO - Sync 1 DAGs
[2026-02-25T06:48:33.040+0530] {logging_mixin.py:188} INFO - [2026-02-25T06:48:33.040+0530] {dag.py:3823} INFO - Setting next_dagrun for example_task_group_decorator to 2026-02-24 00:00:00+00:00, run_after=2026-02-25 00:00:00+00:00
[2026-02-25T06:48:33.047+0530] {processor.py:183} INFO - Processing /Users/neerajvyas/learning/airflow/learn_airflow/airflow_home/venv/lib/python3.9/site-packages/airflow/example_dags/example_task_group_decorator.py took 0.082 seconds
[2026-02-25T06:50:19.520+0530] {processor.py:161} INFO - Started process (PID=67156) to work on /Users/neerajvyas/learning/airflow/learn_airflow/airflow_home/venv/lib/python3.9/site-packages/airflow/example_dags/example_task_group_decorator.py
[2026-02-25T06:50:19.521+0530] {processor.py:830} INFO - Processing file /Users/neerajvyas/learning/airflow/learn_airflow/airflow_home/venv/lib/python3.9/site-packages/airflow/example_dags/example_task_group_decorator.py for tasks to queue
[2026-02-25T06:50:19.522+0530] {logging_mixin.py:188} INFO - [2026-02-25T06:50:19.522+0530] {dagbag.py:538} INFO - Filling up the DagBag from /Users/neerajvyas/learning/airflow/learn_airflow/airflow_home/venv/lib/python3.9/site-packages/airflow/example_dags/example_task_group_decorator.py
[2026-02-25T06:50:19.541+0530] {processor.py:840} INFO - DAG(s) 'example_task_group_decorator' retrieved from /Users/neerajvyas/learning/airflow/learn_airflow/airflow_home/venv/lib/python3.9/site-packages/airflow/example_dags/example_task_group_decorator.py
[2026-02-25T06:50:19.588+0530] {logging_mixin.py:188} INFO - [2026-02-25T06:50:19.588+0530] {dag.py:3036} INFO - Sync 1 DAGs
[2026-02-25T06:50:19.596+0530] {logging_mixin.py:188} INFO - [2026-02-25T06:50:19.596+0530] {dag.py:3823} INFO - Setting next_dagrun for example_task_group_decorator to 2026-02-24 00:00:00+00:00, run_after=2026-02-25 00:00:00+00:00
[2026-02-25T06:50:19.603+0530] {processor.py:183} INFO - Processing /Users/neerajvyas/learning/airflow/learn_airflow/airflow_home/venv/lib/python3.9/site-packages/airflow/example_dags/example_task_group_decorator.py took 0.084 seconds
[2026-02-25T06:52:06.149+0530] {processor.py:161} INFO - Started process (PID=71032) to work on /Users/neerajvyas/learning/airflow/learn_airflow/airflow_home/venv/lib/python3.9/site-packages/airflow/example_dags/example_task_group_decorator.py
[2026-02-25T06:52:06.151+0530] {processor.py:830} INFO - Processing file /Users/neerajvyas/learning/airflow/learn_airflow/airflow_home/venv/lib/python3.9/site-packages/airflow/example_dags/example_task_group_decorator.py for tasks to queue
[2026-02-25T06:52:06.151+0530] {logging_mixin.py:188} INFO - [2026-02-25T06:52:06.151+0530] {dagbag.py:538} INFO - Filling up the DagBag from /Users/neerajvyas/learning/airflow/learn_airflow/airflow_home/venv/lib/python3.9/site-packages/airflow/example_dags/example_task_group_decorator.py
[2026-02-25T06:52:06.171+0530] {processor.py:840} INFO - DAG(s) 'example_task_group_decorator' retrieved from /Users/neerajvyas/learning/airflow/learn_airflow/airflow_home/venv/lib/python3.9/site-packages/airflow/example_dags/example_task_group_decorator.py
[2026-02-25T06:52:06.213+0530] {logging_mixin.py:188} INFO - [2026-02-25T06:52:06.213+0530] {dag.py:3036} INFO - Sync 1 DAGs
[2026-02-25T06:52:06.221+0530] {logging_mixin.py:188} INFO - [2026-02-25T06:52:06.221+0530] {dag.py:3823} INFO - Setting next_dagrun for example_task_group_decorator to 2026-02-24 00:00:00+00:00, run_after=2026-02-25 00:00:00+00:00
[2026-02-25T06:52:06.228+0530] {processor.py:183} INFO - Processing /Users/neerajvyas/learning/airflow/learn_airflow/airflow_home/venv/lib/python3.9/site-packages/airflow/example_dags/example_task_group_decorator.py took 0.079 seconds
[2026-02-25T06:53:52.380+0530] {processor.py:161} INFO - Started process (PID=74635) to work on /Users/neerajvyas/learning/airflow/learn_airflow/airflow_home/venv/lib/python3.9/site-packages/airflow/example_dags/example_task_group_decorator.py
[2026-02-25T06:53:52.381+0530] {processor.py:830} INFO - Processing file /Users/neerajvyas/learning/airflow/learn_airflow/airflow_home/venv/lib/python3.9/site-packages/airflow/example_dags/example_task_group_decorator.py for tasks to queue
[2026-02-25T06:53:52.382+0530] {logging_mixin.py:188} INFO - [2026-02-25T06:53:52.382+0530] {dagbag.py:538} INFO - Filling up the DagBag from /Users/neerajvyas/learning/airflow/learn_airflow/airflow_home/venv/lib/python3.9/site-packages/airflow/example_dags/example_task_group_decorator.py
[2026-02-25T06:53:52.400+0530] {processor.py:840} INFO - DAG(s) 'example_task_group_decorator' retrieved from /Users/neerajvyas/learning/airflow/learn_airflow/airflow_home/venv/lib/python3.9/site-packages/airflow/example_dags/example_task_group_decorator.py
[2026-02-25T06:53:52.444+0530] {logging_mixin.py:188} INFO - [2026-02-25T06:53:52.444+0530] {dag.py:3036} INFO - Sync 1 DAGs
[2026-02-25T06:53:52.451+0530] {logging_mixin.py:188} INFO - [2026-02-25T06:53:52.451+0530] {dag.py:3823} INFO - Setting next_dagrun for example_task_group_decorator to 2026-02-24 00:00:00+00:00, run_after=2026-02-25 00:00:00+00:00
[2026-02-25T06:53:52.459+0530] {processor.py:183} INFO - Processing /Users/neerajvyas/learning/airflow/learn_airflow/airflow_home/venv/lib/python3.9/site-packages/airflow/example_dags/example_task_group_decorator.py took 0.079 seconds
[2026-02-25T06:55:39.264+0530] {processor.py:161} INFO - Started process (PID=78132) to work on /Users/neerajvyas/learning/airflow/learn_airflow/airflow_home/venv/lib/python3.9/site-packages/airflow/example_dags/example_task_group_decorator.py
[2026-02-25T06:55:39.264+0530] {processor.py:830} INFO - Processing file /Users/neerajvyas/learning/airflow/learn_airflow/airflow_home/venv/lib/python3.9/site-packages/airflow/example_dags/example_task_group_decorator.py for tasks to queue
[2026-02-25T06:55:39.265+0530] {logging_mixin.py:188} INFO - [2026-02-25T06:55:39.265+0530] {dagbag.py:538} INFO - Filling up the DagBag from /Users/neerajvyas/learning/airflow/learn_airflow/airflow_home/venv/lib/python3.9/site-packages/airflow/example_dags/example_task_group_decorator.py
[2026-02-25T06:55:39.283+0530] {processor.py:840} INFO - DAG(s) 'example_task_group_decorator' retrieved from /Users/neerajvyas/learning/airflow/learn_airflow/airflow_home/venv/lib/python3.9/site-packages/airflow/example_dags/example_task_group_decorator.py
[2026-02-25T06:55:39.326+0530] {logging_mixin.py:188} INFO - [2026-02-25T06:55:39.325+0530] {dag.py:3036} INFO - Sync 1 DAGs
[2026-02-25T06:55:39.333+0530] {logging_mixin.py:188} INFO - [2026-02-25T06:55:39.333+0530] {dag.py:3823} INFO - Setting next_dagrun for example_task_group_decorator to 2026-02-24 00:00:00+00:00, run_after=2026-02-25 00:00:00+00:00
[2026-02-25T06:55:39.340+0530] {processor.py:183} INFO - Processing /Users/neerajvyas/learning/airflow/learn_airflow/airflow_home/venv/lib/python3.9/site-packages/airflow/example_dags/example_task_group_decorator.py took 0.077 seconds
[2026-02-25T06:57:28.973+0530] {processor.py:161} INFO - Started process (PID=82412) to work on /Users/neerajvyas/learning/airflow/learn_airflow/airflow_home/venv/lib/python3.9/site-packages/airflow/example_dags/example_task_group_decorator.py
[2026-02-25T06:57:28.975+0530] {processor.py:830} INFO - Processing file /Users/neerajvyas/learning/airflow/learn_airflow/airflow_home/venv/lib/python3.9/site-packages/airflow/example_dags/example_task_group_decorator.py for tasks to queue
[2026-02-25T06:57:28.975+0530] {logging_mixin.py:188} INFO - [2026-02-25T06:57:28.975+0530] {dagbag.py:538} INFO - Filling up the DagBag from /Users/neerajvyas/learning/airflow/learn_airflow/airflow_home/venv/lib/python3.9/site-packages/airflow/example_dags/example_task_group_decorator.py
[2026-02-25T06:57:28.995+0530] {processor.py:840} INFO - DAG(s) 'example_task_group_decorator' retrieved from /Users/neerajvyas/learning/airflow/learn_airflow/airflow_home/venv/lib/python3.9/site-packages/airflow/example_dags/example_task_group_decorator.py
[2026-02-25T06:57:29.038+0530] {logging_mixin.py:188} INFO - [2026-02-25T06:57:29.038+0530] {dag.py:3036} INFO - Sync 1 DAGs
[2026-02-25T06:57:29.046+0530] {logging_mixin.py:188} INFO - [2026-02-25T06:57:29.046+0530] {dag.py:3823} INFO - Setting next_dagrun for example_task_group_decorator to 2026-02-24 00:00:00+00:00, run_after=2026-02-25 00:00:00+00:00
[2026-02-25T06:57:29.055+0530] {processor.py:183} INFO - Processing /Users/neerajvyas/learning/airflow/learn_airflow/airflow_home/venv/lib/python3.9/site-packages/airflow/example_dags/example_task_group_decorator.py took 0.082 seconds
[2026-02-25T06:59:16.408+0530] {processor.py:161} INFO - Started process (PID=86102) to work on /Users/neerajvyas/learning/airflow/learn_airflow/airflow_home/venv/lib/python3.9/site-packages/airflow/example_dags/example_task_group_decorator.py
[2026-02-25T06:59:16.409+0530] {processor.py:830} INFO - Processing file /Users/neerajvyas/learning/airflow/learn_airflow/airflow_home/venv/lib/python3.9/site-packages/airflow/example_dags/example_task_group_decorator.py for tasks to queue
[2026-02-25T06:59:16.409+0530] {logging_mixin.py:188} INFO - [2026-02-25T06:59:16.409+0530] {dagbag.py:538} INFO - Filling up the DagBag from /Users/neerajvyas/learning/airflow/learn_airflow/airflow_home/venv/lib/python3.9/site-packages/airflow/example_dags/example_task_group_decorator.py
[2026-02-25T06:59:16.431+0530] {processor.py:840} INFO - DAG(s) 'example_task_group_decorator' retrieved from /Users/neerajvyas/learning/airflow/learn_airflow/airflow_home/venv/lib/python3.9/site-packages/airflow/example_dags/example_task_group_decorator.py
[2026-02-25T06:59:16.479+0530] {logging_mixin.py:188} INFO - [2026-02-25T06:59:16.479+0530] {dag.py:3036} INFO - Sync 1 DAGs
[2026-02-25T06:59:16.487+0530] {logging_mixin.py:188} INFO - [2026-02-25T06:59:16.487+0530] {dag.py:3823} INFO - Setting next_dagrun for example_task_group_decorator to 2026-02-24 00:00:00+00:00, run_after=2026-02-25 00:00:00+00:00
[2026-02-25T06:59:16.495+0530] {processor.py:183} INFO - Processing /Users/neerajvyas/learning/airflow/learn_airflow/airflow_home/venv/lib/python3.9/site-packages/airflow/example_dags/example_task_group_decorator.py took 0.088 seconds
[2026-02-25T07:01:04.386+0530] {processor.py:161} INFO - Started process (PID=90019) to work on /Users/neerajvyas/learning/airflow/learn_airflow/airflow_home/venv/lib/python3.9/site-packages/airflow/example_dags/example_task_group_decorator.py
[2026-02-25T07:01:04.387+0530] {processor.py:830} INFO - Processing file /Users/neerajvyas/learning/airflow/learn_airflow/airflow_home/venv/lib/python3.9/site-packages/airflow/example_dags/example_task_group_decorator.py for tasks to queue
[2026-02-25T07:01:04.387+0530] {logging_mixin.py:188} INFO - [2026-02-25T07:01:04.387+0530] {dagbag.py:538} INFO - Filling up the DagBag from /Users/neerajvyas/learning/airflow/learn_airflow/airflow_home/venv/lib/python3.9/site-packages/airflow/example_dags/example_task_group_decorator.py
[2026-02-25T07:01:04.406+0530] {processor.py:840} INFO - DAG(s) 'example_task_group_decorator' retrieved from /Users/neerajvyas/learning/airflow/learn_airflow/airflow_home/venv/lib/python3.9/site-packages/airflow/example_dags/example_task_group_decorator.py
[2026-02-25T07:01:04.448+0530] {logging_mixin.py:188} INFO - [2026-02-25T07:01:04.448+0530] {dag.py:3036} INFO - Sync 1 DAGs
[2026-02-25T07:01:04.456+0530] {logging_mixin.py:188} INFO - [2026-02-25T07:01:04.456+0530] {dag.py:3823} INFO - Setting next_dagrun for example_task_group_decorator to 2026-02-24 00:00:00+00:00, run_after=2026-02-25 00:00:00+00:00
[2026-02-25T07:01:04.463+0530] {processor.py:183} INFO - Processing /Users/neerajvyas/learning/airflow/learn_airflow/airflow_home/venv/lib/python3.9/site-packages/airflow/example_dags/example_task_group_decorator.py took 0.077 seconds
[2026-02-25T07:02:56.043+0530] {processor.py:161} INFO - Started process (PID=94218) to work on /Users/neerajvyas/learning/airflow/learn_airflow/airflow_home/venv/lib/python3.9/site-packages/airflow/example_dags/example_task_group_decorator.py
[2026-02-25T07:02:56.044+0530] {processor.py:830} INFO - Processing file /Users/neerajvyas/learning/airflow/learn_airflow/airflow_home/venv/lib/python3.9/site-packages/airflow/example_dags/example_task_group_decorator.py for tasks to queue
[2026-02-25T07:02:56.045+0530] {logging_mixin.py:188} INFO - [2026-02-25T07:02:56.045+0530] {dagbag.py:538} INFO - Filling up the DagBag from /Users/neerajvyas/learning/airflow/learn_airflow/airflow_home/venv/lib/python3.9/site-packages/airflow/example_dags/example_task_group_decorator.py
[2026-02-25T07:02:56.063+0530] {processor.py:840} INFO - DAG(s) 'example_task_group_decorator' retrieved from /Users/neerajvyas/learning/airflow/learn_airflow/airflow_home/venv/lib/python3.9/site-packages/airflow/example_dags/example_task_group_decorator.py
[2026-02-25T07:02:56.109+0530] {logging_mixin.py:188} INFO - [2026-02-25T07:02:56.108+0530] {dag.py:3036} INFO - Sync 1 DAGs
[2026-02-25T07:02:56.117+0530] {logging_mixin.py:188} INFO - [2026-02-25T07:02:56.117+0530] {dag.py:3823} INFO - Setting next_dagrun for example_task_group_decorator to 2026-02-24 00:00:00+00:00, run_after=2026-02-25 00:00:00+00:00
[2026-02-25T07:02:56.124+0530] {processor.py:183} INFO - Processing /Users/neerajvyas/learning/airflow/learn_airflow/airflow_home/venv/lib/python3.9/site-packages/airflow/example_dags/example_task_group_decorator.py took 0.081 seconds
