[2026-02-25T06:47:14.174+0530] {processor.py:161} INFO - Started process (PID=60753) to work on /Users/neerajvyas/learning/airflow/learn_airflow/airflow_home/venv/lib/python3.9/site-packages/airflow/example_dags/example_sla_dag.py
[2026-02-25T06:47:14.175+0530] {processor.py:830} INFO - Processing file /Users/neerajvyas/learning/airflow/learn_airflow/airflow_home/venv/lib/python3.9/site-packages/airflow/example_dags/example_sla_dag.py for tasks to queue
[2026-02-25T06:47:14.175+0530] {logging_mixin.py:188} INFO - [2026-02-25T06:47:14.175+0530] {dagbag.py:538} INFO - Filling up the DagBag from /Users/neerajvyas/learning/airflow/learn_airflow/airflow_home/venv/lib/python3.9/site-packages/airflow/example_dags/example_sla_dag.py
[2026-02-25T06:47:14.192+0530] {processor.py:840} INFO - DAG(s) 'example_sla_dag' retrieved from /Users/neerajvyas/learning/airflow/learn_airflow/airflow_home/venv/lib/python3.9/site-packages/airflow/example_dags/example_sla_dag.py
[2026-02-25T06:47:14.277+0530] {logging_mixin.py:188} INFO - [2026-02-25T06:47:14.277+0530] {override.py:1769} INFO - Created Permission View: can delete on DAG:example_sla_dag
[2026-02-25T06:47:14.281+0530] {logging_mixin.py:188} INFO - [2026-02-25T06:47:14.281+0530] {override.py:1769} INFO - Created Permission View: can read on DAG:example_sla_dag
[2026-02-25T06:47:14.285+0530] {logging_mixin.py:188} INFO - [2026-02-25T06:47:14.285+0530] {override.py:1769} INFO - Created Permission View: can edit on DAG:example_sla_dag
[2026-02-25T06:47:14.285+0530] {logging_mixin.py:188} INFO - [2026-02-25T06:47:14.285+0530] {dag.py:3036} INFO - Sync 1 DAGs
[2026-02-25T06:47:14.290+0530] {logging_mixin.py:188} INFO - [2026-02-25T06:47:14.290+0530] {dag.py:3058} INFO - Creating ORM DAG for example_sla_dag
[2026-02-25T06:47:14.296+0530] {logging_mixin.py:188} INFO - [2026-02-25T06:47:14.296+0530] {dag.py:3823} INFO - Setting next_dagrun for example_sla_dag to 2026-02-25 01:14:00+00:00, run_after=2026-02-25 01:16:00+00:00
[2026-02-25T06:47:14.304+0530] {processor.py:183} INFO - Processing /Users/neerajvyas/learning/airflow/learn_airflow/airflow_home/venv/lib/python3.9/site-packages/airflow/example_dags/example_sla_dag.py took 0.130 seconds
[2026-02-25T06:48:37.936+0530] {processor.py:161} INFO - Started process (PID=63898) to work on /Users/neerajvyas/learning/airflow/learn_airflow/airflow_home/venv/lib/python3.9/site-packages/airflow/example_dags/example_sla_dag.py
[2026-02-25T06:48:37.936+0530] {processor.py:830} INFO - Processing file /Users/neerajvyas/learning/airflow/learn_airflow/airflow_home/venv/lib/python3.9/site-packages/airflow/example_dags/example_sla_dag.py for tasks to queue
[2026-02-25T06:48:37.937+0530] {logging_mixin.py:188} INFO - [2026-02-25T06:48:37.937+0530] {dagbag.py:538} INFO - Filling up the DagBag from /Users/neerajvyas/learning/airflow/learn_airflow/airflow_home/venv/lib/python3.9/site-packages/airflow/example_dags/example_sla_dag.py
[2026-02-25T06:48:37.952+0530] {processor.py:840} INFO - DAG(s) 'example_sla_dag' retrieved from /Users/neerajvyas/learning/airflow/learn_airflow/airflow_home/venv/lib/python3.9/site-packages/airflow/example_dags/example_sla_dag.py
[2026-02-25T06:48:37.996+0530] {logging_mixin.py:188} INFO - [2026-02-25T06:48:37.995+0530] {dag.py:3036} INFO - Sync 1 DAGs
[2026-02-25T06:48:38.005+0530] {logging_mixin.py:188} INFO - [2026-02-25T06:48:38.004+0530] {dag.py:3823} INFO - Setting next_dagrun for example_sla_dag to 2026-02-25 01:16:00+00:00, run_after=2026-02-25 01:18:00+00:00
[2026-02-25T06:48:38.013+0530] {processor.py:183} INFO - Processing /Users/neerajvyas/learning/airflow/learn_airflow/airflow_home/venv/lib/python3.9/site-packages/airflow/example_dags/example_sla_dag.py took 0.077 seconds
[2026-02-25T06:50:25.198+0530] {processor.py:161} INFO - Started process (PID=67503) to work on /Users/neerajvyas/learning/airflow/learn_airflow/airflow_home/venv/lib/python3.9/site-packages/airflow/example_dags/example_sla_dag.py
[2026-02-25T06:50:25.199+0530] {processor.py:830} INFO - Processing file /Users/neerajvyas/learning/airflow/learn_airflow/airflow_home/venv/lib/python3.9/site-packages/airflow/example_dags/example_sla_dag.py for tasks to queue
[2026-02-25T06:50:25.199+0530] {logging_mixin.py:188} INFO - [2026-02-25T06:50:25.199+0530] {dagbag.py:538} INFO - Filling up the DagBag from /Users/neerajvyas/learning/airflow/learn_airflow/airflow_home/venv/lib/python3.9/site-packages/airflow/example_dags/example_sla_dag.py
[2026-02-25T06:50:25.216+0530] {processor.py:840} INFO - DAG(s) 'example_sla_dag' retrieved from /Users/neerajvyas/learning/airflow/learn_airflow/airflow_home/venv/lib/python3.9/site-packages/airflow/example_dags/example_sla_dag.py
[2026-02-25T06:50:25.258+0530] {logging_mixin.py:188} INFO - [2026-02-25T06:50:25.258+0530] {dag.py:3036} INFO - Sync 1 DAGs
[2026-02-25T06:50:25.267+0530] {logging_mixin.py:188} INFO - [2026-02-25T06:50:25.267+0530] {dag.py:3823} INFO - Setting next_dagrun for example_sla_dag to 2026-02-25 01:18:00+00:00, run_after=2026-02-25 01:20:00+00:00
[2026-02-25T06:50:25.274+0530] {processor.py:183} INFO - Processing /Users/neerajvyas/learning/airflow/learn_airflow/airflow_home/venv/lib/python3.9/site-packages/airflow/example_dags/example_sla_dag.py took 0.076 seconds
[2026-02-25T06:52:11.867+0530] {processor.py:161} INFO - Started process (PID=71036) to work on /Users/neerajvyas/learning/airflow/learn_airflow/airflow_home/venv/lib/python3.9/site-packages/airflow/example_dags/example_sla_dag.py
[2026-02-25T06:52:11.868+0530] {processor.py:830} INFO - Processing file /Users/neerajvyas/learning/airflow/learn_airflow/airflow_home/venv/lib/python3.9/site-packages/airflow/example_dags/example_sla_dag.py for tasks to queue
[2026-02-25T06:52:11.869+0530] {logging_mixin.py:188} INFO - [2026-02-25T06:52:11.869+0530] {dagbag.py:538} INFO - Filling up the DagBag from /Users/neerajvyas/learning/airflow/learn_airflow/airflow_home/venv/lib/python3.9/site-packages/airflow/example_dags/example_sla_dag.py
[2026-02-25T06:52:11.884+0530] {processor.py:840} INFO - DAG(s) 'example_sla_dag' retrieved from /Users/neerajvyas/learning/airflow/learn_airflow/airflow_home/venv/lib/python3.9/site-packages/airflow/example_dags/example_sla_dag.py
[2026-02-25T06:52:11.926+0530] {logging_mixin.py:188} INFO - [2026-02-25T06:52:11.926+0530] {dag.py:3036} INFO - Sync 1 DAGs
[2026-02-25T06:52:11.935+0530] {logging_mixin.py:188} INFO - [2026-02-25T06:52:11.935+0530] {dag.py:3823} INFO - Setting next_dagrun for example_sla_dag to 2026-02-25 01:20:00+00:00, run_after=2026-02-25 01:22:00+00:00
[2026-02-25T06:52:11.942+0530] {processor.py:183} INFO - Processing /Users/neerajvyas/learning/airflow/learn_airflow/airflow_home/venv/lib/python3.9/site-packages/airflow/example_dags/example_sla_dag.py took 0.075 seconds
[2026-02-25T06:53:57.370+0530] {processor.py:161} INFO - Started process (PID=74940) to work on /Users/neerajvyas/learning/airflow/learn_airflow/airflow_home/venv/lib/python3.9/site-packages/airflow/example_dags/example_sla_dag.py
[2026-02-25T06:53:57.371+0530] {processor.py:830} INFO - Processing file /Users/neerajvyas/learning/airflow/learn_airflow/airflow_home/venv/lib/python3.9/site-packages/airflow/example_dags/example_sla_dag.py for tasks to queue
[2026-02-25T06:53:57.372+0530] {logging_mixin.py:188} INFO - [2026-02-25T06:53:57.372+0530] {dagbag.py:538} INFO - Filling up the DagBag from /Users/neerajvyas/learning/airflow/learn_airflow/airflow_home/venv/lib/python3.9/site-packages/airflow/example_dags/example_sla_dag.py
[2026-02-25T06:53:57.389+0530] {processor.py:840} INFO - DAG(s) 'example_sla_dag' retrieved from /Users/neerajvyas/learning/airflow/learn_airflow/airflow_home/venv/lib/python3.9/site-packages/airflow/example_dags/example_sla_dag.py
[2026-02-25T06:53:57.434+0530] {logging_mixin.py:188} INFO - [2026-02-25T06:53:57.434+0530] {dag.py:3036} INFO - Sync 1 DAGs
[2026-02-25T06:53:57.444+0530] {logging_mixin.py:188} INFO - [2026-02-25T06:53:57.444+0530] {dag.py:3823} INFO - Setting next_dagrun for example_sla_dag to 2026-02-25 01:20:00+00:00, run_after=2026-02-25 01:22:00+00:00
[2026-02-25T06:53:57.452+0530] {processor.py:183} INFO - Processing /Users/neerajvyas/learning/airflow/learn_airflow/airflow_home/venv/lib/python3.9/site-packages/airflow/example_dags/example_sla_dag.py took 0.082 seconds
[2026-02-25T06:55:44.498+0530] {processor.py:161} INFO - Started process (PID=78478) to work on /Users/neerajvyas/learning/airflow/learn_airflow/airflow_home/venv/lib/python3.9/site-packages/airflow/example_dags/example_sla_dag.py
[2026-02-25T06:55:44.499+0530] {processor.py:830} INFO - Processing file /Users/neerajvyas/learning/airflow/learn_airflow/airflow_home/venv/lib/python3.9/site-packages/airflow/example_dags/example_sla_dag.py for tasks to queue
[2026-02-25T06:55:44.499+0530] {logging_mixin.py:188} INFO - [2026-02-25T06:55:44.499+0530] {dagbag.py:538} INFO - Filling up the DagBag from /Users/neerajvyas/learning/airflow/learn_airflow/airflow_home/venv/lib/python3.9/site-packages/airflow/example_dags/example_sla_dag.py
[2026-02-25T06:55:44.516+0530] {processor.py:840} INFO - DAG(s) 'example_sla_dag' retrieved from /Users/neerajvyas/learning/airflow/learn_airflow/airflow_home/venv/lib/python3.9/site-packages/airflow/example_dags/example_sla_dag.py
[2026-02-25T06:55:44.560+0530] {logging_mixin.py:188} INFO - [2026-02-25T06:55:44.560+0530] {dag.py:3036} INFO - Sync 1 DAGs
[2026-02-25T06:55:44.568+0530] {logging_mixin.py:188} INFO - [2026-02-25T06:55:44.568+0530] {dag.py:3823} INFO - Setting next_dagrun for example_sla_dag to 2026-02-25 01:22:00+00:00, run_after=2026-02-25 01:24:00+00:00
[2026-02-25T06:55:44.575+0530] {processor.py:183} INFO - Processing /Users/neerajvyas/learning/airflow/learn_airflow/airflow_home/venv/lib/python3.9/site-packages/airflow/example_dags/example_sla_dag.py took 0.077 seconds
[2026-02-25T06:57:33.913+0530] {processor.py:161} INFO - Started process (PID=82445) to work on /Users/neerajvyas/learning/airflow/learn_airflow/airflow_home/venv/lib/python3.9/site-packages/airflow/example_dags/example_sla_dag.py
[2026-02-25T06:57:33.914+0530] {processor.py:830} INFO - Processing file /Users/neerajvyas/learning/airflow/learn_airflow/airflow_home/venv/lib/python3.9/site-packages/airflow/example_dags/example_sla_dag.py for tasks to queue
[2026-02-25T06:57:33.914+0530] {logging_mixin.py:188} INFO - [2026-02-25T06:57:33.914+0530] {dagbag.py:538} INFO - Filling up the DagBag from /Users/neerajvyas/learning/airflow/learn_airflow/airflow_home/venv/lib/python3.9/site-packages/airflow/example_dags/example_sla_dag.py
[2026-02-25T06:57:33.931+0530] {processor.py:840} INFO - DAG(s) 'example_sla_dag' retrieved from /Users/neerajvyas/learning/airflow/learn_airflow/airflow_home/venv/lib/python3.9/site-packages/airflow/example_dags/example_sla_dag.py
[2026-02-25T06:57:33.977+0530] {logging_mixin.py:188} INFO - [2026-02-25T06:57:33.977+0530] {dag.py:3036} INFO - Sync 1 DAGs
[2026-02-25T06:57:33.986+0530] {logging_mixin.py:188} INFO - [2026-02-25T06:57:33.986+0530] {dag.py:3823} INFO - Setting next_dagrun for example_sla_dag to 2026-02-25 01:24:00+00:00, run_after=2026-02-25 01:26:00+00:00
[2026-02-25T06:57:33.993+0530] {processor.py:183} INFO - Processing /Users/neerajvyas/learning/airflow/learn_airflow/airflow_home/venv/lib/python3.9/site-packages/airflow/example_dags/example_sla_dag.py took 0.081 seconds
[2026-02-25T06:59:22.214+0530] {processor.py:161} INFO - Started process (PID=86448) to work on /Users/neerajvyas/learning/airflow/learn_airflow/airflow_home/venv/lib/python3.9/site-packages/airflow/example_dags/example_sla_dag.py
[2026-02-25T06:59:22.215+0530] {processor.py:830} INFO - Processing file /Users/neerajvyas/learning/airflow/learn_airflow/airflow_home/venv/lib/python3.9/site-packages/airflow/example_dags/example_sla_dag.py for tasks to queue
[2026-02-25T06:59:22.215+0530] {logging_mixin.py:188} INFO - [2026-02-25T06:59:22.215+0530] {dagbag.py:538} INFO - Filling up the DagBag from /Users/neerajvyas/learning/airflow/learn_airflow/airflow_home/venv/lib/python3.9/site-packages/airflow/example_dags/example_sla_dag.py
[2026-02-25T06:59:22.230+0530] {processor.py:840} INFO - DAG(s) 'example_sla_dag' retrieved from /Users/neerajvyas/learning/airflow/learn_airflow/airflow_home/venv/lib/python3.9/site-packages/airflow/example_dags/example_sla_dag.py
[2026-02-25T06:59:22.274+0530] {logging_mixin.py:188} INFO - [2026-02-25T06:59:22.274+0530] {dag.py:3036} INFO - Sync 1 DAGs
[2026-02-25T06:59:22.284+0530] {logging_mixin.py:188} INFO - [2026-02-25T06:59:22.284+0530] {dag.py:3823} INFO - Setting next_dagrun for example_sla_dag to 2026-02-25 01:26:00+00:00, run_after=2026-02-25 01:28:00+00:00
[2026-02-25T06:59:22.291+0530] {processor.py:183} INFO - Processing /Users/neerajvyas/learning/airflow/learn_airflow/airflow_home/venv/lib/python3.9/site-packages/airflow/example_dags/example_sla_dag.py took 0.077 seconds
[2026-02-25T07:01:09.085+0530] {processor.py:161} INFO - Started process (PID=90023) to work on /Users/neerajvyas/learning/airflow/learn_airflow/airflow_home/venv/lib/python3.9/site-packages/airflow/example_dags/example_sla_dag.py
[2026-02-25T07:01:09.086+0530] {processor.py:830} INFO - Processing file /Users/neerajvyas/learning/airflow/learn_airflow/airflow_home/venv/lib/python3.9/site-packages/airflow/example_dags/example_sla_dag.py for tasks to queue
[2026-02-25T07:01:09.086+0530] {logging_mixin.py:188} INFO - [2026-02-25T07:01:09.086+0530] {dagbag.py:538} INFO - Filling up the DagBag from /Users/neerajvyas/learning/airflow/learn_airflow/airflow_home/venv/lib/python3.9/site-packages/airflow/example_dags/example_sla_dag.py
[2026-02-25T07:01:09.101+0530] {processor.py:840} INFO - DAG(s) 'example_sla_dag' retrieved from /Users/neerajvyas/learning/airflow/learn_airflow/airflow_home/venv/lib/python3.9/site-packages/airflow/example_dags/example_sla_dag.py
[2026-02-25T07:01:09.143+0530] {logging_mixin.py:188} INFO - [2026-02-25T07:01:09.142+0530] {dag.py:3036} INFO - Sync 1 DAGs
[2026-02-25T07:01:09.152+0530] {logging_mixin.py:188} INFO - [2026-02-25T07:01:09.152+0530] {dag.py:3823} INFO - Setting next_dagrun for example_sla_dag to 2026-02-25 01:28:00+00:00, run_after=2026-02-25 01:30:00+00:00
[2026-02-25T07:01:09.159+0530] {processor.py:183} INFO - Processing /Users/neerajvyas/learning/airflow/learn_airflow/airflow_home/venv/lib/python3.9/site-packages/airflow/example_dags/example_sla_dag.py took 0.075 seconds
[2026-02-25T07:03:01.017+0530] {processor.py:161} INFO - Started process (PID=94221) to work on /Users/neerajvyas/learning/airflow/learn_airflow/airflow_home/venv/lib/python3.9/site-packages/airflow/example_dags/example_sla_dag.py
[2026-02-25T07:03:01.019+0530] {processor.py:830} INFO - Processing file /Users/neerajvyas/learning/airflow/learn_airflow/airflow_home/venv/lib/python3.9/site-packages/airflow/example_dags/example_sla_dag.py for tasks to queue
[2026-02-25T07:03:01.019+0530] {logging_mixin.py:188} INFO - [2026-02-25T07:03:01.019+0530] {dagbag.py:538} INFO - Filling up the DagBag from /Users/neerajvyas/learning/airflow/learn_airflow/airflow_home/venv/lib/python3.9/site-packages/airflow/example_dags/example_sla_dag.py
[2026-02-25T07:03:01.034+0530] {processor.py:840} INFO - DAG(s) 'example_sla_dag' retrieved from /Users/neerajvyas/learning/airflow/learn_airflow/airflow_home/venv/lib/python3.9/site-packages/airflow/example_dags/example_sla_dag.py
[2026-02-25T07:03:01.077+0530] {logging_mixin.py:188} INFO - [2026-02-25T07:03:01.076+0530] {dag.py:3036} INFO - Sync 1 DAGs
[2026-02-25T07:03:01.086+0530] {logging_mixin.py:188} INFO - [2026-02-25T07:03:01.086+0530] {dag.py:3823} INFO - Setting next_dagrun for example_sla_dag to 2026-02-25 01:30:00+00:00, run_after=2026-02-25 01:32:00+00:00
[2026-02-25T07:03:01.092+0530] {processor.py:183} INFO - Processing /Users/neerajvyas/learning/airflow/learn_airflow/airflow_home/venv/lib/python3.9/site-packages/airflow/example_dags/example_sla_dag.py took 0.075 seconds
