[2026-02-25T06:48:04.967+0530] {processor.py:161} INFO - Started process (PID=62494) to work on /Users/neerajvyas/learning/airflow/learn_airflow/airflow_home/venv/lib/python3.9/site-packages/airflow/example_dags/example_branch_datetime_operator.py
[2026-02-25T06:48:04.968+0530] {processor.py:830} INFO - Processing file /Users/neerajvyas/learning/airflow/learn_airflow/airflow_home/venv/lib/python3.9/site-packages/airflow/example_dags/example_branch_datetime_operator.py for tasks to queue
[2026-02-25T06:48:04.968+0530] {logging_mixin.py:188} INFO - [2026-02-25T06:48:04.968+0530] {dagbag.py:538} INFO - Filling up the DagBag from /Users/neerajvyas/learning/airflow/learn_airflow/airflow_home/venv/lib/python3.9/site-packages/airflow/example_dags/example_branch_datetime_operator.py
[2026-02-25T06:48:04.975+0530] {processor.py:840} INFO - DAG(s) 'example_branch_datetime_operator', 'example_branch_datetime_operator_2', 'example_branch_datetime_operator_3' retrieved from /Users/neerajvyas/learning/airflow/learn_airflow/airflow_home/venv/lib/python3.9/site-packages/airflow/example_dags/example_branch_datetime_operator.py
[2026-02-25T06:48:05.058+0530] {logging_mixin.py:188} INFO - [2026-02-25T06:48:05.058+0530] {override.py:1769} INFO - Created Permission View: can delete on DAG:example_branch_datetime_operator
[2026-02-25T06:48:05.062+0530] {logging_mixin.py:188} INFO - [2026-02-25T06:48:05.062+0530] {override.py:1769} INFO - Created Permission View: can read on DAG:example_branch_datetime_operator
[2026-02-25T06:48:05.064+0530] {logging_mixin.py:188} INFO - [2026-02-25T06:48:05.064+0530] {override.py:1769} INFO - Created Permission View: can edit on DAG:example_branch_datetime_operator
[2026-02-25T06:48:05.069+0530] {logging_mixin.py:188} INFO - [2026-02-25T06:48:05.069+0530] {override.py:1769} INFO - Created Permission View: can delete on DAG:example_branch_datetime_operator_2
[2026-02-25T06:48:05.071+0530] {logging_mixin.py:188} INFO - [2026-02-25T06:48:05.071+0530] {override.py:1769} INFO - Created Permission View: can read on DAG:example_branch_datetime_operator_2
[2026-02-25T06:48:05.073+0530] {logging_mixin.py:188} INFO - [2026-02-25T06:48:05.073+0530] {override.py:1769} INFO - Created Permission View: can edit on DAG:example_branch_datetime_operator_2
[2026-02-25T06:48:05.077+0530] {logging_mixin.py:188} INFO - [2026-02-25T06:48:05.077+0530] {override.py:1769} INFO - Created Permission View: can delete on DAG:example_branch_datetime_operator_3
[2026-02-25T06:48:05.079+0530] {logging_mixin.py:188} INFO - [2026-02-25T06:48:05.079+0530] {override.py:1769} INFO - Created Permission View: can read on DAG:example_branch_datetime_operator_3
[2026-02-25T06:48:05.082+0530] {logging_mixin.py:188} INFO - [2026-02-25T06:48:05.081+0530] {override.py:1769} INFO - Created Permission View: can edit on DAG:example_branch_datetime_operator_3
[2026-02-25T06:48:05.082+0530] {logging_mixin.py:188} INFO - [2026-02-25T06:48:05.082+0530] {dag.py:3036} INFO - Sync 3 DAGs
[2026-02-25T06:48:05.086+0530] {logging_mixin.py:188} INFO - [2026-02-25T06:48:05.086+0530] {dag.py:3058} INFO - Creating ORM DAG for example_branch_datetime_operator
[2026-02-25T06:48:05.086+0530] {logging_mixin.py:188} INFO - [2026-02-25T06:48:05.086+0530] {dag.py:3058} INFO - Creating ORM DAG for example_branch_datetime_operator_2
[2026-02-25T06:48:05.086+0530] {logging_mixin.py:188} INFO - [2026-02-25T06:48:05.086+0530] {dag.py:3058} INFO - Creating ORM DAG for example_branch_datetime_operator_3
[2026-02-25T06:48:05.090+0530] {logging_mixin.py:188} INFO - [2026-02-25T06:48:05.090+0530] {dag.py:3823} INFO - Setting next_dagrun for example_branch_datetime_operator to 2026-02-24 00:00:00+00:00, run_after=2026-02-25 00:00:00+00:00
[2026-02-25T06:48:05.091+0530] {logging_mixin.py:188} INFO - [2026-02-25T06:48:05.091+0530] {dag.py:3823} INFO - Setting next_dagrun for example_branch_datetime_operator_2 to 2026-02-24 00:00:00+00:00, run_after=2026-02-25 00:00:00+00:00
[2026-02-25T06:48:05.091+0530] {logging_mixin.py:188} INFO - [2026-02-25T06:48:05.091+0530] {dag.py:3823} INFO - Setting next_dagrun for example_branch_datetime_operator_3 to 2026-02-24 00:00:00+00:00, run_after=2026-02-25 00:00:00+00:00
[2026-02-25T06:48:05.099+0530] {processor.py:183} INFO - Processing /Users/neerajvyas/learning/airflow/learn_airflow/airflow_home/venv/lib/python3.9/site-packages/airflow/example_dags/example_branch_datetime_operator.py took 0.132 seconds
[2026-02-25T06:49:52.464+0530] {processor.py:161} INFO - Started process (PID=66413) to work on /Users/neerajvyas/learning/airflow/learn_airflow/airflow_home/venv/lib/python3.9/site-packages/airflow/example_dags/example_branch_datetime_operator.py
[2026-02-25T06:49:52.465+0530] {processor.py:830} INFO - Processing file /Users/neerajvyas/learning/airflow/learn_airflow/airflow_home/venv/lib/python3.9/site-packages/airflow/example_dags/example_branch_datetime_operator.py for tasks to queue
[2026-02-25T06:49:52.466+0530] {logging_mixin.py:188} INFO - [2026-02-25T06:49:52.466+0530] {dagbag.py:538} INFO - Filling up the DagBag from /Users/neerajvyas/learning/airflow/learn_airflow/airflow_home/venv/lib/python3.9/site-packages/airflow/example_dags/example_branch_datetime_operator.py
[2026-02-25T06:49:52.471+0530] {processor.py:840} INFO - DAG(s) 'example_branch_datetime_operator_3', 'example_branch_datetime_operator', 'example_branch_datetime_operator_2' retrieved from /Users/neerajvyas/learning/airflow/learn_airflow/airflow_home/venv/lib/python3.9/site-packages/airflow/example_dags/example_branch_datetime_operator.py
[2026-02-25T06:49:52.517+0530] {logging_mixin.py:188} INFO - [2026-02-25T06:49:52.517+0530] {dag.py:3036} INFO - Sync 3 DAGs
[2026-02-25T06:49:52.524+0530] {logging_mixin.py:188} INFO - [2026-02-25T06:49:52.524+0530] {dag.py:3823} INFO - Setting next_dagrun for example_branch_datetime_operator to 2026-02-24 00:00:00+00:00, run_after=2026-02-25 00:00:00+00:00
[2026-02-25T06:49:52.526+0530] {logging_mixin.py:188} INFO - [2026-02-25T06:49:52.526+0530] {dag.py:3823} INFO - Setting next_dagrun for example_branch_datetime_operator_2 to 2026-02-24 00:00:00+00:00, run_after=2026-02-25 00:00:00+00:00
[2026-02-25T06:49:52.527+0530] {logging_mixin.py:188} INFO - [2026-02-25T06:49:52.527+0530] {dag.py:3823} INFO - Setting next_dagrun for example_branch_datetime_operator_3 to 2026-02-24 00:00:00+00:00, run_after=2026-02-25 00:00:00+00:00
[2026-02-25T06:49:52.534+0530] {processor.py:183} INFO - Processing /Users/neerajvyas/learning/airflow/learn_airflow/airflow_home/venv/lib/python3.9/site-packages/airflow/example_dags/example_branch_datetime_operator.py took 0.071 seconds
[2026-02-25T06:51:39.161+0530] {processor.py:161} INFO - Started process (PID=69942) to work on /Users/neerajvyas/learning/airflow/learn_airflow/airflow_home/venv/lib/python3.9/site-packages/airflow/example_dags/example_branch_datetime_operator.py
[2026-02-25T06:51:39.163+0530] {processor.py:830} INFO - Processing file /Users/neerajvyas/learning/airflow/learn_airflow/airflow_home/venv/lib/python3.9/site-packages/airflow/example_dags/example_branch_datetime_operator.py for tasks to queue
[2026-02-25T06:51:39.163+0530] {logging_mixin.py:188} INFO - [2026-02-25T06:51:39.163+0530] {dagbag.py:538} INFO - Filling up the DagBag from /Users/neerajvyas/learning/airflow/learn_airflow/airflow_home/venv/lib/python3.9/site-packages/airflow/example_dags/example_branch_datetime_operator.py
[2026-02-25T06:51:39.168+0530] {processor.py:840} INFO - DAG(s) 'example_branch_datetime_operator', 'example_branch_datetime_operator_2', 'example_branch_datetime_operator_3' retrieved from /Users/neerajvyas/learning/airflow/learn_airflow/airflow_home/venv/lib/python3.9/site-packages/airflow/example_dags/example_branch_datetime_operator.py
[2026-02-25T06:51:39.219+0530] {logging_mixin.py:188} INFO - [2026-02-25T06:51:39.219+0530] {dag.py:3036} INFO - Sync 3 DAGs
[2026-02-25T06:51:39.227+0530] {logging_mixin.py:188} INFO - [2026-02-25T06:51:39.226+0530] {dag.py:3823} INFO - Setting next_dagrun for example_branch_datetime_operator to 2026-02-24 00:00:00+00:00, run_after=2026-02-25 00:00:00+00:00
[2026-02-25T06:51:39.228+0530] {logging_mixin.py:188} INFO - [2026-02-25T06:51:39.228+0530] {dag.py:3823} INFO - Setting next_dagrun for example_branch_datetime_operator_2 to 2026-02-24 00:00:00+00:00, run_after=2026-02-25 00:00:00+00:00
[2026-02-25T06:51:39.229+0530] {logging_mixin.py:188} INFO - [2026-02-25T06:51:39.229+0530] {dag.py:3823} INFO - Setting next_dagrun for example_branch_datetime_operator_3 to 2026-02-24 00:00:00+00:00, run_after=2026-02-25 00:00:00+00:00
[2026-02-25T06:51:39.236+0530] {processor.py:183} INFO - Processing /Users/neerajvyas/learning/airflow/learn_airflow/airflow_home/venv/lib/python3.9/site-packages/airflow/example_dags/example_branch_datetime_operator.py took 0.076 seconds
[2026-02-25T06:53:24.777+0530] {processor.py:161} INFO - Started process (PID=73591) to work on /Users/neerajvyas/learning/airflow/learn_airflow/airflow_home/venv/lib/python3.9/site-packages/airflow/example_dags/example_branch_datetime_operator.py
[2026-02-25T06:53:24.779+0530] {processor.py:830} INFO - Processing file /Users/neerajvyas/learning/airflow/learn_airflow/airflow_home/venv/lib/python3.9/site-packages/airflow/example_dags/example_branch_datetime_operator.py for tasks to queue
[2026-02-25T06:53:24.779+0530] {logging_mixin.py:188} INFO - [2026-02-25T06:53:24.779+0530] {dagbag.py:538} INFO - Filling up the DagBag from /Users/neerajvyas/learning/airflow/learn_airflow/airflow_home/venv/lib/python3.9/site-packages/airflow/example_dags/example_branch_datetime_operator.py
[2026-02-25T06:53:24.785+0530] {processor.py:840} INFO - DAG(s) 'example_branch_datetime_operator_3', 'example_branch_datetime_operator_2', 'example_branch_datetime_operator' retrieved from /Users/neerajvyas/learning/airflow/learn_airflow/airflow_home/venv/lib/python3.9/site-packages/airflow/example_dags/example_branch_datetime_operator.py
[2026-02-25T06:53:24.837+0530] {logging_mixin.py:188} INFO - [2026-02-25T06:53:24.837+0530] {dag.py:3036} INFO - Sync 3 DAGs
[2026-02-25T06:53:24.844+0530] {logging_mixin.py:188} INFO - [2026-02-25T06:53:24.844+0530] {dag.py:3823} INFO - Setting next_dagrun for example_branch_datetime_operator to 2026-02-24 00:00:00+00:00, run_after=2026-02-25 00:00:00+00:00
[2026-02-25T06:53:24.846+0530] {logging_mixin.py:188} INFO - [2026-02-25T06:53:24.846+0530] {dag.py:3823} INFO - Setting next_dagrun for example_branch_datetime_operator_2 to 2026-02-24 00:00:00+00:00, run_after=2026-02-25 00:00:00+00:00
[2026-02-25T06:53:24.847+0530] {logging_mixin.py:188} INFO - [2026-02-25T06:53:24.847+0530] {dag.py:3823} INFO - Setting next_dagrun for example_branch_datetime_operator_3 to 2026-02-24 00:00:00+00:00, run_after=2026-02-25 00:00:00+00:00
[2026-02-25T06:53:24.855+0530] {processor.py:183} INFO - Processing /Users/neerajvyas/learning/airflow/learn_airflow/airflow_home/venv/lib/python3.9/site-packages/airflow/example_dags/example_branch_datetime_operator.py took 0.078 seconds
[2026-02-25T06:55:12.087+0530] {processor.py:161} INFO - Started process (PID=77424) to work on /Users/neerajvyas/learning/airflow/learn_airflow/airflow_home/venv/lib/python3.9/site-packages/airflow/example_dags/example_branch_datetime_operator.py
[2026-02-25T06:55:12.089+0530] {processor.py:830} INFO - Processing file /Users/neerajvyas/learning/airflow/learn_airflow/airflow_home/venv/lib/python3.9/site-packages/airflow/example_dags/example_branch_datetime_operator.py for tasks to queue
[2026-02-25T06:55:12.090+0530] {logging_mixin.py:188} INFO - [2026-02-25T06:55:12.090+0530] {dagbag.py:538} INFO - Filling up the DagBag from /Users/neerajvyas/learning/airflow/learn_airflow/airflow_home/venv/lib/python3.9/site-packages/airflow/example_dags/example_branch_datetime_operator.py
[2026-02-25T06:55:12.095+0530] {processor.py:840} INFO - DAG(s) 'example_branch_datetime_operator_3', 'example_branch_datetime_operator_2', 'example_branch_datetime_operator' retrieved from /Users/neerajvyas/learning/airflow/learn_airflow/airflow_home/venv/lib/python3.9/site-packages/airflow/example_dags/example_branch_datetime_operator.py
[2026-02-25T06:55:12.141+0530] {logging_mixin.py:188} INFO - [2026-02-25T06:55:12.141+0530] {dag.py:3036} INFO - Sync 3 DAGs
[2026-02-25T06:55:12.149+0530] {logging_mixin.py:188} INFO - [2026-02-25T06:55:12.149+0530] {dag.py:3823} INFO - Setting next_dagrun for example_branch_datetime_operator to 2026-02-24 00:00:00+00:00, run_after=2026-02-25 00:00:00+00:00
[2026-02-25T06:55:12.151+0530] {logging_mixin.py:188} INFO - [2026-02-25T06:55:12.151+0530] {dag.py:3823} INFO - Setting next_dagrun for example_branch_datetime_operator_2 to 2026-02-24 00:00:00+00:00, run_after=2026-02-25 00:00:00+00:00
[2026-02-25T06:55:12.151+0530] {logging_mixin.py:188} INFO - [2026-02-25T06:55:12.151+0530] {dag.py:3823} INFO - Setting next_dagrun for example_branch_datetime_operator_3 to 2026-02-24 00:00:00+00:00, run_after=2026-02-25 00:00:00+00:00
[2026-02-25T06:55:12.159+0530] {processor.py:183} INFO - Processing /Users/neerajvyas/learning/airflow/learn_airflow/airflow_home/venv/lib/python3.9/site-packages/airflow/example_dags/example_branch_datetime_operator.py took 0.072 seconds
[2026-02-25T06:57:00.985+0530] {processor.py:161} INFO - Started process (PID=81283) to work on /Users/neerajvyas/learning/airflow/learn_airflow/airflow_home/venv/lib/python3.9/site-packages/airflow/example_dags/example_branch_datetime_operator.py
[2026-02-25T06:57:00.986+0530] {processor.py:830} INFO - Processing file /Users/neerajvyas/learning/airflow/learn_airflow/airflow_home/venv/lib/python3.9/site-packages/airflow/example_dags/example_branch_datetime_operator.py for tasks to queue
[2026-02-25T06:57:00.986+0530] {logging_mixin.py:188} INFO - [2026-02-25T06:57:00.986+0530] {dagbag.py:538} INFO - Filling up the DagBag from /Users/neerajvyas/learning/airflow/learn_airflow/airflow_home/venv/lib/python3.9/site-packages/airflow/example_dags/example_branch_datetime_operator.py
[2026-02-25T06:57:00.992+0530] {processor.py:840} INFO - DAG(s) 'example_branch_datetime_operator_2', 'example_branch_datetime_operator_3', 'example_branch_datetime_operator' retrieved from /Users/neerajvyas/learning/airflow/learn_airflow/airflow_home/venv/lib/python3.9/site-packages/airflow/example_dags/example_branch_datetime_operator.py
[2026-02-25T06:57:01.036+0530] {logging_mixin.py:188} INFO - [2026-02-25T06:57:01.036+0530] {dag.py:3036} INFO - Sync 3 DAGs
[2026-02-25T06:57:01.043+0530] {logging_mixin.py:188} INFO - [2026-02-25T06:57:01.043+0530] {dag.py:3823} INFO - Setting next_dagrun for example_branch_datetime_operator to 2026-02-24 00:00:00+00:00, run_after=2026-02-25 00:00:00+00:00
[2026-02-25T06:57:01.045+0530] {logging_mixin.py:188} INFO - [2026-02-25T06:57:01.045+0530] {dag.py:3823} INFO - Setting next_dagrun for example_branch_datetime_operator_2 to 2026-02-24 00:00:00+00:00, run_after=2026-02-25 00:00:00+00:00
[2026-02-25T06:57:01.046+0530] {logging_mixin.py:188} INFO - [2026-02-25T06:57:01.046+0530] {dag.py:3823} INFO - Setting next_dagrun for example_branch_datetime_operator_3 to 2026-02-24 00:00:00+00:00, run_after=2026-02-25 00:00:00+00:00
[2026-02-25T06:57:01.052+0530] {processor.py:183} INFO - Processing /Users/neerajvyas/learning/airflow/learn_airflow/airflow_home/venv/lib/python3.9/site-packages/airflow/example_dags/example_branch_datetime_operator.py took 0.068 seconds
[2026-02-25T06:58:50.481+0530] {processor.py:161} INFO - Started process (PID=85399) to work on /Users/neerajvyas/learning/airflow/learn_airflow/airflow_home/venv/lib/python3.9/site-packages/airflow/example_dags/example_branch_datetime_operator.py
[2026-02-25T06:58:50.481+0530] {processor.py:830} INFO - Processing file /Users/neerajvyas/learning/airflow/learn_airflow/airflow_home/venv/lib/python3.9/site-packages/airflow/example_dags/example_branch_datetime_operator.py for tasks to queue
[2026-02-25T06:58:50.482+0530] {logging_mixin.py:188} INFO - [2026-02-25T06:58:50.481+0530] {dagbag.py:538} INFO - Filling up the DagBag from /Users/neerajvyas/learning/airflow/learn_airflow/airflow_home/venv/lib/python3.9/site-packages/airflow/example_dags/example_branch_datetime_operator.py
[2026-02-25T06:58:50.487+0530] {processor.py:840} INFO - DAG(s) 'example_branch_datetime_operator_2', 'example_branch_datetime_operator_3', 'example_branch_datetime_operator' retrieved from /Users/neerajvyas/learning/airflow/learn_airflow/airflow_home/venv/lib/python3.9/site-packages/airflow/example_dags/example_branch_datetime_operator.py
[2026-02-25T06:58:50.533+0530] {logging_mixin.py:188} INFO - [2026-02-25T06:58:50.532+0530] {dag.py:3036} INFO - Sync 3 DAGs
[2026-02-25T06:58:50.540+0530] {logging_mixin.py:188} INFO - [2026-02-25T06:58:50.539+0530] {dag.py:3823} INFO - Setting next_dagrun for example_branch_datetime_operator to 2026-02-24 00:00:00+00:00, run_after=2026-02-25 00:00:00+00:00
[2026-02-25T06:58:50.541+0530] {logging_mixin.py:188} INFO - [2026-02-25T06:58:50.541+0530] {dag.py:3823} INFO - Setting next_dagrun for example_branch_datetime_operator_2 to 2026-02-24 00:00:00+00:00, run_after=2026-02-25 00:00:00+00:00
[2026-02-25T06:58:50.542+0530] {logging_mixin.py:188} INFO - [2026-02-25T06:58:50.542+0530] {dag.py:3823} INFO - Setting next_dagrun for example_branch_datetime_operator_3 to 2026-02-24 00:00:00+00:00, run_after=2026-02-25 00:00:00+00:00
[2026-02-25T06:58:50.549+0530] {processor.py:183} INFO - Processing /Users/neerajvyas/learning/airflow/learn_airflow/airflow_home/venv/lib/python3.9/site-packages/airflow/example_dags/example_branch_datetime_operator.py took 0.069 seconds
[2026-02-25T07:00:35.519+0530] {processor.py:161} INFO - Started process (PID=88976) to work on /Users/neerajvyas/learning/airflow/learn_airflow/airflow_home/venv/lib/python3.9/site-packages/airflow/example_dags/example_branch_datetime_operator.py
[2026-02-25T07:00:35.520+0530] {processor.py:830} INFO - Processing file /Users/neerajvyas/learning/airflow/learn_airflow/airflow_home/venv/lib/python3.9/site-packages/airflow/example_dags/example_branch_datetime_operator.py for tasks to queue
[2026-02-25T07:00:35.520+0530] {logging_mixin.py:188} INFO - [2026-02-25T07:00:35.520+0530] {dagbag.py:538} INFO - Filling up the DagBag from /Users/neerajvyas/learning/airflow/learn_airflow/airflow_home/venv/lib/python3.9/site-packages/airflow/example_dags/example_branch_datetime_operator.py
[2026-02-25T07:00:35.526+0530] {processor.py:840} INFO - DAG(s) 'example_branch_datetime_operator_2', 'example_branch_datetime_operator_3', 'example_branch_datetime_operator' retrieved from /Users/neerajvyas/learning/airflow/learn_airflow/airflow_home/venv/lib/python3.9/site-packages/airflow/example_dags/example_branch_datetime_operator.py
[2026-02-25T07:00:35.568+0530] {logging_mixin.py:188} INFO - [2026-02-25T07:00:35.568+0530] {dag.py:3036} INFO - Sync 3 DAGs
[2026-02-25T07:00:35.575+0530] {logging_mixin.py:188} INFO - [2026-02-25T07:00:35.575+0530] {dag.py:3823} INFO - Setting next_dagrun for example_branch_datetime_operator to 2026-02-24 00:00:00+00:00, run_after=2026-02-25 00:00:00+00:00
[2026-02-25T07:00:35.577+0530] {logging_mixin.py:188} INFO - [2026-02-25T07:00:35.577+0530] {dag.py:3823} INFO - Setting next_dagrun for example_branch_datetime_operator_2 to 2026-02-24 00:00:00+00:00, run_after=2026-02-25 00:00:00+00:00
[2026-02-25T07:00:35.578+0530] {logging_mixin.py:188} INFO - [2026-02-25T07:00:35.578+0530] {dag.py:3823} INFO - Setting next_dagrun for example_branch_datetime_operator_3 to 2026-02-24 00:00:00+00:00, run_after=2026-02-25 00:00:00+00:00
[2026-02-25T07:00:35.585+0530] {processor.py:183} INFO - Processing /Users/neerajvyas/learning/airflow/learn_airflow/airflow_home/venv/lib/python3.9/site-packages/airflow/example_dags/example_branch_datetime_operator.py took 0.067 seconds
[2026-02-25T07:02:25.423+0530] {processor.py:161} INFO - Started process (PID=93174) to work on /Users/neerajvyas/learning/airflow/learn_airflow/airflow_home/venv/lib/python3.9/site-packages/airflow/example_dags/example_branch_datetime_operator.py
[2026-02-25T07:02:25.424+0530] {processor.py:830} INFO - Processing file /Users/neerajvyas/learning/airflow/learn_airflow/airflow_home/venv/lib/python3.9/site-packages/airflow/example_dags/example_branch_datetime_operator.py for tasks to queue
[2026-02-25T07:02:25.424+0530] {logging_mixin.py:188} INFO - [2026-02-25T07:02:25.424+0530] {dagbag.py:538} INFO - Filling up the DagBag from /Users/neerajvyas/learning/airflow/learn_airflow/airflow_home/venv/lib/python3.9/site-packages/airflow/example_dags/example_branch_datetime_operator.py
[2026-02-25T07:02:25.429+0530] {processor.py:840} INFO - DAG(s) 'example_branch_datetime_operator', 'example_branch_datetime_operator_3', 'example_branch_datetime_operator_2' retrieved from /Users/neerajvyas/learning/airflow/learn_airflow/airflow_home/venv/lib/python3.9/site-packages/airflow/example_dags/example_branch_datetime_operator.py
[2026-02-25T07:02:25.477+0530] {logging_mixin.py:188} INFO - [2026-02-25T07:02:25.477+0530] {dag.py:3036} INFO - Sync 3 DAGs
[2026-02-25T07:02:25.484+0530] {logging_mixin.py:188} INFO - [2026-02-25T07:02:25.484+0530] {dag.py:3823} INFO - Setting next_dagrun for example_branch_datetime_operator to 2026-02-24 00:00:00+00:00, run_after=2026-02-25 00:00:00+00:00
[2026-02-25T07:02:25.486+0530] {logging_mixin.py:188} INFO - [2026-02-25T07:02:25.486+0530] {dag.py:3823} INFO - Setting next_dagrun for example_branch_datetime_operator_2 to 2026-02-24 00:00:00+00:00, run_after=2026-02-25 00:00:00+00:00
[2026-02-25T07:02:25.486+0530] {logging_mixin.py:188} INFO - [2026-02-25T07:02:25.486+0530] {dag.py:3823} INFO - Setting next_dagrun for example_branch_datetime_operator_3 to 2026-02-24 00:00:00+00:00, run_after=2026-02-25 00:00:00+00:00
[2026-02-25T07:02:25.493+0530] {processor.py:183} INFO - Processing /Users/neerajvyas/learning/airflow/learn_airflow/airflow_home/venv/lib/python3.9/site-packages/airflow/example_dags/example_branch_datetime_operator.py took 0.071 seconds
[2026-02-25T07:04:15.183+0530] {processor.py:161} INFO - Started process (PID=97290) to work on /Users/neerajvyas/learning/airflow/learn_airflow/airflow_home/venv/lib/python3.9/site-packages/airflow/example_dags/example_branch_datetime_operator.py
[2026-02-25T07:04:15.184+0530] {processor.py:830} INFO - Processing file /Users/neerajvyas/learning/airflow/learn_airflow/airflow_home/venv/lib/python3.9/site-packages/airflow/example_dags/example_branch_datetime_operator.py for tasks to queue
[2026-02-25T07:04:15.184+0530] {logging_mixin.py:188} INFO - [2026-02-25T07:04:15.184+0530] {dagbag.py:538} INFO - Filling up the DagBag from /Users/neerajvyas/learning/airflow/learn_airflow/airflow_home/venv/lib/python3.9/site-packages/airflow/example_dags/example_branch_datetime_operator.py
[2026-02-25T07:04:15.190+0530] {processor.py:840} INFO - DAG(s) 'example_branch_datetime_operator_3', 'example_branch_datetime_operator', 'example_branch_datetime_operator_2' retrieved from /Users/neerajvyas/learning/airflow/learn_airflow/airflow_home/venv/lib/python3.9/site-packages/airflow/example_dags/example_branch_datetime_operator.py
[2026-02-25T07:04:15.236+0530] {logging_mixin.py:188} INFO - [2026-02-25T07:04:15.236+0530] {dag.py:3036} INFO - Sync 3 DAGs
[2026-02-25T07:04:15.243+0530] {logging_mixin.py:188} INFO - [2026-02-25T07:04:15.243+0530] {dag.py:3823} INFO - Setting next_dagrun for example_branch_datetime_operator to 2026-02-24 00:00:00+00:00, run_after=2026-02-25 00:00:00+00:00
[2026-02-25T07:04:15.245+0530] {logging_mixin.py:188} INFO - [2026-02-25T07:04:15.245+0530] {dag.py:3823} INFO - Setting next_dagrun for example_branch_datetime_operator_2 to 2026-02-24 00:00:00+00:00, run_after=2026-02-25 00:00:00+00:00
[2026-02-25T07:04:15.246+0530] {logging_mixin.py:188} INFO - [2026-02-25T07:04:15.246+0530] {dag.py:3823} INFO - Setting next_dagrun for example_branch_datetime_operator_3 to 2026-02-24 00:00:00+00:00, run_after=2026-02-25 00:00:00+00:00
[2026-02-25T07:04:15.254+0530] {processor.py:183} INFO - Processing /Users/neerajvyas/learning/airflow/learn_airflow/airflow_home/venv/lib/python3.9/site-packages/airflow/example_dags/example_branch_datetime_operator.py took 0.071 seconds
