[2026-02-25T06:46:53.505+0530] {processor.py:161} INFO - Started process (PID=60055) to work on /Users/neerajvyas/learning/airflow/learn_airflow/airflow_home/venv/lib/python3.9/site-packages/airflow/example_dags/tutorial_taskflow_api.py
[2026-02-25T06:46:53.505+0530] {processor.py:830} INFO - Processing file /Users/neerajvyas/learning/airflow/learn_airflow/airflow_home/venv/lib/python3.9/site-packages/airflow/example_dags/tutorial_taskflow_api.py for tasks to queue
[2026-02-25T06:46:53.505+0530] {logging_mixin.py:188} INFO - [2026-02-25T06:46:53.505+0530] {dagbag.py:538} INFO - Filling up the DagBag from /Users/neerajvyas/learning/airflow/learn_airflow/airflow_home/venv/lib/python3.9/site-packages/airflow/example_dags/tutorial_taskflow_api.py
[2026-02-25T06:46:53.524+0530] {processor.py:840} INFO - DAG(s) 'tutorial_taskflow_api' retrieved from /Users/neerajvyas/learning/airflow/learn_airflow/airflow_home/venv/lib/python3.9/site-packages/airflow/example_dags/tutorial_taskflow_api.py
[2026-02-25T06:46:53.625+0530] {logging_mixin.py:188} INFO - [2026-02-25T06:46:53.625+0530] {override.py:1769} INFO - Created Permission View: can read on DAG:tutorial_taskflow_api
[2026-02-25T06:46:53.629+0530] {logging_mixin.py:188} INFO - [2026-02-25T06:46:53.629+0530] {override.py:1769} INFO - Created Permission View: can edit on DAG:tutorial_taskflow_api
[2026-02-25T06:46:53.632+0530] {logging_mixin.py:188} INFO - [2026-02-25T06:46:53.632+0530] {override.py:1769} INFO - Created Permission View: can delete on DAG:tutorial_taskflow_api
[2026-02-25T06:46:53.632+0530] {logging_mixin.py:188} INFO - [2026-02-25T06:46:53.632+0530] {dag.py:3036} INFO - Sync 1 DAGs
[2026-02-25T06:46:53.637+0530] {logging_mixin.py:188} INFO - [2026-02-25T06:46:53.637+0530] {dag.py:3058} INFO - Creating ORM DAG for tutorial_taskflow_api
[2026-02-25T06:46:53.637+0530] {logging_mixin.py:188} INFO - [2026-02-25T06:46:53.637+0530] {dag.py:3823} INFO - Setting next_dagrun for tutorial_taskflow_api to None, run_after=None
[2026-02-25T06:46:53.645+0530] {processor.py:183} INFO - Processing /Users/neerajvyas/learning/airflow/learn_airflow/airflow_home/venv/lib/python3.9/site-packages/airflow/example_dags/tutorial_taskflow_api.py took 0.141 seconds
[2026-02-25T06:48:17.083+0530] {processor.py:161} INFO - Started process (PID=63203) to work on /Users/neerajvyas/learning/airflow/learn_airflow/airflow_home/venv/lib/python3.9/site-packages/airflow/example_dags/tutorial_taskflow_api.py
[2026-02-25T06:48:17.083+0530] {processor.py:830} INFO - Processing file /Users/neerajvyas/learning/airflow/learn_airflow/airflow_home/venv/lib/python3.9/site-packages/airflow/example_dags/tutorial_taskflow_api.py for tasks to queue
[2026-02-25T06:48:17.084+0530] {logging_mixin.py:188} INFO - [2026-02-25T06:48:17.084+0530] {dagbag.py:538} INFO - Filling up the DagBag from /Users/neerajvyas/learning/airflow/learn_airflow/airflow_home/venv/lib/python3.9/site-packages/airflow/example_dags/tutorial_taskflow_api.py
[2026-02-25T06:48:17.101+0530] {processor.py:840} INFO - DAG(s) 'tutorial_taskflow_api' retrieved from /Users/neerajvyas/learning/airflow/learn_airflow/airflow_home/venv/lib/python3.9/site-packages/airflow/example_dags/tutorial_taskflow_api.py
[2026-02-25T06:48:17.147+0530] {logging_mixin.py:188} INFO - [2026-02-25T06:48:17.146+0530] {dag.py:3036} INFO - Sync 1 DAGs
[2026-02-25T06:48:17.151+0530] {logging_mixin.py:188} INFO - [2026-02-25T06:48:17.151+0530] {dag.py:3823} INFO - Setting next_dagrun for tutorial_taskflow_api to None, run_after=None
[2026-02-25T06:48:17.158+0530] {processor.py:183} INFO - Processing /Users/neerajvyas/learning/airflow/learn_airflow/airflow_home/venv/lib/python3.9/site-packages/airflow/example_dags/tutorial_taskflow_api.py took 0.076 seconds
[2026-02-25T06:49:10.183+0530] {processor.py:161} INFO - Started process (PID=64943) to work on /Users/neerajvyas/learning/airflow/learn_airflow/airflow_home/venv/lib/python3.9/site-packages/airflow/example_dags/tutorial_taskflow_api.py
[2026-02-25T06:49:10.185+0530] {processor.py:830} INFO - Processing file /Users/neerajvyas/learning/airflow/learn_airflow/airflow_home/venv/lib/python3.9/site-packages/airflow/example_dags/tutorial_taskflow_api.py for tasks to queue
[2026-02-25T06:49:10.185+0530] {logging_mixin.py:188} INFO - [2026-02-25T06:49:10.185+0530] {dagbag.py:538} INFO - Filling up the DagBag from /Users/neerajvyas/learning/airflow/learn_airflow/airflow_home/venv/lib/python3.9/site-packages/airflow/example_dags/tutorial_taskflow_api.py
[2026-02-25T06:49:10.199+0530] {processor.py:840} INFO - DAG(s) 'tutorial_taskflow_api' retrieved from /Users/neerajvyas/learning/airflow/learn_airflow/airflow_home/venv/lib/python3.9/site-packages/airflow/example_dags/tutorial_taskflow_api.py
[2026-02-25T06:49:10.242+0530] {logging_mixin.py:188} INFO - [2026-02-25T06:49:10.242+0530] {dag.py:3036} INFO - Sync 1 DAGs
[2026-02-25T06:49:10.247+0530] {logging_mixin.py:188} INFO - [2026-02-25T06:49:10.247+0530] {dag.py:3823} INFO - Setting next_dagrun for tutorial_taskflow_api to None, run_after=None
[2026-02-25T06:49:10.254+0530] {processor.py:183} INFO - Processing /Users/neerajvyas/learning/airflow/learn_airflow/airflow_home/venv/lib/python3.9/site-packages/airflow/example_dags/tutorial_taskflow_api.py took 0.072 seconds
[2026-02-25T06:50:03.239+0530] {processor.py:161} INFO - Started process (PID=66763) to work on /Users/neerajvyas/learning/airflow/learn_airflow/airflow_home/venv/lib/python3.9/site-packages/airflow/example_dags/tutorial_taskflow_api.py
[2026-02-25T06:50:03.241+0530] {processor.py:830} INFO - Processing file /Users/neerajvyas/learning/airflow/learn_airflow/airflow_home/venv/lib/python3.9/site-packages/airflow/example_dags/tutorial_taskflow_api.py for tasks to queue
[2026-02-25T06:50:03.241+0530] {logging_mixin.py:188} INFO - [2026-02-25T06:50:03.241+0530] {dagbag.py:538} INFO - Filling up the DagBag from /Users/neerajvyas/learning/airflow/learn_airflow/airflow_home/venv/lib/python3.9/site-packages/airflow/example_dags/tutorial_taskflow_api.py
[2026-02-25T06:50:03.255+0530] {processor.py:840} INFO - DAG(s) 'tutorial_taskflow_api' retrieved from /Users/neerajvyas/learning/airflow/learn_airflow/airflow_home/venv/lib/python3.9/site-packages/airflow/example_dags/tutorial_taskflow_api.py
[2026-02-25T06:50:03.299+0530] {logging_mixin.py:188} INFO - [2026-02-25T06:50:03.298+0530] {dag.py:3036} INFO - Sync 1 DAGs
[2026-02-25T06:50:03.303+0530] {logging_mixin.py:188} INFO - [2026-02-25T06:50:03.303+0530] {dag.py:3823} INFO - Setting next_dagrun for tutorial_taskflow_api to None, run_after=None
[2026-02-25T06:50:03.311+0530] {processor.py:183} INFO - Processing /Users/neerajvyas/learning/airflow/learn_airflow/airflow_home/venv/lib/python3.9/site-packages/airflow/example_dags/tutorial_taskflow_api.py took 0.072 seconds
[2026-02-25T06:50:55.862+0530] {processor.py:161} INFO - Started process (PID=68548) to work on /Users/neerajvyas/learning/airflow/learn_airflow/airflow_home/venv/lib/python3.9/site-packages/airflow/example_dags/tutorial_taskflow_api.py
[2026-02-25T06:50:55.863+0530] {processor.py:830} INFO - Processing file /Users/neerajvyas/learning/airflow/learn_airflow/airflow_home/venv/lib/python3.9/site-packages/airflow/example_dags/tutorial_taskflow_api.py for tasks to queue
[2026-02-25T06:50:55.864+0530] {logging_mixin.py:188} INFO - [2026-02-25T06:50:55.863+0530] {dagbag.py:538} INFO - Filling up the DagBag from /Users/neerajvyas/learning/airflow/learn_airflow/airflow_home/venv/lib/python3.9/site-packages/airflow/example_dags/tutorial_taskflow_api.py
[2026-02-25T06:50:55.879+0530] {processor.py:840} INFO - DAG(s) 'tutorial_taskflow_api' retrieved from /Users/neerajvyas/learning/airflow/learn_airflow/airflow_home/venv/lib/python3.9/site-packages/airflow/example_dags/tutorial_taskflow_api.py
[2026-02-25T06:50:55.921+0530] {logging_mixin.py:188} INFO - [2026-02-25T06:50:55.920+0530] {dag.py:3036} INFO - Sync 1 DAGs
[2026-02-25T06:50:55.925+0530] {logging_mixin.py:188} INFO - [2026-02-25T06:50:55.925+0530] {dag.py:3823} INFO - Setting next_dagrun for tutorial_taskflow_api to None, run_after=None
[2026-02-25T06:50:55.932+0530] {processor.py:183} INFO - Processing /Users/neerajvyas/learning/airflow/learn_airflow/airflow_home/venv/lib/python3.9/site-packages/airflow/example_dags/tutorial_taskflow_api.py took 0.071 seconds
[2026-02-25T06:51:49.867+0530] {processor.py:161} INFO - Started process (PID=70293) to work on /Users/neerajvyas/learning/airflow/learn_airflow/airflow_home/venv/lib/python3.9/site-packages/airflow/example_dags/tutorial_taskflow_api.py
[2026-02-25T06:51:49.869+0530] {processor.py:830} INFO - Processing file /Users/neerajvyas/learning/airflow/learn_airflow/airflow_home/venv/lib/python3.9/site-packages/airflow/example_dags/tutorial_taskflow_api.py for tasks to queue
[2026-02-25T06:51:49.869+0530] {logging_mixin.py:188} INFO - [2026-02-25T06:51:49.869+0530] {dagbag.py:538} INFO - Filling up the DagBag from /Users/neerajvyas/learning/airflow/learn_airflow/airflow_home/venv/lib/python3.9/site-packages/airflow/example_dags/tutorial_taskflow_api.py
[2026-02-25T06:51:49.884+0530] {processor.py:840} INFO - DAG(s) 'tutorial_taskflow_api' retrieved from /Users/neerajvyas/learning/airflow/learn_airflow/airflow_home/venv/lib/python3.9/site-packages/airflow/example_dags/tutorial_taskflow_api.py
[2026-02-25T06:51:49.926+0530] {logging_mixin.py:188} INFO - [2026-02-25T06:51:49.926+0530] {dag.py:3036} INFO - Sync 1 DAGs
[2026-02-25T06:51:49.930+0530] {logging_mixin.py:188} INFO - [2026-02-25T06:51:49.930+0530] {dag.py:3823} INFO - Setting next_dagrun for tutorial_taskflow_api to None, run_after=None
[2026-02-25T06:51:49.937+0530] {processor.py:183} INFO - Processing /Users/neerajvyas/learning/airflow/learn_airflow/airflow_home/venv/lib/python3.9/site-packages/airflow/example_dags/tutorial_taskflow_api.py took 0.071 seconds
[2026-02-25T06:52:43.226+0530] {processor.py:161} INFO - Started process (PID=72176) to work on /Users/neerajvyas/learning/airflow/learn_airflow/airflow_home/venv/lib/python3.9/site-packages/airflow/example_dags/tutorial_taskflow_api.py
[2026-02-25T06:52:43.227+0530] {processor.py:830} INFO - Processing file /Users/neerajvyas/learning/airflow/learn_airflow/airflow_home/venv/lib/python3.9/site-packages/airflow/example_dags/tutorial_taskflow_api.py for tasks to queue
[2026-02-25T06:52:43.228+0530] {logging_mixin.py:188} INFO - [2026-02-25T06:52:43.228+0530] {dagbag.py:538} INFO - Filling up the DagBag from /Users/neerajvyas/learning/airflow/learn_airflow/airflow_home/venv/lib/python3.9/site-packages/airflow/example_dags/tutorial_taskflow_api.py
[2026-02-25T06:52:43.243+0530] {processor.py:840} INFO - DAG(s) 'tutorial_taskflow_api' retrieved from /Users/neerajvyas/learning/airflow/learn_airflow/airflow_home/venv/lib/python3.9/site-packages/airflow/example_dags/tutorial_taskflow_api.py
[2026-02-25T06:52:43.288+0530] {logging_mixin.py:188} INFO - [2026-02-25T06:52:43.287+0530] {dag.py:3036} INFO - Sync 1 DAGs
[2026-02-25T06:52:43.292+0530] {logging_mixin.py:188} INFO - [2026-02-25T06:52:43.292+0530] {dag.py:3823} INFO - Setting next_dagrun for tutorial_taskflow_api to None, run_after=None
[2026-02-25T06:52:43.299+0530] {processor.py:183} INFO - Processing /Users/neerajvyas/learning/airflow/learn_airflow/airflow_home/venv/lib/python3.9/site-packages/airflow/example_dags/tutorial_taskflow_api.py took 0.074 seconds
[2026-02-25T06:53:37.457+0530] {processor.py:161} INFO - Started process (PID=74283) to work on /Users/neerajvyas/learning/airflow/learn_airflow/airflow_home/venv/lib/python3.9/site-packages/airflow/example_dags/tutorial_taskflow_api.py
[2026-02-25T06:53:37.458+0530] {processor.py:830} INFO - Processing file /Users/neerajvyas/learning/airflow/learn_airflow/airflow_home/venv/lib/python3.9/site-packages/airflow/example_dags/tutorial_taskflow_api.py for tasks to queue
[2026-02-25T06:53:37.459+0530] {logging_mixin.py:188} INFO - [2026-02-25T06:53:37.459+0530] {dagbag.py:538} INFO - Filling up the DagBag from /Users/neerajvyas/learning/airflow/learn_airflow/airflow_home/venv/lib/python3.9/site-packages/airflow/example_dags/tutorial_taskflow_api.py
[2026-02-25T06:53:37.475+0530] {processor.py:840} INFO - DAG(s) 'tutorial_taskflow_api' retrieved from /Users/neerajvyas/learning/airflow/learn_airflow/airflow_home/venv/lib/python3.9/site-packages/airflow/example_dags/tutorial_taskflow_api.py
[2026-02-25T06:53:37.521+0530] {logging_mixin.py:188} INFO - [2026-02-25T06:53:37.521+0530] {dag.py:3036} INFO - Sync 1 DAGs
[2026-02-25T06:53:37.525+0530] {logging_mixin.py:188} INFO - [2026-02-25T06:53:37.525+0530] {dag.py:3823} INFO - Setting next_dagrun for tutorial_taskflow_api to None, run_after=None
[2026-02-25T06:53:37.533+0530] {processor.py:183} INFO - Processing /Users/neerajvyas/learning/airflow/learn_airflow/airflow_home/venv/lib/python3.9/site-packages/airflow/example_dags/tutorial_taskflow_api.py took 0.077 seconds
[2026-02-25T06:54:32.039+0530] {processor.py:161} INFO - Started process (PID=76031) to work on /Users/neerajvyas/learning/airflow/learn_airflow/airflow_home/venv/lib/python3.9/site-packages/airflow/example_dags/tutorial_taskflow_api.py
[2026-02-25T06:54:32.040+0530] {processor.py:830} INFO - Processing file /Users/neerajvyas/learning/airflow/learn_airflow/airflow_home/venv/lib/python3.9/site-packages/airflow/example_dags/tutorial_taskflow_api.py for tasks to queue
[2026-02-25T06:54:32.040+0530] {logging_mixin.py:188} INFO - [2026-02-25T06:54:32.040+0530] {dagbag.py:538} INFO - Filling up the DagBag from /Users/neerajvyas/learning/airflow/learn_airflow/airflow_home/venv/lib/python3.9/site-packages/airflow/example_dags/tutorial_taskflow_api.py
[2026-02-25T06:54:32.054+0530] {processor.py:840} INFO - DAG(s) 'tutorial_taskflow_api' retrieved from /Users/neerajvyas/learning/airflow/learn_airflow/airflow_home/venv/lib/python3.9/site-packages/airflow/example_dags/tutorial_taskflow_api.py
[2026-02-25T06:54:32.096+0530] {logging_mixin.py:188} INFO - [2026-02-25T06:54:32.096+0530] {dag.py:3036} INFO - Sync 1 DAGs
[2026-02-25T06:54:32.101+0530] {logging_mixin.py:188} INFO - [2026-02-25T06:54:32.101+0530] {dag.py:3823} INFO - Setting next_dagrun for tutorial_taskflow_api to None, run_after=None
[2026-02-25T06:54:32.109+0530] {processor.py:183} INFO - Processing /Users/neerajvyas/learning/airflow/learn_airflow/airflow_home/venv/lib/python3.9/site-packages/airflow/example_dags/tutorial_taskflow_api.py took 0.070 seconds
[2026-02-25T06:55:23.927+0530] {processor.py:161} INFO - Started process (PID=77773) to work on /Users/neerajvyas/learning/airflow/learn_airflow/airflow_home/venv/lib/python3.9/site-packages/airflow/example_dags/tutorial_taskflow_api.py
[2026-02-25T06:55:23.929+0530] {processor.py:830} INFO - Processing file /Users/neerajvyas/learning/airflow/learn_airflow/airflow_home/venv/lib/python3.9/site-packages/airflow/example_dags/tutorial_taskflow_api.py for tasks to queue
[2026-02-25T06:55:23.929+0530] {logging_mixin.py:188} INFO - [2026-02-25T06:55:23.929+0530] {dagbag.py:538} INFO - Filling up the DagBag from /Users/neerajvyas/learning/airflow/learn_airflow/airflow_home/venv/lib/python3.9/site-packages/airflow/example_dags/tutorial_taskflow_api.py
[2026-02-25T06:55:23.944+0530] {processor.py:840} INFO - DAG(s) 'tutorial_taskflow_api' retrieved from /Users/neerajvyas/learning/airflow/learn_airflow/airflow_home/venv/lib/python3.9/site-packages/airflow/example_dags/tutorial_taskflow_api.py
[2026-02-25T06:55:23.985+0530] {logging_mixin.py:188} INFO - [2026-02-25T06:55:23.985+0530] {dag.py:3036} INFO - Sync 1 DAGs
[2026-02-25T06:55:23.990+0530] {logging_mixin.py:188} INFO - [2026-02-25T06:55:23.990+0530] {dag.py:3823} INFO - Setting next_dagrun for tutorial_taskflow_api to None, run_after=None
[2026-02-25T06:55:23.998+0530] {processor.py:183} INFO - Processing /Users/neerajvyas/learning/airflow/learn_airflow/airflow_home/venv/lib/python3.9/site-packages/airflow/example_dags/tutorial_taskflow_api.py took 0.071 seconds
[2026-02-25T06:56:18.316+0530] {processor.py:161} INFO - Started process (PID=79876) to work on /Users/neerajvyas/learning/airflow/learn_airflow/airflow_home/venv/lib/python3.9/site-packages/airflow/example_dags/tutorial_taskflow_api.py
[2026-02-25T06:56:18.319+0530] {processor.py:830} INFO - Processing file /Users/neerajvyas/learning/airflow/learn_airflow/airflow_home/venv/lib/python3.9/site-packages/airflow/example_dags/tutorial_taskflow_api.py for tasks to queue
[2026-02-25T06:56:18.319+0530] {logging_mixin.py:188} INFO - [2026-02-25T06:56:18.319+0530] {dagbag.py:538} INFO - Filling up the DagBag from /Users/neerajvyas/learning/airflow/learn_airflow/airflow_home/venv/lib/python3.9/site-packages/airflow/example_dags/tutorial_taskflow_api.py
[2026-02-25T06:56:18.335+0530] {processor.py:840} INFO - DAG(s) 'tutorial_taskflow_api' retrieved from /Users/neerajvyas/learning/airflow/learn_airflow/airflow_home/venv/lib/python3.9/site-packages/airflow/example_dags/tutorial_taskflow_api.py
[2026-02-25T06:56:18.379+0530] {logging_mixin.py:188} INFO - [2026-02-25T06:56:18.379+0530] {dag.py:3036} INFO - Sync 1 DAGs
[2026-02-25T06:56:18.383+0530] {logging_mixin.py:188} INFO - [2026-02-25T06:56:18.383+0530] {dag.py:3823} INFO - Setting next_dagrun for tutorial_taskflow_api to None, run_after=None
[2026-02-25T06:56:18.390+0530] {processor.py:183} INFO - Processing /Users/neerajvyas/learning/airflow/learn_airflow/airflow_home/venv/lib/python3.9/site-packages/airflow/example_dags/tutorial_taskflow_api.py took 0.075 seconds
[2026-02-25T06:57:13.994+0530] {processor.py:161} INFO - Started process (PID=82061) to work on /Users/neerajvyas/learning/airflow/learn_airflow/airflow_home/venv/lib/python3.9/site-packages/airflow/example_dags/tutorial_taskflow_api.py
[2026-02-25T06:57:13.995+0530] {processor.py:830} INFO - Processing file /Users/neerajvyas/learning/airflow/learn_airflow/airflow_home/venv/lib/python3.9/site-packages/airflow/example_dags/tutorial_taskflow_api.py for tasks to queue
[2026-02-25T06:57:13.996+0530] {logging_mixin.py:188} INFO - [2026-02-25T06:57:13.996+0530] {dagbag.py:538} INFO - Filling up the DagBag from /Users/neerajvyas/learning/airflow/learn_airflow/airflow_home/venv/lib/python3.9/site-packages/airflow/example_dags/tutorial_taskflow_api.py
[2026-02-25T06:57:14.011+0530] {processor.py:840} INFO - DAG(s) 'tutorial_taskflow_api' retrieved from /Users/neerajvyas/learning/airflow/learn_airflow/airflow_home/venv/lib/python3.9/site-packages/airflow/example_dags/tutorial_taskflow_api.py
[2026-02-25T06:57:14.058+0530] {logging_mixin.py:188} INFO - [2026-02-25T06:57:14.057+0530] {dag.py:3036} INFO - Sync 1 DAGs
[2026-02-25T06:57:14.062+0530] {logging_mixin.py:188} INFO - [2026-02-25T06:57:14.062+0530] {dag.py:3823} INFO - Setting next_dagrun for tutorial_taskflow_api to None, run_after=None
[2026-02-25T06:57:14.069+0530] {processor.py:183} INFO - Processing /Users/neerajvyas/learning/airflow/learn_airflow/airflow_home/venv/lib/python3.9/site-packages/airflow/example_dags/tutorial_taskflow_api.py took 0.076 seconds
[2026-02-25T06:58:08.032+0530] {processor.py:161} INFO - Started process (PID=83906) to work on /Users/neerajvyas/learning/airflow/learn_airflow/airflow_home/venv/lib/python3.9/site-packages/airflow/example_dags/tutorial_taskflow_api.py
[2026-02-25T06:58:08.033+0530] {processor.py:830} INFO - Processing file /Users/neerajvyas/learning/airflow/learn_airflow/airflow_home/venv/lib/python3.9/site-packages/airflow/example_dags/tutorial_taskflow_api.py for tasks to queue
[2026-02-25T06:58:08.034+0530] {logging_mixin.py:188} INFO - [2026-02-25T06:58:08.034+0530] {dagbag.py:538} INFO - Filling up the DagBag from /Users/neerajvyas/learning/airflow/learn_airflow/airflow_home/venv/lib/python3.9/site-packages/airflow/example_dags/tutorial_taskflow_api.py
[2026-02-25T06:58:08.048+0530] {processor.py:840} INFO - DAG(s) 'tutorial_taskflow_api' retrieved from /Users/neerajvyas/learning/airflow/learn_airflow/airflow_home/venv/lib/python3.9/site-packages/airflow/example_dags/tutorial_taskflow_api.py
[2026-02-25T06:58:08.090+0530] {logging_mixin.py:188} INFO - [2026-02-25T06:58:08.090+0530] {dag.py:3036} INFO - Sync 1 DAGs
[2026-02-25T06:58:08.094+0530] {logging_mixin.py:188} INFO - [2026-02-25T06:58:08.094+0530] {dag.py:3823} INFO - Setting next_dagrun for tutorial_taskflow_api to None, run_after=None
[2026-02-25T06:58:08.103+0530] {processor.py:183} INFO - Processing /Users/neerajvyas/learning/airflow/learn_airflow/airflow_home/venv/lib/python3.9/site-packages/airflow/example_dags/tutorial_taskflow_api.py took 0.071 seconds
[2026-02-25T06:59:00.462+0530] {processor.py:161} INFO - Started process (PID=85750) to work on /Users/neerajvyas/learning/airflow/learn_airflow/airflow_home/venv/lib/python3.9/site-packages/airflow/example_dags/tutorial_taskflow_api.py
[2026-02-25T06:59:00.463+0530] {processor.py:830} INFO - Processing file /Users/neerajvyas/learning/airflow/learn_airflow/airflow_home/venv/lib/python3.9/site-packages/airflow/example_dags/tutorial_taskflow_api.py for tasks to queue
[2026-02-25T06:59:00.463+0530] {logging_mixin.py:188} INFO - [2026-02-25T06:59:00.463+0530] {dagbag.py:538} INFO - Filling up the DagBag from /Users/neerajvyas/learning/airflow/learn_airflow/airflow_home/venv/lib/python3.9/site-packages/airflow/example_dags/tutorial_taskflow_api.py
[2026-02-25T06:59:00.478+0530] {processor.py:840} INFO - DAG(s) 'tutorial_taskflow_api' retrieved from /Users/neerajvyas/learning/airflow/learn_airflow/airflow_home/venv/lib/python3.9/site-packages/airflow/example_dags/tutorial_taskflow_api.py
[2026-02-25T06:59:00.520+0530] {logging_mixin.py:188} INFO - [2026-02-25T06:59:00.519+0530] {dag.py:3036} INFO - Sync 1 DAGs
[2026-02-25T06:59:00.524+0530] {logging_mixin.py:188} INFO - [2026-02-25T06:59:00.524+0530] {dag.py:3823} INFO - Setting next_dagrun for tutorial_taskflow_api to None, run_after=None
[2026-02-25T06:59:00.534+0530] {processor.py:183} INFO - Processing /Users/neerajvyas/learning/airflow/learn_airflow/airflow_home/venv/lib/python3.9/site-packages/airflow/example_dags/tutorial_taskflow_api.py took 0.072 seconds
[2026-02-25T06:59:55.007+0530] {processor.py:161} INFO - Started process (PID=87496) to work on /Users/neerajvyas/learning/airflow/learn_airflow/airflow_home/venv/lib/python3.9/site-packages/airflow/example_dags/tutorial_taskflow_api.py
[2026-02-25T06:59:55.007+0530] {processor.py:830} INFO - Processing file /Users/neerajvyas/learning/airflow/learn_airflow/airflow_home/venv/lib/python3.9/site-packages/airflow/example_dags/tutorial_taskflow_api.py for tasks to queue
[2026-02-25T06:59:55.008+0530] {logging_mixin.py:188} INFO - [2026-02-25T06:59:55.008+0530] {dagbag.py:538} INFO - Filling up the DagBag from /Users/neerajvyas/learning/airflow/learn_airflow/airflow_home/venv/lib/python3.9/site-packages/airflow/example_dags/tutorial_taskflow_api.py
[2026-02-25T06:59:55.023+0530] {processor.py:840} INFO - DAG(s) 'tutorial_taskflow_api' retrieved from /Users/neerajvyas/learning/airflow/learn_airflow/airflow_home/venv/lib/python3.9/site-packages/airflow/example_dags/tutorial_taskflow_api.py
[2026-02-25T06:59:55.072+0530] {logging_mixin.py:188} INFO - [2026-02-25T06:59:55.071+0530] {dag.py:3036} INFO - Sync 1 DAGs
[2026-02-25T06:59:55.076+0530] {logging_mixin.py:188} INFO - [2026-02-25T06:59:55.076+0530] {dag.py:3823} INFO - Setting next_dagrun for tutorial_taskflow_api to None, run_after=None
[2026-02-25T06:59:55.085+0530] {processor.py:183} INFO - Processing /Users/neerajvyas/learning/airflow/learn_airflow/airflow_home/venv/lib/python3.9/site-packages/airflow/example_dags/tutorial_taskflow_api.py took 0.078 seconds
[2026-02-25T07:00:47.610+0530] {processor.py:161} INFO - Started process (PID=89326) to work on /Users/neerajvyas/learning/airflow/learn_airflow/airflow_home/venv/lib/python3.9/site-packages/airflow/example_dags/tutorial_taskflow_api.py
[2026-02-25T07:00:47.611+0530] {processor.py:830} INFO - Processing file /Users/neerajvyas/learning/airflow/learn_airflow/airflow_home/venv/lib/python3.9/site-packages/airflow/example_dags/tutorial_taskflow_api.py for tasks to queue
[2026-02-25T07:00:47.612+0530] {logging_mixin.py:188} INFO - [2026-02-25T07:00:47.612+0530] {dagbag.py:538} INFO - Filling up the DagBag from /Users/neerajvyas/learning/airflow/learn_airflow/airflow_home/venv/lib/python3.9/site-packages/airflow/example_dags/tutorial_taskflow_api.py
[2026-02-25T07:00:47.628+0530] {processor.py:840} INFO - DAG(s) 'tutorial_taskflow_api' retrieved from /Users/neerajvyas/learning/airflow/learn_airflow/airflow_home/venv/lib/python3.9/site-packages/airflow/example_dags/tutorial_taskflow_api.py
[2026-02-25T07:00:47.678+0530] {logging_mixin.py:188} INFO - [2026-02-25T07:00:47.678+0530] {dag.py:3036} INFO - Sync 1 DAGs
[2026-02-25T07:00:47.682+0530] {logging_mixin.py:188} INFO - [2026-02-25T07:00:47.682+0530] {dag.py:3823} INFO - Setting next_dagrun for tutorial_taskflow_api to None, run_after=None
[2026-02-25T07:00:47.691+0530] {processor.py:183} INFO - Processing /Users/neerajvyas/learning/airflow/learn_airflow/airflow_home/venv/lib/python3.9/site-packages/airflow/example_dags/tutorial_taskflow_api.py took 0.082 seconds
[2026-02-25T07:01:41.106+0530] {processor.py:161} INFO - Started process (PID=91419) to work on /Users/neerajvyas/learning/airflow/learn_airflow/airflow_home/venv/lib/python3.9/site-packages/airflow/example_dags/tutorial_taskflow_api.py
[2026-02-25T07:01:41.108+0530] {processor.py:830} INFO - Processing file /Users/neerajvyas/learning/airflow/learn_airflow/airflow_home/venv/lib/python3.9/site-packages/airflow/example_dags/tutorial_taskflow_api.py for tasks to queue
[2026-02-25T07:01:41.108+0530] {logging_mixin.py:188} INFO - [2026-02-25T07:01:41.108+0530] {dagbag.py:538} INFO - Filling up the DagBag from /Users/neerajvyas/learning/airflow/learn_airflow/airflow_home/venv/lib/python3.9/site-packages/airflow/example_dags/tutorial_taskflow_api.py
[2026-02-25T07:01:41.127+0530] {processor.py:840} INFO - DAG(s) 'tutorial_taskflow_api' retrieved from /Users/neerajvyas/learning/airflow/learn_airflow/airflow_home/venv/lib/python3.9/site-packages/airflow/example_dags/tutorial_taskflow_api.py
[2026-02-25T07:01:41.173+0530] {logging_mixin.py:188} INFO - [2026-02-25T07:01:41.172+0530] {dag.py:3036} INFO - Sync 1 DAGs
[2026-02-25T07:01:41.177+0530] {logging_mixin.py:188} INFO - [2026-02-25T07:01:41.177+0530] {dag.py:3823} INFO - Setting next_dagrun for tutorial_taskflow_api to None, run_after=None
[2026-02-25T07:01:41.186+0530] {processor.py:183} INFO - Processing /Users/neerajvyas/learning/airflow/learn_airflow/airflow_home/venv/lib/python3.9/site-packages/airflow/example_dags/tutorial_taskflow_api.py took 0.080 seconds
[2026-02-25T07:02:40.121+0530] {processor.py:161} INFO - Started process (PID=93524) to work on /Users/neerajvyas/learning/airflow/learn_airflow/airflow_home/venv/lib/python3.9/site-packages/airflow/example_dags/tutorial_taskflow_api.py
[2026-02-25T07:02:40.123+0530] {processor.py:830} INFO - Processing file /Users/neerajvyas/learning/airflow/learn_airflow/airflow_home/venv/lib/python3.9/site-packages/airflow/example_dags/tutorial_taskflow_api.py for tasks to queue
[2026-02-25T07:02:40.123+0530] {logging_mixin.py:188} INFO - [2026-02-25T07:02:40.123+0530] {dagbag.py:538} INFO - Filling up the DagBag from /Users/neerajvyas/learning/airflow/learn_airflow/airflow_home/venv/lib/python3.9/site-packages/airflow/example_dags/tutorial_taskflow_api.py
[2026-02-25T07:02:40.137+0530] {processor.py:840} INFO - DAG(s) 'tutorial_taskflow_api' retrieved from /Users/neerajvyas/learning/airflow/learn_airflow/airflow_home/venv/lib/python3.9/site-packages/airflow/example_dags/tutorial_taskflow_api.py
[2026-02-25T07:02:40.181+0530] {logging_mixin.py:188} INFO - [2026-02-25T07:02:40.180+0530] {dag.py:3036} INFO - Sync 1 DAGs
[2026-02-25T07:02:40.185+0530] {logging_mixin.py:188} INFO - [2026-02-25T07:02:40.185+0530] {dag.py:3823} INFO - Setting next_dagrun for tutorial_taskflow_api to None, run_after=None
[2026-02-25T07:02:40.194+0530] {processor.py:183} INFO - Processing /Users/neerajvyas/learning/airflow/learn_airflow/airflow_home/venv/lib/python3.9/site-packages/airflow/example_dags/tutorial_taskflow_api.py took 0.073 seconds
[2026-02-25T07:03:36.721+0530] {processor.py:161} INFO - Started process (PID=96033) to work on /Users/neerajvyas/learning/airflow/learn_airflow/airflow_home/venv/lib/python3.9/site-packages/airflow/example_dags/tutorial_taskflow_api.py
[2026-02-25T07:03:36.721+0530] {processor.py:830} INFO - Processing file /Users/neerajvyas/learning/airflow/learn_airflow/airflow_home/venv/lib/python3.9/site-packages/airflow/example_dags/tutorial_taskflow_api.py for tasks to queue
[2026-02-25T07:03:36.722+0530] {logging_mixin.py:188} INFO - [2026-02-25T07:03:36.722+0530] {dagbag.py:538} INFO - Filling up the DagBag from /Users/neerajvyas/learning/airflow/learn_airflow/airflow_home/venv/lib/python3.9/site-packages/airflow/example_dags/tutorial_taskflow_api.py
[2026-02-25T07:03:36.738+0530] {processor.py:840} INFO - DAG(s) 'tutorial_taskflow_api' retrieved from /Users/neerajvyas/learning/airflow/learn_airflow/airflow_home/venv/lib/python3.9/site-packages/airflow/example_dags/tutorial_taskflow_api.py
[2026-02-25T07:03:36.783+0530] {logging_mixin.py:188} INFO - [2026-02-25T07:03:36.783+0530] {dag.py:3036} INFO - Sync 1 DAGs
[2026-02-25T07:03:36.787+0530] {logging_mixin.py:188} INFO - [2026-02-25T07:03:36.787+0530] {dag.py:3823} INFO - Setting next_dagrun for tutorial_taskflow_api to None, run_after=None
[2026-02-25T07:03:36.795+0530] {processor.py:183} INFO - Processing /Users/neerajvyas/learning/airflow/learn_airflow/airflow_home/venv/lib/python3.9/site-packages/airflow/example_dags/tutorial_taskflow_api.py took 0.074 seconds
[2026-02-25T07:04:28.743+0530] {processor.py:161} INFO - Started process (PID=97982) to work on /Users/neerajvyas/learning/airflow/learn_airflow/airflow_home/venv/lib/python3.9/site-packages/airflow/example_dags/tutorial_taskflow_api.py
[2026-02-25T07:04:28.745+0530] {processor.py:830} INFO - Processing file /Users/neerajvyas/learning/airflow/learn_airflow/airflow_home/venv/lib/python3.9/site-packages/airflow/example_dags/tutorial_taskflow_api.py for tasks to queue
[2026-02-25T07:04:28.745+0530] {logging_mixin.py:188} INFO - [2026-02-25T07:04:28.745+0530] {dagbag.py:538} INFO - Filling up the DagBag from /Users/neerajvyas/learning/airflow/learn_airflow/airflow_home/venv/lib/python3.9/site-packages/airflow/example_dags/tutorial_taskflow_api.py
[2026-02-25T07:04:28.760+0530] {processor.py:840} INFO - DAG(s) 'tutorial_taskflow_api' retrieved from /Users/neerajvyas/learning/airflow/learn_airflow/airflow_home/venv/lib/python3.9/site-packages/airflow/example_dags/tutorial_taskflow_api.py
[2026-02-25T07:04:28.807+0530] {logging_mixin.py:188} INFO - [2026-02-25T07:04:28.807+0530] {dag.py:3036} INFO - Sync 1 DAGs
[2026-02-25T07:04:28.811+0530] {logging_mixin.py:188} INFO - [2026-02-25T07:04:28.811+0530] {dag.py:3823} INFO - Setting next_dagrun for tutorial_taskflow_api to None, run_after=None
[2026-02-25T07:04:28.818+0530] {processor.py:183} INFO - Processing /Users/neerajvyas/learning/airflow/learn_airflow/airflow_home/venv/lib/python3.9/site-packages/airflow/example_dags/tutorial_taskflow_api.py took 0.076 seconds
