[2026-02-25T06:46:57.465+0530] {processor.py:161} INFO - Started process (PID=60394) to work on /Users/neerajvyas/learning/airflow/learn_airflow/airflow_home/venv/lib/python3.9/site-packages/airflow/example_dags/tutorial_dag.py
[2026-02-25T06:46:57.465+0530] {processor.py:830} INFO - Processing file /Users/neerajvyas/learning/airflow/learn_airflow/airflow_home/venv/lib/python3.9/site-packages/airflow/example_dags/tutorial_dag.py for tasks to queue
[2026-02-25T06:46:57.466+0530] {logging_mixin.py:188} INFO - [2026-02-25T06:46:57.466+0530] {dagbag.py:538} INFO - Filling up the DagBag from /Users/neerajvyas/learning/airflow/learn_airflow/airflow_home/venv/lib/python3.9/site-packages/airflow/example_dags/tutorial_dag.py
[2026-02-25T06:46:57.477+0530] {processor.py:840} INFO - DAG(s) 'tutorial_dag' retrieved from /Users/neerajvyas/learning/airflow/learn_airflow/airflow_home/venv/lib/python3.9/site-packages/airflow/example_dags/tutorial_dag.py
[2026-02-25T06:46:57.561+0530] {logging_mixin.py:188} INFO - [2026-02-25T06:46:57.561+0530] {override.py:1769} INFO - Created Permission View: can read on DAG:tutorial_dag
[2026-02-25T06:46:57.565+0530] {logging_mixin.py:188} INFO - [2026-02-25T06:46:57.565+0530] {override.py:1769} INFO - Created Permission View: can delete on DAG:tutorial_dag
[2026-02-25T06:46:57.567+0530] {logging_mixin.py:188} INFO - [2026-02-25T06:46:57.567+0530] {override.py:1769} INFO - Created Permission View: can edit on DAG:tutorial_dag
[2026-02-25T06:46:57.568+0530] {logging_mixin.py:188} INFO - [2026-02-25T06:46:57.567+0530] {dag.py:3036} INFO - Sync 1 DAGs
[2026-02-25T06:46:57.572+0530] {logging_mixin.py:188} INFO - [2026-02-25T06:46:57.572+0530] {dag.py:3058} INFO - Creating ORM DAG for tutorial_dag
[2026-02-25T06:46:57.572+0530] {logging_mixin.py:188} INFO - [2026-02-25T06:46:57.572+0530] {dag.py:3823} INFO - Setting next_dagrun for tutorial_dag to None, run_after=None
[2026-02-25T06:46:57.580+0530] {processor.py:183} INFO - Processing /Users/neerajvyas/learning/airflow/learn_airflow/airflow_home/venv/lib/python3.9/site-packages/airflow/example_dags/tutorial_dag.py took 0.116 seconds
[2026-02-25T06:48:20.804+0530] {processor.py:161} INFO - Started process (PID=63205) to work on /Users/neerajvyas/learning/airflow/learn_airflow/airflow_home/venv/lib/python3.9/site-packages/airflow/example_dags/tutorial_dag.py
[2026-02-25T06:48:20.806+0530] {processor.py:830} INFO - Processing file /Users/neerajvyas/learning/airflow/learn_airflow/airflow_home/venv/lib/python3.9/site-packages/airflow/example_dags/tutorial_dag.py for tasks to queue
[2026-02-25T06:48:20.806+0530] {logging_mixin.py:188} INFO - [2026-02-25T06:48:20.806+0530] {dagbag.py:538} INFO - Filling up the DagBag from /Users/neerajvyas/learning/airflow/learn_airflow/airflow_home/venv/lib/python3.9/site-packages/airflow/example_dags/tutorial_dag.py
[2026-02-25T06:48:20.816+0530] {processor.py:840} INFO - DAG(s) 'tutorial_dag' retrieved from /Users/neerajvyas/learning/airflow/learn_airflow/airflow_home/venv/lib/python3.9/site-packages/airflow/example_dags/tutorial_dag.py
[2026-02-25T06:48:20.857+0530] {logging_mixin.py:188} INFO - [2026-02-25T06:48:20.857+0530] {dag.py:3036} INFO - Sync 1 DAGs
[2026-02-25T06:48:20.861+0530] {logging_mixin.py:188} INFO - [2026-02-25T06:48:20.861+0530] {dag.py:3823} INFO - Setting next_dagrun for tutorial_dag to None, run_after=None
[2026-02-25T06:48:20.868+0530] {processor.py:183} INFO - Processing /Users/neerajvyas/learning/airflow/learn_airflow/airflow_home/venv/lib/python3.9/site-packages/airflow/example_dags/tutorial_dag.py took 0.065 seconds
[2026-02-25T06:49:14.018+0530] {processor.py:161} INFO - Started process (PID=64946) to work on /Users/neerajvyas/learning/airflow/learn_airflow/airflow_home/venv/lib/python3.9/site-packages/airflow/example_dags/tutorial_dag.py
[2026-02-25T06:49:14.019+0530] {processor.py:830} INFO - Processing file /Users/neerajvyas/learning/airflow/learn_airflow/airflow_home/venv/lib/python3.9/site-packages/airflow/example_dags/tutorial_dag.py for tasks to queue
[2026-02-25T06:49:14.019+0530] {logging_mixin.py:188} INFO - [2026-02-25T06:49:14.019+0530] {dagbag.py:538} INFO - Filling up the DagBag from /Users/neerajvyas/learning/airflow/learn_airflow/airflow_home/venv/lib/python3.9/site-packages/airflow/example_dags/tutorial_dag.py
[2026-02-25T06:49:14.029+0530] {processor.py:840} INFO - DAG(s) 'tutorial_dag' retrieved from /Users/neerajvyas/learning/airflow/learn_airflow/airflow_home/venv/lib/python3.9/site-packages/airflow/example_dags/tutorial_dag.py
[2026-02-25T06:49:14.072+0530] {logging_mixin.py:188} INFO - [2026-02-25T06:49:14.071+0530] {dag.py:3036} INFO - Sync 1 DAGs
[2026-02-25T06:49:14.076+0530] {logging_mixin.py:188} INFO - [2026-02-25T06:49:14.076+0530] {dag.py:3823} INFO - Setting next_dagrun for tutorial_dag to None, run_after=None
[2026-02-25T06:49:14.083+0530] {processor.py:183} INFO - Processing /Users/neerajvyas/learning/airflow/learn_airflow/airflow_home/venv/lib/python3.9/site-packages/airflow/example_dags/tutorial_dag.py took 0.066 seconds
[2026-02-25T06:50:06.983+0530] {processor.py:161} INFO - Started process (PID=66803) to work on /Users/neerajvyas/learning/airflow/learn_airflow/airflow_home/venv/lib/python3.9/site-packages/airflow/example_dags/tutorial_dag.py
[2026-02-25T06:50:06.985+0530] {processor.py:830} INFO - Processing file /Users/neerajvyas/learning/airflow/learn_airflow/airflow_home/venv/lib/python3.9/site-packages/airflow/example_dags/tutorial_dag.py for tasks to queue
[2026-02-25T06:50:06.985+0530] {logging_mixin.py:188} INFO - [2026-02-25T06:50:06.985+0530] {dagbag.py:538} INFO - Filling up the DagBag from /Users/neerajvyas/learning/airflow/learn_airflow/airflow_home/venv/lib/python3.9/site-packages/airflow/example_dags/tutorial_dag.py
[2026-02-25T06:50:06.995+0530] {processor.py:840} INFO - DAG(s) 'tutorial_dag' retrieved from /Users/neerajvyas/learning/airflow/learn_airflow/airflow_home/venv/lib/python3.9/site-packages/airflow/example_dags/tutorial_dag.py
[2026-02-25T06:50:07.038+0530] {logging_mixin.py:188} INFO - [2026-02-25T06:50:07.038+0530] {dag.py:3036} INFO - Sync 1 DAGs
[2026-02-25T06:50:07.042+0530] {logging_mixin.py:188} INFO - [2026-02-25T06:50:07.042+0530] {dag.py:3823} INFO - Setting next_dagrun for tutorial_dag to None, run_after=None
[2026-02-25T06:50:07.049+0530] {processor.py:183} INFO - Processing /Users/neerajvyas/learning/airflow/learn_airflow/airflow_home/venv/lib/python3.9/site-packages/airflow/example_dags/tutorial_dag.py took 0.066 seconds
[2026-02-25T06:50:59.617+0530] {processor.py:161} INFO - Started process (PID=68551) to work on /Users/neerajvyas/learning/airflow/learn_airflow/airflow_home/venv/lib/python3.9/site-packages/airflow/example_dags/tutorial_dag.py
[2026-02-25T06:50:59.618+0530] {processor.py:830} INFO - Processing file /Users/neerajvyas/learning/airflow/learn_airflow/airflow_home/venv/lib/python3.9/site-packages/airflow/example_dags/tutorial_dag.py for tasks to queue
[2026-02-25T06:50:59.619+0530] {logging_mixin.py:188} INFO - [2026-02-25T06:50:59.619+0530] {dagbag.py:538} INFO - Filling up the DagBag from /Users/neerajvyas/learning/airflow/learn_airflow/airflow_home/venv/lib/python3.9/site-packages/airflow/example_dags/tutorial_dag.py
[2026-02-25T06:50:59.629+0530] {processor.py:840} INFO - DAG(s) 'tutorial_dag' retrieved from /Users/neerajvyas/learning/airflow/learn_airflow/airflow_home/venv/lib/python3.9/site-packages/airflow/example_dags/tutorial_dag.py
[2026-02-25T06:50:59.670+0530] {logging_mixin.py:188} INFO - [2026-02-25T06:50:59.670+0530] {dag.py:3036} INFO - Sync 1 DAGs
[2026-02-25T06:50:59.675+0530] {logging_mixin.py:188} INFO - [2026-02-25T06:50:59.674+0530] {dag.py:3823} INFO - Setting next_dagrun for tutorial_dag to None, run_after=None
[2026-02-25T06:50:59.682+0530] {processor.py:183} INFO - Processing /Users/neerajvyas/learning/airflow/learn_airflow/airflow_home/venv/lib/python3.9/site-packages/airflow/example_dags/tutorial_dag.py took 0.066 seconds
[2026-02-25T06:51:53.760+0530] {processor.py:161} INFO - Started process (PID=70639) to work on /Users/neerajvyas/learning/airflow/learn_airflow/airflow_home/venv/lib/python3.9/site-packages/airflow/example_dags/tutorial_dag.py
[2026-02-25T06:51:53.760+0530] {processor.py:830} INFO - Processing file /Users/neerajvyas/learning/airflow/learn_airflow/airflow_home/venv/lib/python3.9/site-packages/airflow/example_dags/tutorial_dag.py for tasks to queue
[2026-02-25T06:51:53.761+0530] {logging_mixin.py:188} INFO - [2026-02-25T06:51:53.761+0530] {dagbag.py:538} INFO - Filling up the DagBag from /Users/neerajvyas/learning/airflow/learn_airflow/airflow_home/venv/lib/python3.9/site-packages/airflow/example_dags/tutorial_dag.py
[2026-02-25T06:51:53.772+0530] {processor.py:840} INFO - DAG(s) 'tutorial_dag' retrieved from /Users/neerajvyas/learning/airflow/learn_airflow/airflow_home/venv/lib/python3.9/site-packages/airflow/example_dags/tutorial_dag.py
[2026-02-25T06:51:53.815+0530] {logging_mixin.py:188} INFO - [2026-02-25T06:51:53.815+0530] {dag.py:3036} INFO - Sync 1 DAGs
[2026-02-25T06:51:53.820+0530] {logging_mixin.py:188} INFO - [2026-02-25T06:51:53.820+0530] {dag.py:3823} INFO - Setting next_dagrun for tutorial_dag to None, run_after=None
[2026-02-25T06:51:53.828+0530] {processor.py:183} INFO - Processing /Users/neerajvyas/learning/airflow/learn_airflow/airflow_home/venv/lib/python3.9/site-packages/airflow/example_dags/tutorial_dag.py took 0.068 seconds
[2026-02-25T06:52:46.764+0530] {processor.py:161} INFO - Started process (PID=72519) to work on /Users/neerajvyas/learning/airflow/learn_airflow/airflow_home/venv/lib/python3.9/site-packages/airflow/example_dags/tutorial_dag.py
[2026-02-25T06:52:46.766+0530] {processor.py:830} INFO - Processing file /Users/neerajvyas/learning/airflow/learn_airflow/airflow_home/venv/lib/python3.9/site-packages/airflow/example_dags/tutorial_dag.py for tasks to queue
[2026-02-25T06:52:46.766+0530] {logging_mixin.py:188} INFO - [2026-02-25T06:52:46.766+0530] {dagbag.py:538} INFO - Filling up the DagBag from /Users/neerajvyas/learning/airflow/learn_airflow/airflow_home/venv/lib/python3.9/site-packages/airflow/example_dags/tutorial_dag.py
[2026-02-25T06:52:46.777+0530] {processor.py:840} INFO - DAG(s) 'tutorial_dag' retrieved from /Users/neerajvyas/learning/airflow/learn_airflow/airflow_home/venv/lib/python3.9/site-packages/airflow/example_dags/tutorial_dag.py
[2026-02-25T06:52:46.819+0530] {logging_mixin.py:188} INFO - [2026-02-25T06:52:46.819+0530] {dag.py:3036} INFO - Sync 1 DAGs
[2026-02-25T06:52:46.824+0530] {logging_mixin.py:188} INFO - [2026-02-25T06:52:46.824+0530] {dag.py:3823} INFO - Setting next_dagrun for tutorial_dag to None, run_after=None
[2026-02-25T06:52:46.831+0530] {processor.py:183} INFO - Processing /Users/neerajvyas/learning/airflow/learn_airflow/airflow_home/venv/lib/python3.9/site-packages/airflow/example_dags/tutorial_dag.py took 0.067 seconds
[2026-02-25T06:53:41.282+0530] {processor.py:161} INFO - Started process (PID=74285) to work on /Users/neerajvyas/learning/airflow/learn_airflow/airflow_home/venv/lib/python3.9/site-packages/airflow/example_dags/tutorial_dag.py
[2026-02-25T06:53:41.283+0530] {processor.py:830} INFO - Processing file /Users/neerajvyas/learning/airflow/learn_airflow/airflow_home/venv/lib/python3.9/site-packages/airflow/example_dags/tutorial_dag.py for tasks to queue
[2026-02-25T06:53:41.283+0530] {logging_mixin.py:188} INFO - [2026-02-25T06:53:41.283+0530] {dagbag.py:538} INFO - Filling up the DagBag from /Users/neerajvyas/learning/airflow/learn_airflow/airflow_home/venv/lib/python3.9/site-packages/airflow/example_dags/tutorial_dag.py
[2026-02-25T06:53:41.295+0530] {processor.py:840} INFO - DAG(s) 'tutorial_dag' retrieved from /Users/neerajvyas/learning/airflow/learn_airflow/airflow_home/venv/lib/python3.9/site-packages/airflow/example_dags/tutorial_dag.py
[2026-02-25T06:53:41.341+0530] {logging_mixin.py:188} INFO - [2026-02-25T06:53:41.340+0530] {dag.py:3036} INFO - Sync 1 DAGs
[2026-02-25T06:53:41.346+0530] {logging_mixin.py:188} INFO - [2026-02-25T06:53:41.346+0530] {dag.py:3823} INFO - Setting next_dagrun for tutorial_dag to None, run_after=None
[2026-02-25T06:53:41.353+0530] {processor.py:183} INFO - Processing /Users/neerajvyas/learning/airflow/learn_airflow/airflow_home/venv/lib/python3.9/site-packages/airflow/example_dags/tutorial_dag.py took 0.072 seconds
[2026-02-25T06:54:35.089+0530] {processor.py:161} INFO - Started process (PID=76033) to work on /Users/neerajvyas/learning/airflow/learn_airflow/airflow_home/venv/lib/python3.9/site-packages/airflow/example_dags/tutorial_dag.py
[2026-02-25T06:54:35.090+0530] {processor.py:830} INFO - Processing file /Users/neerajvyas/learning/airflow/learn_airflow/airflow_home/venv/lib/python3.9/site-packages/airflow/example_dags/tutorial_dag.py for tasks to queue
[2026-02-25T06:54:35.091+0530] {logging_mixin.py:188} INFO - [2026-02-25T06:54:35.091+0530] {dagbag.py:538} INFO - Filling up the DagBag from /Users/neerajvyas/learning/airflow/learn_airflow/airflow_home/venv/lib/python3.9/site-packages/airflow/example_dags/tutorial_dag.py
[2026-02-25T06:54:35.100+0530] {processor.py:840} INFO - DAG(s) 'tutorial_dag' retrieved from /Users/neerajvyas/learning/airflow/learn_airflow/airflow_home/venv/lib/python3.9/site-packages/airflow/example_dags/tutorial_dag.py
[2026-02-25T06:54:35.143+0530] {logging_mixin.py:188} INFO - [2026-02-25T06:54:35.143+0530] {dag.py:3036} INFO - Sync 1 DAGs
[2026-02-25T06:54:35.147+0530] {logging_mixin.py:188} INFO - [2026-02-25T06:54:35.147+0530] {dag.py:3823} INFO - Setting next_dagrun for tutorial_dag to None, run_after=None
[2026-02-25T06:54:35.155+0530] {processor.py:183} INFO - Processing /Users/neerajvyas/learning/airflow/learn_airflow/airflow_home/venv/lib/python3.9/site-packages/airflow/example_dags/tutorial_dag.py took 0.066 seconds
[2026-02-25T06:55:27.767+0530] {processor.py:161} INFO - Started process (PID=77775) to work on /Users/neerajvyas/learning/airflow/learn_airflow/airflow_home/venv/lib/python3.9/site-packages/airflow/example_dags/tutorial_dag.py
[2026-02-25T06:55:27.768+0530] {processor.py:830} INFO - Processing file /Users/neerajvyas/learning/airflow/learn_airflow/airflow_home/venv/lib/python3.9/site-packages/airflow/example_dags/tutorial_dag.py for tasks to queue
[2026-02-25T06:55:27.769+0530] {logging_mixin.py:188} INFO - [2026-02-25T06:55:27.769+0530] {dagbag.py:538} INFO - Filling up the DagBag from /Users/neerajvyas/learning/airflow/learn_airflow/airflow_home/venv/lib/python3.9/site-packages/airflow/example_dags/tutorial_dag.py
[2026-02-25T06:55:27.779+0530] {processor.py:840} INFO - DAG(s) 'tutorial_dag' retrieved from /Users/neerajvyas/learning/airflow/learn_airflow/airflow_home/venv/lib/python3.9/site-packages/airflow/example_dags/tutorial_dag.py
[2026-02-25T06:55:27.820+0530] {logging_mixin.py:188} INFO - [2026-02-25T06:55:27.820+0530] {dag.py:3036} INFO - Sync 1 DAGs
[2026-02-25T06:55:27.824+0530] {logging_mixin.py:188} INFO - [2026-02-25T06:55:27.824+0530] {dag.py:3823} INFO - Setting next_dagrun for tutorial_dag to None, run_after=None
[2026-02-25T06:55:27.831+0530] {processor.py:183} INFO - Processing /Users/neerajvyas/learning/airflow/learn_airflow/airflow_home/venv/lib/python3.9/site-packages/airflow/example_dags/tutorial_dag.py took 0.065 seconds
[2026-02-25T06:56:22.209+0530] {processor.py:161} INFO - Started process (PID=80222) to work on /Users/neerajvyas/learning/airflow/learn_airflow/airflow_home/venv/lib/python3.9/site-packages/airflow/example_dags/tutorial_dag.py
[2026-02-25T06:56:22.210+0530] {processor.py:830} INFO - Processing file /Users/neerajvyas/learning/airflow/learn_airflow/airflow_home/venv/lib/python3.9/site-packages/airflow/example_dags/tutorial_dag.py for tasks to queue
[2026-02-25T06:56:22.211+0530] {logging_mixin.py:188} INFO - [2026-02-25T06:56:22.211+0530] {dagbag.py:538} INFO - Filling up the DagBag from /Users/neerajvyas/learning/airflow/learn_airflow/airflow_home/venv/lib/python3.9/site-packages/airflow/example_dags/tutorial_dag.py
[2026-02-25T06:56:22.221+0530] {processor.py:840} INFO - DAG(s) 'tutorial_dag' retrieved from /Users/neerajvyas/learning/airflow/learn_airflow/airflow_home/venv/lib/python3.9/site-packages/airflow/example_dags/tutorial_dag.py
[2026-02-25T06:56:22.268+0530] {logging_mixin.py:188} INFO - [2026-02-25T06:56:22.267+0530] {dag.py:3036} INFO - Sync 1 DAGs
[2026-02-25T06:56:22.272+0530] {logging_mixin.py:188} INFO - [2026-02-25T06:56:22.272+0530] {dag.py:3823} INFO - Setting next_dagrun for tutorial_dag to None, run_after=None
[2026-02-25T06:56:22.280+0530] {processor.py:183} INFO - Processing /Users/neerajvyas/learning/airflow/learn_airflow/airflow_home/venv/lib/python3.9/site-packages/airflow/example_dags/tutorial_dag.py took 0.071 seconds
[2026-02-25T06:57:17.788+0530] {processor.py:161} INFO - Started process (PID=82063) to work on /Users/neerajvyas/learning/airflow/learn_airflow/airflow_home/venv/lib/python3.9/site-packages/airflow/example_dags/tutorial_dag.py
[2026-02-25T06:57:17.789+0530] {processor.py:830} INFO - Processing file /Users/neerajvyas/learning/airflow/learn_airflow/airflow_home/venv/lib/python3.9/site-packages/airflow/example_dags/tutorial_dag.py for tasks to queue
[2026-02-25T06:57:17.790+0530] {logging_mixin.py:188} INFO - [2026-02-25T06:57:17.790+0530] {dagbag.py:538} INFO - Filling up the DagBag from /Users/neerajvyas/learning/airflow/learn_airflow/airflow_home/venv/lib/python3.9/site-packages/airflow/example_dags/tutorial_dag.py
[2026-02-25T06:57:17.799+0530] {processor.py:840} INFO - DAG(s) 'tutorial_dag' retrieved from /Users/neerajvyas/learning/airflow/learn_airflow/airflow_home/venv/lib/python3.9/site-packages/airflow/example_dags/tutorial_dag.py
[2026-02-25T06:57:17.846+0530] {logging_mixin.py:188} INFO - [2026-02-25T06:57:17.846+0530] {dag.py:3036} INFO - Sync 1 DAGs
[2026-02-25T06:57:17.850+0530] {logging_mixin.py:188} INFO - [2026-02-25T06:57:17.850+0530] {dag.py:3823} INFO - Setting next_dagrun for tutorial_dag to None, run_after=None
[2026-02-25T06:57:17.858+0530] {processor.py:183} INFO - Processing /Users/neerajvyas/learning/airflow/learn_airflow/airflow_home/venv/lib/python3.9/site-packages/airflow/example_dags/tutorial_dag.py took 0.071 seconds
[2026-02-25T06:58:11.753+0530] {processor.py:161} INFO - Started process (PID=83908) to work on /Users/neerajvyas/learning/airflow/learn_airflow/airflow_home/venv/lib/python3.9/site-packages/airflow/example_dags/tutorial_dag.py
[2026-02-25T06:58:11.755+0530] {processor.py:830} INFO - Processing file /Users/neerajvyas/learning/airflow/learn_airflow/airflow_home/venv/lib/python3.9/site-packages/airflow/example_dags/tutorial_dag.py for tasks to queue
[2026-02-25T06:58:11.755+0530] {logging_mixin.py:188} INFO - [2026-02-25T06:58:11.755+0530] {dagbag.py:538} INFO - Filling up the DagBag from /Users/neerajvyas/learning/airflow/learn_airflow/airflow_home/venv/lib/python3.9/site-packages/airflow/example_dags/tutorial_dag.py
[2026-02-25T06:58:11.765+0530] {processor.py:840} INFO - DAG(s) 'tutorial_dag' retrieved from /Users/neerajvyas/learning/airflow/learn_airflow/airflow_home/venv/lib/python3.9/site-packages/airflow/example_dags/tutorial_dag.py
[2026-02-25T06:58:11.811+0530] {logging_mixin.py:188} INFO - [2026-02-25T06:58:11.810+0530] {dag.py:3036} INFO - Sync 1 DAGs
[2026-02-25T06:58:11.815+0530] {logging_mixin.py:188} INFO - [2026-02-25T06:58:11.815+0530] {dag.py:3823} INFO - Setting next_dagrun for tutorial_dag to None, run_after=None
[2026-02-25T06:58:11.823+0530] {processor.py:183} INFO - Processing /Users/neerajvyas/learning/airflow/learn_airflow/airflow_home/venv/lib/python3.9/site-packages/airflow/example_dags/tutorial_dag.py took 0.070 seconds
[2026-02-25T06:59:03.567+0530] {processor.py:161} INFO - Started process (PID=85752) to work on /Users/neerajvyas/learning/airflow/learn_airflow/airflow_home/venv/lib/python3.9/site-packages/airflow/example_dags/tutorial_dag.py
[2026-02-25T06:59:03.568+0530] {processor.py:830} INFO - Processing file /Users/neerajvyas/learning/airflow/learn_airflow/airflow_home/venv/lib/python3.9/site-packages/airflow/example_dags/tutorial_dag.py for tasks to queue
[2026-02-25T06:59:03.569+0530] {logging_mixin.py:188} INFO - [2026-02-25T06:59:03.568+0530] {dagbag.py:538} INFO - Filling up the DagBag from /Users/neerajvyas/learning/airflow/learn_airflow/airflow_home/venv/lib/python3.9/site-packages/airflow/example_dags/tutorial_dag.py
[2026-02-25T06:59:03.579+0530] {processor.py:840} INFO - DAG(s) 'tutorial_dag' retrieved from /Users/neerajvyas/learning/airflow/learn_airflow/airflow_home/venv/lib/python3.9/site-packages/airflow/example_dags/tutorial_dag.py
[2026-02-25T06:59:03.626+0530] {logging_mixin.py:188} INFO - [2026-02-25T06:59:03.626+0530] {dag.py:3036} INFO - Sync 1 DAGs
[2026-02-25T06:59:03.630+0530] {logging_mixin.py:188} INFO - [2026-02-25T06:59:03.630+0530] {dag.py:3823} INFO - Setting next_dagrun for tutorial_dag to None, run_after=None
[2026-02-25T06:59:03.639+0530] {processor.py:183} INFO - Processing /Users/neerajvyas/learning/airflow/learn_airflow/airflow_home/venv/lib/python3.9/site-packages/airflow/example_dags/tutorial_dag.py took 0.072 seconds
[2026-02-25T06:59:58.787+0530] {processor.py:161} INFO - Started process (PID=87840) to work on /Users/neerajvyas/learning/airflow/learn_airflow/airflow_home/venv/lib/python3.9/site-packages/airflow/example_dags/tutorial_dag.py
[2026-02-25T06:59:58.789+0530] {processor.py:830} INFO - Processing file /Users/neerajvyas/learning/airflow/learn_airflow/airflow_home/venv/lib/python3.9/site-packages/airflow/example_dags/tutorial_dag.py for tasks to queue
[2026-02-25T06:59:58.789+0530] {logging_mixin.py:188} INFO - [2026-02-25T06:59:58.789+0530] {dagbag.py:538} INFO - Filling up the DagBag from /Users/neerajvyas/learning/airflow/learn_airflow/airflow_home/venv/lib/python3.9/site-packages/airflow/example_dags/tutorial_dag.py
[2026-02-25T06:59:58.801+0530] {processor.py:840} INFO - DAG(s) 'tutorial_dag' retrieved from /Users/neerajvyas/learning/airflow/learn_airflow/airflow_home/venv/lib/python3.9/site-packages/airflow/example_dags/tutorial_dag.py
[2026-02-25T06:59:58.843+0530] {logging_mixin.py:188} INFO - [2026-02-25T06:59:58.843+0530] {dag.py:3036} INFO - Sync 1 DAGs
[2026-02-25T06:59:58.847+0530] {logging_mixin.py:188} INFO - [2026-02-25T06:59:58.847+0530] {dag.py:3823} INFO - Setting next_dagrun for tutorial_dag to None, run_after=None
[2026-02-25T06:59:58.854+0530] {processor.py:183} INFO - Processing /Users/neerajvyas/learning/airflow/learn_airflow/airflow_home/venv/lib/python3.9/site-packages/airflow/example_dags/tutorial_dag.py took 0.067 seconds
[2026-02-25T07:00:51.385+0530] {processor.py:161} INFO - Started process (PID=89669) to work on /Users/neerajvyas/learning/airflow/learn_airflow/airflow_home/venv/lib/python3.9/site-packages/airflow/example_dags/tutorial_dag.py
[2026-02-25T07:00:51.385+0530] {processor.py:830} INFO - Processing file /Users/neerajvyas/learning/airflow/learn_airflow/airflow_home/venv/lib/python3.9/site-packages/airflow/example_dags/tutorial_dag.py for tasks to queue
[2026-02-25T07:00:51.386+0530] {logging_mixin.py:188} INFO - [2026-02-25T07:00:51.386+0530] {dagbag.py:538} INFO - Filling up the DagBag from /Users/neerajvyas/learning/airflow/learn_airflow/airflow_home/venv/lib/python3.9/site-packages/airflow/example_dags/tutorial_dag.py
[2026-02-25T07:00:51.395+0530] {processor.py:840} INFO - DAG(s) 'tutorial_dag' retrieved from /Users/neerajvyas/learning/airflow/learn_airflow/airflow_home/venv/lib/python3.9/site-packages/airflow/example_dags/tutorial_dag.py
[2026-02-25T07:00:51.437+0530] {logging_mixin.py:188} INFO - [2026-02-25T07:00:51.437+0530] {dag.py:3036} INFO - Sync 1 DAGs
[2026-02-25T07:00:51.441+0530] {logging_mixin.py:188} INFO - [2026-02-25T07:00:51.441+0530] {dag.py:3823} INFO - Setting next_dagrun for tutorial_dag to None, run_after=None
[2026-02-25T07:00:51.448+0530] {processor.py:183} INFO - Processing /Users/neerajvyas/learning/airflow/learn_airflow/airflow_home/venv/lib/python3.9/site-packages/airflow/example_dags/tutorial_dag.py took 0.064 seconds
[2026-02-25T07:01:44.913+0530] {processor.py:161} INFO - Started process (PID=91763) to work on /Users/neerajvyas/learning/airflow/learn_airflow/airflow_home/venv/lib/python3.9/site-packages/airflow/example_dags/tutorial_dag.py
[2026-02-25T07:01:44.914+0530] {processor.py:830} INFO - Processing file /Users/neerajvyas/learning/airflow/learn_airflow/airflow_home/venv/lib/python3.9/site-packages/airflow/example_dags/tutorial_dag.py for tasks to queue
[2026-02-25T07:01:44.914+0530] {logging_mixin.py:188} INFO - [2026-02-25T07:01:44.914+0530] {dagbag.py:538} INFO - Filling up the DagBag from /Users/neerajvyas/learning/airflow/learn_airflow/airflow_home/venv/lib/python3.9/site-packages/airflow/example_dags/tutorial_dag.py
[2026-02-25T07:01:44.925+0530] {processor.py:840} INFO - DAG(s) 'tutorial_dag' retrieved from /Users/neerajvyas/learning/airflow/learn_airflow/airflow_home/venv/lib/python3.9/site-packages/airflow/example_dags/tutorial_dag.py
[2026-02-25T07:01:44.998+0530] {logging_mixin.py:188} INFO - [2026-02-25T07:01:44.998+0530] {dag.py:3036} INFO - Sync 1 DAGs
[2026-02-25T07:01:45.005+0530] {logging_mixin.py:188} INFO - [2026-02-25T07:01:45.005+0530] {dag.py:3823} INFO - Setting next_dagrun for tutorial_dag to None, run_after=None
[2026-02-25T07:01:45.013+0530] {processor.py:183} INFO - Processing /Users/neerajvyas/learning/airflow/learn_airflow/airflow_home/venv/lib/python3.9/site-packages/airflow/example_dags/tutorial_dag.py took 0.100 seconds
[2026-02-25T07:02:43.250+0530] {processor.py:161} INFO - Started process (PID=93526) to work on /Users/neerajvyas/learning/airflow/learn_airflow/airflow_home/venv/lib/python3.9/site-packages/airflow/example_dags/tutorial_dag.py
[2026-02-25T07:02:43.251+0530] {processor.py:830} INFO - Processing file /Users/neerajvyas/learning/airflow/learn_airflow/airflow_home/venv/lib/python3.9/site-packages/airflow/example_dags/tutorial_dag.py for tasks to queue
[2026-02-25T07:02:43.251+0530] {logging_mixin.py:188} INFO - [2026-02-25T07:02:43.251+0530] {dagbag.py:538} INFO - Filling up the DagBag from /Users/neerajvyas/learning/airflow/learn_airflow/airflow_home/venv/lib/python3.9/site-packages/airflow/example_dags/tutorial_dag.py
[2026-02-25T07:02:43.262+0530] {processor.py:840} INFO - DAG(s) 'tutorial_dag' retrieved from /Users/neerajvyas/learning/airflow/learn_airflow/airflow_home/venv/lib/python3.9/site-packages/airflow/example_dags/tutorial_dag.py
[2026-02-25T07:02:43.305+0530] {logging_mixin.py:188} INFO - [2026-02-25T07:02:43.305+0530] {dag.py:3036} INFO - Sync 1 DAGs
[2026-02-25T07:02:43.310+0530] {logging_mixin.py:188} INFO - [2026-02-25T07:02:43.310+0530] {dag.py:3823} INFO - Setting next_dagrun for tutorial_dag to None, run_after=None
[2026-02-25T07:02:43.318+0530] {processor.py:183} INFO - Processing /Users/neerajvyas/learning/airflow/learn_airflow/airflow_home/venv/lib/python3.9/site-packages/airflow/example_dags/tutorial_dag.py took 0.069 seconds
[2026-02-25T07:03:39.645+0530] {processor.py:161} INFO - Started process (PID=96035) to work on /Users/neerajvyas/learning/airflow/learn_airflow/airflow_home/venv/lib/python3.9/site-packages/airflow/example_dags/tutorial_dag.py
[2026-02-25T07:03:39.646+0530] {processor.py:830} INFO - Processing file /Users/neerajvyas/learning/airflow/learn_airflow/airflow_home/venv/lib/python3.9/site-packages/airflow/example_dags/tutorial_dag.py for tasks to queue
[2026-02-25T07:03:39.646+0530] {logging_mixin.py:188} INFO - [2026-02-25T07:03:39.646+0530] {dagbag.py:538} INFO - Filling up the DagBag from /Users/neerajvyas/learning/airflow/learn_airflow/airflow_home/venv/lib/python3.9/site-packages/airflow/example_dags/tutorial_dag.py
[2026-02-25T07:03:39.657+0530] {processor.py:840} INFO - DAG(s) 'tutorial_dag' retrieved from /Users/neerajvyas/learning/airflow/learn_airflow/airflow_home/venv/lib/python3.9/site-packages/airflow/example_dags/tutorial_dag.py
[2026-02-25T07:03:39.697+0530] {logging_mixin.py:188} INFO - [2026-02-25T07:03:39.697+0530] {dag.py:3036} INFO - Sync 1 DAGs
[2026-02-25T07:03:39.701+0530] {logging_mixin.py:188} INFO - [2026-02-25T07:03:39.701+0530] {dag.py:3823} INFO - Setting next_dagrun for tutorial_dag to None, run_after=None
[2026-02-25T07:03:39.708+0530] {processor.py:183} INFO - Processing /Users/neerajvyas/learning/airflow/learn_airflow/airflow_home/venv/lib/python3.9/site-packages/airflow/example_dags/tutorial_dag.py took 0.064 seconds
[2026-02-25T07:04:31.985+0530] {processor.py:161} INFO - Started process (PID=97984) to work on /Users/neerajvyas/learning/airflow/learn_airflow/airflow_home/venv/lib/python3.9/site-packages/airflow/example_dags/tutorial_dag.py
[2026-02-25T07:04:31.986+0530] {processor.py:830} INFO - Processing file /Users/neerajvyas/learning/airflow/learn_airflow/airflow_home/venv/lib/python3.9/site-packages/airflow/example_dags/tutorial_dag.py for tasks to queue
[2026-02-25T07:04:31.987+0530] {logging_mixin.py:188} INFO - [2026-02-25T07:04:31.987+0530] {dagbag.py:538} INFO - Filling up the DagBag from /Users/neerajvyas/learning/airflow/learn_airflow/airflow_home/venv/lib/python3.9/site-packages/airflow/example_dags/tutorial_dag.py
[2026-02-25T07:04:32.003+0530] {processor.py:840} INFO - DAG(s) 'tutorial_dag' retrieved from /Users/neerajvyas/learning/airflow/learn_airflow/airflow_home/venv/lib/python3.9/site-packages/airflow/example_dags/tutorial_dag.py
[2026-02-25T07:04:32.057+0530] {logging_mixin.py:188} INFO - [2026-02-25T07:04:32.057+0530] {dag.py:3036} INFO - Sync 1 DAGs
[2026-02-25T07:04:32.063+0530] {logging_mixin.py:188} INFO - [2026-02-25T07:04:32.062+0530] {dag.py:3823} INFO - Setting next_dagrun for tutorial_dag to None, run_after=None
[2026-02-25T07:04:32.071+0530] {processor.py:183} INFO - Processing /Users/neerajvyas/learning/airflow/learn_airflow/airflow_home/venv/lib/python3.9/site-packages/airflow/example_dags/tutorial_dag.py took 0.087 seconds
