[2026-02-25T06:46:58.383+0530] {processor.py:161} INFO - Started process (PID=60396) to work on /Users/neerajvyas/learning/airflow/learn_airflow/airflow_home/venv/lib/python3.9/site-packages/airflow/example_dags/tutorial.py
[2026-02-25T06:46:58.383+0530] {processor.py:830} INFO - Processing file /Users/neerajvyas/learning/airflow/learn_airflow/airflow_home/venv/lib/python3.9/site-packages/airflow/example_dags/tutorial.py for tasks to queue
[2026-02-25T06:46:58.384+0530] {logging_mixin.py:188} INFO - [2026-02-25T06:46:58.384+0530] {dagbag.py:538} INFO - Filling up the DagBag from /Users/neerajvyas/learning/airflow/learn_airflow/airflow_home/venv/lib/python3.9/site-packages/airflow/example_dags/tutorial.py
[2026-02-25T06:46:58.387+0530] {processor.py:840} INFO - DAG(s) 'tutorial' retrieved from /Users/neerajvyas/learning/airflow/learn_airflow/airflow_home/venv/lib/python3.9/site-packages/airflow/example_dags/tutorial.py
[2026-02-25T06:46:58.471+0530] {logging_mixin.py:188} INFO - [2026-02-25T06:46:58.471+0530] {override.py:1769} INFO - Created Permission View: can edit on DAG:tutorial
[2026-02-25T06:46:58.475+0530] {logging_mixin.py:188} INFO - [2026-02-25T06:46:58.474+0530] {override.py:1769} INFO - Created Permission View: can delete on DAG:tutorial
[2026-02-25T06:46:58.477+0530] {logging_mixin.py:188} INFO - [2026-02-25T06:46:58.477+0530] {override.py:1769} INFO - Created Permission View: can read on DAG:tutorial
[2026-02-25T06:46:58.477+0530] {logging_mixin.py:188} INFO - [2026-02-25T06:46:58.477+0530] {dag.py:3036} INFO - Sync 1 DAGs
[2026-02-25T06:46:58.481+0530] {logging_mixin.py:188} INFO - [2026-02-25T06:46:58.481+0530] {dag.py:3058} INFO - Creating ORM DAG for tutorial
[2026-02-25T06:46:58.484+0530] {logging_mixin.py:188} INFO - [2026-02-25T06:46:58.484+0530] {dag.py:3823} INFO - Setting next_dagrun for tutorial to 2026-02-24 00:00:00+00:00, run_after=2026-02-25 00:00:00+00:00
[2026-02-25T06:46:58.491+0530] {processor.py:183} INFO - Processing /Users/neerajvyas/learning/airflow/learn_airflow/airflow_home/venv/lib/python3.9/site-packages/airflow/example_dags/tutorial.py took 0.109 seconds
[2026-02-25T06:48:22.665+0530] {processor.py:161} INFO - Started process (PID=63206) to work on /Users/neerajvyas/learning/airflow/learn_airflow/airflow_home/venv/lib/python3.9/site-packages/airflow/example_dags/tutorial.py
[2026-02-25T06:48:22.667+0530] {processor.py:830} INFO - Processing file /Users/neerajvyas/learning/airflow/learn_airflow/airflow_home/venv/lib/python3.9/site-packages/airflow/example_dags/tutorial.py for tasks to queue
[2026-02-25T06:48:22.667+0530] {logging_mixin.py:188} INFO - [2026-02-25T06:48:22.667+0530] {dagbag.py:538} INFO - Filling up the DagBag from /Users/neerajvyas/learning/airflow/learn_airflow/airflow_home/venv/lib/python3.9/site-packages/airflow/example_dags/tutorial.py
[2026-02-25T06:48:22.670+0530] {processor.py:840} INFO - DAG(s) 'tutorial' retrieved from /Users/neerajvyas/learning/airflow/learn_airflow/airflow_home/venv/lib/python3.9/site-packages/airflow/example_dags/tutorial.py
[2026-02-25T06:48:22.713+0530] {logging_mixin.py:188} INFO - [2026-02-25T06:48:22.713+0530] {dag.py:3036} INFO - Sync 1 DAGs
[2026-02-25T06:48:22.723+0530] {logging_mixin.py:188} INFO - [2026-02-25T06:48:22.723+0530] {dag.py:3823} INFO - Setting next_dagrun for tutorial to 2026-02-24 00:00:00+00:00, run_after=2026-02-25 00:00:00+00:00
[2026-02-25T06:48:22.729+0530] {processor.py:183} INFO - Processing /Users/neerajvyas/learning/airflow/learn_airflow/airflow_home/venv/lib/python3.9/site-packages/airflow/example_dags/tutorial.py took 0.065 seconds
[2026-02-25T06:49:15.909+0530] {processor.py:161} INFO - Started process (PID=64947) to work on /Users/neerajvyas/learning/airflow/learn_airflow/airflow_home/venv/lib/python3.9/site-packages/airflow/example_dags/tutorial.py
[2026-02-25T06:49:15.910+0530] {processor.py:830} INFO - Processing file /Users/neerajvyas/learning/airflow/learn_airflow/airflow_home/venv/lib/python3.9/site-packages/airflow/example_dags/tutorial.py for tasks to queue
[2026-02-25T06:49:15.910+0530] {logging_mixin.py:188} INFO - [2026-02-25T06:49:15.910+0530] {dagbag.py:538} INFO - Filling up the DagBag from /Users/neerajvyas/learning/airflow/learn_airflow/airflow_home/venv/lib/python3.9/site-packages/airflow/example_dags/tutorial.py
[2026-02-25T06:49:15.913+0530] {processor.py:840} INFO - DAG(s) 'tutorial' retrieved from /Users/neerajvyas/learning/airflow/learn_airflow/airflow_home/venv/lib/python3.9/site-packages/airflow/example_dags/tutorial.py
[2026-02-25T06:49:15.958+0530] {logging_mixin.py:188} INFO - [2026-02-25T06:49:15.957+0530] {dag.py:3036} INFO - Sync 1 DAGs
[2026-02-25T06:49:15.965+0530] {logging_mixin.py:188} INFO - [2026-02-25T06:49:15.965+0530] {dag.py:3823} INFO - Setting next_dagrun for tutorial to 2026-02-24 00:00:00+00:00, run_after=2026-02-25 00:00:00+00:00
[2026-02-25T06:49:15.972+0530] {processor.py:183} INFO - Processing /Users/neerajvyas/learning/airflow/learn_airflow/airflow_home/venv/lib/python3.9/site-packages/airflow/example_dags/tutorial.py took 0.063 seconds
[2026-02-25T06:50:08.316+0530] {processor.py:161} INFO - Started process (PID=66805) to work on /Users/neerajvyas/learning/airflow/learn_airflow/airflow_home/venv/lib/python3.9/site-packages/airflow/example_dags/tutorial.py
[2026-02-25T06:50:08.318+0530] {processor.py:830} INFO - Processing file /Users/neerajvyas/learning/airflow/learn_airflow/airflow_home/venv/lib/python3.9/site-packages/airflow/example_dags/tutorial.py for tasks to queue
[2026-02-25T06:50:08.318+0530] {logging_mixin.py:188} INFO - [2026-02-25T06:50:08.318+0530] {dagbag.py:538} INFO - Filling up the DagBag from /Users/neerajvyas/learning/airflow/learn_airflow/airflow_home/venv/lib/python3.9/site-packages/airflow/example_dags/tutorial.py
[2026-02-25T06:50:08.321+0530] {processor.py:840} INFO - DAG(s) 'tutorial' retrieved from /Users/neerajvyas/learning/airflow/learn_airflow/airflow_home/venv/lib/python3.9/site-packages/airflow/example_dags/tutorial.py
[2026-02-25T06:50:08.367+0530] {logging_mixin.py:188} INFO - [2026-02-25T06:50:08.367+0530] {dag.py:3036} INFO - Sync 1 DAGs
[2026-02-25T06:50:08.375+0530] {logging_mixin.py:188} INFO - [2026-02-25T06:50:08.375+0530] {dag.py:3823} INFO - Setting next_dagrun for tutorial to 2026-02-24 00:00:00+00:00, run_after=2026-02-25 00:00:00+00:00
[2026-02-25T06:50:08.382+0530] {processor.py:183} INFO - Processing /Users/neerajvyas/learning/airflow/learn_airflow/airflow_home/venv/lib/python3.9/site-packages/airflow/example_dags/tutorial.py took 0.067 seconds
[2026-02-25T06:51:00.900+0530] {processor.py:161} INFO - Started process (PID=68552) to work on /Users/neerajvyas/learning/airflow/learn_airflow/airflow_home/venv/lib/python3.9/site-packages/airflow/example_dags/tutorial.py
[2026-02-25T06:51:00.902+0530] {processor.py:830} INFO - Processing file /Users/neerajvyas/learning/airflow/learn_airflow/airflow_home/venv/lib/python3.9/site-packages/airflow/example_dags/tutorial.py for tasks to queue
[2026-02-25T06:51:00.902+0530] {logging_mixin.py:188} INFO - [2026-02-25T06:51:00.902+0530] {dagbag.py:538} INFO - Filling up the DagBag from /Users/neerajvyas/learning/airflow/learn_airflow/airflow_home/venv/lib/python3.9/site-packages/airflow/example_dags/tutorial.py
[2026-02-25T06:51:00.905+0530] {processor.py:840} INFO - DAG(s) 'tutorial' retrieved from /Users/neerajvyas/learning/airflow/learn_airflow/airflow_home/venv/lib/python3.9/site-packages/airflow/example_dags/tutorial.py
[2026-02-25T06:51:00.951+0530] {logging_mixin.py:188} INFO - [2026-02-25T06:51:00.951+0530] {dag.py:3036} INFO - Sync 1 DAGs
[2026-02-25T06:51:00.959+0530] {logging_mixin.py:188} INFO - [2026-02-25T06:51:00.959+0530] {dag.py:3823} INFO - Setting next_dagrun for tutorial to 2026-02-24 00:00:00+00:00, run_after=2026-02-25 00:00:00+00:00
[2026-02-25T06:51:00.967+0530] {processor.py:183} INFO - Processing /Users/neerajvyas/learning/airflow/learn_airflow/airflow_home/venv/lib/python3.9/site-packages/airflow/example_dags/tutorial.py took 0.067 seconds
[2026-02-25T06:51:55.281+0530] {processor.py:161} INFO - Started process (PID=70640) to work on /Users/neerajvyas/learning/airflow/learn_airflow/airflow_home/venv/lib/python3.9/site-packages/airflow/example_dags/tutorial.py
[2026-02-25T06:51:55.282+0530] {processor.py:830} INFO - Processing file /Users/neerajvyas/learning/airflow/learn_airflow/airflow_home/venv/lib/python3.9/site-packages/airflow/example_dags/tutorial.py for tasks to queue
[2026-02-25T06:51:55.283+0530] {logging_mixin.py:188} INFO - [2026-02-25T06:51:55.283+0530] {dagbag.py:538} INFO - Filling up the DagBag from /Users/neerajvyas/learning/airflow/learn_airflow/airflow_home/venv/lib/python3.9/site-packages/airflow/example_dags/tutorial.py
[2026-02-25T06:51:55.286+0530] {processor.py:840} INFO - DAG(s) 'tutorial' retrieved from /Users/neerajvyas/learning/airflow/learn_airflow/airflow_home/venv/lib/python3.9/site-packages/airflow/example_dags/tutorial.py
[2026-02-25T06:51:55.335+0530] {logging_mixin.py:188} INFO - [2026-02-25T06:51:55.335+0530] {dag.py:3036} INFO - Sync 1 DAGs
[2026-02-25T06:51:55.342+0530] {logging_mixin.py:188} INFO - [2026-02-25T06:51:55.342+0530] {dag.py:3823} INFO - Setting next_dagrun for tutorial to 2026-02-24 00:00:00+00:00, run_after=2026-02-25 00:00:00+00:00
[2026-02-25T06:51:55.350+0530] {processor.py:183} INFO - Processing /Users/neerajvyas/learning/airflow/learn_airflow/airflow_home/venv/lib/python3.9/site-packages/airflow/example_dags/tutorial.py took 0.069 seconds
[2026-02-25T06:52:48.670+0530] {processor.py:161} INFO - Started process (PID=72521) to work on /Users/neerajvyas/learning/airflow/learn_airflow/airflow_home/venv/lib/python3.9/site-packages/airflow/example_dags/tutorial.py
[2026-02-25T06:52:48.671+0530] {processor.py:830} INFO - Processing file /Users/neerajvyas/learning/airflow/learn_airflow/airflow_home/venv/lib/python3.9/site-packages/airflow/example_dags/tutorial.py for tasks to queue
[2026-02-25T06:52:48.672+0530] {logging_mixin.py:188} INFO - [2026-02-25T06:52:48.672+0530] {dagbag.py:538} INFO - Filling up the DagBag from /Users/neerajvyas/learning/airflow/learn_airflow/airflow_home/venv/lib/python3.9/site-packages/airflow/example_dags/tutorial.py
[2026-02-25T06:52:48.675+0530] {processor.py:840} INFO - DAG(s) 'tutorial' retrieved from /Users/neerajvyas/learning/airflow/learn_airflow/airflow_home/venv/lib/python3.9/site-packages/airflow/example_dags/tutorial.py
[2026-02-25T06:52:48.719+0530] {logging_mixin.py:188} INFO - [2026-02-25T06:52:48.719+0530] {dag.py:3036} INFO - Sync 1 DAGs
[2026-02-25T06:52:48.727+0530] {logging_mixin.py:188} INFO - [2026-02-25T06:52:48.727+0530] {dag.py:3823} INFO - Setting next_dagrun for tutorial to 2026-02-24 00:00:00+00:00, run_after=2026-02-25 00:00:00+00:00
[2026-02-25T06:52:48.734+0530] {processor.py:183} INFO - Processing /Users/neerajvyas/learning/airflow/learn_airflow/airflow_home/venv/lib/python3.9/site-packages/airflow/example_dags/tutorial.py took 0.064 seconds
[2026-02-25T06:53:42.654+0530] {processor.py:161} INFO - Started process (PID=74286) to work on /Users/neerajvyas/learning/airflow/learn_airflow/airflow_home/venv/lib/python3.9/site-packages/airflow/example_dags/tutorial.py
[2026-02-25T06:53:42.655+0530] {processor.py:830} INFO - Processing file /Users/neerajvyas/learning/airflow/learn_airflow/airflow_home/venv/lib/python3.9/site-packages/airflow/example_dags/tutorial.py for tasks to queue
[2026-02-25T06:53:42.655+0530] {logging_mixin.py:188} INFO - [2026-02-25T06:53:42.655+0530] {dagbag.py:538} INFO - Filling up the DagBag from /Users/neerajvyas/learning/airflow/learn_airflow/airflow_home/venv/lib/python3.9/site-packages/airflow/example_dags/tutorial.py
[2026-02-25T06:53:42.659+0530] {processor.py:840} INFO - DAG(s) 'tutorial' retrieved from /Users/neerajvyas/learning/airflow/learn_airflow/airflow_home/venv/lib/python3.9/site-packages/airflow/example_dags/tutorial.py
[2026-02-25T06:53:42.706+0530] {logging_mixin.py:188} INFO - [2026-02-25T06:53:42.706+0530] {dag.py:3036} INFO - Sync 1 DAGs
[2026-02-25T06:53:42.713+0530] {logging_mixin.py:188} INFO - [2026-02-25T06:53:42.713+0530] {dag.py:3823} INFO - Setting next_dagrun for tutorial to 2026-02-24 00:00:00+00:00, run_after=2026-02-25 00:00:00+00:00
[2026-02-25T06:53:42.720+0530] {processor.py:183} INFO - Processing /Users/neerajvyas/learning/airflow/learn_airflow/airflow_home/venv/lib/python3.9/site-packages/airflow/example_dags/tutorial.py took 0.066 seconds
[2026-02-25T06:54:36.072+0530] {processor.py:161} INFO - Started process (PID=76034) to work on /Users/neerajvyas/learning/airflow/learn_airflow/airflow_home/venv/lib/python3.9/site-packages/airflow/example_dags/tutorial.py
[2026-02-25T06:54:36.073+0530] {processor.py:830} INFO - Processing file /Users/neerajvyas/learning/airflow/learn_airflow/airflow_home/venv/lib/python3.9/site-packages/airflow/example_dags/tutorial.py for tasks to queue
[2026-02-25T06:54:36.073+0530] {logging_mixin.py:188} INFO - [2026-02-25T06:54:36.073+0530] {dagbag.py:538} INFO - Filling up the DagBag from /Users/neerajvyas/learning/airflow/learn_airflow/airflow_home/venv/lib/python3.9/site-packages/airflow/example_dags/tutorial.py
[2026-02-25T06:54:36.080+0530] {processor.py:840} INFO - DAG(s) 'tutorial' retrieved from /Users/neerajvyas/learning/airflow/learn_airflow/airflow_home/venv/lib/python3.9/site-packages/airflow/example_dags/tutorial.py
[2026-02-25T06:54:36.123+0530] {logging_mixin.py:188} INFO - [2026-02-25T06:54:36.123+0530] {dag.py:3036} INFO - Sync 1 DAGs
[2026-02-25T06:54:36.132+0530] {logging_mixin.py:188} INFO - [2026-02-25T06:54:36.132+0530] {dag.py:3823} INFO - Setting next_dagrun for tutorial to 2026-02-24 00:00:00+00:00, run_after=2026-02-25 00:00:00+00:00
[2026-02-25T06:54:36.139+0530] {processor.py:183} INFO - Processing /Users/neerajvyas/learning/airflow/learn_airflow/airflow_home/venv/lib/python3.9/site-packages/airflow/example_dags/tutorial.py took 0.067 seconds
[2026-02-25T06:55:29.713+0530] {processor.py:161} INFO - Started process (PID=77778) to work on /Users/neerajvyas/learning/airflow/learn_airflow/airflow_home/venv/lib/python3.9/site-packages/airflow/example_dags/tutorial.py
[2026-02-25T06:55:29.714+0530] {processor.py:830} INFO - Processing file /Users/neerajvyas/learning/airflow/learn_airflow/airflow_home/venv/lib/python3.9/site-packages/airflow/example_dags/tutorial.py for tasks to queue
[2026-02-25T06:55:29.714+0530] {logging_mixin.py:188} INFO - [2026-02-25T06:55:29.714+0530] {dagbag.py:538} INFO - Filling up the DagBag from /Users/neerajvyas/learning/airflow/learn_airflow/airflow_home/venv/lib/python3.9/site-packages/airflow/example_dags/tutorial.py
[2026-02-25T06:55:29.718+0530] {processor.py:840} INFO - DAG(s) 'tutorial' retrieved from /Users/neerajvyas/learning/airflow/learn_airflow/airflow_home/venv/lib/python3.9/site-packages/airflow/example_dags/tutorial.py
[2026-02-25T06:55:29.766+0530] {logging_mixin.py:188} INFO - [2026-02-25T06:55:29.765+0530] {dag.py:3036} INFO - Sync 1 DAGs
[2026-02-25T06:55:29.773+0530] {logging_mixin.py:188} INFO - [2026-02-25T06:55:29.773+0530] {dag.py:3823} INFO - Setting next_dagrun for tutorial to 2026-02-24 00:00:00+00:00, run_after=2026-02-25 00:00:00+00:00
[2026-02-25T06:55:29.783+0530] {processor.py:183} INFO - Processing /Users/neerajvyas/learning/airflow/learn_airflow/airflow_home/venv/lib/python3.9/site-packages/airflow/example_dags/tutorial.py took 0.071 seconds
[2026-02-25T06:56:24.137+0530] {processor.py:161} INFO - Started process (PID=80223) to work on /Users/neerajvyas/learning/airflow/learn_airflow/airflow_home/venv/lib/python3.9/site-packages/airflow/example_dags/tutorial.py
[2026-02-25T06:56:24.138+0530] {processor.py:830} INFO - Processing file /Users/neerajvyas/learning/airflow/learn_airflow/airflow_home/venv/lib/python3.9/site-packages/airflow/example_dags/tutorial.py for tasks to queue
[2026-02-25T06:56:24.138+0530] {logging_mixin.py:188} INFO - [2026-02-25T06:56:24.138+0530] {dagbag.py:538} INFO - Filling up the DagBag from /Users/neerajvyas/learning/airflow/learn_airflow/airflow_home/venv/lib/python3.9/site-packages/airflow/example_dags/tutorial.py
[2026-02-25T06:56:24.142+0530] {processor.py:840} INFO - DAG(s) 'tutorial' retrieved from /Users/neerajvyas/learning/airflow/learn_airflow/airflow_home/venv/lib/python3.9/site-packages/airflow/example_dags/tutorial.py
[2026-02-25T06:56:24.189+0530] {logging_mixin.py:188} INFO - [2026-02-25T06:56:24.189+0530] {dag.py:3036} INFO - Sync 1 DAGs
[2026-02-25T06:56:24.197+0530] {logging_mixin.py:188} INFO - [2026-02-25T06:56:24.197+0530] {dag.py:3823} INFO - Setting next_dagrun for tutorial to 2026-02-24 00:00:00+00:00, run_after=2026-02-25 00:00:00+00:00
[2026-02-25T06:56:24.205+0530] {processor.py:183} INFO - Processing /Users/neerajvyas/learning/airflow/learn_airflow/airflow_home/venv/lib/python3.9/site-packages/airflow/example_dags/tutorial.py took 0.068 seconds
[2026-02-25T06:57:19.271+0530] {processor.py:161} INFO - Started process (PID=82064) to work on /Users/neerajvyas/learning/airflow/learn_airflow/airflow_home/venv/lib/python3.9/site-packages/airflow/example_dags/tutorial.py
[2026-02-25T06:57:19.272+0530] {processor.py:830} INFO - Processing file /Users/neerajvyas/learning/airflow/learn_airflow/airflow_home/venv/lib/python3.9/site-packages/airflow/example_dags/tutorial.py for tasks to queue
[2026-02-25T06:57:19.272+0530] {logging_mixin.py:188} INFO - [2026-02-25T06:57:19.272+0530] {dagbag.py:538} INFO - Filling up the DagBag from /Users/neerajvyas/learning/airflow/learn_airflow/airflow_home/venv/lib/python3.9/site-packages/airflow/example_dags/tutorial.py
[2026-02-25T06:57:19.276+0530] {processor.py:840} INFO - DAG(s) 'tutorial' retrieved from /Users/neerajvyas/learning/airflow/learn_airflow/airflow_home/venv/lib/python3.9/site-packages/airflow/example_dags/tutorial.py
[2026-02-25T06:57:19.322+0530] {logging_mixin.py:188} INFO - [2026-02-25T06:57:19.322+0530] {dag.py:3036} INFO - Sync 1 DAGs
[2026-02-25T06:57:19.329+0530] {logging_mixin.py:188} INFO - [2026-02-25T06:57:19.329+0530] {dag.py:3823} INFO - Setting next_dagrun for tutorial to 2026-02-24 00:00:00+00:00, run_after=2026-02-25 00:00:00+00:00
[2026-02-25T06:57:19.335+0530] {processor.py:183} INFO - Processing /Users/neerajvyas/learning/airflow/learn_airflow/airflow_home/venv/lib/python3.9/site-packages/airflow/example_dags/tutorial.py took 0.064 seconds
[2026-02-25T06:58:13.132+0530] {processor.py:161} INFO - Started process (PID=83994) to work on /Users/neerajvyas/learning/airflow/learn_airflow/airflow_home/venv/lib/python3.9/site-packages/airflow/example_dags/tutorial.py
[2026-02-25T06:58:13.133+0530] {processor.py:830} INFO - Processing file /Users/neerajvyas/learning/airflow/learn_airflow/airflow_home/venv/lib/python3.9/site-packages/airflow/example_dags/tutorial.py for tasks to queue
[2026-02-25T06:58:13.133+0530] {logging_mixin.py:188} INFO - [2026-02-25T06:58:13.133+0530] {dagbag.py:538} INFO - Filling up the DagBag from /Users/neerajvyas/learning/airflow/learn_airflow/airflow_home/venv/lib/python3.9/site-packages/airflow/example_dags/tutorial.py
[2026-02-25T06:58:13.137+0530] {processor.py:840} INFO - DAG(s) 'tutorial' retrieved from /Users/neerajvyas/learning/airflow/learn_airflow/airflow_home/venv/lib/python3.9/site-packages/airflow/example_dags/tutorial.py
[2026-02-25T06:58:13.179+0530] {logging_mixin.py:188} INFO - [2026-02-25T06:58:13.179+0530] {dag.py:3036} INFO - Sync 1 DAGs
[2026-02-25T06:58:13.186+0530] {logging_mixin.py:188} INFO - [2026-02-25T06:58:13.186+0530] {dag.py:3823} INFO - Setting next_dagrun for tutorial to 2026-02-24 00:00:00+00:00, run_after=2026-02-25 00:00:00+00:00
[2026-02-25T06:58:13.193+0530] {processor.py:183} INFO - Processing /Users/neerajvyas/learning/airflow/learn_airflow/airflow_home/venv/lib/python3.9/site-packages/airflow/example_dags/tutorial.py took 0.061 seconds
[2026-02-25T06:59:05.530+0530] {processor.py:161} INFO - Started process (PID=85753) to work on /Users/neerajvyas/learning/airflow/learn_airflow/airflow_home/venv/lib/python3.9/site-packages/airflow/example_dags/tutorial.py
[2026-02-25T06:59:05.531+0530] {processor.py:830} INFO - Processing file /Users/neerajvyas/learning/airflow/learn_airflow/airflow_home/venv/lib/python3.9/site-packages/airflow/example_dags/tutorial.py for tasks to queue
[2026-02-25T06:59:05.532+0530] {logging_mixin.py:188} INFO - [2026-02-25T06:59:05.532+0530] {dagbag.py:538} INFO - Filling up the DagBag from /Users/neerajvyas/learning/airflow/learn_airflow/airflow_home/venv/lib/python3.9/site-packages/airflow/example_dags/tutorial.py
[2026-02-25T06:59:05.536+0530] {processor.py:840} INFO - DAG(s) 'tutorial' retrieved from /Users/neerajvyas/learning/airflow/learn_airflow/airflow_home/venv/lib/python3.9/site-packages/airflow/example_dags/tutorial.py
[2026-02-25T06:59:05.583+0530] {logging_mixin.py:188} INFO - [2026-02-25T06:59:05.583+0530] {dag.py:3036} INFO - Sync 1 DAGs
[2026-02-25T06:59:05.592+0530] {logging_mixin.py:188} INFO - [2026-02-25T06:59:05.592+0530] {dag.py:3823} INFO - Setting next_dagrun for tutorial to 2026-02-24 00:00:00+00:00, run_after=2026-02-25 00:00:00+00:00
[2026-02-25T06:59:05.599+0530] {processor.py:183} INFO - Processing /Users/neerajvyas/learning/airflow/learn_airflow/airflow_home/venv/lib/python3.9/site-packages/airflow/example_dags/tutorial.py took 0.070 seconds
[2026-02-25T07:00:00.648+0530] {processor.py:161} INFO - Started process (PID=87926) to work on /Users/neerajvyas/learning/airflow/learn_airflow/airflow_home/venv/lib/python3.9/site-packages/airflow/example_dags/tutorial.py
[2026-02-25T07:00:00.648+0530] {processor.py:830} INFO - Processing file /Users/neerajvyas/learning/airflow/learn_airflow/airflow_home/venv/lib/python3.9/site-packages/airflow/example_dags/tutorial.py for tasks to queue
[2026-02-25T07:00:00.648+0530] {logging_mixin.py:188} INFO - [2026-02-25T07:00:00.648+0530] {dagbag.py:538} INFO - Filling up the DagBag from /Users/neerajvyas/learning/airflow/learn_airflow/airflow_home/venv/lib/python3.9/site-packages/airflow/example_dags/tutorial.py
[2026-02-25T07:00:00.652+0530] {processor.py:840} INFO - DAG(s) 'tutorial' retrieved from /Users/neerajvyas/learning/airflow/learn_airflow/airflow_home/venv/lib/python3.9/site-packages/airflow/example_dags/tutorial.py
[2026-02-25T07:00:00.696+0530] {logging_mixin.py:188} INFO - [2026-02-25T07:00:00.696+0530] {dag.py:3036} INFO - Sync 1 DAGs
[2026-02-25T07:00:00.704+0530] {logging_mixin.py:188} INFO - [2026-02-25T07:00:00.704+0530] {dag.py:3823} INFO - Setting next_dagrun for tutorial to 2026-02-24 00:00:00+00:00, run_after=2026-02-25 00:00:00+00:00
[2026-02-25T07:00:00.710+0530] {processor.py:183} INFO - Processing /Users/neerajvyas/learning/airflow/learn_airflow/airflow_home/venv/lib/python3.9/site-packages/airflow/example_dags/tutorial.py took 0.063 seconds
[2026-02-25T07:00:53.237+0530] {processor.py:161} INFO - Started process (PID=89671) to work on /Users/neerajvyas/learning/airflow/learn_airflow/airflow_home/venv/lib/python3.9/site-packages/airflow/example_dags/tutorial.py
[2026-02-25T07:00:53.238+0530] {processor.py:830} INFO - Processing file /Users/neerajvyas/learning/airflow/learn_airflow/airflow_home/venv/lib/python3.9/site-packages/airflow/example_dags/tutorial.py for tasks to queue
[2026-02-25T07:00:53.239+0530] {logging_mixin.py:188} INFO - [2026-02-25T07:00:53.238+0530] {dagbag.py:538} INFO - Filling up the DagBag from /Users/neerajvyas/learning/airflow/learn_airflow/airflow_home/venv/lib/python3.9/site-packages/airflow/example_dags/tutorial.py
[2026-02-25T07:00:53.242+0530] {processor.py:840} INFO - DAG(s) 'tutorial' retrieved from /Users/neerajvyas/learning/airflow/learn_airflow/airflow_home/venv/lib/python3.9/site-packages/airflow/example_dags/tutorial.py
[2026-02-25T07:00:53.286+0530] {logging_mixin.py:188} INFO - [2026-02-25T07:00:53.285+0530] {dag.py:3036} INFO - Sync 1 DAGs
[2026-02-25T07:00:53.292+0530] {logging_mixin.py:188} INFO - [2026-02-25T07:00:53.292+0530] {dag.py:3823} INFO - Setting next_dagrun for tutorial to 2026-02-24 00:00:00+00:00, run_after=2026-02-25 00:00:00+00:00
[2026-02-25T07:00:53.300+0530] {processor.py:183} INFO - Processing /Users/neerajvyas/learning/airflow/learn_airflow/airflow_home/venv/lib/python3.9/site-packages/airflow/example_dags/tutorial.py took 0.063 seconds
[2026-02-25T07:01:49.024+0530] {processor.py:161} INFO - Started process (PID=91785) to work on /Users/neerajvyas/learning/airflow/learn_airflow/airflow_home/venv/lib/python3.9/site-packages/airflow/example_dags/tutorial.py
[2026-02-25T07:01:49.025+0530] {processor.py:830} INFO - Processing file /Users/neerajvyas/learning/airflow/learn_airflow/airflow_home/venv/lib/python3.9/site-packages/airflow/example_dags/tutorial.py for tasks to queue
[2026-02-25T07:01:49.025+0530] {logging_mixin.py:188} INFO - [2026-02-25T07:01:49.025+0530] {dagbag.py:538} INFO - Filling up the DagBag from /Users/neerajvyas/learning/airflow/learn_airflow/airflow_home/venv/lib/python3.9/site-packages/airflow/example_dags/tutorial.py
[2026-02-25T07:01:49.029+0530] {processor.py:840} INFO - DAG(s) 'tutorial' retrieved from /Users/neerajvyas/learning/airflow/learn_airflow/airflow_home/venv/lib/python3.9/site-packages/airflow/example_dags/tutorial.py
[2026-02-25T07:01:49.077+0530] {logging_mixin.py:188} INFO - [2026-02-25T07:01:49.077+0530] {dag.py:3036} INFO - Sync 1 DAGs
[2026-02-25T07:01:49.084+0530] {logging_mixin.py:188} INFO - [2026-02-25T07:01:49.084+0530] {dag.py:3823} INFO - Setting next_dagrun for tutorial to 2026-02-24 00:00:00+00:00, run_after=2026-02-25 00:00:00+00:00
[2026-02-25T07:01:49.092+0530] {processor.py:183} INFO - Processing /Users/neerajvyas/learning/airflow/learn_airflow/airflow_home/venv/lib/python3.9/site-packages/airflow/example_dags/tutorial.py took 0.068 seconds
[2026-02-25T07:02:45.160+0530] {processor.py:161} INFO - Started process (PID=93868) to work on /Users/neerajvyas/learning/airflow/learn_airflow/airflow_home/venv/lib/python3.9/site-packages/airflow/example_dags/tutorial.py
[2026-02-25T07:02:45.160+0530] {processor.py:830} INFO - Processing file /Users/neerajvyas/learning/airflow/learn_airflow/airflow_home/venv/lib/python3.9/site-packages/airflow/example_dags/tutorial.py for tasks to queue
[2026-02-25T07:02:45.160+0530] {logging_mixin.py:188} INFO - [2026-02-25T07:02:45.160+0530] {dagbag.py:538} INFO - Filling up the DagBag from /Users/neerajvyas/learning/airflow/learn_airflow/airflow_home/venv/lib/python3.9/site-packages/airflow/example_dags/tutorial.py
[2026-02-25T07:02:45.164+0530] {processor.py:840} INFO - DAG(s) 'tutorial' retrieved from /Users/neerajvyas/learning/airflow/learn_airflow/airflow_home/venv/lib/python3.9/site-packages/airflow/example_dags/tutorial.py
[2026-02-25T07:02:45.210+0530] {logging_mixin.py:188} INFO - [2026-02-25T07:02:45.210+0530] {dag.py:3036} INFO - Sync 1 DAGs
[2026-02-25T07:02:45.217+0530] {logging_mixin.py:188} INFO - [2026-02-25T07:02:45.217+0530] {dag.py:3823} INFO - Setting next_dagrun for tutorial to 2026-02-24 00:00:00+00:00, run_after=2026-02-25 00:00:00+00:00
[2026-02-25T07:02:45.224+0530] {processor.py:183} INFO - Processing /Users/neerajvyas/learning/airflow/learn_airflow/airflow_home/venv/lib/python3.9/site-packages/airflow/example_dags/tutorial.py took 0.065 seconds
[2026-02-25T07:03:40.738+0530] {processor.py:161} INFO - Started process (PID=96036) to work on /Users/neerajvyas/learning/airflow/learn_airflow/airflow_home/venv/lib/python3.9/site-packages/airflow/example_dags/tutorial.py
[2026-02-25T07:03:40.738+0530] {processor.py:830} INFO - Processing file /Users/neerajvyas/learning/airflow/learn_airflow/airflow_home/venv/lib/python3.9/site-packages/airflow/example_dags/tutorial.py for tasks to queue
[2026-02-25T07:03:40.739+0530] {logging_mixin.py:188} INFO - [2026-02-25T07:03:40.739+0530] {dagbag.py:538} INFO - Filling up the DagBag from /Users/neerajvyas/learning/airflow/learn_airflow/airflow_home/venv/lib/python3.9/site-packages/airflow/example_dags/tutorial.py
[2026-02-25T07:03:40.743+0530] {processor.py:840} INFO - DAG(s) 'tutorial' retrieved from /Users/neerajvyas/learning/airflow/learn_airflow/airflow_home/venv/lib/python3.9/site-packages/airflow/example_dags/tutorial.py
[2026-02-25T07:03:40.790+0530] {logging_mixin.py:188} INFO - [2026-02-25T07:03:40.790+0530] {dag.py:3036} INFO - Sync 1 DAGs
[2026-02-25T07:03:40.798+0530] {logging_mixin.py:188} INFO - [2026-02-25T07:03:40.798+0530] {dag.py:3823} INFO - Setting next_dagrun for tutorial to 2026-02-24 00:00:00+00:00, run_after=2026-02-25 00:00:00+00:00
[2026-02-25T07:03:40.806+0530] {processor.py:183} INFO - Processing /Users/neerajvyas/learning/airflow/learn_airflow/airflow_home/venv/lib/python3.9/site-packages/airflow/example_dags/tutorial.py took 0.069 seconds
