[2026-02-25T06:46:55.521+0530] {processor.py:161} INFO - Started process (PID=60392) to work on /Users/neerajvyas/learning/airflow/learn_airflow/airflow_home/venv/lib/python3.9/site-packages/airflow/example_dags/tutorial_objectstorage.py
[2026-02-25T06:46:55.521+0530] {processor.py:830} INFO - Processing file /Users/neerajvyas/learning/airflow/learn_airflow/airflow_home/venv/lib/python3.9/site-packages/airflow/example_dags/tutorial_objectstorage.py for tasks to queue
[2026-02-25T06:46:55.521+0530] {logging_mixin.py:188} INFO - [2026-02-25T06:46:55.521+0530] {dagbag.py:538} INFO - Filling up the DagBag from /Users/neerajvyas/learning/airflow/learn_airflow/airflow_home/venv/lib/python3.9/site-packages/airflow/example_dags/tutorial_objectstorage.py
[2026-02-25T06:46:55.549+0530] {processor.py:840} INFO - DAG(s) 'tutorial_objectstorage' retrieved from /Users/neerajvyas/learning/airflow/learn_airflow/airflow_home/venv/lib/python3.9/site-packages/airflow/example_dags/tutorial_objectstorage.py
[2026-02-25T06:46:55.625+0530] {logging_mixin.py:188} INFO - [2026-02-25T06:46:55.624+0530] {override.py:1769} INFO - Created Permission View: can delete on DAG:tutorial_objectstorage
[2026-02-25T06:46:55.628+0530] {logging_mixin.py:188} INFO - [2026-02-25T06:46:55.628+0530] {override.py:1769} INFO - Created Permission View: can edit on DAG:tutorial_objectstorage
[2026-02-25T06:46:55.631+0530] {logging_mixin.py:188} INFO - [2026-02-25T06:46:55.631+0530] {override.py:1769} INFO - Created Permission View: can read on DAG:tutorial_objectstorage
[2026-02-25T06:46:55.631+0530] {logging_mixin.py:188} INFO - [2026-02-25T06:46:55.631+0530] {dag.py:3036} INFO - Sync 1 DAGs
[2026-02-25T06:46:55.635+0530] {logging_mixin.py:188} INFO - [2026-02-25T06:46:55.635+0530] {dag.py:3058} INFO - Creating ORM DAG for tutorial_objectstorage
[2026-02-25T06:46:55.635+0530] {logging_mixin.py:188} INFO - [2026-02-25T06:46:55.635+0530] {dag.py:3823} INFO - Setting next_dagrun for tutorial_objectstorage to None, run_after=None
[2026-02-25T06:46:55.641+0530] {processor.py:183} INFO - Processing /Users/neerajvyas/learning/airflow/learn_airflow/airflow_home/venv/lib/python3.9/site-packages/airflow/example_dags/tutorial_objectstorage.py took 0.121 seconds
[2026-02-25T06:48:18.970+0530] {processor.py:161} INFO - Started process (PID=63204) to work on /Users/neerajvyas/learning/airflow/learn_airflow/airflow_home/venv/lib/python3.9/site-packages/airflow/example_dags/tutorial_objectstorage.py
[2026-02-25T06:48:18.972+0530] {processor.py:830} INFO - Processing file /Users/neerajvyas/learning/airflow/learn_airflow/airflow_home/venv/lib/python3.9/site-packages/airflow/example_dags/tutorial_objectstorage.py for tasks to queue
[2026-02-25T06:48:18.972+0530] {logging_mixin.py:188} INFO - [2026-02-25T06:48:18.972+0530] {dagbag.py:538} INFO - Filling up the DagBag from /Users/neerajvyas/learning/airflow/learn_airflow/airflow_home/venv/lib/python3.9/site-packages/airflow/example_dags/tutorial_objectstorage.py
[2026-02-25T06:48:19.005+0530] {processor.py:840} INFO - DAG(s) 'tutorial_objectstorage' retrieved from /Users/neerajvyas/learning/airflow/learn_airflow/airflow_home/venv/lib/python3.9/site-packages/airflow/example_dags/tutorial_objectstorage.py
[2026-02-25T06:48:19.045+0530] {logging_mixin.py:188} INFO - [2026-02-25T06:48:19.045+0530] {dag.py:3036} INFO - Sync 1 DAGs
[2026-02-25T06:48:19.049+0530] {logging_mixin.py:188} INFO - [2026-02-25T06:48:19.049+0530] {dag.py:3823} INFO - Setting next_dagrun for tutorial_objectstorage to None, run_after=None
[2026-02-25T06:48:19.056+0530] {processor.py:183} INFO - Processing /Users/neerajvyas/learning/airflow/learn_airflow/airflow_home/venv/lib/python3.9/site-packages/airflow/example_dags/tutorial_objectstorage.py took 0.086 seconds
[2026-02-25T06:49:12.099+0530] {processor.py:161} INFO - Started process (PID=64945) to work on /Users/neerajvyas/learning/airflow/learn_airflow/airflow_home/venv/lib/python3.9/site-packages/airflow/example_dags/tutorial_objectstorage.py
[2026-02-25T06:49:12.101+0530] {processor.py:830} INFO - Processing file /Users/neerajvyas/learning/airflow/learn_airflow/airflow_home/venv/lib/python3.9/site-packages/airflow/example_dags/tutorial_objectstorage.py for tasks to queue
[2026-02-25T06:49:12.101+0530] {logging_mixin.py:188} INFO - [2026-02-25T06:49:12.101+0530] {dagbag.py:538} INFO - Filling up the DagBag from /Users/neerajvyas/learning/airflow/learn_airflow/airflow_home/venv/lib/python3.9/site-packages/airflow/example_dags/tutorial_objectstorage.py
[2026-02-25T06:49:12.136+0530] {processor.py:840} INFO - DAG(s) 'tutorial_objectstorage' retrieved from /Users/neerajvyas/learning/airflow/learn_airflow/airflow_home/venv/lib/python3.9/site-packages/airflow/example_dags/tutorial_objectstorage.py
[2026-02-25T06:49:12.177+0530] {logging_mixin.py:188} INFO - [2026-02-25T06:49:12.177+0530] {dag.py:3036} INFO - Sync 1 DAGs
[2026-02-25T06:49:12.181+0530] {logging_mixin.py:188} INFO - [2026-02-25T06:49:12.181+0530] {dag.py:3823} INFO - Setting next_dagrun for tutorial_objectstorage to None, run_after=None
[2026-02-25T06:49:12.188+0530] {processor.py:183} INFO - Processing /Users/neerajvyas/learning/airflow/learn_airflow/airflow_home/venv/lib/python3.9/site-packages/airflow/example_dags/tutorial_objectstorage.py took 0.089 seconds
[2026-02-25T06:50:05.111+0530] {processor.py:161} INFO - Started process (PID=66765) to work on /Users/neerajvyas/learning/airflow/learn_airflow/airflow_home/venv/lib/python3.9/site-packages/airflow/example_dags/tutorial_objectstorage.py
[2026-02-25T06:50:05.113+0530] {processor.py:830} INFO - Processing file /Users/neerajvyas/learning/airflow/learn_airflow/airflow_home/venv/lib/python3.9/site-packages/airflow/example_dags/tutorial_objectstorage.py for tasks to queue
[2026-02-25T06:50:05.113+0530] {logging_mixin.py:188} INFO - [2026-02-25T06:50:05.113+0530] {dagbag.py:538} INFO - Filling up the DagBag from /Users/neerajvyas/learning/airflow/learn_airflow/airflow_home/venv/lib/python3.9/site-packages/airflow/example_dags/tutorial_objectstorage.py
[2026-02-25T06:50:05.147+0530] {processor.py:840} INFO - DAG(s) 'tutorial_objectstorage' retrieved from /Users/neerajvyas/learning/airflow/learn_airflow/airflow_home/venv/lib/python3.9/site-packages/airflow/example_dags/tutorial_objectstorage.py
[2026-02-25T06:50:05.187+0530] {logging_mixin.py:188} INFO - [2026-02-25T06:50:05.187+0530] {dag.py:3036} INFO - Sync 1 DAGs
[2026-02-25T06:50:05.191+0530] {logging_mixin.py:188} INFO - [2026-02-25T06:50:05.191+0530] {dag.py:3823} INFO - Setting next_dagrun for tutorial_objectstorage to None, run_after=None
[2026-02-25T06:50:05.198+0530] {processor.py:183} INFO - Processing /Users/neerajvyas/learning/airflow/learn_airflow/airflow_home/venv/lib/python3.9/site-packages/airflow/example_dags/tutorial_objectstorage.py took 0.087 seconds
[2026-02-25T06:50:57.739+0530] {processor.py:161} INFO - Started process (PID=68550) to work on /Users/neerajvyas/learning/airflow/learn_airflow/airflow_home/venv/lib/python3.9/site-packages/airflow/example_dags/tutorial_objectstorage.py
[2026-02-25T06:50:57.741+0530] {processor.py:830} INFO - Processing file /Users/neerajvyas/learning/airflow/learn_airflow/airflow_home/venv/lib/python3.9/site-packages/airflow/example_dags/tutorial_objectstorage.py for tasks to queue
[2026-02-25T06:50:57.741+0530] {logging_mixin.py:188} INFO - [2026-02-25T06:50:57.741+0530] {dagbag.py:538} INFO - Filling up the DagBag from /Users/neerajvyas/learning/airflow/learn_airflow/airflow_home/venv/lib/python3.9/site-packages/airflow/example_dags/tutorial_objectstorage.py
[2026-02-25T06:50:57.775+0530] {processor.py:840} INFO - DAG(s) 'tutorial_objectstorage' retrieved from /Users/neerajvyas/learning/airflow/learn_airflow/airflow_home/venv/lib/python3.9/site-packages/airflow/example_dags/tutorial_objectstorage.py
[2026-02-25T06:50:57.816+0530] {logging_mixin.py:188} INFO - [2026-02-25T06:50:57.816+0530] {dag.py:3036} INFO - Sync 1 DAGs
[2026-02-25T06:50:57.819+0530] {logging_mixin.py:188} INFO - [2026-02-25T06:50:57.819+0530] {dag.py:3823} INFO - Setting next_dagrun for tutorial_objectstorage to None, run_after=None
[2026-02-25T06:50:57.826+0530] {processor.py:183} INFO - Processing /Users/neerajvyas/learning/airflow/learn_airflow/airflow_home/venv/lib/python3.9/site-packages/airflow/example_dags/tutorial_objectstorage.py took 0.087 seconds
[2026-02-25T06:51:51.815+0530] {processor.py:161} INFO - Started process (PID=70294) to work on /Users/neerajvyas/learning/airflow/learn_airflow/airflow_home/venv/lib/python3.9/site-packages/airflow/example_dags/tutorial_objectstorage.py
[2026-02-25T06:51:51.817+0530] {processor.py:830} INFO - Processing file /Users/neerajvyas/learning/airflow/learn_airflow/airflow_home/venv/lib/python3.9/site-packages/airflow/example_dags/tutorial_objectstorage.py for tasks to queue
[2026-02-25T06:51:51.817+0530] {logging_mixin.py:188} INFO - [2026-02-25T06:51:51.817+0530] {dagbag.py:538} INFO - Filling up the DagBag from /Users/neerajvyas/learning/airflow/learn_airflow/airflow_home/venv/lib/python3.9/site-packages/airflow/example_dags/tutorial_objectstorage.py
[2026-02-25T06:51:51.851+0530] {processor.py:840} INFO - DAG(s) 'tutorial_objectstorage' retrieved from /Users/neerajvyas/learning/airflow/learn_airflow/airflow_home/venv/lib/python3.9/site-packages/airflow/example_dags/tutorial_objectstorage.py
[2026-02-25T06:51:51.890+0530] {logging_mixin.py:188} INFO - [2026-02-25T06:51:51.890+0530] {dag.py:3036} INFO - Sync 1 DAGs
[2026-02-25T06:51:51.893+0530] {logging_mixin.py:188} INFO - [2026-02-25T06:51:51.893+0530] {dag.py:3823} INFO - Setting next_dagrun for tutorial_objectstorage to None, run_after=None
[2026-02-25T06:51:51.900+0530] {processor.py:183} INFO - Processing /Users/neerajvyas/learning/airflow/learn_airflow/airflow_home/venv/lib/python3.9/site-packages/airflow/example_dags/tutorial_objectstorage.py took 0.085 seconds
[2026-02-25T06:52:44.826+0530] {processor.py:161} INFO - Started process (PID=72518) to work on /Users/neerajvyas/learning/airflow/learn_airflow/airflow_home/venv/lib/python3.9/site-packages/airflow/example_dags/tutorial_objectstorage.py
[2026-02-25T06:52:44.826+0530] {processor.py:830} INFO - Processing file /Users/neerajvyas/learning/airflow/learn_airflow/airflow_home/venv/lib/python3.9/site-packages/airflow/example_dags/tutorial_objectstorage.py for tasks to queue
[2026-02-25T06:52:44.827+0530] {logging_mixin.py:188} INFO - [2026-02-25T06:52:44.826+0530] {dagbag.py:538} INFO - Filling up the DagBag from /Users/neerajvyas/learning/airflow/learn_airflow/airflow_home/venv/lib/python3.9/site-packages/airflow/example_dags/tutorial_objectstorage.py
[2026-02-25T06:52:44.859+0530] {processor.py:840} INFO - DAG(s) 'tutorial_objectstorage' retrieved from /Users/neerajvyas/learning/airflow/learn_airflow/airflow_home/venv/lib/python3.9/site-packages/airflow/example_dags/tutorial_objectstorage.py
[2026-02-25T06:52:44.899+0530] {logging_mixin.py:188} INFO - [2026-02-25T06:52:44.899+0530] {dag.py:3036} INFO - Sync 1 DAGs
[2026-02-25T06:52:44.903+0530] {logging_mixin.py:188} INFO - [2026-02-25T06:52:44.903+0530] {dag.py:3823} INFO - Setting next_dagrun for tutorial_objectstorage to None, run_after=None
[2026-02-25T06:52:44.910+0530] {processor.py:183} INFO - Processing /Users/neerajvyas/learning/airflow/learn_airflow/airflow_home/venv/lib/python3.9/site-packages/airflow/example_dags/tutorial_objectstorage.py took 0.084 seconds
[2026-02-25T06:53:39.336+0530] {processor.py:161} INFO - Started process (PID=74284) to work on /Users/neerajvyas/learning/airflow/learn_airflow/airflow_home/venv/lib/python3.9/site-packages/airflow/example_dags/tutorial_objectstorage.py
[2026-02-25T06:53:39.337+0530] {processor.py:830} INFO - Processing file /Users/neerajvyas/learning/airflow/learn_airflow/airflow_home/venv/lib/python3.9/site-packages/airflow/example_dags/tutorial_objectstorage.py for tasks to queue
[2026-02-25T06:53:39.337+0530] {logging_mixin.py:188} INFO - [2026-02-25T06:53:39.337+0530] {dagbag.py:538} INFO - Filling up the DagBag from /Users/neerajvyas/learning/airflow/learn_airflow/airflow_home/venv/lib/python3.9/site-packages/airflow/example_dags/tutorial_objectstorage.py
[2026-02-25T06:53:39.372+0530] {processor.py:840} INFO - DAG(s) 'tutorial_objectstorage' retrieved from /Users/neerajvyas/learning/airflow/learn_airflow/airflow_home/venv/lib/python3.9/site-packages/airflow/example_dags/tutorial_objectstorage.py
[2026-02-25T06:53:39.415+0530] {logging_mixin.py:188} INFO - [2026-02-25T06:53:39.415+0530] {dag.py:3036} INFO - Sync 1 DAGs
[2026-02-25T06:53:39.418+0530] {logging_mixin.py:188} INFO - [2026-02-25T06:53:39.418+0530] {dag.py:3823} INFO - Setting next_dagrun for tutorial_objectstorage to None, run_after=None
[2026-02-25T06:53:39.425+0530] {processor.py:183} INFO - Processing /Users/neerajvyas/learning/airflow/learn_airflow/airflow_home/venv/lib/python3.9/site-packages/airflow/example_dags/tutorial_objectstorage.py took 0.089 seconds
[2026-02-25T06:54:33.918+0530] {processor.py:161} INFO - Started process (PID=76032) to work on /Users/neerajvyas/learning/airflow/learn_airflow/airflow_home/venv/lib/python3.9/site-packages/airflow/example_dags/tutorial_objectstorage.py
[2026-02-25T06:54:33.919+0530] {processor.py:830} INFO - Processing file /Users/neerajvyas/learning/airflow/learn_airflow/airflow_home/venv/lib/python3.9/site-packages/airflow/example_dags/tutorial_objectstorage.py for tasks to queue
[2026-02-25T06:54:33.919+0530] {logging_mixin.py:188} INFO - [2026-02-25T06:54:33.919+0530] {dagbag.py:538} INFO - Filling up the DagBag from /Users/neerajvyas/learning/airflow/learn_airflow/airflow_home/venv/lib/python3.9/site-packages/airflow/example_dags/tutorial_objectstorage.py
[2026-02-25T06:54:33.952+0530] {processor.py:840} INFO - DAG(s) 'tutorial_objectstorage' retrieved from /Users/neerajvyas/learning/airflow/learn_airflow/airflow_home/venv/lib/python3.9/site-packages/airflow/example_dags/tutorial_objectstorage.py
[2026-02-25T06:54:33.992+0530] {logging_mixin.py:188} INFO - [2026-02-25T06:54:33.992+0530] {dag.py:3036} INFO - Sync 1 DAGs
[2026-02-25T06:54:33.996+0530] {logging_mixin.py:188} INFO - [2026-02-25T06:54:33.996+0530] {dag.py:3823} INFO - Setting next_dagrun for tutorial_objectstorage to None, run_after=None
[2026-02-25T06:54:34.004+0530] {processor.py:183} INFO - Processing /Users/neerajvyas/learning/airflow/learn_airflow/airflow_home/venv/lib/python3.9/site-packages/airflow/example_dags/tutorial_objectstorage.py took 0.087 seconds
[2026-02-25T06:55:25.832+0530] {processor.py:161} INFO - Started process (PID=77774) to work on /Users/neerajvyas/learning/airflow/learn_airflow/airflow_home/venv/lib/python3.9/site-packages/airflow/example_dags/tutorial_objectstorage.py
[2026-02-25T06:55:25.834+0530] {processor.py:830} INFO - Processing file /Users/neerajvyas/learning/airflow/learn_airflow/airflow_home/venv/lib/python3.9/site-packages/airflow/example_dags/tutorial_objectstorage.py for tasks to queue
[2026-02-25T06:55:25.834+0530] {logging_mixin.py:188} INFO - [2026-02-25T06:55:25.834+0530] {dagbag.py:538} INFO - Filling up the DagBag from /Users/neerajvyas/learning/airflow/learn_airflow/airflow_home/venv/lib/python3.9/site-packages/airflow/example_dags/tutorial_objectstorage.py
[2026-02-25T06:55:25.866+0530] {processor.py:840} INFO - DAG(s) 'tutorial_objectstorage' retrieved from /Users/neerajvyas/learning/airflow/learn_airflow/airflow_home/venv/lib/python3.9/site-packages/airflow/example_dags/tutorial_objectstorage.py
[2026-02-25T06:55:25.907+0530] {logging_mixin.py:188} INFO - [2026-02-25T06:55:25.907+0530] {dag.py:3036} INFO - Sync 1 DAGs
[2026-02-25T06:55:25.911+0530] {logging_mixin.py:188} INFO - [2026-02-25T06:55:25.911+0530] {dag.py:3823} INFO - Setting next_dagrun for tutorial_objectstorage to None, run_after=None
[2026-02-25T06:55:25.918+0530] {processor.py:183} INFO - Processing /Users/neerajvyas/learning/airflow/learn_airflow/airflow_home/venv/lib/python3.9/site-packages/airflow/example_dags/tutorial_objectstorage.py took 0.086 seconds
[2026-02-25T06:56:20.250+0530] {processor.py:161} INFO - Started process (PID=79879) to work on /Users/neerajvyas/learning/airflow/learn_airflow/airflow_home/venv/lib/python3.9/site-packages/airflow/example_dags/tutorial_objectstorage.py
[2026-02-25T06:56:20.251+0530] {processor.py:830} INFO - Processing file /Users/neerajvyas/learning/airflow/learn_airflow/airflow_home/venv/lib/python3.9/site-packages/airflow/example_dags/tutorial_objectstorage.py for tasks to queue
[2026-02-25T06:56:20.251+0530] {logging_mixin.py:188} INFO - [2026-02-25T06:56:20.251+0530] {dagbag.py:538} INFO - Filling up the DagBag from /Users/neerajvyas/learning/airflow/learn_airflow/airflow_home/venv/lib/python3.9/site-packages/airflow/example_dags/tutorial_objectstorage.py
[2026-02-25T06:56:20.285+0530] {processor.py:840} INFO - DAG(s) 'tutorial_objectstorage' retrieved from /Users/neerajvyas/learning/airflow/learn_airflow/airflow_home/venv/lib/python3.9/site-packages/airflow/example_dags/tutorial_objectstorage.py
[2026-02-25T06:56:20.326+0530] {logging_mixin.py:188} INFO - [2026-02-25T06:56:20.326+0530] {dag.py:3036} INFO - Sync 1 DAGs
[2026-02-25T06:56:20.330+0530] {logging_mixin.py:188} INFO - [2026-02-25T06:56:20.330+0530] {dag.py:3823} INFO - Setting next_dagrun for tutorial_objectstorage to None, run_after=None
[2026-02-25T06:56:20.337+0530] {processor.py:183} INFO - Processing /Users/neerajvyas/learning/airflow/learn_airflow/airflow_home/venv/lib/python3.9/site-packages/airflow/example_dags/tutorial_objectstorage.py took 0.087 seconds
[2026-02-25T06:57:15.880+0530] {processor.py:161} INFO - Started process (PID=82062) to work on /Users/neerajvyas/learning/airflow/learn_airflow/airflow_home/venv/lib/python3.9/site-packages/airflow/example_dags/tutorial_objectstorage.py
[2026-02-25T06:57:15.882+0530] {processor.py:830} INFO - Processing file /Users/neerajvyas/learning/airflow/learn_airflow/airflow_home/venv/lib/python3.9/site-packages/airflow/example_dags/tutorial_objectstorage.py for tasks to queue
[2026-02-25T06:57:15.882+0530] {logging_mixin.py:188} INFO - [2026-02-25T06:57:15.882+0530] {dagbag.py:538} INFO - Filling up the DagBag from /Users/neerajvyas/learning/airflow/learn_airflow/airflow_home/venv/lib/python3.9/site-packages/airflow/example_dags/tutorial_objectstorage.py
[2026-02-25T06:57:15.917+0530] {processor.py:840} INFO - DAG(s) 'tutorial_objectstorage' retrieved from /Users/neerajvyas/learning/airflow/learn_airflow/airflow_home/venv/lib/python3.9/site-packages/airflow/example_dags/tutorial_objectstorage.py
[2026-02-25T06:57:15.960+0530] {logging_mixin.py:188} INFO - [2026-02-25T06:57:15.960+0530] {dag.py:3036} INFO - Sync 1 DAGs
[2026-02-25T06:57:15.963+0530] {logging_mixin.py:188} INFO - [2026-02-25T06:57:15.963+0530] {dag.py:3823} INFO - Setting next_dagrun for tutorial_objectstorage to None, run_after=None
[2026-02-25T06:57:15.971+0530] {processor.py:183} INFO - Processing /Users/neerajvyas/learning/airflow/learn_airflow/airflow_home/venv/lib/python3.9/site-packages/airflow/example_dags/tutorial_objectstorage.py took 0.091 seconds
[2026-02-25T06:58:09.882+0530] {processor.py:161} INFO - Started process (PID=83907) to work on /Users/neerajvyas/learning/airflow/learn_airflow/airflow_home/venv/lib/python3.9/site-packages/airflow/example_dags/tutorial_objectstorage.py
[2026-02-25T06:58:09.883+0530] {processor.py:830} INFO - Processing file /Users/neerajvyas/learning/airflow/learn_airflow/airflow_home/venv/lib/python3.9/site-packages/airflow/example_dags/tutorial_objectstorage.py for tasks to queue
[2026-02-25T06:58:09.884+0530] {logging_mixin.py:188} INFO - [2026-02-25T06:58:09.883+0530] {dagbag.py:538} INFO - Filling up the DagBag from /Users/neerajvyas/learning/airflow/learn_airflow/airflow_home/venv/lib/python3.9/site-packages/airflow/example_dags/tutorial_objectstorage.py
[2026-02-25T06:58:09.915+0530] {processor.py:840} INFO - DAG(s) 'tutorial_objectstorage' retrieved from /Users/neerajvyas/learning/airflow/learn_airflow/airflow_home/venv/lib/python3.9/site-packages/airflow/example_dags/tutorial_objectstorage.py
[2026-02-25T06:58:09.954+0530] {logging_mixin.py:188} INFO - [2026-02-25T06:58:09.954+0530] {dag.py:3036} INFO - Sync 1 DAGs
[2026-02-25T06:58:09.958+0530] {logging_mixin.py:188} INFO - [2026-02-25T06:58:09.958+0530] {dag.py:3823} INFO - Setting next_dagrun for tutorial_objectstorage to None, run_after=None
[2026-02-25T06:58:09.965+0530] {processor.py:183} INFO - Processing /Users/neerajvyas/learning/airflow/learn_airflow/airflow_home/venv/lib/python3.9/site-packages/airflow/example_dags/tutorial_objectstorage.py took 0.083 seconds
[2026-02-25T06:59:02.384+0530] {processor.py:161} INFO - Started process (PID=85751) to work on /Users/neerajvyas/learning/airflow/learn_airflow/airflow_home/venv/lib/python3.9/site-packages/airflow/example_dags/tutorial_objectstorage.py
[2026-02-25T06:59:02.385+0530] {processor.py:830} INFO - Processing file /Users/neerajvyas/learning/airflow/learn_airflow/airflow_home/venv/lib/python3.9/site-packages/airflow/example_dags/tutorial_objectstorage.py for tasks to queue
[2026-02-25T06:59:02.386+0530] {logging_mixin.py:188} INFO - [2026-02-25T06:59:02.385+0530] {dagbag.py:538} INFO - Filling up the DagBag from /Users/neerajvyas/learning/airflow/learn_airflow/airflow_home/venv/lib/python3.9/site-packages/airflow/example_dags/tutorial_objectstorage.py
[2026-02-25T06:59:02.422+0530] {processor.py:840} INFO - DAG(s) 'tutorial_objectstorage' retrieved from /Users/neerajvyas/learning/airflow/learn_airflow/airflow_home/venv/lib/python3.9/site-packages/airflow/example_dags/tutorial_objectstorage.py
[2026-02-25T06:59:02.465+0530] {logging_mixin.py:188} INFO - [2026-02-25T06:59:02.465+0530] {dag.py:3036} INFO - Sync 1 DAGs
[2026-02-25T06:59:02.469+0530] {logging_mixin.py:188} INFO - [2026-02-25T06:59:02.469+0530] {dag.py:3823} INFO - Setting next_dagrun for tutorial_objectstorage to None, run_after=None
[2026-02-25T06:59:02.476+0530] {processor.py:183} INFO - Processing /Users/neerajvyas/learning/airflow/learn_airflow/airflow_home/venv/lib/python3.9/site-packages/airflow/example_dags/tutorial_objectstorage.py took 0.093 seconds
[2026-02-25T06:59:56.895+0530] {processor.py:161} INFO - Started process (PID=87497) to work on /Users/neerajvyas/learning/airflow/learn_airflow/airflow_home/venv/lib/python3.9/site-packages/airflow/example_dags/tutorial_objectstorage.py
[2026-02-25T06:59:56.897+0530] {processor.py:830} INFO - Processing file /Users/neerajvyas/learning/airflow/learn_airflow/airflow_home/venv/lib/python3.9/site-packages/airflow/example_dags/tutorial_objectstorage.py for tasks to queue
[2026-02-25T06:59:56.897+0530] {logging_mixin.py:188} INFO - [2026-02-25T06:59:56.897+0530] {dagbag.py:538} INFO - Filling up the DagBag from /Users/neerajvyas/learning/airflow/learn_airflow/airflow_home/venv/lib/python3.9/site-packages/airflow/example_dags/tutorial_objectstorage.py
[2026-02-25T06:59:56.932+0530] {processor.py:840} INFO - DAG(s) 'tutorial_objectstorage' retrieved from /Users/neerajvyas/learning/airflow/learn_airflow/airflow_home/venv/lib/python3.9/site-packages/airflow/example_dags/tutorial_objectstorage.py
[2026-02-25T06:59:56.974+0530] {logging_mixin.py:188} INFO - [2026-02-25T06:59:56.973+0530] {dag.py:3036} INFO - Sync 1 DAGs
[2026-02-25T06:59:56.977+0530] {logging_mixin.py:188} INFO - [2026-02-25T06:59:56.977+0530] {dag.py:3823} INFO - Setting next_dagrun for tutorial_objectstorage to None, run_after=None
[2026-02-25T06:59:56.984+0530] {processor.py:183} INFO - Processing /Users/neerajvyas/learning/airflow/learn_airflow/airflow_home/venv/lib/python3.9/site-packages/airflow/example_dags/tutorial_objectstorage.py took 0.089 seconds
[2026-02-25T07:00:49.556+0530] {processor.py:161} INFO - Started process (PID=89375) to work on /Users/neerajvyas/learning/airflow/learn_airflow/airflow_home/venv/lib/python3.9/site-packages/airflow/example_dags/tutorial_objectstorage.py
[2026-02-25T07:00:49.557+0530] {processor.py:830} INFO - Processing file /Users/neerajvyas/learning/airflow/learn_airflow/airflow_home/venv/lib/python3.9/site-packages/airflow/example_dags/tutorial_objectstorage.py for tasks to queue
[2026-02-25T07:00:49.557+0530] {logging_mixin.py:188} INFO - [2026-02-25T07:00:49.557+0530] {dagbag.py:538} INFO - Filling up the DagBag from /Users/neerajvyas/learning/airflow/learn_airflow/airflow_home/venv/lib/python3.9/site-packages/airflow/example_dags/tutorial_objectstorage.py
[2026-02-25T07:00:49.593+0530] {processor.py:840} INFO - DAG(s) 'tutorial_objectstorage' retrieved from /Users/neerajvyas/learning/airflow/learn_airflow/airflow_home/venv/lib/python3.9/site-packages/airflow/example_dags/tutorial_objectstorage.py
[2026-02-25T07:00:49.637+0530] {logging_mixin.py:188} INFO - [2026-02-25T07:00:49.636+0530] {dag.py:3036} INFO - Sync 1 DAGs
[2026-02-25T07:00:49.641+0530] {logging_mixin.py:188} INFO - [2026-02-25T07:00:49.641+0530] {dag.py:3823} INFO - Setting next_dagrun for tutorial_objectstorage to None, run_after=None
[2026-02-25T07:00:49.650+0530] {processor.py:183} INFO - Processing /Users/neerajvyas/learning/airflow/learn_airflow/airflow_home/venv/lib/python3.9/site-packages/airflow/example_dags/tutorial_objectstorage.py took 0.094 seconds
[2026-02-25T07:01:43.038+0530] {processor.py:161} INFO - Started process (PID=91761) to work on /Users/neerajvyas/learning/airflow/learn_airflow/airflow_home/venv/lib/python3.9/site-packages/airflow/example_dags/tutorial_objectstorage.py
[2026-02-25T07:01:43.040+0530] {processor.py:830} INFO - Processing file /Users/neerajvyas/learning/airflow/learn_airflow/airflow_home/venv/lib/python3.9/site-packages/airflow/example_dags/tutorial_objectstorage.py for tasks to queue
[2026-02-25T07:01:43.040+0530] {logging_mixin.py:188} INFO - [2026-02-25T07:01:43.040+0530] {dagbag.py:538} INFO - Filling up the DagBag from /Users/neerajvyas/learning/airflow/learn_airflow/airflow_home/venv/lib/python3.9/site-packages/airflow/example_dags/tutorial_objectstorage.py
[2026-02-25T07:01:43.072+0530] {processor.py:840} INFO - DAG(s) 'tutorial_objectstorage' retrieved from /Users/neerajvyas/learning/airflow/learn_airflow/airflow_home/venv/lib/python3.9/site-packages/airflow/example_dags/tutorial_objectstorage.py
[2026-02-25T07:01:43.116+0530] {logging_mixin.py:188} INFO - [2026-02-25T07:01:43.116+0530] {dag.py:3036} INFO - Sync 1 DAGs
[2026-02-25T07:01:43.120+0530] {logging_mixin.py:188} INFO - [2026-02-25T07:01:43.120+0530] {dag.py:3823} INFO - Setting next_dagrun for tutorial_objectstorage to None, run_after=None
[2026-02-25T07:01:43.127+0530] {processor.py:183} INFO - Processing /Users/neerajvyas/learning/airflow/learn_airflow/airflow_home/venv/lib/python3.9/site-packages/airflow/example_dags/tutorial_objectstorage.py took 0.089 seconds
[2026-02-25T07:02:41.291+0530] {processor.py:161} INFO - Started process (PID=93525) to work on /Users/neerajvyas/learning/airflow/learn_airflow/airflow_home/venv/lib/python3.9/site-packages/airflow/example_dags/tutorial_objectstorage.py
[2026-02-25T07:02:41.293+0530] {processor.py:830} INFO - Processing file /Users/neerajvyas/learning/airflow/learn_airflow/airflow_home/venv/lib/python3.9/site-packages/airflow/example_dags/tutorial_objectstorage.py for tasks to queue
[2026-02-25T07:02:41.293+0530] {logging_mixin.py:188} INFO - [2026-02-25T07:02:41.293+0530] {dagbag.py:538} INFO - Filling up the DagBag from /Users/neerajvyas/learning/airflow/learn_airflow/airflow_home/venv/lib/python3.9/site-packages/airflow/example_dags/tutorial_objectstorage.py
[2026-02-25T07:02:41.328+0530] {processor.py:840} INFO - DAG(s) 'tutorial_objectstorage' retrieved from /Users/neerajvyas/learning/airflow/learn_airflow/airflow_home/venv/lib/python3.9/site-packages/airflow/example_dags/tutorial_objectstorage.py
[2026-02-25T07:02:41.384+0530] {logging_mixin.py:188} INFO - [2026-02-25T07:02:41.384+0530] {dag.py:3036} INFO - Sync 1 DAGs
[2026-02-25T07:02:41.388+0530] {logging_mixin.py:188} INFO - [2026-02-25T07:02:41.388+0530] {dag.py:3823} INFO - Setting next_dagrun for tutorial_objectstorage to None, run_after=None
[2026-02-25T07:02:41.395+0530] {processor.py:183} INFO - Processing /Users/neerajvyas/learning/airflow/learn_airflow/airflow_home/venv/lib/python3.9/site-packages/airflow/example_dags/tutorial_objectstorage.py took 0.104 seconds
[2026-02-25T07:03:37.708+0530] {processor.py:161} INFO - Started process (PID=96034) to work on /Users/neerajvyas/learning/airflow/learn_airflow/airflow_home/venv/lib/python3.9/site-packages/airflow/example_dags/tutorial_objectstorage.py
[2026-02-25T07:03:37.710+0530] {processor.py:830} INFO - Processing file /Users/neerajvyas/learning/airflow/learn_airflow/airflow_home/venv/lib/python3.9/site-packages/airflow/example_dags/tutorial_objectstorage.py for tasks to queue
[2026-02-25T07:03:37.710+0530] {logging_mixin.py:188} INFO - [2026-02-25T07:03:37.710+0530] {dagbag.py:538} INFO - Filling up the DagBag from /Users/neerajvyas/learning/airflow/learn_airflow/airflow_home/venv/lib/python3.9/site-packages/airflow/example_dags/tutorial_objectstorage.py
[2026-02-25T07:03:37.745+0530] {processor.py:840} INFO - DAG(s) 'tutorial_objectstorage' retrieved from /Users/neerajvyas/learning/airflow/learn_airflow/airflow_home/venv/lib/python3.9/site-packages/airflow/example_dags/tutorial_objectstorage.py
[2026-02-25T07:03:37.786+0530] {logging_mixin.py:188} INFO - [2026-02-25T07:03:37.786+0530] {dag.py:3036} INFO - Sync 1 DAGs
[2026-02-25T07:03:37.789+0530] {logging_mixin.py:188} INFO - [2026-02-25T07:03:37.789+0530] {dag.py:3823} INFO - Setting next_dagrun for tutorial_objectstorage to None, run_after=None
[2026-02-25T07:03:37.796+0530] {processor.py:183} INFO - Processing /Users/neerajvyas/learning/airflow/learn_airflow/airflow_home/venv/lib/python3.9/site-packages/airflow/example_dags/tutorial_objectstorage.py took 0.088 seconds
[2026-02-25T07:04:30.628+0530] {processor.py:161} INFO - Started process (PID=97983) to work on /Users/neerajvyas/learning/airflow/learn_airflow/airflow_home/venv/lib/python3.9/site-packages/airflow/example_dags/tutorial_objectstorage.py
[2026-02-25T07:04:30.630+0530] {processor.py:830} INFO - Processing file /Users/neerajvyas/learning/airflow/learn_airflow/airflow_home/venv/lib/python3.9/site-packages/airflow/example_dags/tutorial_objectstorage.py for tasks to queue
[2026-02-25T07:04:30.630+0530] {logging_mixin.py:188} INFO - [2026-02-25T07:04:30.630+0530] {dagbag.py:538} INFO - Filling up the DagBag from /Users/neerajvyas/learning/airflow/learn_airflow/airflow_home/venv/lib/python3.9/site-packages/airflow/example_dags/tutorial_objectstorage.py
[2026-02-25T07:04:30.662+0530] {processor.py:840} INFO - DAG(s) 'tutorial_objectstorage' retrieved from /Users/neerajvyas/learning/airflow/learn_airflow/airflow_home/venv/lib/python3.9/site-packages/airflow/example_dags/tutorial_objectstorage.py
[2026-02-25T07:04:30.703+0530] {logging_mixin.py:188} INFO - [2026-02-25T07:04:30.703+0530] {dag.py:3036} INFO - Sync 1 DAGs
[2026-02-25T07:04:30.706+0530] {logging_mixin.py:188} INFO - [2026-02-25T07:04:30.706+0530] {dag.py:3823} INFO - Setting next_dagrun for tutorial_objectstorage to None, run_after=None
[2026-02-25T07:04:30.714+0530] {processor.py:183} INFO - Processing /Users/neerajvyas/learning/airflow/learn_airflow/airflow_home/venv/lib/python3.9/site-packages/airflow/example_dags/tutorial_objectstorage.py took 0.086 seconds
