[2026-02-25T06:46:49.891+0530] {processor.py:161} INFO - Started process (PID=60047) to work on /Users/neerajvyas/learning/airflow/learn_airflow/airflow_home/venv/lib/python3.9/site-packages/airflow/example_dags/plugins/event_listener.py
[2026-02-25T06:46:49.891+0530] {processor.py:830} INFO - Processing file /Users/neerajvyas/learning/airflow/learn_airflow/airflow_home/venv/lib/python3.9/site-packages/airflow/example_dags/plugins/event_listener.py for tasks to queue
[2026-02-25T06:46:49.892+0530] {logging_mixin.py:188} INFO - [2026-02-25T06:46:49.892+0530] {dagbag.py:538} INFO - Filling up the DagBag from /Users/neerajvyas/learning/airflow/learn_airflow/airflow_home/venv/lib/python3.9/site-packages/airflow/example_dags/plugins/event_listener.py
[2026-02-25T06:46:49.892+0530] {processor.py:842} WARNING - No viable dags retrieved from /Users/neerajvyas/learning/airflow/learn_airflow/airflow_home/venv/lib/python3.9/site-packages/airflow/example_dags/plugins/event_listener.py
[2026-02-25T06:46:49.934+0530] {processor.py:183} INFO - Processing /Users/neerajvyas/learning/airflow/learn_airflow/airflow_home/venv/lib/python3.9/site-packages/airflow/example_dags/plugins/event_listener.py took 0.043 seconds
[2026-02-25T06:48:13.652+0530] {processor.py:161} INFO - Started process (PID=62850) to work on /Users/neerajvyas/learning/airflow/learn_airflow/airflow_home/venv/lib/python3.9/site-packages/airflow/example_dags/plugins/event_listener.py
[2026-02-25T06:48:13.652+0530] {processor.py:830} INFO - Processing file /Users/neerajvyas/learning/airflow/learn_airflow/airflow_home/venv/lib/python3.9/site-packages/airflow/example_dags/plugins/event_listener.py for tasks to queue
[2026-02-25T06:48:13.653+0530] {logging_mixin.py:188} INFO - [2026-02-25T06:48:13.653+0530] {dagbag.py:538} INFO - Filling up the DagBag from /Users/neerajvyas/learning/airflow/learn_airflow/airflow_home/venv/lib/python3.9/site-packages/airflow/example_dags/plugins/event_listener.py
[2026-02-25T06:48:13.653+0530] {processor.py:842} WARNING - No viable dags retrieved from /Users/neerajvyas/learning/airflow/learn_airflow/airflow_home/venv/lib/python3.9/site-packages/airflow/example_dags/plugins/event_listener.py
[2026-02-25T06:48:13.694+0530] {processor.py:183} INFO - Processing /Users/neerajvyas/learning/airflow/learn_airflow/airflow_home/venv/lib/python3.9/site-packages/airflow/example_dags/plugins/event_listener.py took 0.044 seconds
[2026-02-25T06:49:06.771+0530] {processor.py:161} INFO - Started process (PID=64599) to work on /Users/neerajvyas/learning/airflow/learn_airflow/airflow_home/venv/lib/python3.9/site-packages/airflow/example_dags/plugins/event_listener.py
[2026-02-25T06:49:06.773+0530] {processor.py:830} INFO - Processing file /Users/neerajvyas/learning/airflow/learn_airflow/airflow_home/venv/lib/python3.9/site-packages/airflow/example_dags/plugins/event_listener.py for tasks to queue
[2026-02-25T06:49:06.773+0530] {logging_mixin.py:188} INFO - [2026-02-25T06:49:06.773+0530] {dagbag.py:538} INFO - Filling up the DagBag from /Users/neerajvyas/learning/airflow/learn_airflow/airflow_home/venv/lib/python3.9/site-packages/airflow/example_dags/plugins/event_listener.py
[2026-02-25T06:49:06.773+0530] {processor.py:842} WARNING - No viable dags retrieved from /Users/neerajvyas/learning/airflow/learn_airflow/airflow_home/venv/lib/python3.9/site-packages/airflow/example_dags/plugins/event_listener.py
[2026-02-25T06:49:06.819+0530] {processor.py:183} INFO - Processing /Users/neerajvyas/learning/airflow/learn_airflow/airflow_home/venv/lib/python3.9/site-packages/airflow/example_dags/plugins/event_listener.py took 0.048 seconds
[2026-02-25T06:49:59.524+0530] {processor.py:161} INFO - Started process (PID=66547) to work on /Users/neerajvyas/learning/airflow/learn_airflow/airflow_home/venv/lib/python3.9/site-packages/airflow/example_dags/plugins/event_listener.py
[2026-02-25T06:49:59.526+0530] {processor.py:830} INFO - Processing file /Users/neerajvyas/learning/airflow/learn_airflow/airflow_home/venv/lib/python3.9/site-packages/airflow/example_dags/plugins/event_listener.py for tasks to queue
[2026-02-25T06:49:59.526+0530] {logging_mixin.py:188} INFO - [2026-02-25T06:49:59.526+0530] {dagbag.py:538} INFO - Filling up the DagBag from /Users/neerajvyas/learning/airflow/learn_airflow/airflow_home/venv/lib/python3.9/site-packages/airflow/example_dags/plugins/event_listener.py
[2026-02-25T06:49:59.527+0530] {processor.py:842} WARNING - No viable dags retrieved from /Users/neerajvyas/learning/airflow/learn_airflow/airflow_home/venv/lib/python3.9/site-packages/airflow/example_dags/plugins/event_listener.py
[2026-02-25T06:49:59.572+0530] {processor.py:183} INFO - Processing /Users/neerajvyas/learning/airflow/learn_airflow/airflow_home/venv/lib/python3.9/site-packages/airflow/example_dags/plugins/event_listener.py took 0.048 seconds
[2026-02-25T06:50:53.789+0530] {processor.py:161} INFO - Started process (PID=68546) to work on /Users/neerajvyas/learning/airflow/learn_airflow/airflow_home/venv/lib/python3.9/site-packages/airflow/example_dags/plugins/event_listener.py
[2026-02-25T06:50:53.791+0530] {processor.py:830} INFO - Processing file /Users/neerajvyas/learning/airflow/learn_airflow/airflow_home/venv/lib/python3.9/site-packages/airflow/example_dags/plugins/event_listener.py for tasks to queue
[2026-02-25T06:50:53.791+0530] {logging_mixin.py:188} INFO - [2026-02-25T06:50:53.791+0530] {dagbag.py:538} INFO - Filling up the DagBag from /Users/neerajvyas/learning/airflow/learn_airflow/airflow_home/venv/lib/python3.9/site-packages/airflow/example_dags/plugins/event_listener.py
[2026-02-25T06:50:53.792+0530] {processor.py:842} WARNING - No viable dags retrieved from /Users/neerajvyas/learning/airflow/learn_airflow/airflow_home/venv/lib/python3.9/site-packages/airflow/example_dags/plugins/event_listener.py
[2026-02-25T06:50:53.839+0530] {processor.py:183} INFO - Processing /Users/neerajvyas/learning/airflow/learn_airflow/airflow_home/venv/lib/python3.9/site-packages/airflow/example_dags/plugins/event_listener.py took 0.050 seconds
[2026-02-25T06:51:46.113+0530] {processor.py:161} INFO - Started process (PID=70290) to work on /Users/neerajvyas/learning/airflow/learn_airflow/airflow_home/venv/lib/python3.9/site-packages/airflow/example_dags/plugins/event_listener.py
[2026-02-25T06:51:46.114+0530] {processor.py:830} INFO - Processing file /Users/neerajvyas/learning/airflow/learn_airflow/airflow_home/venv/lib/python3.9/site-packages/airflow/example_dags/plugins/event_listener.py for tasks to queue
[2026-02-25T06:51:46.114+0530] {logging_mixin.py:188} INFO - [2026-02-25T06:51:46.114+0530] {dagbag.py:538} INFO - Filling up the DagBag from /Users/neerajvyas/learning/airflow/learn_airflow/airflow_home/venv/lib/python3.9/site-packages/airflow/example_dags/plugins/event_listener.py
[2026-02-25T06:51:46.115+0530] {processor.py:842} WARNING - No viable dags retrieved from /Users/neerajvyas/learning/airflow/learn_airflow/airflow_home/venv/lib/python3.9/site-packages/airflow/example_dags/plugins/event_listener.py
[2026-02-25T06:51:46.162+0530] {processor.py:183} INFO - Processing /Users/neerajvyas/learning/airflow/learn_airflow/airflow_home/venv/lib/python3.9/site-packages/airflow/example_dags/plugins/event_listener.py took 0.050 seconds
[2026-02-25T06:52:39.454+0530] {processor.py:161} INFO - Started process (PID=72164) to work on /Users/neerajvyas/learning/airflow/learn_airflow/airflow_home/venv/lib/python3.9/site-packages/airflow/example_dags/plugins/event_listener.py
[2026-02-25T06:52:39.456+0530] {processor.py:830} INFO - Processing file /Users/neerajvyas/learning/airflow/learn_airflow/airflow_home/venv/lib/python3.9/site-packages/airflow/example_dags/plugins/event_listener.py for tasks to queue
[2026-02-25T06:52:39.456+0530] {logging_mixin.py:188} INFO - [2026-02-25T06:52:39.456+0530] {dagbag.py:538} INFO - Filling up the DagBag from /Users/neerajvyas/learning/airflow/learn_airflow/airflow_home/venv/lib/python3.9/site-packages/airflow/example_dags/plugins/event_listener.py
[2026-02-25T06:52:39.456+0530] {processor.py:842} WARNING - No viable dags retrieved from /Users/neerajvyas/learning/airflow/learn_airflow/airflow_home/venv/lib/python3.9/site-packages/airflow/example_dags/plugins/event_listener.py
[2026-02-25T06:52:39.496+0530] {processor.py:183} INFO - Processing /Users/neerajvyas/learning/airflow/learn_airflow/airflow_home/venv/lib/python3.9/site-packages/airflow/example_dags/plugins/event_listener.py took 0.043 seconds
[2026-02-25T06:53:33.711+0530] {processor.py:161} INFO - Started process (PID=73939) to work on /Users/neerajvyas/learning/airflow/learn_airflow/airflow_home/venv/lib/python3.9/site-packages/airflow/example_dags/plugins/event_listener.py
[2026-02-25T06:53:33.713+0530] {processor.py:830} INFO - Processing file /Users/neerajvyas/learning/airflow/learn_airflow/airflow_home/venv/lib/python3.9/site-packages/airflow/example_dags/plugins/event_listener.py for tasks to queue
[2026-02-25T06:53:33.713+0530] {logging_mixin.py:188} INFO - [2026-02-25T06:53:33.713+0530] {dagbag.py:538} INFO - Filling up the DagBag from /Users/neerajvyas/learning/airflow/learn_airflow/airflow_home/venv/lib/python3.9/site-packages/airflow/example_dags/plugins/event_listener.py
[2026-02-25T06:53:33.714+0530] {processor.py:842} WARNING - No viable dags retrieved from /Users/neerajvyas/learning/airflow/learn_airflow/airflow_home/venv/lib/python3.9/site-packages/airflow/example_dags/plugins/event_listener.py
[2026-02-25T06:53:33.758+0530] {processor.py:183} INFO - Processing /Users/neerajvyas/learning/airflow/learn_airflow/airflow_home/venv/lib/python3.9/site-packages/airflow/example_dags/plugins/event_listener.py took 0.047 seconds
[2026-02-25T06:54:28.296+0530] {processor.py:161} INFO - Started process (PID=75844) to work on /Users/neerajvyas/learning/airflow/learn_airflow/airflow_home/venv/lib/python3.9/site-packages/airflow/example_dags/plugins/event_listener.py
[2026-02-25T06:54:28.297+0530] {processor.py:830} INFO - Processing file /Users/neerajvyas/learning/airflow/learn_airflow/airflow_home/venv/lib/python3.9/site-packages/airflow/example_dags/plugins/event_listener.py for tasks to queue
[2026-02-25T06:54:28.297+0530] {logging_mixin.py:188} INFO - [2026-02-25T06:54:28.297+0530] {dagbag.py:538} INFO - Filling up the DagBag from /Users/neerajvyas/learning/airflow/learn_airflow/airflow_home/venv/lib/python3.9/site-packages/airflow/example_dags/plugins/event_listener.py
[2026-02-25T06:54:28.298+0530] {processor.py:842} WARNING - No viable dags retrieved from /Users/neerajvyas/learning/airflow/learn_airflow/airflow_home/venv/lib/python3.9/site-packages/airflow/example_dags/plugins/event_listener.py
[2026-02-25T06:54:28.347+0530] {processor.py:183} INFO - Processing /Users/neerajvyas/learning/airflow/learn_airflow/airflow_home/venv/lib/python3.9/site-packages/airflow/example_dags/plugins/event_listener.py took 0.052 seconds
[2026-02-25T06:55:20.746+0530] {processor.py:161} INFO - Started process (PID=77771) to work on /Users/neerajvyas/learning/airflow/learn_airflow/airflow_home/venv/lib/python3.9/site-packages/airflow/example_dags/plugins/event_listener.py
[2026-02-25T06:55:20.748+0530] {processor.py:830} INFO - Processing file /Users/neerajvyas/learning/airflow/learn_airflow/airflow_home/venv/lib/python3.9/site-packages/airflow/example_dags/plugins/event_listener.py for tasks to queue
[2026-02-25T06:55:20.748+0530] {logging_mixin.py:188} INFO - [2026-02-25T06:55:20.748+0530] {dagbag.py:538} INFO - Filling up the DagBag from /Users/neerajvyas/learning/airflow/learn_airflow/airflow_home/venv/lib/python3.9/site-packages/airflow/example_dags/plugins/event_listener.py
[2026-02-25T06:55:20.748+0530] {processor.py:842} WARNING - No viable dags retrieved from /Users/neerajvyas/learning/airflow/learn_airflow/airflow_home/venv/lib/python3.9/site-packages/airflow/example_dags/plugins/event_listener.py
[2026-02-25T06:55:20.795+0530] {processor.py:183} INFO - Processing /Users/neerajvyas/learning/airflow/learn_airflow/airflow_home/venv/lib/python3.9/site-packages/airflow/example_dags/plugins/event_listener.py took 0.049 seconds
[2026-02-25T06:56:14.499+0530] {processor.py:161} INFO - Started process (PID=79871) to work on /Users/neerajvyas/learning/airflow/learn_airflow/airflow_home/venv/lib/python3.9/site-packages/airflow/example_dags/plugins/event_listener.py
[2026-02-25T06:56:14.501+0530] {processor.py:830} INFO - Processing file /Users/neerajvyas/learning/airflow/learn_airflow/airflow_home/venv/lib/python3.9/site-packages/airflow/example_dags/plugins/event_listener.py for tasks to queue
[2026-02-25T06:56:14.501+0530] {logging_mixin.py:188} INFO - [2026-02-25T06:56:14.501+0530] {dagbag.py:538} INFO - Filling up the DagBag from /Users/neerajvyas/learning/airflow/learn_airflow/airflow_home/venv/lib/python3.9/site-packages/airflow/example_dags/plugins/event_listener.py
[2026-02-25T06:56:14.501+0530] {processor.py:842} WARNING - No viable dags retrieved from /Users/neerajvyas/learning/airflow/learn_airflow/airflow_home/venv/lib/python3.9/site-packages/airflow/example_dags/plugins/event_listener.py
[2026-02-25T06:56:14.544+0530] {processor.py:183} INFO - Processing /Users/neerajvyas/learning/airflow/learn_airflow/airflow_home/venv/lib/python3.9/site-packages/airflow/example_dags/plugins/event_listener.py took 0.045 seconds
[2026-02-25T06:57:10.269+0530] {processor.py:161} INFO - Started process (PID=81631) to work on /Users/neerajvyas/learning/airflow/learn_airflow/airflow_home/venv/lib/python3.9/site-packages/airflow/example_dags/plugins/event_listener.py
[2026-02-25T06:57:10.270+0530] {processor.py:830} INFO - Processing file /Users/neerajvyas/learning/airflow/learn_airflow/airflow_home/venv/lib/python3.9/site-packages/airflow/example_dags/plugins/event_listener.py for tasks to queue
[2026-02-25T06:57:10.271+0530] {logging_mixin.py:188} INFO - [2026-02-25T06:57:10.271+0530] {dagbag.py:538} INFO - Filling up the DagBag from /Users/neerajvyas/learning/airflow/learn_airflow/airflow_home/venv/lib/python3.9/site-packages/airflow/example_dags/plugins/event_listener.py
[2026-02-25T06:57:10.271+0530] {processor.py:842} WARNING - No viable dags retrieved from /Users/neerajvyas/learning/airflow/learn_airflow/airflow_home/venv/lib/python3.9/site-packages/airflow/example_dags/plugins/event_listener.py
[2026-02-25T06:57:10.314+0530] {processor.py:183} INFO - Processing /Users/neerajvyas/learning/airflow/learn_airflow/airflow_home/venv/lib/python3.9/site-packages/airflow/example_dags/plugins/event_listener.py took 0.045 seconds
[2026-02-25T06:58:04.261+0530] {processor.py:161} INFO - Started process (PID=83560) to work on /Users/neerajvyas/learning/airflow/learn_airflow/airflow_home/venv/lib/python3.9/site-packages/airflow/example_dags/plugins/event_listener.py
[2026-02-25T06:58:04.263+0530] {processor.py:830} INFO - Processing file /Users/neerajvyas/learning/airflow/learn_airflow/airflow_home/venv/lib/python3.9/site-packages/airflow/example_dags/plugins/event_listener.py for tasks to queue
[2026-02-25T06:58:04.264+0530] {logging_mixin.py:188} INFO - [2026-02-25T06:58:04.263+0530] {dagbag.py:538} INFO - Filling up the DagBag from /Users/neerajvyas/learning/airflow/learn_airflow/airflow_home/venv/lib/python3.9/site-packages/airflow/example_dags/plugins/event_listener.py
[2026-02-25T06:58:04.264+0530] {processor.py:842} WARNING - No viable dags retrieved from /Users/neerajvyas/learning/airflow/learn_airflow/airflow_home/venv/lib/python3.9/site-packages/airflow/example_dags/plugins/event_listener.py
[2026-02-25T06:58:04.312+0530] {processor.py:183} INFO - Processing /Users/neerajvyas/learning/airflow/learn_airflow/airflow_home/venv/lib/python3.9/site-packages/airflow/example_dags/plugins/event_listener.py took 0.051 seconds
[2026-02-25T06:58:57.630+0530] {processor.py:161} INFO - Started process (PID=85746) to work on /Users/neerajvyas/learning/airflow/learn_airflow/airflow_home/venv/lib/python3.9/site-packages/airflow/example_dags/plugins/event_listener.py
[2026-02-25T06:58:57.630+0530] {processor.py:830} INFO - Processing file /Users/neerajvyas/learning/airflow/learn_airflow/airflow_home/venv/lib/python3.9/site-packages/airflow/example_dags/plugins/event_listener.py for tasks to queue
[2026-02-25T06:58:57.631+0530] {logging_mixin.py:188} INFO - [2026-02-25T06:58:57.631+0530] {dagbag.py:538} INFO - Filling up the DagBag from /Users/neerajvyas/learning/airflow/learn_airflow/airflow_home/venv/lib/python3.9/site-packages/airflow/example_dags/plugins/event_listener.py
[2026-02-25T06:58:57.631+0530] {processor.py:842} WARNING - No viable dags retrieved from /Users/neerajvyas/learning/airflow/learn_airflow/airflow_home/venv/lib/python3.9/site-packages/airflow/example_dags/plugins/event_listener.py
[2026-02-25T06:58:57.677+0530] {processor.py:183} INFO - Processing /Users/neerajvyas/learning/airflow/learn_airflow/airflow_home/venv/lib/python3.9/site-packages/airflow/example_dags/plugins/event_listener.py took 0.047 seconds
[2026-02-25T06:59:51.136+0530] {processor.py:161} INFO - Started process (PID=87493) to work on /Users/neerajvyas/learning/airflow/learn_airflow/airflow_home/venv/lib/python3.9/site-packages/airflow/example_dags/plugins/event_listener.py
[2026-02-25T06:59:51.137+0530] {processor.py:830} INFO - Processing file /Users/neerajvyas/learning/airflow/learn_airflow/airflow_home/venv/lib/python3.9/site-packages/airflow/example_dags/plugins/event_listener.py for tasks to queue
[2026-02-25T06:59:51.137+0530] {logging_mixin.py:188} INFO - [2026-02-25T06:59:51.137+0530] {dagbag.py:538} INFO - Filling up the DagBag from /Users/neerajvyas/learning/airflow/learn_airflow/airflow_home/venv/lib/python3.9/site-packages/airflow/example_dags/plugins/event_listener.py
[2026-02-25T06:59:51.137+0530] {processor.py:842} WARNING - No viable dags retrieved from /Users/neerajvyas/learning/airflow/learn_airflow/airflow_home/venv/lib/python3.9/site-packages/airflow/example_dags/plugins/event_listener.py
[2026-02-25T06:59:51.182+0530] {processor.py:183} INFO - Processing /Users/neerajvyas/learning/airflow/learn_airflow/airflow_home/venv/lib/python3.9/site-packages/airflow/example_dags/plugins/event_listener.py took 0.046 seconds
[2026-02-25T07:00:44.489+0530] {processor.py:161} INFO - Started process (PID=89323) to work on /Users/neerajvyas/learning/airflow/learn_airflow/airflow_home/venv/lib/python3.9/site-packages/airflow/example_dags/plugins/event_listener.py
[2026-02-25T07:00:44.490+0530] {processor.py:830} INFO - Processing file /Users/neerajvyas/learning/airflow/learn_airflow/airflow_home/venv/lib/python3.9/site-packages/airflow/example_dags/plugins/event_listener.py for tasks to queue
[2026-02-25T07:00:44.490+0530] {logging_mixin.py:188} INFO - [2026-02-25T07:00:44.490+0530] {dagbag.py:538} INFO - Filling up the DagBag from /Users/neerajvyas/learning/airflow/learn_airflow/airflow_home/venv/lib/python3.9/site-packages/airflow/example_dags/plugins/event_listener.py
[2026-02-25T07:00:44.491+0530] {processor.py:842} WARNING - No viable dags retrieved from /Users/neerajvyas/learning/airflow/learn_airflow/airflow_home/venv/lib/python3.9/site-packages/airflow/example_dags/plugins/event_listener.py
[2026-02-25T07:00:44.534+0530] {processor.py:183} INFO - Processing /Users/neerajvyas/learning/airflow/learn_airflow/airflow_home/venv/lib/python3.9/site-packages/airflow/example_dags/plugins/event_listener.py took 0.046 seconds
[2026-02-25T07:01:38.325+0530] {processor.py:161} INFO - Started process (PID=91353) to work on /Users/neerajvyas/learning/airflow/learn_airflow/airflow_home/venv/lib/python3.9/site-packages/airflow/example_dags/plugins/event_listener.py
[2026-02-25T07:01:38.326+0530] {processor.py:830} INFO - Processing file /Users/neerajvyas/learning/airflow/learn_airflow/airflow_home/venv/lib/python3.9/site-packages/airflow/example_dags/plugins/event_listener.py for tasks to queue
[2026-02-25T07:01:38.326+0530] {logging_mixin.py:188} INFO - [2026-02-25T07:01:38.326+0530] {dagbag.py:538} INFO - Filling up the DagBag from /Users/neerajvyas/learning/airflow/learn_airflow/airflow_home/venv/lib/python3.9/site-packages/airflow/example_dags/plugins/event_listener.py
[2026-02-25T07:01:38.327+0530] {processor.py:842} WARNING - No viable dags retrieved from /Users/neerajvyas/learning/airflow/learn_airflow/airflow_home/venv/lib/python3.9/site-packages/airflow/example_dags/plugins/event_listener.py
[2026-02-25T07:01:38.372+0530] {processor.py:183} INFO - Processing /Users/neerajvyas/learning/airflow/learn_airflow/airflow_home/venv/lib/python3.9/site-packages/airflow/example_dags/plugins/event_listener.py took 0.048 seconds
[2026-02-25T07:02:36.412+0530] {processor.py:161} INFO - Started process (PID=93522) to work on /Users/neerajvyas/learning/airflow/learn_airflow/airflow_home/venv/lib/python3.9/site-packages/airflow/example_dags/plugins/event_listener.py
[2026-02-25T07:02:36.414+0530] {processor.py:830} INFO - Processing file /Users/neerajvyas/learning/airflow/learn_airflow/airflow_home/venv/lib/python3.9/site-packages/airflow/example_dags/plugins/event_listener.py for tasks to queue
[2026-02-25T07:02:36.414+0530] {logging_mixin.py:188} INFO - [2026-02-25T07:02:36.414+0530] {dagbag.py:538} INFO - Filling up the DagBag from /Users/neerajvyas/learning/airflow/learn_airflow/airflow_home/venv/lib/python3.9/site-packages/airflow/example_dags/plugins/event_listener.py
[2026-02-25T07:02:36.415+0530] {processor.py:842} WARNING - No viable dags retrieved from /Users/neerajvyas/learning/airflow/learn_airflow/airflow_home/venv/lib/python3.9/site-packages/airflow/example_dags/plugins/event_listener.py
[2026-02-25T07:02:36.458+0530] {processor.py:183} INFO - Processing /Users/neerajvyas/learning/airflow/learn_airflow/airflow_home/venv/lib/python3.9/site-packages/airflow/example_dags/plugins/event_listener.py took 0.046 seconds
[2026-02-25T07:03:33.034+0530] {processor.py:161} INFO - Started process (PID=95521) to work on /Users/neerajvyas/learning/airflow/learn_airflow/airflow_home/venv/lib/python3.9/site-packages/airflow/example_dags/plugins/event_listener.py
[2026-02-25T07:03:33.035+0530] {processor.py:830} INFO - Processing file /Users/neerajvyas/learning/airflow/learn_airflow/airflow_home/venv/lib/python3.9/site-packages/airflow/example_dags/plugins/event_listener.py for tasks to queue
[2026-02-25T07:03:33.036+0530] {logging_mixin.py:188} INFO - [2026-02-25T07:03:33.035+0530] {dagbag.py:538} INFO - Filling up the DagBag from /Users/neerajvyas/learning/airflow/learn_airflow/airflow_home/venv/lib/python3.9/site-packages/airflow/example_dags/plugins/event_listener.py
[2026-02-25T07:03:33.036+0530] {processor.py:842} WARNING - No viable dags retrieved from /Users/neerajvyas/learning/airflow/learn_airflow/airflow_home/venv/lib/python3.9/site-packages/airflow/example_dags/plugins/event_listener.py
[2026-02-25T07:03:33.077+0530] {processor.py:183} INFO - Processing /Users/neerajvyas/learning/airflow/learn_airflow/airflow_home/venv/lib/python3.9/site-packages/airflow/example_dags/plugins/event_listener.py took 0.044 seconds
[2026-02-25T07:04:24.919+0530] {processor.py:161} INFO - Started process (PID=97638) to work on /Users/neerajvyas/learning/airflow/learn_airflow/airflow_home/venv/lib/python3.9/site-packages/airflow/example_dags/plugins/event_listener.py
[2026-02-25T07:04:24.920+0530] {processor.py:830} INFO - Processing file /Users/neerajvyas/learning/airflow/learn_airflow/airflow_home/venv/lib/python3.9/site-packages/airflow/example_dags/plugins/event_listener.py for tasks to queue
[2026-02-25T07:04:24.921+0530] {logging_mixin.py:188} INFO - [2026-02-25T07:04:24.921+0530] {dagbag.py:538} INFO - Filling up the DagBag from /Users/neerajvyas/learning/airflow/learn_airflow/airflow_home/venv/lib/python3.9/site-packages/airflow/example_dags/plugins/event_listener.py
[2026-02-25T07:04:24.921+0530] {processor.py:842} WARNING - No viable dags retrieved from /Users/neerajvyas/learning/airflow/learn_airflow/airflow_home/venv/lib/python3.9/site-packages/airflow/example_dags/plugins/event_listener.py
[2026-02-25T07:04:24.961+0530] {processor.py:183} INFO - Processing /Users/neerajvyas/learning/airflow/learn_airflow/airflow_home/venv/lib/python3.9/site-packages/airflow/example_dags/plugins/event_listener.py took 0.042 seconds
