[2026-02-25T06:46:47.980+0530] {processor.py:161} INFO - Started process (PID=60046) to work on /Users/neerajvyas/learning/airflow/learn_airflow/airflow_home/venv/lib/python3.9/site-packages/airflow/example_dags/plugins/listener_plugin.py
[2026-02-25T06:46:47.981+0530] {processor.py:830} INFO - Processing file /Users/neerajvyas/learning/airflow/learn_airflow/airflow_home/venv/lib/python3.9/site-packages/airflow/example_dags/plugins/listener_plugin.py for tasks to queue
[2026-02-25T06:46:47.981+0530] {logging_mixin.py:188} INFO - [2026-02-25T06:46:47.981+0530] {dagbag.py:538} INFO - Filling up the DagBag from /Users/neerajvyas/learning/airflow/learn_airflow/airflow_home/venv/lib/python3.9/site-packages/airflow/example_dags/plugins/listener_plugin.py
[2026-02-25T06:46:47.982+0530] {processor.py:842} WARNING - No viable dags retrieved from /Users/neerajvyas/learning/airflow/learn_airflow/airflow_home/venv/lib/python3.9/site-packages/airflow/example_dags/plugins/listener_plugin.py
[2026-02-25T06:46:48.027+0530] {processor.py:183} INFO - Processing /Users/neerajvyas/learning/airflow/learn_airflow/airflow_home/venv/lib/python3.9/site-packages/airflow/example_dags/plugins/listener_plugin.py took 0.047 seconds
[2026-02-25T06:48:11.805+0530] {processor.py:161} INFO - Started process (PID=62844) to work on /Users/neerajvyas/learning/airflow/learn_airflow/airflow_home/venv/lib/python3.9/site-packages/airflow/example_dags/plugins/listener_plugin.py
[2026-02-25T06:48:11.805+0530] {processor.py:830} INFO - Processing file /Users/neerajvyas/learning/airflow/learn_airflow/airflow_home/venv/lib/python3.9/site-packages/airflow/example_dags/plugins/listener_plugin.py for tasks to queue
[2026-02-25T06:48:11.806+0530] {logging_mixin.py:188} INFO - [2026-02-25T06:48:11.806+0530] {dagbag.py:538} INFO - Filling up the DagBag from /Users/neerajvyas/learning/airflow/learn_airflow/airflow_home/venv/lib/python3.9/site-packages/airflow/example_dags/plugins/listener_plugin.py
[2026-02-25T06:48:11.807+0530] {processor.py:842} WARNING - No viable dags retrieved from /Users/neerajvyas/learning/airflow/learn_airflow/airflow_home/venv/lib/python3.9/site-packages/airflow/example_dags/plugins/listener_plugin.py
[2026-02-25T06:48:11.850+0530] {processor.py:183} INFO - Processing /Users/neerajvyas/learning/airflow/learn_airflow/airflow_home/venv/lib/python3.9/site-packages/airflow/example_dags/plugins/listener_plugin.py took 0.045 seconds
[2026-02-25T06:49:04.872+0530] {processor.py:161} INFO - Started process (PID=64598) to work on /Users/neerajvyas/learning/airflow/learn_airflow/airflow_home/venv/lib/python3.9/site-packages/airflow/example_dags/plugins/listener_plugin.py
[2026-02-25T06:49:04.873+0530] {processor.py:830} INFO - Processing file /Users/neerajvyas/learning/airflow/learn_airflow/airflow_home/venv/lib/python3.9/site-packages/airflow/example_dags/plugins/listener_plugin.py for tasks to queue
[2026-02-25T06:49:04.874+0530] {logging_mixin.py:188} INFO - [2026-02-25T06:49:04.873+0530] {dagbag.py:538} INFO - Filling up the DagBag from /Users/neerajvyas/learning/airflow/learn_airflow/airflow_home/venv/lib/python3.9/site-packages/airflow/example_dags/plugins/listener_plugin.py
[2026-02-25T06:49:04.875+0530] {processor.py:842} WARNING - No viable dags retrieved from /Users/neerajvyas/learning/airflow/learn_airflow/airflow_home/venv/lib/python3.9/site-packages/airflow/example_dags/plugins/listener_plugin.py
[2026-02-25T06:49:04.915+0530] {processor.py:183} INFO - Processing /Users/neerajvyas/learning/airflow/learn_airflow/airflow_home/venv/lib/python3.9/site-packages/airflow/example_dags/plugins/listener_plugin.py took 0.044 seconds
[2026-02-25T06:49:58.605+0530] {processor.py:161} INFO - Started process (PID=66417) to work on /Users/neerajvyas/learning/airflow/learn_airflow/airflow_home/venv/lib/python3.9/site-packages/airflow/example_dags/plugins/listener_plugin.py
[2026-02-25T06:49:58.606+0530] {processor.py:830} INFO - Processing file /Users/neerajvyas/learning/airflow/learn_airflow/airflow_home/venv/lib/python3.9/site-packages/airflow/example_dags/plugins/listener_plugin.py for tasks to queue
[2026-02-25T06:49:58.606+0530] {logging_mixin.py:188} INFO - [2026-02-25T06:49:58.606+0530] {dagbag.py:538} INFO - Filling up the DagBag from /Users/neerajvyas/learning/airflow/learn_airflow/airflow_home/venv/lib/python3.9/site-packages/airflow/example_dags/plugins/listener_plugin.py
[2026-02-25T06:49:58.608+0530] {processor.py:842} WARNING - No viable dags retrieved from /Users/neerajvyas/learning/airflow/learn_airflow/airflow_home/venv/lib/python3.9/site-packages/airflow/example_dags/plugins/listener_plugin.py
[2026-02-25T06:49:58.651+0530] {processor.py:183} INFO - Processing /Users/neerajvyas/learning/airflow/learn_airflow/airflow_home/venv/lib/python3.9/site-packages/airflow/example_dags/plugins/listener_plugin.py took 0.047 seconds
[2026-02-25T06:50:51.947+0530] {processor.py:161} INFO - Started process (PID=68545) to work on /Users/neerajvyas/learning/airflow/learn_airflow/airflow_home/venv/lib/python3.9/site-packages/airflow/example_dags/plugins/listener_plugin.py
[2026-02-25T06:50:51.948+0530] {processor.py:830} INFO - Processing file /Users/neerajvyas/learning/airflow/learn_airflow/airflow_home/venv/lib/python3.9/site-packages/airflow/example_dags/plugins/listener_plugin.py for tasks to queue
[2026-02-25T06:50:51.948+0530] {logging_mixin.py:188} INFO - [2026-02-25T06:50:51.948+0530] {dagbag.py:538} INFO - Filling up the DagBag from /Users/neerajvyas/learning/airflow/learn_airflow/airflow_home/venv/lib/python3.9/site-packages/airflow/example_dags/plugins/listener_plugin.py
[2026-02-25T06:50:51.949+0530] {processor.py:842} WARNING - No viable dags retrieved from /Users/neerajvyas/learning/airflow/learn_airflow/airflow_home/venv/lib/python3.9/site-packages/airflow/example_dags/plugins/listener_plugin.py
[2026-02-25T06:50:51.996+0530] {processor.py:183} INFO - Processing /Users/neerajvyas/learning/airflow/learn_airflow/airflow_home/venv/lib/python3.9/site-packages/airflow/example_dags/plugins/listener_plugin.py took 0.049 seconds
[2026-02-25T06:51:44.412+0530] {processor.py:161} INFO - Started process (PID=70288) to work on /Users/neerajvyas/learning/airflow/learn_airflow/airflow_home/venv/lib/python3.9/site-packages/airflow/example_dags/plugins/listener_plugin.py
[2026-02-25T06:51:44.413+0530] {processor.py:830} INFO - Processing file /Users/neerajvyas/learning/airflow/learn_airflow/airflow_home/venv/lib/python3.9/site-packages/airflow/example_dags/plugins/listener_plugin.py for tasks to queue
[2026-02-25T06:51:44.413+0530] {logging_mixin.py:188} INFO - [2026-02-25T06:51:44.413+0530] {dagbag.py:538} INFO - Filling up the DagBag from /Users/neerajvyas/learning/airflow/learn_airflow/airflow_home/venv/lib/python3.9/site-packages/airflow/example_dags/plugins/listener_plugin.py
[2026-02-25T06:51:44.414+0530] {processor.py:842} WARNING - No viable dags retrieved from /Users/neerajvyas/learning/airflow/learn_airflow/airflow_home/venv/lib/python3.9/site-packages/airflow/example_dags/plugins/listener_plugin.py
[2026-02-25T06:51:44.459+0530] {processor.py:183} INFO - Processing /Users/neerajvyas/learning/airflow/learn_airflow/airflow_home/venv/lib/python3.9/site-packages/airflow/example_dags/plugins/listener_plugin.py took 0.047 seconds
[2026-02-25T06:52:38.609+0530] {processor.py:161} INFO - Started process (PID=72163) to work on /Users/neerajvyas/learning/airflow/learn_airflow/airflow_home/venv/lib/python3.9/site-packages/airflow/example_dags/plugins/listener_plugin.py
[2026-02-25T06:52:38.610+0530] {processor.py:830} INFO - Processing file /Users/neerajvyas/learning/airflow/learn_airflow/airflow_home/venv/lib/python3.9/site-packages/airflow/example_dags/plugins/listener_plugin.py for tasks to queue
[2026-02-25T06:52:38.610+0530] {logging_mixin.py:188} INFO - [2026-02-25T06:52:38.610+0530] {dagbag.py:538} INFO - Filling up the DagBag from /Users/neerajvyas/learning/airflow/learn_airflow/airflow_home/venv/lib/python3.9/site-packages/airflow/example_dags/plugins/listener_plugin.py
[2026-02-25T06:52:38.612+0530] {processor.py:842} WARNING - No viable dags retrieved from /Users/neerajvyas/learning/airflow/learn_airflow/airflow_home/venv/lib/python3.9/site-packages/airflow/example_dags/plugins/listener_plugin.py
[2026-02-25T06:52:38.656+0530] {processor.py:183} INFO - Processing /Users/neerajvyas/learning/airflow/learn_airflow/airflow_home/venv/lib/python3.9/site-packages/airflow/example_dags/plugins/listener_plugin.py took 0.048 seconds
[2026-02-25T06:53:31.818+0530] {processor.py:161} INFO - Started process (PID=73938) to work on /Users/neerajvyas/learning/airflow/learn_airflow/airflow_home/venv/lib/python3.9/site-packages/airflow/example_dags/plugins/listener_plugin.py
[2026-02-25T06:53:31.819+0530] {processor.py:830} INFO - Processing file /Users/neerajvyas/learning/airflow/learn_airflow/airflow_home/venv/lib/python3.9/site-packages/airflow/example_dags/plugins/listener_plugin.py for tasks to queue
[2026-02-25T06:53:31.819+0530] {logging_mixin.py:188} INFO - [2026-02-25T06:53:31.819+0530] {dagbag.py:538} INFO - Filling up the DagBag from /Users/neerajvyas/learning/airflow/learn_airflow/airflow_home/venv/lib/python3.9/site-packages/airflow/example_dags/plugins/listener_plugin.py
[2026-02-25T06:53:31.821+0530] {processor.py:842} WARNING - No viable dags retrieved from /Users/neerajvyas/learning/airflow/learn_airflow/airflow_home/venv/lib/python3.9/site-packages/airflow/example_dags/plugins/listener_plugin.py
[2026-02-25T06:53:31.861+0530] {processor.py:183} INFO - Processing /Users/neerajvyas/learning/airflow/learn_airflow/airflow_home/venv/lib/python3.9/site-packages/airflow/example_dags/plugins/listener_plugin.py took 0.045 seconds
[2026-02-25T06:54:26.375+0530] {processor.py:161} INFO - Started process (PID=75686) to work on /Users/neerajvyas/learning/airflow/learn_airflow/airflow_home/venv/lib/python3.9/site-packages/airflow/example_dags/plugins/listener_plugin.py
[2026-02-25T06:54:26.376+0530] {processor.py:830} INFO - Processing file /Users/neerajvyas/learning/airflow/learn_airflow/airflow_home/venv/lib/python3.9/site-packages/airflow/example_dags/plugins/listener_plugin.py for tasks to queue
[2026-02-25T06:54:26.377+0530] {logging_mixin.py:188} INFO - [2026-02-25T06:54:26.377+0530] {dagbag.py:538} INFO - Filling up the DagBag from /Users/neerajvyas/learning/airflow/learn_airflow/airflow_home/venv/lib/python3.9/site-packages/airflow/example_dags/plugins/listener_plugin.py
[2026-02-25T06:54:26.379+0530] {processor.py:842} WARNING - No viable dags retrieved from /Users/neerajvyas/learning/airflow/learn_airflow/airflow_home/venv/lib/python3.9/site-packages/airflow/example_dags/plugins/listener_plugin.py
[2026-02-25T06:54:26.425+0530] {processor.py:183} INFO - Processing /Users/neerajvyas/learning/airflow/learn_airflow/airflow_home/venv/lib/python3.9/site-packages/airflow/example_dags/plugins/listener_plugin.py took 0.050 seconds
[2026-02-25T06:55:18.867+0530] {processor.py:161} INFO - Started process (PID=77429) to work on /Users/neerajvyas/learning/airflow/learn_airflow/airflow_home/venv/lib/python3.9/site-packages/airflow/example_dags/plugins/listener_plugin.py
[2026-02-25T06:55:18.868+0530] {processor.py:830} INFO - Processing file /Users/neerajvyas/learning/airflow/learn_airflow/airflow_home/venv/lib/python3.9/site-packages/airflow/example_dags/plugins/listener_plugin.py for tasks to queue
[2026-02-25T06:55:18.868+0530] {logging_mixin.py:188} INFO - [2026-02-25T06:55:18.868+0530] {dagbag.py:538} INFO - Filling up the DagBag from /Users/neerajvyas/learning/airflow/learn_airflow/airflow_home/venv/lib/python3.9/site-packages/airflow/example_dags/plugins/listener_plugin.py
[2026-02-25T06:55:18.870+0530] {processor.py:842} WARNING - No viable dags retrieved from /Users/neerajvyas/learning/airflow/learn_airflow/airflow_home/venv/lib/python3.9/site-packages/airflow/example_dags/plugins/listener_plugin.py
[2026-02-25T06:55:18.912+0530] {processor.py:183} INFO - Processing /Users/neerajvyas/learning/airflow/learn_airflow/airflow_home/venv/lib/python3.9/site-packages/airflow/example_dags/plugins/listener_plugin.py took 0.046 seconds
[2026-02-25T06:56:12.609+0530] {processor.py:161} INFO - Started process (PID=79870) to work on /Users/neerajvyas/learning/airflow/learn_airflow/airflow_home/venv/lib/python3.9/site-packages/airflow/example_dags/plugins/listener_plugin.py
[2026-02-25T06:56:12.610+0530] {processor.py:830} INFO - Processing file /Users/neerajvyas/learning/airflow/learn_airflow/airflow_home/venv/lib/python3.9/site-packages/airflow/example_dags/plugins/listener_plugin.py for tasks to queue
[2026-02-25T06:56:12.610+0530] {logging_mixin.py:188} INFO - [2026-02-25T06:56:12.610+0530] {dagbag.py:538} INFO - Filling up the DagBag from /Users/neerajvyas/learning/airflow/learn_airflow/airflow_home/venv/lib/python3.9/site-packages/airflow/example_dags/plugins/listener_plugin.py
[2026-02-25T06:56:12.612+0530] {processor.py:842} WARNING - No viable dags retrieved from /Users/neerajvyas/learning/airflow/learn_airflow/airflow_home/venv/lib/python3.9/site-packages/airflow/example_dags/plugins/listener_plugin.py
[2026-02-25T06:56:12.651+0530] {processor.py:183} INFO - Processing /Users/neerajvyas/learning/airflow/learn_airflow/airflow_home/venv/lib/python3.9/site-packages/airflow/example_dags/plugins/listener_plugin.py took 0.043 seconds
[2026-02-25T06:57:08.442+0530] {processor.py:161} INFO - Started process (PID=81630) to work on /Users/neerajvyas/learning/airflow/learn_airflow/airflow_home/venv/lib/python3.9/site-packages/airflow/example_dags/plugins/listener_plugin.py
[2026-02-25T06:57:08.444+0530] {processor.py:830} INFO - Processing file /Users/neerajvyas/learning/airflow/learn_airflow/airflow_home/venv/lib/python3.9/site-packages/airflow/example_dags/plugins/listener_plugin.py for tasks to queue
[2026-02-25T06:57:08.444+0530] {logging_mixin.py:188} INFO - [2026-02-25T06:57:08.444+0530] {dagbag.py:538} INFO - Filling up the DagBag from /Users/neerajvyas/learning/airflow/learn_airflow/airflow_home/venv/lib/python3.9/site-packages/airflow/example_dags/plugins/listener_plugin.py
[2026-02-25T06:57:08.446+0530] {processor.py:842} WARNING - No viable dags retrieved from /Users/neerajvyas/learning/airflow/learn_airflow/airflow_home/venv/lib/python3.9/site-packages/airflow/example_dags/plugins/listener_plugin.py
[2026-02-25T06:57:08.487+0530] {processor.py:183} INFO - Processing /Users/neerajvyas/learning/airflow/learn_airflow/airflow_home/venv/lib/python3.9/site-packages/airflow/example_dags/plugins/listener_plugin.py took 0.046 seconds
[2026-02-25T06:58:02.355+0530] {processor.py:161} INFO - Started process (PID=83559) to work on /Users/neerajvyas/learning/airflow/learn_airflow/airflow_home/venv/lib/python3.9/site-packages/airflow/example_dags/plugins/listener_plugin.py
[2026-02-25T06:58:02.357+0530] {processor.py:830} INFO - Processing file /Users/neerajvyas/learning/airflow/learn_airflow/airflow_home/venv/lib/python3.9/site-packages/airflow/example_dags/plugins/listener_plugin.py for tasks to queue
[2026-02-25T06:58:02.357+0530] {logging_mixin.py:188} INFO - [2026-02-25T06:58:02.357+0530] {dagbag.py:538} INFO - Filling up the DagBag from /Users/neerajvyas/learning/airflow/learn_airflow/airflow_home/venv/lib/python3.9/site-packages/airflow/example_dags/plugins/listener_plugin.py
[2026-02-25T06:58:02.359+0530] {processor.py:842} WARNING - No viable dags retrieved from /Users/neerajvyas/learning/airflow/learn_airflow/airflow_home/venv/lib/python3.9/site-packages/airflow/example_dags/plugins/listener_plugin.py
[2026-02-25T06:58:02.397+0530] {processor.py:183} INFO - Processing /Users/neerajvyas/learning/airflow/learn_airflow/airflow_home/venv/lib/python3.9/site-packages/airflow/example_dags/plugins/listener_plugin.py took 0.042 seconds
[2026-02-25T06:58:56.729+0530] {processor.py:161} INFO - Started process (PID=85745) to work on /Users/neerajvyas/learning/airflow/learn_airflow/airflow_home/venv/lib/python3.9/site-packages/airflow/example_dags/plugins/listener_plugin.py
[2026-02-25T06:58:56.730+0530] {processor.py:830} INFO - Processing file /Users/neerajvyas/learning/airflow/learn_airflow/airflow_home/venv/lib/python3.9/site-packages/airflow/example_dags/plugins/listener_plugin.py for tasks to queue
[2026-02-25T06:58:56.730+0530] {logging_mixin.py:188} INFO - [2026-02-25T06:58:56.730+0530] {dagbag.py:538} INFO - Filling up the DagBag from /Users/neerajvyas/learning/airflow/learn_airflow/airflow_home/venv/lib/python3.9/site-packages/airflow/example_dags/plugins/listener_plugin.py
[2026-02-25T06:58:56.732+0530] {processor.py:842} WARNING - No viable dags retrieved from /Users/neerajvyas/learning/airflow/learn_airflow/airflow_home/venv/lib/python3.9/site-packages/airflow/example_dags/plugins/listener_plugin.py
[2026-02-25T06:58:56.774+0530] {processor.py:183} INFO - Processing /Users/neerajvyas/learning/airflow/learn_airflow/airflow_home/venv/lib/python3.9/site-packages/airflow/example_dags/plugins/listener_plugin.py took 0.045 seconds
[2026-02-25T06:59:49.768+0530] {processor.py:161} INFO - Started process (PID=87492) to work on /Users/neerajvyas/learning/airflow/learn_airflow/airflow_home/venv/lib/python3.9/site-packages/airflow/example_dags/plugins/listener_plugin.py
[2026-02-25T06:59:49.768+0530] {processor.py:830} INFO - Processing file /Users/neerajvyas/learning/airflow/learn_airflow/airflow_home/venv/lib/python3.9/site-packages/airflow/example_dags/plugins/listener_plugin.py for tasks to queue
[2026-02-25T06:59:49.769+0530] {logging_mixin.py:188} INFO - [2026-02-25T06:59:49.769+0530] {dagbag.py:538} INFO - Filling up the DagBag from /Users/neerajvyas/learning/airflow/learn_airflow/airflow_home/venv/lib/python3.9/site-packages/airflow/example_dags/plugins/listener_plugin.py
[2026-02-25T06:59:49.772+0530] {processor.py:842} WARNING - No viable dags retrieved from /Users/neerajvyas/learning/airflow/learn_airflow/airflow_home/venv/lib/python3.9/site-packages/airflow/example_dags/plugins/listener_plugin.py
[2026-02-25T06:59:49.827+0530] {processor.py:183} INFO - Processing /Users/neerajvyas/learning/airflow/learn_airflow/airflow_home/venv/lib/python3.9/site-packages/airflow/example_dags/plugins/listener_plugin.py took 0.060 seconds
[2026-02-25T07:00:42.606+0530] {processor.py:161} INFO - Started process (PID=89321) to work on /Users/neerajvyas/learning/airflow/learn_airflow/airflow_home/venv/lib/python3.9/site-packages/airflow/example_dags/plugins/listener_plugin.py
[2026-02-25T07:00:42.607+0530] {processor.py:830} INFO - Processing file /Users/neerajvyas/learning/airflow/learn_airflow/airflow_home/venv/lib/python3.9/site-packages/airflow/example_dags/plugins/listener_plugin.py for tasks to queue
[2026-02-25T07:00:42.607+0530] {logging_mixin.py:188} INFO - [2026-02-25T07:00:42.607+0530] {dagbag.py:538} INFO - Filling up the DagBag from /Users/neerajvyas/learning/airflow/learn_airflow/airflow_home/venv/lib/python3.9/site-packages/airflow/example_dags/plugins/listener_plugin.py
[2026-02-25T07:00:42.609+0530] {processor.py:842} WARNING - No viable dags retrieved from /Users/neerajvyas/learning/airflow/learn_airflow/airflow_home/venv/lib/python3.9/site-packages/airflow/example_dags/plugins/listener_plugin.py
[2026-02-25T07:00:42.654+0530] {processor.py:183} INFO - Processing /Users/neerajvyas/learning/airflow/learn_airflow/airflow_home/venv/lib/python3.9/site-packages/airflow/example_dags/plugins/listener_plugin.py took 0.049 seconds
[2026-02-25T07:01:37.032+0530] {processor.py:161} INFO - Started process (PID=91330) to work on /Users/neerajvyas/learning/airflow/learn_airflow/airflow_home/venv/lib/python3.9/site-packages/airflow/example_dags/plugins/listener_plugin.py
[2026-02-25T07:01:37.034+0530] {processor.py:830} INFO - Processing file /Users/neerajvyas/learning/airflow/learn_airflow/airflow_home/venv/lib/python3.9/site-packages/airflow/example_dags/plugins/listener_plugin.py for tasks to queue
[2026-02-25T07:01:37.034+0530] {logging_mixin.py:188} INFO - [2026-02-25T07:01:37.034+0530] {dagbag.py:538} INFO - Filling up the DagBag from /Users/neerajvyas/learning/airflow/learn_airflow/airflow_home/venv/lib/python3.9/site-packages/airflow/example_dags/plugins/listener_plugin.py
[2026-02-25T07:01:37.039+0530] {processor.py:842} WARNING - No viable dags retrieved from /Users/neerajvyas/learning/airflow/learn_airflow/airflow_home/venv/lib/python3.9/site-packages/airflow/example_dags/plugins/listener_plugin.py
[2026-02-25T07:01:37.081+0530] {processor.py:183} INFO - Processing /Users/neerajvyas/learning/airflow/learn_airflow/airflow_home/venv/lib/python3.9/site-packages/airflow/example_dags/plugins/listener_plugin.py took 0.049 seconds
[2026-02-25T07:02:34.571+0530] {processor.py:161} INFO - Started process (PID=93521) to work on /Users/neerajvyas/learning/airflow/learn_airflow/airflow_home/venv/lib/python3.9/site-packages/airflow/example_dags/plugins/listener_plugin.py
[2026-02-25T07:02:34.572+0530] {processor.py:830} INFO - Processing file /Users/neerajvyas/learning/airflow/learn_airflow/airflow_home/venv/lib/python3.9/site-packages/airflow/example_dags/plugins/listener_plugin.py for tasks to queue
[2026-02-25T07:02:34.573+0530] {logging_mixin.py:188} INFO - [2026-02-25T07:02:34.572+0530] {dagbag.py:538} INFO - Filling up the DagBag from /Users/neerajvyas/learning/airflow/learn_airflow/airflow_home/venv/lib/python3.9/site-packages/airflow/example_dags/plugins/listener_plugin.py
[2026-02-25T07:02:34.574+0530] {processor.py:842} WARNING - No viable dags retrieved from /Users/neerajvyas/learning/airflow/learn_airflow/airflow_home/venv/lib/python3.9/site-packages/airflow/example_dags/plugins/listener_plugin.py
[2026-02-25T07:02:34.621+0530] {processor.py:183} INFO - Processing /Users/neerajvyas/learning/airflow/learn_airflow/airflow_home/venv/lib/python3.9/site-packages/airflow/example_dags/plugins/listener_plugin.py took 0.050 seconds
[2026-02-25T07:03:31.191+0530] {processor.py:161} INFO - Started process (PID=95520) to work on /Users/neerajvyas/learning/airflow/learn_airflow/airflow_home/venv/lib/python3.9/site-packages/airflow/example_dags/plugins/listener_plugin.py
[2026-02-25T07:03:31.193+0530] {processor.py:830} INFO - Processing file /Users/neerajvyas/learning/airflow/learn_airflow/airflow_home/venv/lib/python3.9/site-packages/airflow/example_dags/plugins/listener_plugin.py for tasks to queue
[2026-02-25T07:03:31.193+0530] {logging_mixin.py:188} INFO - [2026-02-25T07:03:31.193+0530] {dagbag.py:538} INFO - Filling up the DagBag from /Users/neerajvyas/learning/airflow/learn_airflow/airflow_home/venv/lib/python3.9/site-packages/airflow/example_dags/plugins/listener_plugin.py
[2026-02-25T07:03:31.194+0530] {processor.py:842} WARNING - No viable dags retrieved from /Users/neerajvyas/learning/airflow/learn_airflow/airflow_home/venv/lib/python3.9/site-packages/airflow/example_dags/plugins/listener_plugin.py
[2026-02-25T07:03:31.239+0530] {processor.py:183} INFO - Processing /Users/neerajvyas/learning/airflow/learn_airflow/airflow_home/venv/lib/python3.9/site-packages/airflow/example_dags/plugins/listener_plugin.py took 0.048 seconds
[2026-02-25T07:04:22.980+0530] {processor.py:161} INFO - Started process (PID=97637) to work on /Users/neerajvyas/learning/airflow/learn_airflow/airflow_home/venv/lib/python3.9/site-packages/airflow/example_dags/plugins/listener_plugin.py
[2026-02-25T07:04:22.982+0530] {processor.py:830} INFO - Processing file /Users/neerajvyas/learning/airflow/learn_airflow/airflow_home/venv/lib/python3.9/site-packages/airflow/example_dags/plugins/listener_plugin.py for tasks to queue
[2026-02-25T07:04:22.982+0530] {logging_mixin.py:188} INFO - [2026-02-25T07:04:22.982+0530] {dagbag.py:538} INFO - Filling up the DagBag from /Users/neerajvyas/learning/airflow/learn_airflow/airflow_home/venv/lib/python3.9/site-packages/airflow/example_dags/plugins/listener_plugin.py
[2026-02-25T07:04:22.984+0530] {processor.py:842} WARNING - No viable dags retrieved from /Users/neerajvyas/learning/airflow/learn_airflow/airflow_home/venv/lib/python3.9/site-packages/airflow/example_dags/plugins/listener_plugin.py
[2026-02-25T07:04:23.025+0530] {processor.py:183} INFO - Processing /Users/neerajvyas/learning/airflow/learn_airflow/airflow_home/venv/lib/python3.9/site-packages/airflow/example_dags/plugins/listener_plugin.py took 0.045 seconds
