[2026-02-25T06:46:46.086+0530] {processor.py:161} INFO - Started process (PID=60044) to work on /Users/neerajvyas/learning/airflow/learn_airflow/airflow_home/venv/lib/python3.9/site-packages/airflow/example_dags/plugins/workday.py
[2026-02-25T06:46:46.087+0530] {processor.py:830} INFO - Processing file /Users/neerajvyas/learning/airflow/learn_airflow/airflow_home/venv/lib/python3.9/site-packages/airflow/example_dags/plugins/workday.py for tasks to queue
[2026-02-25T06:46:46.087+0530] {logging_mixin.py:188} INFO - [2026-02-25T06:46:46.087+0530] {dagbag.py:538} INFO - Filling up the DagBag from /Users/neerajvyas/learning/airflow/learn_airflow/airflow_home/venv/lib/python3.9/site-packages/airflow/example_dags/plugins/workday.py
[2026-02-25T06:46:46.088+0530] {logging_mixin.py:188} INFO - [2026-02-25T06:46:46.087+0530] {workday.py:40} WARNING - Could not import pandas. Holidays will not be considered.
[2026-02-25T06:46:46.088+0530] {processor.py:842} WARNING - No viable dags retrieved from /Users/neerajvyas/learning/airflow/learn_airflow/airflow_home/venv/lib/python3.9/site-packages/airflow/example_dags/plugins/workday.py
[2026-02-25T06:46:46.127+0530] {processor.py:183} INFO - Processing /Users/neerajvyas/learning/airflow/learn_airflow/airflow_home/venv/lib/python3.9/site-packages/airflow/example_dags/plugins/workday.py took 0.042 seconds
[2026-02-25T06:48:09.970+0530] {processor.py:161} INFO - Started process (PID=62842) to work on /Users/neerajvyas/learning/airflow/learn_airflow/airflow_home/venv/lib/python3.9/site-packages/airflow/example_dags/plugins/workday.py
[2026-02-25T06:48:09.971+0530] {processor.py:830} INFO - Processing file /Users/neerajvyas/learning/airflow/learn_airflow/airflow_home/venv/lib/python3.9/site-packages/airflow/example_dags/plugins/workday.py for tasks to queue
[2026-02-25T06:48:09.971+0530] {logging_mixin.py:188} INFO - [2026-02-25T06:48:09.971+0530] {dagbag.py:538} INFO - Filling up the DagBag from /Users/neerajvyas/learning/airflow/learn_airflow/airflow_home/venv/lib/python3.9/site-packages/airflow/example_dags/plugins/workday.py
[2026-02-25T06:48:09.972+0530] {logging_mixin.py:188} INFO - [2026-02-25T06:48:09.972+0530] {workday.py:40} WARNING - Could not import pandas. Holidays will not be considered.
[2026-02-25T06:48:09.972+0530] {processor.py:842} WARNING - No viable dags retrieved from /Users/neerajvyas/learning/airflow/learn_airflow/airflow_home/venv/lib/python3.9/site-packages/airflow/example_dags/plugins/workday.py
[2026-02-25T06:48:10.018+0530] {processor.py:183} INFO - Processing /Users/neerajvyas/learning/airflow/learn_airflow/airflow_home/venv/lib/python3.9/site-packages/airflow/example_dags/plugins/workday.py took 0.049 seconds
[2026-02-25T06:49:03.517+0530] {processor.py:161} INFO - Started process (PID=64597) to work on /Users/neerajvyas/learning/airflow/learn_airflow/airflow_home/venv/lib/python3.9/site-packages/airflow/example_dags/plugins/workday.py
[2026-02-25T06:49:03.518+0530] {processor.py:830} INFO - Processing file /Users/neerajvyas/learning/airflow/learn_airflow/airflow_home/venv/lib/python3.9/site-packages/airflow/example_dags/plugins/workday.py for tasks to queue
[2026-02-25T06:49:03.518+0530] {logging_mixin.py:188} INFO - [2026-02-25T06:49:03.518+0530] {dagbag.py:538} INFO - Filling up the DagBag from /Users/neerajvyas/learning/airflow/learn_airflow/airflow_home/venv/lib/python3.9/site-packages/airflow/example_dags/plugins/workday.py
[2026-02-25T06:49:03.519+0530] {logging_mixin.py:188} INFO - [2026-02-25T06:49:03.519+0530] {workday.py:40} WARNING - Could not import pandas. Holidays will not be considered.
[2026-02-25T06:49:03.519+0530] {processor.py:842} WARNING - No viable dags retrieved from /Users/neerajvyas/learning/airflow/learn_airflow/airflow_home/venv/lib/python3.9/site-packages/airflow/example_dags/plugins/workday.py
[2026-02-25T06:49:03.560+0530] {processor.py:183} INFO - Processing /Users/neerajvyas/learning/airflow/learn_airflow/airflow_home/venv/lib/python3.9/site-packages/airflow/example_dags/plugins/workday.py took 0.044 seconds
[2026-02-25T06:49:56.794+0530] {processor.py:161} INFO - Started process (PID=66416) to work on /Users/neerajvyas/learning/airflow/learn_airflow/airflow_home/venv/lib/python3.9/site-packages/airflow/example_dags/plugins/workday.py
[2026-02-25T06:49:56.796+0530] {processor.py:830} INFO - Processing file /Users/neerajvyas/learning/airflow/learn_airflow/airflow_home/venv/lib/python3.9/site-packages/airflow/example_dags/plugins/workday.py for tasks to queue
[2026-02-25T06:49:56.796+0530] {logging_mixin.py:188} INFO - [2026-02-25T06:49:56.796+0530] {dagbag.py:538} INFO - Filling up the DagBag from /Users/neerajvyas/learning/airflow/learn_airflow/airflow_home/venv/lib/python3.9/site-packages/airflow/example_dags/plugins/workday.py
[2026-02-25T06:49:56.797+0530] {logging_mixin.py:188} INFO - [2026-02-25T06:49:56.797+0530] {workday.py:40} WARNING - Could not import pandas. Holidays will not be considered.
[2026-02-25T06:49:56.797+0530] {processor.py:842} WARNING - No viable dags retrieved from /Users/neerajvyas/learning/airflow/learn_airflow/airflow_home/venv/lib/python3.9/site-packages/airflow/example_dags/plugins/workday.py
[2026-02-25T06:49:56.835+0530] {processor.py:183} INFO - Processing /Users/neerajvyas/learning/airflow/learn_airflow/airflow_home/venv/lib/python3.9/site-packages/airflow/example_dags/plugins/workday.py took 0.041 seconds
[2026-02-25T06:50:50.033+0530] {processor.py:161} INFO - Started process (PID=68203) to work on /Users/neerajvyas/learning/airflow/learn_airflow/airflow_home/venv/lib/python3.9/site-packages/airflow/example_dags/plugins/workday.py
[2026-02-25T06:50:50.035+0530] {processor.py:830} INFO - Processing file /Users/neerajvyas/learning/airflow/learn_airflow/airflow_home/venv/lib/python3.9/site-packages/airflow/example_dags/plugins/workday.py for tasks to queue
[2026-02-25T06:50:50.035+0530] {logging_mixin.py:188} INFO - [2026-02-25T06:50:50.035+0530] {dagbag.py:538} INFO - Filling up the DagBag from /Users/neerajvyas/learning/airflow/learn_airflow/airflow_home/venv/lib/python3.9/site-packages/airflow/example_dags/plugins/workday.py
[2026-02-25T06:50:50.036+0530] {logging_mixin.py:188} INFO - [2026-02-25T06:50:50.036+0530] {workday.py:40} WARNING - Could not import pandas. Holidays will not be considered.
[2026-02-25T06:50:50.036+0530] {processor.py:842} WARNING - No viable dags retrieved from /Users/neerajvyas/learning/airflow/learn_airflow/airflow_home/venv/lib/python3.9/site-packages/airflow/example_dags/plugins/workday.py
[2026-02-25T06:50:50.085+0530] {processor.py:183} INFO - Processing /Users/neerajvyas/learning/airflow/learn_airflow/airflow_home/venv/lib/python3.9/site-packages/airflow/example_dags/plugins/workday.py took 0.052 seconds
[2026-02-25T06:51:43.503+0530] {processor.py:161} INFO - Started process (PID=70287) to work on /Users/neerajvyas/learning/airflow/learn_airflow/airflow_home/venv/lib/python3.9/site-packages/airflow/example_dags/plugins/workday.py
[2026-02-25T06:51:43.504+0530] {processor.py:830} INFO - Processing file /Users/neerajvyas/learning/airflow/learn_airflow/airflow_home/venv/lib/python3.9/site-packages/airflow/example_dags/plugins/workday.py for tasks to queue
[2026-02-25T06:51:43.505+0530] {logging_mixin.py:188} INFO - [2026-02-25T06:51:43.505+0530] {dagbag.py:538} INFO - Filling up the DagBag from /Users/neerajvyas/learning/airflow/learn_airflow/airflow_home/venv/lib/python3.9/site-packages/airflow/example_dags/plugins/workday.py
[2026-02-25T06:51:43.505+0530] {logging_mixin.py:188} INFO - [2026-02-25T06:51:43.505+0530] {workday.py:40} WARNING - Could not import pandas. Holidays will not be considered.
[2026-02-25T06:51:43.506+0530] {processor.py:842} WARNING - No viable dags retrieved from /Users/neerajvyas/learning/airflow/learn_airflow/airflow_home/venv/lib/python3.9/site-packages/airflow/example_dags/plugins/workday.py
[2026-02-25T06:51:43.551+0530] {processor.py:183} INFO - Processing /Users/neerajvyas/learning/airflow/learn_airflow/airflow_home/venv/lib/python3.9/site-packages/airflow/example_dags/plugins/workday.py took 0.048 seconds
[2026-02-25T06:52:37.338+0530] {processor.py:161} INFO - Started process (PID=72162) to work on /Users/neerajvyas/learning/airflow/learn_airflow/airflow_home/venv/lib/python3.9/site-packages/airflow/example_dags/plugins/workday.py
[2026-02-25T06:52:37.340+0530] {processor.py:830} INFO - Processing file /Users/neerajvyas/learning/airflow/learn_airflow/airflow_home/venv/lib/python3.9/site-packages/airflow/example_dags/plugins/workday.py for tasks to queue
[2026-02-25T06:52:37.340+0530] {logging_mixin.py:188} INFO - [2026-02-25T06:52:37.340+0530] {dagbag.py:538} INFO - Filling up the DagBag from /Users/neerajvyas/learning/airflow/learn_airflow/airflow_home/venv/lib/python3.9/site-packages/airflow/example_dags/plugins/workday.py
[2026-02-25T06:52:37.341+0530] {logging_mixin.py:188} INFO - [2026-02-25T06:52:37.341+0530] {workday.py:40} WARNING - Could not import pandas. Holidays will not be considered.
[2026-02-25T06:52:37.341+0530] {processor.py:842} WARNING - No viable dags retrieved from /Users/neerajvyas/learning/airflow/learn_airflow/airflow_home/venv/lib/python3.9/site-packages/airflow/example_dags/plugins/workday.py
[2026-02-25T06:52:37.385+0530] {processor.py:183} INFO - Processing /Users/neerajvyas/learning/airflow/learn_airflow/airflow_home/venv/lib/python3.9/site-packages/airflow/example_dags/plugins/workday.py took 0.047 seconds
[2026-02-25T06:53:30.562+0530] {processor.py:161} INFO - Started process (PID=73937) to work on /Users/neerajvyas/learning/airflow/learn_airflow/airflow_home/venv/lib/python3.9/site-packages/airflow/example_dags/plugins/workday.py
[2026-02-25T06:53:30.563+0530] {processor.py:830} INFO - Processing file /Users/neerajvyas/learning/airflow/learn_airflow/airflow_home/venv/lib/python3.9/site-packages/airflow/example_dags/plugins/workday.py for tasks to queue
[2026-02-25T06:53:30.563+0530] {logging_mixin.py:188} INFO - [2026-02-25T06:53:30.563+0530] {dagbag.py:538} INFO - Filling up the DagBag from /Users/neerajvyas/learning/airflow/learn_airflow/airflow_home/venv/lib/python3.9/site-packages/airflow/example_dags/plugins/workday.py
[2026-02-25T06:53:30.564+0530] {logging_mixin.py:188} INFO - [2026-02-25T06:53:30.564+0530] {workday.py:40} WARNING - Could not import pandas. Holidays will not be considered.
[2026-02-25T06:53:30.564+0530] {processor.py:842} WARNING - No viable dags retrieved from /Users/neerajvyas/learning/airflow/learn_airflow/airflow_home/venv/lib/python3.9/site-packages/airflow/example_dags/plugins/workday.py
[2026-02-25T06:53:30.605+0530] {processor.py:183} INFO - Processing /Users/neerajvyas/learning/airflow/learn_airflow/airflow_home/venv/lib/python3.9/site-packages/airflow/example_dags/plugins/workday.py took 0.044 seconds
[2026-02-25T06:54:24.903+0530] {processor.py:161} INFO - Started process (PID=75685) to work on /Users/neerajvyas/learning/airflow/learn_airflow/airflow_home/venv/lib/python3.9/site-packages/airflow/example_dags/plugins/workday.py
[2026-02-25T06:54:24.904+0530] {processor.py:830} INFO - Processing file /Users/neerajvyas/learning/airflow/learn_airflow/airflow_home/venv/lib/python3.9/site-packages/airflow/example_dags/plugins/workday.py for tasks to queue
[2026-02-25T06:54:24.905+0530] {logging_mixin.py:188} INFO - [2026-02-25T06:54:24.905+0530] {dagbag.py:538} INFO - Filling up the DagBag from /Users/neerajvyas/learning/airflow/learn_airflow/airflow_home/venv/lib/python3.9/site-packages/airflow/example_dags/plugins/workday.py
[2026-02-25T06:54:24.906+0530] {logging_mixin.py:188} INFO - [2026-02-25T06:54:24.906+0530] {workday.py:40} WARNING - Could not import pandas. Holidays will not be considered.
[2026-02-25T06:54:24.906+0530] {processor.py:842} WARNING - No viable dags retrieved from /Users/neerajvyas/learning/airflow/learn_airflow/airflow_home/venv/lib/python3.9/site-packages/airflow/example_dags/plugins/workday.py
[2026-02-25T06:54:24.944+0530] {processor.py:183} INFO - Processing /Users/neerajvyas/learning/airflow/learn_airflow/airflow_home/venv/lib/python3.9/site-packages/airflow/example_dags/plugins/workday.py took 0.042 seconds
[2026-02-25T06:55:16.991+0530] {processor.py:161} INFO - Started process (PID=77428) to work on /Users/neerajvyas/learning/airflow/learn_airflow/airflow_home/venv/lib/python3.9/site-packages/airflow/example_dags/plugins/workday.py
[2026-02-25T06:55:16.992+0530] {processor.py:830} INFO - Processing file /Users/neerajvyas/learning/airflow/learn_airflow/airflow_home/venv/lib/python3.9/site-packages/airflow/example_dags/plugins/workday.py for tasks to queue
[2026-02-25T06:55:16.993+0530] {logging_mixin.py:188} INFO - [2026-02-25T06:55:16.993+0530] {dagbag.py:538} INFO - Filling up the DagBag from /Users/neerajvyas/learning/airflow/learn_airflow/airflow_home/venv/lib/python3.9/site-packages/airflow/example_dags/plugins/workday.py
[2026-02-25T06:55:16.994+0530] {logging_mixin.py:188} INFO - [2026-02-25T06:55:16.993+0530] {workday.py:40} WARNING - Could not import pandas. Holidays will not be considered.
[2026-02-25T06:55:16.994+0530] {processor.py:842} WARNING - No viable dags retrieved from /Users/neerajvyas/learning/airflow/learn_airflow/airflow_home/venv/lib/python3.9/site-packages/airflow/example_dags/plugins/workday.py
[2026-02-25T06:55:17.039+0530] {processor.py:183} INFO - Processing /Users/neerajvyas/learning/airflow/learn_airflow/airflow_home/venv/lib/python3.9/site-packages/airflow/example_dags/plugins/workday.py took 0.048 seconds
[2026-02-25T06:56:10.685+0530] {processor.py:161} INFO - Started process (PID=79527) to work on /Users/neerajvyas/learning/airflow/learn_airflow/airflow_home/venv/lib/python3.9/site-packages/airflow/example_dags/plugins/workday.py
[2026-02-25T06:56:10.686+0530] {processor.py:830} INFO - Processing file /Users/neerajvyas/learning/airflow/learn_airflow/airflow_home/venv/lib/python3.9/site-packages/airflow/example_dags/plugins/workday.py for tasks to queue
[2026-02-25T06:56:10.686+0530] {logging_mixin.py:188} INFO - [2026-02-25T06:56:10.686+0530] {dagbag.py:538} INFO - Filling up the DagBag from /Users/neerajvyas/learning/airflow/learn_airflow/airflow_home/venv/lib/python3.9/site-packages/airflow/example_dags/plugins/workday.py
[2026-02-25T06:56:10.687+0530] {logging_mixin.py:188} INFO - [2026-02-25T06:56:10.687+0530] {workday.py:40} WARNING - Could not import pandas. Holidays will not be considered.
[2026-02-25T06:56:10.688+0530] {processor.py:842} WARNING - No viable dags retrieved from /Users/neerajvyas/learning/airflow/learn_airflow/airflow_home/venv/lib/python3.9/site-packages/airflow/example_dags/plugins/workday.py
[2026-02-25T06:56:10.731+0530] {processor.py:183} INFO - Processing /Users/neerajvyas/learning/airflow/learn_airflow/airflow_home/venv/lib/python3.9/site-packages/airflow/example_dags/plugins/workday.py took 0.047 seconds
[2026-02-25T06:57:06.623+0530] {processor.py:161} INFO - Started process (PID=81628) to work on /Users/neerajvyas/learning/airflow/learn_airflow/airflow_home/venv/lib/python3.9/site-packages/airflow/example_dags/plugins/workday.py
[2026-02-25T06:57:06.625+0530] {processor.py:830} INFO - Processing file /Users/neerajvyas/learning/airflow/learn_airflow/airflow_home/venv/lib/python3.9/site-packages/airflow/example_dags/plugins/workday.py for tasks to queue
[2026-02-25T06:57:06.625+0530] {logging_mixin.py:188} INFO - [2026-02-25T06:57:06.625+0530] {dagbag.py:538} INFO - Filling up the DagBag from /Users/neerajvyas/learning/airflow/learn_airflow/airflow_home/venv/lib/python3.9/site-packages/airflow/example_dags/plugins/workday.py
[2026-02-25T06:57:06.626+0530] {logging_mixin.py:188} INFO - [2026-02-25T06:57:06.626+0530] {workday.py:40} WARNING - Could not import pandas. Holidays will not be considered.
[2026-02-25T06:57:06.626+0530] {processor.py:842} WARNING - No viable dags retrieved from /Users/neerajvyas/learning/airflow/learn_airflow/airflow_home/venv/lib/python3.9/site-packages/airflow/example_dags/plugins/workday.py
[2026-02-25T06:57:06.667+0530] {processor.py:183} INFO - Processing /Users/neerajvyas/learning/airflow/learn_airflow/airflow_home/venv/lib/python3.9/site-packages/airflow/example_dags/plugins/workday.py took 0.044 seconds
[2026-02-25T06:58:00.952+0530] {processor.py:161} INFO - Started process (PID=83554) to work on /Users/neerajvyas/learning/airflow/learn_airflow/airflow_home/venv/lib/python3.9/site-packages/airflow/example_dags/plugins/workday.py
[2026-02-25T06:58:00.954+0530] {processor.py:830} INFO - Processing file /Users/neerajvyas/learning/airflow/learn_airflow/airflow_home/venv/lib/python3.9/site-packages/airflow/example_dags/plugins/workday.py for tasks to queue
[2026-02-25T06:58:00.954+0530] {logging_mixin.py:188} INFO - [2026-02-25T06:58:00.954+0530] {dagbag.py:538} INFO - Filling up the DagBag from /Users/neerajvyas/learning/airflow/learn_airflow/airflow_home/venv/lib/python3.9/site-packages/airflow/example_dags/plugins/workday.py
[2026-02-25T06:58:00.955+0530] {logging_mixin.py:188} INFO - [2026-02-25T06:58:00.955+0530] {workday.py:40} WARNING - Could not import pandas. Holidays will not be considered.
[2026-02-25T06:58:00.955+0530] {processor.py:842} WARNING - No viable dags retrieved from /Users/neerajvyas/learning/airflow/learn_airflow/airflow_home/venv/lib/python3.9/site-packages/airflow/example_dags/plugins/workday.py
[2026-02-25T06:58:00.995+0530] {processor.py:183} INFO - Processing /Users/neerajvyas/learning/airflow/learn_airflow/airflow_home/venv/lib/python3.9/site-packages/airflow/example_dags/plugins/workday.py took 0.043 seconds
[2026-02-25T06:58:55.561+0530] {processor.py:161} INFO - Started process (PID=85402) to work on /Users/neerajvyas/learning/airflow/learn_airflow/airflow_home/venv/lib/python3.9/site-packages/airflow/example_dags/plugins/workday.py
[2026-02-25T06:58:55.562+0530] {processor.py:830} INFO - Processing file /Users/neerajvyas/learning/airflow/learn_airflow/airflow_home/venv/lib/python3.9/site-packages/airflow/example_dags/plugins/workday.py for tasks to queue
[2026-02-25T06:58:55.562+0530] {logging_mixin.py:188} INFO - [2026-02-25T06:58:55.562+0530] {dagbag.py:538} INFO - Filling up the DagBag from /Users/neerajvyas/learning/airflow/learn_airflow/airflow_home/venv/lib/python3.9/site-packages/airflow/example_dags/plugins/workday.py
[2026-02-25T06:58:55.563+0530] {logging_mixin.py:188} INFO - [2026-02-25T06:58:55.563+0530] {workday.py:40} WARNING - Could not import pandas. Holidays will not be considered.
[2026-02-25T06:58:55.563+0530] {processor.py:842} WARNING - No viable dags retrieved from /Users/neerajvyas/learning/airflow/learn_airflow/airflow_home/venv/lib/python3.9/site-packages/airflow/example_dags/plugins/workday.py
[2026-02-25T06:58:55.611+0530] {processor.py:183} INFO - Processing /Users/neerajvyas/learning/airflow/learn_airflow/airflow_home/venv/lib/python3.9/site-packages/airflow/example_dags/plugins/workday.py took 0.050 seconds
[2026-02-25T06:59:47.851+0530] {processor.py:161} INFO - Started process (PID=87426) to work on /Users/neerajvyas/learning/airflow/learn_airflow/airflow_home/venv/lib/python3.9/site-packages/airflow/example_dags/plugins/workday.py
[2026-02-25T06:59:47.852+0530] {processor.py:830} INFO - Processing file /Users/neerajvyas/learning/airflow/learn_airflow/airflow_home/venv/lib/python3.9/site-packages/airflow/example_dags/plugins/workday.py for tasks to queue
[2026-02-25T06:59:47.852+0530] {logging_mixin.py:188} INFO - [2026-02-25T06:59:47.852+0530] {dagbag.py:538} INFO - Filling up the DagBag from /Users/neerajvyas/learning/airflow/learn_airflow/airflow_home/venv/lib/python3.9/site-packages/airflow/example_dags/plugins/workday.py
[2026-02-25T06:59:47.853+0530] {logging_mixin.py:188} INFO - [2026-02-25T06:59:47.853+0530] {workday.py:40} WARNING - Could not import pandas. Holidays will not be considered.
[2026-02-25T06:59:47.853+0530] {processor.py:842} WARNING - No viable dags retrieved from /Users/neerajvyas/learning/airflow/learn_airflow/airflow_home/venv/lib/python3.9/site-packages/airflow/example_dags/plugins/workday.py
[2026-02-25T06:59:47.900+0530] {processor.py:183} INFO - Processing /Users/neerajvyas/learning/airflow/learn_airflow/airflow_home/venv/lib/python3.9/site-packages/airflow/example_dags/plugins/workday.py took 0.049 seconds
[2026-02-25T07:00:40.687+0530] {processor.py:161} INFO - Started process (PID=89320) to work on /Users/neerajvyas/learning/airflow/learn_airflow/airflow_home/venv/lib/python3.9/site-packages/airflow/example_dags/plugins/workday.py
[2026-02-25T07:00:40.688+0530] {processor.py:830} INFO - Processing file /Users/neerajvyas/learning/airflow/learn_airflow/airflow_home/venv/lib/python3.9/site-packages/airflow/example_dags/plugins/workday.py for tasks to queue
[2026-02-25T07:00:40.688+0530] {logging_mixin.py:188} INFO - [2026-02-25T07:00:40.688+0530] {dagbag.py:538} INFO - Filling up the DagBag from /Users/neerajvyas/learning/airflow/learn_airflow/airflow_home/venv/lib/python3.9/site-packages/airflow/example_dags/plugins/workday.py
[2026-02-25T07:00:40.690+0530] {logging_mixin.py:188} INFO - [2026-02-25T07:00:40.689+0530] {workday.py:40} WARNING - Could not import pandas. Holidays will not be considered.
[2026-02-25T07:00:40.690+0530] {processor.py:842} WARNING - No viable dags retrieved from /Users/neerajvyas/learning/airflow/learn_airflow/airflow_home/venv/lib/python3.9/site-packages/airflow/example_dags/plugins/workday.py
[2026-02-25T07:00:40.730+0530] {processor.py:183} INFO - Processing /Users/neerajvyas/learning/airflow/learn_airflow/airflow_home/venv/lib/python3.9/site-packages/airflow/example_dags/plugins/workday.py took 0.044 seconds
[2026-02-25T07:01:35.213+0530] {processor.py:161} INFO - Started process (PID=91329) to work on /Users/neerajvyas/learning/airflow/learn_airflow/airflow_home/venv/lib/python3.9/site-packages/airflow/example_dags/plugins/workday.py
[2026-02-25T07:01:35.215+0530] {processor.py:830} INFO - Processing file /Users/neerajvyas/learning/airflow/learn_airflow/airflow_home/venv/lib/python3.9/site-packages/airflow/example_dags/plugins/workday.py for tasks to queue
[2026-02-25T07:01:35.215+0530] {logging_mixin.py:188} INFO - [2026-02-25T07:01:35.215+0530] {dagbag.py:538} INFO - Filling up the DagBag from /Users/neerajvyas/learning/airflow/learn_airflow/airflow_home/venv/lib/python3.9/site-packages/airflow/example_dags/plugins/workday.py
[2026-02-25T07:01:35.216+0530] {logging_mixin.py:188} INFO - [2026-02-25T07:01:35.216+0530] {workday.py:40} WARNING - Could not import pandas. Holidays will not be considered.
[2026-02-25T07:01:35.216+0530] {processor.py:842} WARNING - No viable dags retrieved from /Users/neerajvyas/learning/airflow/learn_airflow/airflow_home/venv/lib/python3.9/site-packages/airflow/example_dags/plugins/workday.py
[2026-02-25T07:01:35.255+0530] {processor.py:183} INFO - Processing /Users/neerajvyas/learning/airflow/learn_airflow/airflow_home/venv/lib/python3.9/site-packages/airflow/example_dags/plugins/workday.py took 0.042 seconds
[2026-02-25T07:02:32.683+0530] {processor.py:161} INFO - Started process (PID=93179) to work on /Users/neerajvyas/learning/airflow/learn_airflow/airflow_home/venv/lib/python3.9/site-packages/airflow/example_dags/plugins/workday.py
[2026-02-25T07:02:32.685+0530] {processor.py:830} INFO - Processing file /Users/neerajvyas/learning/airflow/learn_airflow/airflow_home/venv/lib/python3.9/site-packages/airflow/example_dags/plugins/workday.py for tasks to queue
[2026-02-25T07:02:32.685+0530] {logging_mixin.py:188} INFO - [2026-02-25T07:02:32.685+0530] {dagbag.py:538} INFO - Filling up the DagBag from /Users/neerajvyas/learning/airflow/learn_airflow/airflow_home/venv/lib/python3.9/site-packages/airflow/example_dags/plugins/workday.py
[2026-02-25T07:02:32.686+0530] {logging_mixin.py:188} INFO - [2026-02-25T07:02:32.686+0530] {workday.py:40} WARNING - Could not import pandas. Holidays will not be considered.
[2026-02-25T07:02:32.686+0530] {processor.py:842} WARNING - No viable dags retrieved from /Users/neerajvyas/learning/airflow/learn_airflow/airflow_home/venv/lib/python3.9/site-packages/airflow/example_dags/plugins/workday.py
[2026-02-25T07:02:32.730+0530] {processor.py:183} INFO - Processing /Users/neerajvyas/learning/airflow/learn_airflow/airflow_home/venv/lib/python3.9/site-packages/airflow/example_dags/plugins/workday.py took 0.048 seconds
[2026-02-25T07:03:29.335+0530] {processor.py:161} INFO - Started process (PID=95519) to work on /Users/neerajvyas/learning/airflow/learn_airflow/airflow_home/venv/lib/python3.9/site-packages/airflow/example_dags/plugins/workday.py
[2026-02-25T07:03:29.337+0530] {processor.py:830} INFO - Processing file /Users/neerajvyas/learning/airflow/learn_airflow/airflow_home/venv/lib/python3.9/site-packages/airflow/example_dags/plugins/workday.py for tasks to queue
[2026-02-25T07:03:29.337+0530] {logging_mixin.py:188} INFO - [2026-02-25T07:03:29.337+0530] {dagbag.py:538} INFO - Filling up the DagBag from /Users/neerajvyas/learning/airflow/learn_airflow/airflow_home/venv/lib/python3.9/site-packages/airflow/example_dags/plugins/workday.py
[2026-02-25T07:03:29.338+0530] {logging_mixin.py:188} INFO - [2026-02-25T07:03:29.338+0530] {workday.py:40} WARNING - Could not import pandas. Holidays will not be considered.
[2026-02-25T07:03:29.338+0530] {processor.py:842} WARNING - No viable dags retrieved from /Users/neerajvyas/learning/airflow/learn_airflow/airflow_home/venv/lib/python3.9/site-packages/airflow/example_dags/plugins/workday.py
[2026-02-25T07:03:29.400+0530] {processor.py:183} INFO - Processing /Users/neerajvyas/learning/airflow/learn_airflow/airflow_home/venv/lib/python3.9/site-packages/airflow/example_dags/plugins/workday.py took 0.065 seconds
[2026-02-25T07:04:21.051+0530] {processor.py:161} INFO - Started process (PID=97636) to work on /Users/neerajvyas/learning/airflow/learn_airflow/airflow_home/venv/lib/python3.9/site-packages/airflow/example_dags/plugins/workday.py
[2026-02-25T07:04:21.052+0530] {processor.py:830} INFO - Processing file /Users/neerajvyas/learning/airflow/learn_airflow/airflow_home/venv/lib/python3.9/site-packages/airflow/example_dags/plugins/workday.py for tasks to queue
[2026-02-25T07:04:21.053+0530] {logging_mixin.py:188} INFO - [2026-02-25T07:04:21.053+0530] {dagbag.py:538} INFO - Filling up the DagBag from /Users/neerajvyas/learning/airflow/learn_airflow/airflow_home/venv/lib/python3.9/site-packages/airflow/example_dags/plugins/workday.py
[2026-02-25T07:04:21.053+0530] {logging_mixin.py:188} INFO - [2026-02-25T07:04:21.053+0530] {workday.py:40} WARNING - Could not import pandas. Holidays will not be considered.
[2026-02-25T07:04:21.054+0530] {processor.py:842} WARNING - No viable dags retrieved from /Users/neerajvyas/learning/airflow/learn_airflow/airflow_home/venv/lib/python3.9/site-packages/airflow/example_dags/plugins/workday.py
[2026-02-25T07:04:21.101+0530] {processor.py:183} INFO - Processing /Users/neerajvyas/learning/airflow/learn_airflow/airflow_home/venv/lib/python3.9/site-packages/airflow/example_dags/plugins/workday.py took 0.050 seconds
